[Log] stdout/stderr -> logs/main_tracking_v9_20260420_223208.log
[Init] Connecting to Gimbal at /dev/ttyUSB0...
[GT06Z] Driver Ready on /dev/ttyUSB0.
[Adapter] GT06Z 云台已连接: /dev/ttyUSB0
[Init] Real laser enabled on /dev/ttyUSB1
[Init] Queue gimbal initial posture: Az=90.00°, El=0.00°
[LaserThread] 激光读取线程已启动
[GimbalThread] 控制线程已启动
=== System V9.0 (Predictive Tracking & Scheduling) Running ===
[Laser] start_measurement mode=continuous
[Net] Listening RK3588 on 8888...
[GimbalCmd] cmd_id=0, track_id=-1, target_ctrl=(Az=90.00°, El=0.00°)
[GimbalAtt] cmd_id=0, elapsed=0.041s, actual_ctrl=(Az=97.00°, El=28.50°), actual_ui=(Az=7.00°, El=28.50°), target_ctrl=(Az=90.00°, El=0.00°), err=(dAz=7.00°, dEl=28.50°)
[GimbalAtt] cmd_id=0, elapsed=0.303s, actual_ctrl=(Az=93.10°, El=27.50°), actual_ui=(Az=3.10°, El=27.50°), target_ctrl=(Az=90.00°, El=0.00°), err=(dAz=3.10°, dEl=27.50°)
[GimbalAtt] cmd_id=0, elapsed=0.565s, actual_ctrl=(Az=93.10°, El=25.40°), actual_ui=(Az=3.10°, El=25.40°), target_ctrl=(Az=90.00°, El=0.00°), err=(dAz=3.10°, dEl=25.40°)
[GimbalAtt] cmd_id=0, elapsed=0.887s, actual_ctrl=(Az=90.10°, El=21.60°), actual_ui=(Az=0.10°, El=21.60°), target_ctrl=(Az=90.00°, El=0.00°), err=(dAz=0.10°, dEl=21.60°)
[GimbalAtt] cmd_id=0, elapsed=1.148s, actual_ctrl=(Az=90.10°, El=17.60°), actual_ui=(Az=0.10°, El=17.60°), target_ctrl=(Az=90.00°, El=0.00°), err=(dAz=0.10°, dEl=17.60°)
[GimbalAtt] cmd_id=0, elapsed=1.410s, actual_ctrl=(Az=90.10°, El=13.60°), actual_ui=(Az=0.10°, El=13.60°), target_ctrl=(Az=90.00°, El=0.00°), err=(dAz=0.10°, dEl=13.60°)
[GimbalAtt] cmd_id=0, elapsed=1.672s, actual_ctrl=(Az=90.10°, El=9.60°), actual_ui=(Az=0.10°, El=9.60°), target_ctrl=(Az=90.00°, El=0.00°), err=(dAz=0.10°, dEl=9.60°)
[GimbalAtt] cmd_id=0, elapsed=1.934s, actual_ctrl=(Az=90.10°, El=5.60°), actual_ui=(Az=0.10°, El=5.60°), target_ctrl=(Az=90.00°, El=0.00°), err=(dAz=0.10°, dEl=5.60°)
[GimbalAtt] cmd_id=0, elapsed=2.195s, actual_ctrl=(Az=90.10°, El=2.10°), actual_ui=(Az=0.10°, El=2.10°), target_ctrl=(Az=90.00°, El=0.00°), err=(dAz=0.10°, dEl=2.10°)
[GimbalAtt] cmd_id=0, elapsed=2.444s, actual_ctrl=(Az=90.10°, El=2.10°), actual_ui=(Az=0.10°, El=2.10°), target_ctrl=(Az=90.00°, El=0.00°), err=(dAz=0.10°, dEl=2.10°)
[GimbalAtt] cmd_id=0, elapsed=2.725s, actual_ctrl=(Az=90.10°, El=-0.00°), actual_ui=(Az=0.10°, El=-0.00°), target_ctrl=(Az=90.00°, El=0.00°), err=(dAz=0.10°, dEl=0.00°)
[GimbalSettled] cmd_id=0, track_id=-1, settle_time=2.725s, actual_ctrl=(Az=90.10°, El=-0.00°), target_ctrl=(Az=90.00°, El=0.00°), err=(dAz=0.10°, dEl=0.00°)
[Laser] Triggered cmd_id=0, track_id=-1, dist=4.60m, interval=first

[Phase 1: 视觉解析] 收到目标 cx=700.0, cy=1080.0, mono=320.0m -> 解算绝对角度: Az=354.44°, El=28.50°
[Stats] recv_objs_total=1, recv_unique_boxes=1 | ui_send_total=0, ui_unique_ids=0, ui_id_counts=none

[Phase 1: 视觉解析] 收到目标 cx=726.1, cy=1080.0, mono=320.0m -> 解算绝对角度: Az=354.56°, El=28.50°

[Phase 1: 视觉解析] 收到目标 cx=752.3, cy=1080.0, mono=320.0m -> 解算绝对角度: Az=354.68°, El=28.50°
[TargetAcquire] reason=initial_acquire, master_id=1, score=-27.76, candidates=id=1, score=-27.76, speed=0.08deg/s, dist=29.03deg, hits=3, stab=1.11
[Phase 3: 预测控制] 目标当前估算Az=354.57°, 速度=0.08°/s
                   -> 打提前量(0.25s后)Az=354.59°, El=28.50° | 下发云台指令: Az=84.59°, El=28.50°

[Phase 1: 视觉解析] 收到目标 cx=778.4, cy=1080.0, mono=320.0m -> 解算绝对角度: Az=354.80°, El=28.50°
[Phase 3: 预测控制] 目标当前估算Az=354.65°, 速度=0.24°/s
                   -> 打提前量(0.25s后)Az=354.71°, El=28.50° | 下发云台指令: Az=84.71°, El=28.50°

[Phase 1: 视觉解析] 收到目标 cx=804.6, cy=1080.0, mono=320.0m -> 解算绝对角度: Az=354.92°, El=28.50°
[Phase 3: 预测控制] 目标当前估算Az=354.75°, 速度=0.45°/s
                   -> 打提前量(0.25s后)Az=354.87°, El=28.50° | 下发云台指令: Az=84.87°, El=28.50°

[Phase 1: 视觉解析] 收到目标 cx=830.7, cy=1080.0, mono=320.0m -> 解算绝对角度: Az=355.04°, El=28.50°
[Phase 3: 预测控制] 目标当前估算Az=354.87°, 速度=0.69°/s
                   -> 打提前量(0.25s后)Az=355.04°, El=28.50° | 下发云台指令: Az=85.04°, El=28.50°

[Phase 1: 视觉解析] 收到目标 cx=856.9, cy=1080.0, mono=320.0m -> 解算绝对角度: Az=355.16°, El=28.50°
[Phase 3: 预测控制] 目标当前估算Az=355.00°, 速度=0.90°/s
                   -> 打提前量(0.25s后)Az=355.23°, El=28.50° | 下发云台指令: Az=85.23°, El=28.50°
[GimbalCmd] cmd_id=2, track_id=1, target_ctrl=(Az=84.87°, El=28.50°)
[GimbalCmd] preempt cmd_id=3, track_id=1, mode=axis_update, axes=Az, target_ctrl=(Az=85.23°, El=28.50°), delta=(dAz=0.36°, dEl=0.00°, total=0.36°)

[Phase 1: 视觉解析] 收到目标 cx=883.0, cy=1080.0, mono=320.0m -> 解算绝对角度: Az=355.27°, El=28.50°
[Phase 3: 预测控制] 目标当前估算Az=355.14°, 速度=1.08°/s
                   -> 打提前量(0.25s后)Az=355.41°, El=28.50° | 下发云台指令: Az=85.41°, El=28.50°

[Phase 1: 视觉解析] 收到目标 cx=909.2, cy=1080.0, mono=320.0m -> 解算绝对角度: Az=355.39°, El=28.50°
[Phase 3: 预测控制] 目标当前估算Az=355.27°, 速度=1.22°/s
                   -> 打提前量(0.25s后)Az=355.58°, El=28.50° | 下发云台指令: Az=85.58°, El=28.50°
[GimbalAtt] cmd_id=3, elapsed=0.000s, actual_ctrl=(Az=89.30°, El=0.10°), actual_ui=(Az=359.30°, El=0.10°), target_ctrl=(Az=85.23°, El=28.50°), err=(dAz=4.07°, dEl=28.40°)
[GimbalCmd] preempt cmd_id=4, track_id=1, mode=axis_update, axes=Az, target_ctrl=(Az=85.58°, El=28.50°), delta=(dAz=0.35°, dEl=0.00°, total=0.35°)

[Phase 1: 视觉解析] 收到目标 cx=961.5, cy=1080.0, mono=320.0m -> 解算绝对角度: Az=355.63°, El=28.50°
[Phase 3: 预测控制] 目标当前估算Az=355.54°, 速度=1.36°/s
                   -> 打提前量(0.25s后)Az=355.88°, El=28.50° | 下发云台指令: Az=85.88°, El=28.50°

[Phase 1: 视觉解析] 收到目标 cx=987.6, cy=1080.0, mono=320.0m -> 解算绝对角度: Az=355.75°, El=28.50°
[Phase 3: 预测控制] 目标当前估算Az=355.65°, 速度=1.46°/s
                   -> 打提前量(0.25s后)Az=356.01°, El=28.50° | 下发云台指令: Az=86.01°, El=28.50°

[Phase 1: 视觉解析] 收到目标 cx=1013.8, cy=1080.0, mono=320.0m -> 解算绝对角度: Az=355.87°, El=28.50°
[Phase 3: 预测控制] 目标当前估算Az=355.78°, 速度=1.53°/s
                   -> 打提前量(0.25s后)Az=356.17°, El=28.50° | 下发云台指令: Az=86.17°, El=28.50°
[GimbalAtt] cmd_id=4, elapsed=0.000s, actual_ctrl=(Az=85.70°, El=1.20°), actual_ui=(Az=355.70°, El=1.20°), target_ctrl=(Az=85.58°, El=28.50°), err=(dAz=0.12°, dEl=27.30°)

[Phase 1: 视觉解析] 收到目标 cx=1039.9, cy=1080.0, mono=320.0m -> 解算绝对角度: Az=355.99°, El=28.50°
[Phase 3: 预测控制] 目标当前估算Az=355.92°, 速度=1.57°/s
                   -> 打提前量(0.25s后)Az=356.32°, El=28.50° | 下发云台指令: Az=86.32°, El=28.50°
[GimbalCmd] preempt cmd_id=6, track_id=1, mode=axis_update, axes=Az, target_ctrl=(Az=86.17°, El=28.50°), delta=(dAz=0.59°, dEl=0.00°, total=0.59°)

[Phase 1: 视觉解析] 收到目标 cx=1066.0, cy=1080.0, mono=320.0m -> 解算绝对角度: Az=356.11°, El=28.50°
[Phase 3: 预测控制] 目标当前估算Az=356.05°, 速度=1.61°/s
                   -> 打提前量(0.25s后)Az=356.45°, El=28.50° | 下发云台指令: Az=86.45°, El=28.50°

[Phase 1: 视觉解析] 收到目标 cx=1092.2, cy=1080.0, mono=320.0m -> 解算绝对角度: Az=356.23°, El=28.50°
[Phase 3: 预测控制] 目标当前估算Az=356.18°, 速度=1.64°/s
                   -> 打提前量(0.25s后)Az=356.59°, El=28.50° | 下发云台指令: Az=86.59°, El=28.50°

[Phase 1: 视觉解析] 收到目标 cx=1118.3, cy=1080.0, mono=320.0m -> 解算绝对角度: Az=356.35°, El=28.50°
[Phase 3: 预测控制] 目标当前估算Az=356.30°, 速度=1.67°/s
                   -> 打提前量(0.25s后)Az=356.72°, El=28.50° | 下发云台指令: Az=86.72°, El=28.50°

[Phase 1: 视觉解析] 收到目标 cx=1144.5, cy=1080.0, mono=320.0m -> 解算绝对角度: Az=356.47°, El=28.50°
[Phase 3: 预测控制] 目标当前估算Az=356.43°, 速度=1.69°/s
                   -> 打提前量(0.25s后)Az=356.86°, El=28.50° | 下发云台指令: Az=86.86°, El=28.50°
[GimbalAtt] cmd_id=6, elapsed=0.000s, actual_ctrl=(Az=85.40°, El=1.20°), actual_ui=(Az=355.40°, El=1.20°), target_ctrl=(Az=86.17°, El=28.50°), err=(dAz=0.77°, dEl=27.30°)
[GimbalCmd] preempt cmd_id=8, track_id=1, mode=axis_update, axes=Az, target_ctrl=(Az=86.72°, El=28.50°), delta=(dAz=0.55°, dEl=0.00°, total=0.55°)

[Phase 1: 视觉解析] 收到目标 cx=1170.6, cy=1080.0, mono=320.0m -> 解算绝对角度: Az=356.58°, El=28.50°
[Phase 3: 预测控制] 目标当前估算Az=356.56°, 速度=1.70°/s
                   -> 打提前量(0.25s后)Az=356.99°, El=28.50° | 下发云台指令: Az=86.99°, El=28.50°

[Phase 1: 视觉解析] 收到目标 cx=1196.8, cy=1080.0, mono=320.0m -> 解算绝对角度: Az=356.70°, El=28.50°
[Phase 3: 预测控制] 目标当前估算Az=356.68°, 速度=1.72°/s
                   -> 打提前量(0.25s后)Az=357.11°, El=28.50° | 下发云台指令: Az=87.11°, El=28.50°
[GimbalAtt] cmd_id=8, elapsed=0.000s, actual_ctrl=(Az=86.20°, El=5.80°), actual_ui=(Az=356.20°, El=5.80°), target_ctrl=(Az=86.72°, El=28.50°), err=(dAz=0.52°, dEl=22.70°)

[Phase 1: 视觉解析] 收到目标 cx=1249.1, cy=1080.0, mono=320.0m -> 解算绝对角度: Az=356.94°, El=28.50°
[Phase 3: 预测控制] 目标当前估算Az=356.95°, 速度=1.71°/s
                   -> 打提前量(0.25s后)Az=357.38°, El=28.50° | 下发云台指令: Az=87.38°, El=28.50°

[Phase 1: 视觉解析] 收到目标 cx=1275.2, cy=1080.0, mono=320.0m -> 解算绝对角度: Az=357.06°, El=28.50°
[Phase 3: 预测控制] 目标当前估算Az=357.03°, 速度=1.73°/s
                   -> 打提前量(0.25s后)Az=357.46°, El=28.50° | 下发云台指令: Az=87.46°, El=28.50°

[Phase 1: 视觉解析] 收到目标 cx=1301.4, cy=1080.0, mono=320.0m -> 解算绝对角度: Az=357.18°, El=28.50°
[Phase 3: 预测控制] 目标当前估算Az=357.16°, 速度=1.74°/s
                   -> 打提前量(0.25s后)Az=357.59°, El=28.50° | 下发云台指令: Az=87.59°, El=28.50°

[Phase 1: 视觉解析] 收到目标 cx=1327.5, cy=1080.0, mono=320.0m -> 解算绝对角度: Az=357.30°, El=28.50°
[Phase 3: 预测控制] 目标当前估算Az=357.28°, 速度=1.75°/s
                   -> 打提前量(0.25s后)Az=357.72°, El=28.50° | 下发云台指令: Az=87.72°, El=28.50°
[GimbalAtt] cmd_id=8, elapsed=0.217s, actual_ctrl=(Az=86.60°, El=5.80°), actual_ui=(Az=356.60°, El=5.80°), target_ctrl=(Az=86.72°, El=28.50°), err=(dAz=0.12°, dEl=22.70°)
[GimbalCmd] preempt cmd_id=11, track_id=1, mode=axis_update, axes=Az, target_ctrl=(Az=87.59°, El=28.50°), delta=(dAz=0.87°, dEl=0.00°, total=0.87°)

[Phase 1: 视觉解析] 收到目标 cx=1353.7, cy=1080.0, mono=320.0m -> 解算绝对角度: Az=357.42°, El=28.50°
[TargetKeep] reason=lock_timer_expired, master_id=1, score=-19.27, candidates=id=1, score=-19.27, speed=1.76deg/s, dist=22.71deg, hits=24, stab=2.44, hold=1.15x
[Phase 3: 预测控制] 目标当前估算Az=357.40°, 速度=1.76°/s
                   -> 打提前量(0.25s后)Az=357.84°, El=28.50° | 下发云台指令: Az=87.84°, El=28.50°

[Phase 1: 视觉解析] 收到目标 cx=1379.8, cy=1080.0, mono=320.0m -> 解算绝对角度: Az=357.54°, El=28.50°
[Phase 3: 预测控制] 目标当前估算Az=357.53°, 速度=1.76°/s
                   -> 打提前量(0.25s后)Az=357.97°, El=28.50° | 下发云台指令: Az=87.97°, El=28.50°

[Phase 1: 视觉解析] 收到目标 cx=1406.0, cy=1080.0, mono=320.0m -> 解算绝对角度: Az=357.66°, El=28.50°
[Phase 3: 预测控制] 目标当前估算Az=357.65°, 速度=1.77°/s
                   -> 打提前量(0.25s后)Az=358.09°, El=28.50° | 下发云台指令: Az=88.09°, El=28.50°
[GimbalAtt] cmd_id=11, elapsed=0.000s, actual_ctrl=(Az=87.30°, El=13.20°), actual_ui=(Az=357.30°, El=13.20°), target_ctrl=(Az=87.59°, El=28.50°), err=(dAz=0.29°, dEl=15.30°)
[GimbalCmd] preempt cmd_id=13, track_id=1, mode=axis_update, axes=Az, target_ctrl=(Az=88.09°, El=28.50°), delta=(dAz=0.50°, dEl=0.00°, total=0.50°)

[Phase 1: 视觉解析] 收到目标 cx=1432.1, cy=1080.0, mono=320.0m -> 解算绝对角度: Az=357.78°, El=28.50°
[Phase 3: 预测控制] 目标当前估算Az=357.77°, 速度=1.77°/s
                   -> 打提前量(0.25s后)Az=358.21°, El=28.50° | 下发云台指令: Az=88.21°, El=28.50°

[Phase 1: 视觉解析] 收到目标 cx=1458.2, cy=1080.0, mono=320.0m -> 解算绝对角度: Az=357.90°, El=28.50°
[Phase 3: 预测控制] 目标当前估算Az=357.97°, 速度=1.73°/s
                   -> 打提前量(0.25s后)Az=358.40°, El=28.50° | 下发云台指令: Az=88.40°, El=28.50°

[Phase 1: 视觉解析] 收到目标 cx=1484.4, cy=1080.0, mono=320.0m -> 解算绝对角度: Az=358.01°, El=28.50°
[Phase 3: 预测控制] 目标当前估算Az=358.03°, 速度=1.72°/s
                   -> 打提前量(0.25s后)Az=358.46°, El=28.50° | 下发云台指令: Az=88.46°, El=28.50°

[Phase 1: 视觉解析] 收到目标 cx=1510.5, cy=1080.0, mono=320.0m -> 解算绝对角度: Az=358.13°, El=28.50°
[Phase 3: 预测控制] 目标当前估算Az=358.09°, 速度=1.74°/s
                   -> 打提前量(0.25s后)Az=358.53°, El=28.50° | 下发云台指令: Az=88.53°, El=28.50°
[Stats] recv_objs_total=30, recv_unique_boxes=30 | ui_send_total=28, ui_unique_ids=1, ui_id_counts=1:28
[GimbalAtt] cmd_id=13, elapsed=0.000s, actual_ctrl=(Az=87.50°, El=13.20°), actual_ui=(Az=357.50°, El=13.20°), target_ctrl=(Az=88.09°, El=28.50°), err=(dAz=0.59°, dEl=15.30°)

[Phase 1: 视觉解析] 收到目标 cx=1536.7, cy=1080.0, mono=320.0m -> 解算绝对角度: Az=358.25°, El=28.50°
[Phase 3: 预测控制] 目标当前估算Az=358.22°, 速度=1.75°/s
                   -> 打提前量(0.25s后)Az=358.66°, El=28.50° | 下发云台指令: Az=88.66°, El=28.50°
[GimbalCmd] preempt cmd_id=15, track_id=1, mode=axis_update, axes=Az, target_ctrl=(Az=88.66°, El=28.50°), delta=(dAz=0.57°, dEl=0.00°, total=0.57°)

[Phase 1: 视觉解析] 收到目标 cx=1562.8, cy=1080.0, mono=320.0m -> 解算绝对角度: Az=358.37°, El=28.50°
[Phase 3: 预测控制] 目标当前估算Az=358.35°, 速度=1.76°/s
                   -> 打提前量(0.25s后)Az=358.79°, El=28.50° | 下发云台指令: Az=88.79°, El=28.50°

[Phase 1: 视觉解析] 收到目标 cx=1589.0, cy=1080.0, mono=320.0m -> 解算绝对角度: Az=358.49°, El=28.50°
[Phase 3: 预测控制] 目标当前估算Az=358.47°, 速度=1.77°/s
                   -> 打提前量(0.25s后)Az=358.91°, El=28.50° | 下发云台指令: Az=88.91°, El=28.50°
[GimbalAtt] cmd_id=15, elapsed=0.000s, actual_ctrl=(Az=88.20°, El=20.60°), actual_ui=(Az=358.20°, El=20.60°), target_ctrl=(Az=88.66°, El=28.50°), err=(dAz=0.46°, dEl=7.90°)

[Phase 1: 视觉解析] 收到目标 cx=1615.1, cy=1080.0, mono=320.0m -> 解算绝对角度: Az=358.61°, El=28.50°
[Phase 3: 预测控制] 目标当前估算Az=358.60°, 速度=1.78°/s
                   -> 打提前量(0.25s后)Az=359.04°, El=28.50° | 下发云台指令: Az=89.04°, El=28.50°

[Phase 1: 视觉解析] 收到目标 cx=1641.3, cy=1080.0, mono=320.0m -> 解算绝对角度: Az=358.73°, El=28.50°
[Phase 3: 预测控制] 目标当前估算Az=358.72°, 速度=1.78°/s
                   -> 打提前量(0.25s后)Az=359.17°, El=28.50° | 下发云台指令: Az=89.17°, El=28.50°

[Phase 1: 视觉解析] 收到目标 cx=1667.4, cy=1080.0, mono=320.0m -> 解算绝对角度: Az=358.85°, El=28.50°
[Phase 3: 预测控制] 目标当前估算Az=358.84°, 速度=1.79°/s
                   -> 打提前量(0.25s后)Az=359.29°, El=28.50° | 下发云台指令: Az=89.29°, El=28.50°
[GimbalAtt] cmd_id=15, elapsed=0.202s, actual_ctrl=(Az=88.60°, El=20.60°), actual_ui=(Az=358.60°, El=20.60°), target_ctrl=(Az=88.66°, El=28.50°), err=(dAz=0.06°, dEl=7.90°)
[GimbalCmd] preempt cmd_id=17, track_id=1, mode=axis_update, axes=Az, target_ctrl=(Az=89.17°, El=28.50°), delta=(dAz=0.51°, dEl=0.00°, total=0.51°)

[Phase 1: 视觉解析] 收到目标 cx=1719.7, cy=1080.0, mono=320.0m -> 解算绝对角度: Az=359.09°, El=28.50°
[Phase 3: 预测控制] 目标当前估算Az=359.11°, 速度=1.77°/s
                   -> 打提前量(0.25s后)Az=359.56°, El=28.50° | 下发云台指令: Az=89.56°, El=28.50°

[Phase 1: 视觉解析] 收到目标 cx=1745.9, cy=1080.0, mono=320.0m -> 解算绝对角度: Az=359.21°, El=28.50°
[Phase 3: 预测控制] 目标当前估算Az=359.19°, 速度=1.78°/s
                   -> 打提前量(0.25s后)Az=359.63°, El=28.50° | 下发云台指令: Az=89.63°, El=28.50°

[Phase 1: 视觉解析] 收到目标 cx=1772.0, cy=1080.0, mono=320.0m -> 解算绝对角度: Az=359.33°, El=28.50°
[Phase 3: 预测控制] 目标当前估算Az=359.32°, 速度=1.78°/s
                   -> 打提前量(0.25s后)Az=359.76°, El=28.50° | 下发云台指令: Az=89.76°, El=28.50°

[Phase 1: 视觉解析] 收到目标 cx=1798.2, cy=1080.0, mono=320.0m -> 解算绝对角度: Az=359.44°, El=28.50°
[Phase 3: 预测控制] 目标当前估算Az=359.44°, 速度=1.79°/s
                   -> 打提前量(0.25s后)Az=359.88°, El=28.50° | 下发云台指令: Az=89.88°, El=28.50°

[Phase 1: 视觉解析] 收到目标 cx=1824.3, cy=1080.0, mono=320.0m -> 解算绝对角度: Az=359.56°, El=28.50°
[Phase 3: 预测控制] 目标当前估算Az=359.57°, 速度=1.79°/s
                   -> 打提前量(0.25s后)Az=0.01°, El=28.50° | 下发云台指令: Az=90.01°, El=28.50°
[GimbalAtt] cmd_id=17, elapsed=0.000s, actual_ctrl=(Az=88.60°, El=27.20°), actual_ui=(Az=358.60°, El=27.20°), target_ctrl=(Az=89.17°, El=28.50°), err=(dAz=0.57°, dEl=1.30°)

[Phase 1: 视觉解析] 收到目标 cx=1850.5, cy=1080.0, mono=320.0m -> 解算绝对角度: Az=359.68°, El=28.50°
[Phase 3: 预测控制] 目标当前估算Az=359.68°, 速度=1.79°/s
                   -> 打提前量(0.25s后)Az=0.12°, El=28.50° | 下发云台指令: Az=90.12°, El=28.50°
[GimbalCmd] preempt cmd_id=20, track_id=1, mode=axis_update, axes=Az, target_ctrl=(Az=90.01°, El=28.50°), delta=(dAz=0.85°, dEl=0.00°, total=0.85°)

[Phase 1: 视觉解析] 收到目标 cx=1876.6, cy=1080.0, mono=320.0m -> 解算绝对角度: Az=359.80°, El=28.50°
[Phase 3: 预测控制] 目标当前估算Az=359.79°, 速度=1.80°/s
                   -> 打提前量(0.25s后)Az=0.24°, El=28.50° | 下发云台指令: Az=90.24°, El=28.50°

[Phase 1: 视觉解析] 收到目标 cx=1902.8, cy=1080.0, mono=320.0m -> 解算绝对角度: Az=359.92°, El=28.50°
[Phase 3: 预测控制] 目标当前估算Az=359.92°, 速度=1.80°/s
                   -> 打提前量(0.25s后)Az=0.37°, El=28.50° | 下发云台指令: Az=90.37°, El=28.50°
[GimbalAtt] cmd_id=20, elapsed=0.000s, actual_ctrl=(Az=89.80°, El=28.50°), actual_ui=(Az=359.80°, El=28.50°), target_ctrl=(Az=90.01°, El=28.50°), err=(dAz=0.21°, dEl=0.00°)
[GimbalSettled] cmd_id=20, track_id=1, settle_time=0.000s, actual_ctrl=(Az=89.80°, El=28.50°), target_ctrl=(Az=90.01°, El=28.50°), err=(dAz=0.21°, dEl=0.00°)
[Laser] Triggered cmd_id=20, track_id=1, dist=4.60m, interval=21.534s
[GimbalCmd] cmd_id=21, track_id=1, target_ctrl=(Az=90.24°, El=28.50°)

[Phase 1: 视觉解析] 收到目标 cx=1928.9, cy=1080.0, mono=320.0m -> 解算绝对角度: Az=0.04°, El=28.50°
[Phase 3: 预测控制] 目标当前估算Az=0.04°, 速度=1.80°/s
                   -> 打提前量(0.25s后)Az=0.49°, El=28.50° | 下发云台指令: Az=90.49°, El=28.50°

[Phase 1: 视觉解析] 收到目标 cx=1955.0, cy=1080.0, mono=320.0m -> 解算绝对角度: Az=0.16°, El=28.50°
[TargetKeep] reason=lock_timer_expired, master_id=1, score=6.52, candidates=id=1, score=6.52, speed=1.80deg/s, dist=0.36deg, hits=46, stab=2.44, hold=1.15x
[Phase 3: 预测控制] 目标当前估算Az=0.16°, 速度=1.80°/s
                   -> 打提前量(0.25s后)Az=0.61°, El=28.50° | 下发云台指令: Az=90.61°, El=28.50°

[Phase 1: 视觉解析] 收到目标 cx=1981.2, cy=1080.0, mono=320.0m -> 解算绝对角度: Az=0.28°, El=28.50°
[Phase 3: 预测控制] 目标当前估算Az=0.28°, 速度=1.80°/s
                   -> 打提前量(0.25s后)Az=0.73°, El=28.50° | 下发云台指令: Az=90.73°, El=28.50°

[Phase 1: 视觉解析] 收到目标 cx=2007.3, cy=1080.0, mono=320.0m -> 解算绝对角度: Az=0.40°, El=28.50°
[Phase 3: 预测控制] 目标当前估算Az=0.45°, 速度=1.79°/s
                   -> 打提前量(0.25s后)Az=0.89°, El=28.50° | 下发云台指令: Az=90.89°, El=28.50°

[Phase 1: 视觉解析] 收到目标 cx=2033.5, cy=1080.0, mono=320.0m -> 解算绝对角度: Az=0.52°, El=28.50°
[Phase 3: 预测控制] 目标当前估算Az=0.51°, 速度=1.79°/s
                   -> 打提前量(0.25s后)Az=0.96°, El=28.50° | 下发云台指令: Az=90.96°, El=28.50°

[Phase 1: 视觉解析] 收到目标 cx=2059.6, cy=1080.0, mono=320.0m -> 解算绝对角度: Az=0.64°, El=28.50°
[Phase 3: 预测控制] 目标当前估算Az=0.63°, 速度=1.79°/s
                   -> 打提前量(0.25s后)Az=1.08°, El=28.50° | 下发云台指令: Az=91.08°, El=28.50°
[GimbalAtt] cmd_id=21, elapsed=0.000s, actual_ctrl=(Az=90.00°, El=28.50°), actual_ui=(Az=0.00°, El=28.50°), target_ctrl=(Az=90.24°, El=28.50°), err=(dAz=0.24°, dEl=0.00°)
[GimbalSettled] cmd_id=21, track_id=1, settle_time=0.000s, actual_ctrl=(Az=90.00°, El=28.50°), target_ctrl=(Az=90.24°, El=28.50°), err=(dAz=0.24°, dEl=0.00°)
[Laser] No valid laser distance, use mono distance
[GimbalCmd] cmd_id=24, track_id=1, target_ctrl=(Az=90.96°, El=28.50°)

[Phase 1: 视觉解析] 收到目标 cx=2085.8, cy=1080.0, mono=320.0m -> 解算绝对角度: Az=0.76°, El=28.50°
[Phase 3: 预测控制] 目标当前估算Az=0.75°, 速度=1.79°/s
                   -> 打提前量(0.25s后)Az=1.20°, El=28.50° | 下发云台指令: Az=91.20°, El=28.50°

[Phase 1: 视觉解析] 收到目标 cx=2111.9, cy=1080.0, mono=320.0m -> 解算绝对角度: Az=0.87°, El=28.50°
[Phase 3: 预测控制] 目标当前估算Az=0.88°, 速度=1.79°/s
                   -> 打提前量(0.25s后)Az=1.33°, El=28.50° | 下发云台指令: Az=91.33°, El=28.50°

[Phase 1: 视觉解析] 收到目标 cx=2138.1, cy=1080.0, mono=320.0m -> 解算绝对角度: Az=0.99°, El=28.50°
[Phase 3: 预测控制] 目标当前估算Az=0.99°, 速度=1.79°/s
                   -> 打提前量(0.25s后)Az=1.44°, El=28.50° | 下发云台指令: Az=91.44°, El=28.50°
[GimbalAtt] cmd_id=24, elapsed=0.000s, actual_ctrl=(Az=90.70°, El=28.50°), actual_ui=(Az=0.70°, El=28.50°), target_ctrl=(Az=90.96°, El=28.50°), err=(dAz=0.26°, dEl=0.00°)
[GimbalSettled] cmd_id=24, track_id=1, settle_time=0.000s, actual_ctrl=(Az=90.70°, El=28.50°), target_ctrl=(Az=90.96°, El=28.50°), err=(dAz=0.26°, dEl=0.00°)
[Laser] No valid laser distance, use mono distance
[GimbalCmd] cmd_id=26, track_id=1, target_ctrl=(Az=91.44°, El=28.50°)

[Phase 1: 视觉解析] 收到目标 cx=2164.2, cy=1080.0, mono=320.0m -> 解算绝对角度: Az=1.11°, El=28.50°
[Phase 3: 预测控制] 目标当前估算Az=1.11°, 速度=1.79°/s
                   -> 打提前量(0.25s后)Az=1.56°, El=28.50° | 下发云台指令: Az=91.56°, El=28.50°

[Phase 1: 视觉解析] 收到目标 cx=2190.4, cy=1080.0, mono=320.0m -> 解算绝对角度: Az=1.23°, El=28.50°
[Phase 3: 预测控制] 目标当前估算Az=1.23°, 速度=1.79°/s
                   -> 打提前量(0.25s后)Az=1.68°, El=28.50° | 下发云台指令: Az=91.68°, El=28.50°

[Phase 1: 视觉解析] 收到目标 cx=2216.5, cy=1080.0, mono=320.0m -> 解算绝对角度: Az=1.35°, El=28.50°
[Phase 3: 预测控制] 目标当前估算Az=1.35°, 速度=1.79°/s
                   -> 打提前量(0.25s后)Az=1.80°, El=28.50° | 下发云台指令: Az=91.80°, El=28.50°

[Phase 1: 视觉解析] 收到目标 cx=2242.7, cy=1080.0, mono=320.0m -> 解算绝对角度: Az=1.47°, El=28.50°
[Phase 3: 预测控制] 目标当前估算Az=1.56°, 速度=1.77°/s
                   -> 打提前量(0.25s后)Az=2.00°, El=28.50° | 下发云台指令: Az=92.00°, El=28.50°

[Phase 1: 视觉解析] 收到目标 cx=2268.8, cy=1080.0, mono=320.0m -> 解算绝对角度: Az=1.59°, El=28.50°
[Phase 3: 预测控制] 目标当前估算Az=1.58°, 速度=1.77°/s
                   -> 打提前量(0.25s后)Az=2.03°, El=28.50° | 下发云台指令: Az=92.03°, El=28.50°
[GimbalAtt] cmd_id=26, elapsed=0.000s, actual_ctrl=(Az=90.90°, El=28.50°), actual_ui=(Az=0.90°, El=28.50°), target_ctrl=(Az=91.44°, El=28.50°), err=(dAz=0.54°, dEl=0.00°)
[GimbalCmd] preempt cmd_id=28, track_id=1, mode=axis_update, axes=Az, target_ctrl=(Az=92.00°, El=28.50°), delta=(dAz=0.57°, dEl=0.00°, total=0.57°)

[Phase 1: 视觉解析] 收到目标 cx=2294.9, cy=1080.0, mono=320.0m -> 解算绝对角度: Az=1.71°, El=28.50°
[Phase 3: 预测控制] 目标当前估算Az=1.69°, 速度=1.78°/s
                   -> 打提前量(0.25s后)Az=2.13°, El=28.50° | 下发云台指令: Az=92.13°, El=28.50°

[Phase 1: 视觉解析] 收到目标 cx=2321.1, cy=1080.0, mono=320.0m -> 解算绝对角度: Az=1.83°, El=28.50°
[Phase 3: 预测控制] 目标当前估算Az=1.82°, 速度=1.78°/s
                   -> 打提前量(0.25s后)Az=2.27°, El=28.50° | 下发云台指令: Az=92.27°, El=28.50°
[Stats] recv_objs_total=60, recv_unique_boxes=60 | ui_send_total=58, ui_unique_ids=1, ui_id_counts=1:58

[Phase 1: 视觉解析] 收到目标 cx=2347.2, cy=1080.0, mono=320.0m -> 解算绝对角度: Az=1.95°, El=28.50°
[Phase 3: 预测控制] 目标当前估算Az=1.94°, 速度=1.78°/s
                   -> 打提前量(0.25s后)Az=2.38°, El=28.50° | 下发云台指令: Az=92.38°, El=28.50°
[GimbalAtt] cmd_id=28, elapsed=0.000s, actual_ctrl=(Az=91.60°, El=28.50°), actual_ui=(Az=1.60°, El=28.50°), target_ctrl=(Az=92.00°, El=28.50°), err=(dAz=0.40°, dEl=0.00°)

[Phase 1: 视觉解析] 收到目标 cx=2373.4, cy=1080.0, mono=320.0m -> 解算绝对角度: Az=2.07°, El=28.50°
[Phase 3: 预测控制] 目标当前估算Az=2.06°, 速度=1.78°/s
                   -> 打提前量(0.25s后)Az=2.50°, El=28.50° | 下发云台指令: Az=92.50°, El=28.50°

[Phase 1: 视觉解析] 收到目标 cx=2399.5, cy=1080.0, mono=320.0m -> 解算绝对角度: Az=2.19°, El=28.50°
[Phase 3: 预测控制] 目标当前估算Az=2.18°, 速度=1.78°/s
                   -> 打提前量(0.25s后)Az=2.63°, El=28.50° | 下发云台指令: Az=92.63°, El=28.50°

[Phase 1: 视觉解析] 收到目标 cx=2425.7, cy=1080.0, mono=320.0m -> 解算绝对角度: Az=2.30°, El=28.50°
[Phase 3: 预测控制] 目标当前估算Az=2.30°, 速度=1.78°/s
                   -> 打提前量(0.25s后)Az=2.75°, El=28.50° | 下发云台指令: Az=92.75°, El=28.50°

[Phase 1: 视觉解析] 收到目标 cx=2451.8, cy=1080.0, mono=320.0m -> 解算绝对角度: Az=2.42°, El=28.50°
[Phase 3: 预测控制] 目标当前估算Az=2.42°, 速度=1.78°/s
                   -> 打提前量(0.25s后)Az=2.86°, El=28.50° | 下发云台指令: Az=92.86°, El=28.50°
[GimbalAtt] cmd_id=28, elapsed=0.201s, actual_ctrl=(Az=91.90°, El=28.50°), actual_ui=(Az=1.90°, El=28.50°), target_ctrl=(Az=92.00°, El=28.50°), err=(dAz=0.10°, dEl=0.00°)
[GimbalSettled] cmd_id=28, track_id=1, settle_time=0.201s, actual_ctrl=(Az=91.90°, El=28.50°), target_ctrl=(Az=92.00°, El=28.50°), err=(dAz=0.10°, dEl=0.00°)
[Laser] No valid laser distance, use mono distance
[GimbalCmd] cmd_id=31, track_id=1, target_ctrl=(Az=92.75°, El=28.50°)

[Phase 1: 视觉解析] 收到目标 cx=2478.0, cy=1080.0, mono=320.0m -> 解算绝对角度: Az=2.54°, El=28.50°
[Phase 3: 预测控制] 目标当前估算Az=2.54°, 速度=1.78°/s
                   -> 打提前量(0.25s后)Az=2.99°, El=28.50° | 下发云台指令: Az=92.99°, El=28.50°

[Phase 1: 视觉解析] 收到目标 cx=2504.1, cy=1080.0, mono=320.0m -> 解算绝对角度: Az=2.66°, El=28.50°
[Phase 3: 预测控制] 目标当前估算Az=2.74°, 速度=1.77°/s
                   -> 打提前量(0.25s后)Az=3.18°, El=28.50° | 下发云台指令: Az=93.18°, El=28.50°

[Phase 1: 视觉解析] 收到目标 cx=2530.3, cy=1080.0, mono=320.0m -> 解算绝对角度: Az=2.78°, El=28.50°
[TargetKeep] reason=lock_timer_expired, master_id=1, score=5.89, candidates=id=1, score=5.89, speed=1.77deg/s, dist=0.86deg, hits=68, stab=2.44, hold=1.15x
[Phase 3: 预测控制] 目标当前估算Az=2.76°, 速度=1.77°/s
                   -> 打提前量(0.25s后)Az=3.20°, El=28.50° | 下发云台指令: Az=93.20°, El=28.50°

[Phase 1: 视觉解析] 收到目标 cx=2556.4, cy=1080.0, mono=320.0m -> 解算绝对角度: Az=2.90°, El=28.50°
[Phase 3: 预测控制] 目标当前估算Az=2.88°, 速度=1.78°/s
                   -> 打提前量(0.25s后)Az=3.32°, El=28.50° | 下发云台指令: Az=93.32°, El=28.50°
[GimbalAtt] cmd_id=31, elapsed=0.000s, actual_ctrl=(Az=91.90°, El=28.50°), actual_ui=(Az=1.90°, El=28.50°), target_ctrl=(Az=92.75°, El=28.50°), err=(dAz=0.85°, dEl=0.00°)

[Phase 1: 视觉解析] 收到目标 cx=2582.6, cy=1080.0, mono=320.0m -> 解算绝对角度: Az=3.02°, El=28.50°
[Phase 3: 预测控制] 目标当前估算Az=3.00°, 速度=1.78°/s
[GimbalCmd] preempt cmd_id=33, track_id=1, mode=axis_update, axes=Az, target_ctrl=(Az=93.20°, El=28.50°), delta=(dAz=0.45°, dEl=0.00°, total=0.45°)
                   -> 打提前量(0.25s后)Az=3.45°, El=28.50° | 下发云台指令: Az=93.45°, El=28.50°

[Phase 1: 视觉解析] 收到目标 cx=2608.7, cy=1080.0, mono=320.0m -> 解算绝对角度: Az=3.14°, El=28.50°
[Phase 3: 预测控制] 目标当前估算Az=3.12°, 速度=1.78°/s
                   -> 打提前量(0.25s后)Az=3.57°, El=28.50° | 下发云台指令: Az=93.57°, El=28.50°

[Phase 1: 视觉解析] 收到目标 cx=2634.8, cy=1080.0, mono=320.0m -> 解算绝对角度: Az=3.26°, El=28.50°
[Phase 3: 预测控制] 目标当前估算Az=3.25°, 速度=1.78°/s
                   -> 打提前量(0.25s后)Az=3.69°, El=28.50° | 下发云台指令: Az=93.69°, El=28.50°

[Phase 1: 视觉解析] 收到目标 cx=2661.0, cy=1080.0, mono=320.0m -> 解算绝对角度: Az=3.38°, El=28.50°
[Phase 3: 预测控制] 目标当前估算Az=3.37°, 速度=1.79°/s
                   -> 打提前量(0.25s后)Az=3.81°, El=28.50° | 下发云台指令: Az=93.81°, El=28.50°
[GimbalAtt] cmd_id=33, elapsed=0.000s, actual_ctrl=(Az=92.60°, El=28.50°), actual_ui=(Az=2.60°, El=28.50°), target_ctrl=(Az=93.20°, El=28.50°), err=(dAz=0.60°, dEl=0.00°)
[GimbalCmd] preempt cmd_id=35, track_id=1, mode=axis_update, axes=Az, target_ctrl=(Az=93.69°, El=28.50°), delta=(dAz=0.49°, dEl=0.00°, total=0.49°)

[Phase 1: 视觉解析] 收到目标 cx=2687.2, cy=1080.0, mono=320.0m -> 解算绝对角度: Az=3.50°, El=28.50°
[Phase 3: 预测控制] 目标当前估算Az=3.49°, 速度=1.79°/s
                   -> 打提前量(0.25s后)Az=3.94°, El=28.50° | 下发云台指令: Az=93.94°, El=28.50°

[Phase 1: 视觉解析] 收到目标 cx=2713.3, cy=1080.0, mono=320.0m -> 解算绝对角度: Az=3.62°, El=28.50°
[Phase 3: 预测控制] 目标当前估算Az=3.61°, 速度=1.79°/s
                   -> 打提前量(0.25s后)Az=4.06°, El=28.50° | 下发云台指令: Az=94.06°, El=28.50°

[Phase 1: 视觉解析] 收到目标 cx=2739.4, cy=1080.0, mono=320.0m -> 解算绝对角度: Az=3.73°, El=28.50°
[Phase 3: 预测控制] 目标当前估算Az=3.74°, 速度=1.79°/s
                   -> 打提前量(0.25s后)Az=4.19°, El=28.50° | 下发云台指令: Az=94.19°, El=28.50°
[GimbalAtt] cmd_id=35, elapsed=0.000s, actual_ctrl=(Az=93.40°, El=28.50°), actual_ui=(Az=3.40°, El=28.50°), target_ctrl=(Az=93.69°, El=28.50°), err=(dAz=0.29°, dEl=0.00°)
[GimbalSettled] cmd_id=35, track_id=1, settle_time=0.000s, actual_ctrl=(Az=93.40°, El=28.50°), target_ctrl=(Az=93.69°, El=28.50°), err=(dAz=0.29°, dEl=0.00°)
[Laser] No valid laser distance, use mono distance
[GimbalCmd] cmd_id=37, track_id=1, target_ctrl=(Az=94.19°, El=28.50°)

[Phase 1: 视觉解析] 收到目标 cx=2791.7, cy=1080.0, mono=320.0m -> 解算绝对角度: Az=3.97°, El=28.50°
[Phase 3: 预测控制] 目标当前估算Az=3.97°, 速度=1.79°/s
                   -> 打提前量(0.25s后)Az=4.42°, El=28.50° | 下发云台指令: Az=94.42°, El=28.50°

[Phase 1: 视觉解析] 收到目标 cx=2817.9, cy=1080.0, mono=320.0m -> 解算绝对角度: Az=4.09°, El=28.50°
[Phase 3: 预测控制] 目标当前估算Az=4.09°, 速度=1.79°/s
                   -> 打提前量(0.25s后)Az=4.54°, El=28.50° | 下发云台指令: Az=94.54°, El=28.50°

[Phase 1: 视觉解析] 收到目标 cx=2844.0, cy=1080.0, mono=320.0m -> 解算绝对角度: Az=4.21°, El=28.50°
[Phase 3: 预测控制] 目标当前估算Az=4.21°, 速度=1.80°/s
                   -> 打提前量(0.25s后)Az=4.66°, El=28.50° | 下发云台指令: Az=94.66°, El=28.50°

[Phase 1: 视觉解析] 收到目标 cx=2870.2, cy=1080.0, mono=320.0m -> 解算绝对角度: Az=4.33°, El=28.50°
[Phase 3: 预测控制] 目标当前估算Az=4.33°, 速度=1.80°/s
                   -> 打提前量(0.25s后)Az=4.78°, El=28.50° | 下发云台指令: Az=94.78°, El=28.50°

[Phase 1: 视觉解析] 收到目标 cx=2896.3, cy=1080.0, mono=320.0m -> 解算绝对角度: Az=4.45°, El=28.50°
[Phase 3: 预测控制] 目标当前估算Az=4.45°, 速度=1.80°/s
                   -> 打提前量(0.25s后)Az=4.90°, El=28.50° | 下发云台指令: Az=94.90°, El=28.50°
[GimbalAtt] cmd_id=37, elapsed=0.000s, actual_ctrl=(Az=93.50°, El=28.50°), actual_ui=(Az=3.50°, El=28.50°), target_ctrl=(Az=94.19°, El=28.50°), err=(dAz=0.69°, dEl=0.00°)
[GimbalCmd] preempt cmd_id=40, track_id=1, mode=axis_update, axes=Az, target_ctrl=(Az=94.90°, El=28.50°), delta=(dAz=0.71°, dEl=0.00°, total=0.71°)

[Phase 1: 视觉解析] 收到目标 cx=2922.5, cy=1080.0, mono=320.0m -> 解算绝对角度: Az=4.57°, El=28.50°
[Phase 3: 预测控制] 目标当前估算Az=4.57°, 速度=1.80°/s
                   -> 打提前量(0.25s后)Az=5.02°, El=28.50° | 下发云台指令: Az=95.02°, El=28.50°

[Phase 1: 视觉解析] 收到目标 cx=2948.6, cy=1080.0, mono=320.0m -> 解算绝对角度: Az=4.69°, El=28.50°
[Phase 3: 预测控制] 目标当前估算Az=4.69°, 速度=1.80°/s
                   -> 打提前量(0.25s后)Az=5.14°, El=28.50° | 下发云台指令: Az=95.14°, El=28.50°

[Phase 1: 视觉解析] 收到目标 cx=2974.8, cy=1080.0, mono=320.0m -> 解算绝对角度: Az=4.81°, El=28.50°
[Phase 3: 预测控制] 目标当前估算Az=4.81°, 速度=1.79°/s
                   -> 打提前量(0.25s后)Az=5.26°, El=28.50° | 下发云台指令: Az=95.26°, El=28.50°
[GimbalAtt] cmd_id=40, elapsed=0.000s, actual_ctrl=(Az=94.30°, El=28.50°), actual_ui=(Az=4.30°, El=28.50°), target_ctrl=(Az=94.90°, El=28.50°), err=(dAz=0.60°, dEl=0.00°)

[Phase 1: 视觉解析] 收到目标 cx=3000.9, cy=1080.0, mono=320.0m -> 解算绝对角度: Az=4.93°, El=28.50°
[Phase 3: 预测控制] 目标当前估算Az=4.92°, 速度=1.80°/s
                   -> 打提前量(0.25s后)Az=5.37°, El=28.50° | 下发云台指令: Az=95.37°, El=28.50°

[Phase 1: 视觉解析] 收到目标 cx=3053.2, cy=1080.0, mono=320.0m -> 解算绝对角度: Az=5.16°, El=28.50°
[Phase 3: 预测控制] 目标当前估算Az=5.18°, 速度=1.79°/s
                   -> 打提前量(0.25s后)Az=5.63°, El=28.50° | 下发云台指令: Az=95.63°, El=28.50°

[Phase 1: 视觉解析] 收到目标 cx=3079.3, cy=1080.0, mono=320.0m -> 解算绝对角度: Az=5.28°, El=28.50°
[Phase 3: 预测控制] 目标当前估算Az=5.28°, 速度=1.79°/s
                   -> 打提前量(0.25s后)Az=5.73°, El=28.50° | 下发云台指令: Az=95.73°, El=28.50°
[GimbalAtt] cmd_id=40, elapsed=0.214s, actual_ctrl=(Az=94.80°, El=28.50°), actual_ui=(Az=4.80°, El=28.50°), target_ctrl=(Az=94.90°, El=28.50°), err=(dAz=0.10°, dEl=0.00°)
[GimbalSettled] cmd_id=40, track_id=1, settle_time=0.214s, actual_ctrl=(Az=94.80°, El=28.50°), target_ctrl=(Az=94.90°, El=28.50°), err=(dAz=0.10°, dEl=0.00°)
[Laser] No valid laser distance, use mono distance
[GimbalCmd] cmd_id=43, track_id=1, target_ctrl=(Az=95.63°, El=28.50°)

[Phase 1: 视觉解析] 收到目标 cx=3105.5, cy=1080.0, mono=320.0m -> 解算绝对角度: Az=5.40°, El=28.50°
[Phase 3: 预测控制] 目标当前估算Az=5.40°, 速度=1.79°/s
                   -> 打提前量(0.25s后)Az=5.85°, El=28.50° | 下发云台指令: Az=95.85°, El=28.50°

[Phase 1: 视觉解析] 收到目标 cx=3131.6, cy=1080.0, mono=320.0m -> 解算绝对角度: Az=5.52°, El=28.50°
[Phase 3: 预测控制] 目标当前估算Az=5.52°, 速度=1.79°/s
                   -> 打提前量(0.25s后)Az=5.97°, El=28.50° | 下发云台指令: Az=95.97°, El=28.50°
[Stats] recv_objs_total=89, recv_unique_boxes=89 | ui_send_total=87, ui_unique_ids=1, ui_id_counts=1:87

[Phase 1: 视觉解析] 收到目标 cx=3157.8, cy=1080.0, mono=320.0m -> 解算绝对角度: Az=5.64°, El=28.50°
[TargetKeep] reason=lock_timer_expired, master_id=1, score=5.94, candidates=id=1, score=5.94, speed=1.79deg/s, dist=0.85deg, hits=90, stab=2.44, hold=1.15x
[Phase 3: 预测控制] 目标当前估算Az=5.65°, 速度=1.79°/s
                   -> 打提前量(0.25s后)Az=6.09°, El=28.50° | 下发云台指令: Az=96.09°, El=28.50°
[GimbalAtt] cmd_id=43, elapsed=0.001s, actual_ctrl=(Az=95.50°, El=28.50°), actual_ui=(Az=5.50°, El=28.50°), target_ctrl=(Az=95.63°, El=28.50°), err=(dAz=0.13°, dEl=0.00°)
[GimbalSettled] cmd_id=43, track_id=1, settle_time=0.001s, actual_ctrl=(Az=95.50°, El=28.50°), target_ctrl=(Az=95.63°, El=28.50°), err=(dAz=0.13°, dEl=0.00°)
[Laser] No valid laser distance, use mono distance
[GimbalCmd] cmd_id=45, track_id=1, target_ctrl=(Az=96.09°, El=28.50°)

[Phase 1: 视觉解析] 收到目标 cx=3183.9, cy=1080.0, mono=320.0m -> 解算绝对角度: Az=5.76°, El=28.50°
[Phase 3: 预测控制] 目标当前估算Az=5.75°, 速度=1.79°/s
                   -> 打提前量(0.25s后)Az=6.20°, El=28.50° | 下发云台指令: Az=96.20°, El=28.50°

[Phase 1: 视觉解析] 收到目标 cx=3210.1, cy=1080.0, mono=320.0m -> 解算绝对角度: Az=5.88°, El=28.50°
[Phase 3: 预测控制] 目标当前估算Az=5.88°, 速度=1.79°/s
                   -> 打提前量(0.25s后)Az=6.32°, El=28.50° | 下发云台指令: Az=96.32°, El=28.50°

[Phase 1: 视觉解析] 收到目标 cx=3236.2, cy=1080.0, mono=320.0m -> 解算绝对角度: Az=6.00°, El=28.50°
[Phase 3: 预测控制] 目标当前估算Az=6.00°, 速度=1.79°/s
                   -> 打提前量(0.25s后)Az=6.45°, El=28.50° | 下发云台指令: Az=96.45°, El=28.50°

[Phase 1: 视觉解析] 收到目标 cx=3262.4, cy=1080.0, mono=320.0m -> 解算绝对角度: Az=6.12°, El=28.50°
[Phase 3: 预测控制] 目标当前估算Az=6.11°, 速度=1.79°/s
                   -> 打提前量(0.25s后)Az=6.56°, El=28.50° | 下发云台指令: Az=96.56°, El=28.50°
[GimbalAtt] cmd_id=45, elapsed=0.000s, actual_ctrl=(Az=95.50°, El=28.50°), actual_ui=(Az=5.50°, El=28.50°), target_ctrl=(Az=96.09°, El=28.50°), err=(dAz=0.59°, dEl=0.00°)

[Phase 1: 视觉解析] 收到目标 cx=3288.5, cy=1080.0, mono=320.0m -> 解算绝对角度: Az=6.24°, El=28.50°
[Phase 3: 预测控制] 目标当前估算Az=6.30°, 速度=1.75°/s
                   -> 打提前量(0.25s后)Az=6.74°, El=28.50° | 下发云台指令: Az=96.74°, El=28.50°

[Phase 1: 视觉解析] 收到目标 cx=3314.7, cy=1080.0, mono=320.0m -> 解算绝对角度: Az=6.36°, El=28.50°
[Phase 3: 预测控制] 目标当前估算Az=6.34°, 速度=1.76°/s[GimbalCmd] preempt cmd_id=47, track_id=1, mode=axis_update, axes=Az, target_ctrl=(Az=96.56°, El=28.50°), delta=(dAz=0.47°, dEl=0.00°, total=0.47°)

                   -> 打提前量(0.25s后)Az=6.78°, El=28.50° | 下发云台指令: Az=96.78°, El=28.50°

[Phase 1: 视觉解析] 收到目标 cx=3340.8, cy=1080.0, mono=320.0m -> 解算绝对角度: Az=6.48°, El=28.50°
[Phase 3: 预测控制] 目标当前估算Az=6.46°, 速度=1.77°/s
                   -> 打提前量(0.25s后)Az=6.90°, El=28.50° | 下发云台指令: Az=96.90°, El=28.50°

[Phase 1: 视觉解析] 收到目标 cx=3367.0, cy=1080.0, mono=320.0m -> 解算绝对角度: Az=6.59°, El=28.50°
[Phase 3: 预测控制] 目标当前估算Az=6.58°, 速度=1.77°/s
                   -> 打提前量(0.25s后)Az=7.03°, El=28.50° | 下发云台指令: Az=97.03°, El=28.50°
[GimbalAtt] cmd_id=47, elapsed=0.000s, actual_ctrl=(Az=96.30°, El=28.50°), actual_ui=(Az=6.30°, El=28.50°), target_ctrl=(Az=96.56°, El=28.50°), err=(dAz=0.26°, dEl=0.00°)
[GimbalSettled] cmd_id=47, track_id=1, settle_time=0.000s, actual_ctrl=(Az=96.30°, El=28.50°), target_ctrl=(Az=96.56°, El=28.50°), err=(dAz=0.26°, dEl=0.00°)
[Laser] No valid laser distance, use mono distance
[GimbalCmd] cmd_id=49, track_id=1, target_ctrl=(Az=97.03°, El=28.50°)

[Phase 1: 视觉解析] 收到目标 cx=3393.1, cy=1080.0, mono=320.0m -> 解算绝对角度: Az=6.71°, El=28.50°
[Phase 3: 预测控制] 目标当前估算Az=6.70°, 速度=1.78°/s
                   -> 打提前量(0.25s后)Az=7.15°, El=28.50° | 下发云台指令: Az=97.15°, El=28.50°

[Phase 1: 视觉解析] 收到目标 cx=3419.2, cy=1080.0, mono=320.0m -> 解算绝对角度: Az=6.83°, El=28.50°
[Phase 3: 预测控制] 目标当前估算Az=6.83°, 速度=1.78°/s
                   -> 打提前量(0.25s后)Az=7.27°, El=28.50° | 下发云台指令: Az=97.27°, El=28.50°

[Phase 1: 视觉解析] 收到目标 cx=3445.4, cy=1080.0, mono=320.0m -> 解算绝对角度: Az=6.95°, El=28.50°
[Phase 3: 预测控制] 目标当前估算Az=6.94°, 速度=1.79°/s
                   -> 打提前量(0.25s后)Az=7.39°, El=28.50° | 下发云台指令: Az=97.39°, El=28.50°

[Phase 1: 视觉解析] 收到目标 cx=3471.6, cy=1080.0, mono=320.0m -> 解算绝对角度: Az=7.07°, El=28.50°
[Phase 3: 预测控制] 目标当前估算Az=7.07°, 速度=1.78°/s
                   -> 打提前量(0.25s后)Az=7.52°, El=28.50° | 下发云台指令: Az=97.52°, El=28.50°

[Phase 1: 视觉解析] 收到目标 cx=3497.7, cy=1080.0, mono=320.0m -> 解算绝对角度: Az=7.19°, El=28.50°
[Phase 3: 预测控制] 目标当前估算Az=7.19°, 速度=1.79°/s
                   -> 打提前量(0.25s后)Az=7.63°, El=28.50° | 下发云台指令: Az=97.63°, El=28.50°

[Phase 1: 视觉解析] 收到目标 cx=3523.8, cy=1080.0, mono=320.0m -> 解算绝对角度: Az=7.31°, El=28.50°
[Phase 3: 预测控制] 目标当前估算Az=7.30°, 速度=1.79°/s
                   -> 打提前量(0.25s后)Az=7.75°, El=28.50° | 下发云台指令: Az=97.75°, El=28.50°
[GimbalAtt] cmd_id=49, elapsed=0.000s, actual_ctrl=(Az=96.50°, El=28.50°), actual_ui=(Az=6.50°, El=28.50°), target_ctrl=(Az=97.03°, El=28.50°), err=(dAz=0.53°, dEl=0.00°)
[GimbalCmd] preempt cmd_id=52, track_id=1, mode=axis_update, axes=Az, target_ctrl=(Az=97.75°, El=28.50°), delta=(dAz=0.72°, dEl=0.00°, total=0.72°)

[Phase 1: 视觉解析] 收到目标 cx=3550.0, cy=1080.0, mono=320.0m -> 解算绝对角度: Az=7.43°, El=28.50°
[Phase 3: 预测控制] 目标当前估算Az=7.47°, 速度=1.76°/s
                   -> 打提前量(0.25s后)Az=7.91°, El=28.50° | 下发云台指令: Az=97.91°, El=28.50°

[Phase 1: 视觉解析] 收到目标 cx=3576.1, cy=1080.0, mono=320.0m -> 解算绝对角度: Az=7.55°, El=28.50°
[Phase 3: 预测控制] 目标当前估算Az=7.53°, 速度=1.77°/s
                   -> 打提前量(0.25s后)Az=7.97°, El=28.50° | 下发云台指令: Az=97.97°, El=28.50°

[Phase 1: 视觉解析] 收到目标 cx=3602.3, cy=1080.0, mono=320.0m -> 解算绝对角度: Az=7.67°, El=28.50°
[Phase 3: 预测控制] 目标当前估算Az=7.66°, 速度=1.78°/s
                   -> 打提前量(0.25s后)Az=8.10°, El=28.50° | 下发云台指令: Az=98.10°, El=28.50°
[GimbalAtt] cmd_id=52, elapsed=0.000s, actual_ctrl=(Az=97.20°, El=28.50°), actual_ui=(Az=7.20°, El=28.50°), target_ctrl=(Az=97.75°, El=28.50°), err=(dAz=0.55°, dEl=0.00°)
[GimbalAtt] cmd_id=52, elapsed=0.211s, actual_ctrl=(Az=97.60°, El=28.50°), actual_ui=(Az=7.60°, El=28.50°), target_ctrl=(Az=97.75°, El=28.50°), err=(dAz=0.15°, dEl=0.00°)
[GimbalSettled] cmd_id=52, track_id=1, settle_time=0.211s, actual_ctrl=(Az=97.60°, El=28.50°), target_ctrl=(Az=97.75°, El=28.50°), err=(dAz=0.15°, dEl=0.00°)
[Laser] No valid laser distance, use mono distance
