[Log] stdout/stderr -> logs/main_tracking_v9_20260420_223047.log
[Init] Connecting to Gimbal at /dev/ttyUSB0...
[GT06Z] Driver Ready on /dev/ttyUSB0.
[Adapter] GT06Z 云台已连接: /dev/ttyUSB0
[Init] Real laser enabled on /dev/ttyUSB1
[Init] Queue gimbal initial posture: Az=90.00°, El=0.00°
[LaserThread] 激光读取线程已启动[GimbalThread] 控制线程已启动
=== System V9.0 (Predictive Tracking & Scheduling) Running ===
[Net] Listening RK3588 on 8888...
[Laser] start_measurement mode=continuous

[GimbalCmd] cmd_id=0, track_id=-1, target_ctrl=(Az=90.00°, El=0.00°)
[GimbalAtt] cmd_id=0, elapsed=0.040s, actual_ctrl=(Az=96.90°, El=28.50°), actual_ui=(Az=6.90°, El=28.50°), target_ctrl=(Az=90.00°, El=0.00°), err=(dAz=6.90°, dEl=28.50°)
[GimbalAtt] cmd_id=0, elapsed=0.302s, actual_ctrl=(Az=93.10°, El=27.50°), actual_ui=(Az=3.10°, El=27.50°), target_ctrl=(Az=90.00°, El=0.00°), err=(dAz=3.10°, dEl=27.50°)
[GimbalAtt] cmd_id=0, elapsed=0.564s, actual_ctrl=(Az=93.10°, El=25.50°), actual_ui=(Az=3.10°, El=25.50°), target_ctrl=(Az=90.00°, El=0.00°), err=(dAz=3.10°, dEl=25.50°)
[GimbalAtt] cmd_id=0, elapsed=0.884s, actual_ctrl=(Az=90.00°, El=21.60°), actual_ui=(Az=0.00°, El=21.60°), target_ctrl=(Az=90.00°, El=0.00°), err=(dAz=0.00°, dEl=21.60°)
[GimbalAtt] cmd_id=0, elapsed=1.146s, actual_ctrl=(Az=90.00°, El=17.60°), actual_ui=(Az=0.00°, El=17.60°), target_ctrl=(Az=90.00°, El=0.00°), err=(dAz=0.00°, dEl=17.60°)
[GimbalAtt] cmd_id=0, elapsed=1.408s, actual_ctrl=(Az=90.00°, El=13.60°), actual_ui=(Az=0.00°, El=13.60°), target_ctrl=(Az=90.00°, El=0.00°), err=(dAz=0.00°, dEl=13.60°)
[GimbalAtt] cmd_id=0, elapsed=1.670s, actual_ctrl=(Az=90.00°, El=9.60°), actual_ui=(Az=0.00°, El=9.60°), target_ctrl=(Az=90.00°, El=0.00°), err=(dAz=0.00°, dEl=9.60°)
[GimbalAtt] cmd_id=0, elapsed=1.931s, actual_ctrl=(Az=90.00°, El=5.70°), actual_ui=(Az=0.00°, El=5.70°), target_ctrl=(Az=90.00°, El=0.00°), err=(dAz=0.00°, dEl=5.70°)
[GimbalAtt] cmd_id=0, elapsed=2.193s, actual_ctrl=(Az=90.00°, El=2.10°), actual_ui=(Az=0.00°, El=2.10°), target_ctrl=(Az=90.00°, El=0.00°), err=(dAz=0.00°, dEl=2.10°)
[GimbalAtt] cmd_id=0, elapsed=2.443s, actual_ctrl=(Az=90.00°, El=2.10°), actual_ui=(Az=0.00°, El=2.10°), target_ctrl=(Az=90.00°, El=0.00°), err=(dAz=0.00°, dEl=2.10°)
[GimbalAtt] cmd_id=0, elapsed=2.725s, actual_ctrl=(Az=90.00°, El=-0.00°), actual_ui=(Az=0.00°, El=-0.00°), target_ctrl=(Az=90.00°, El=0.00°), err=(dAz=0.00°, dEl=0.00°)
[GimbalSettled] cmd_id=0, track_id=-1, settle_time=2.725s, actual_ctrl=(Az=90.00°, El=-0.00°), target_ctrl=(Az=90.00°, El=0.00°), err=(dAz=0.00°, dEl=0.00°)
[Laser] Triggered cmd_id=0, track_id=-1, dist=4.60m, interval=first

[Phase 1: 视觉解析] 收到目标 cx=700.0, cy=1080.0, mono=320.0m -> 解算绝对角度: Az=354.44°, El=28.50°
[Stats] recv_objs_total=1, recv_unique_boxes=1 | ui_send_total=0, ui_unique_ids=0, ui_id_counts=none

[Phase 1: 视觉解析] 收到目标 cx=726.1, cy=1080.0, mono=320.0m -> 解算绝对角度: Az=354.56°, El=28.50°

[Phase 1: 视觉解析] 收到目标 cx=778.4, cy=1080.0, mono=320.0m -> 解算绝对角度: Az=354.80°, El=28.50°
[TargetAcquire] reason=initial_acquire, master_id=1, score=-27.23, candidates=id=1, score=-27.23, speed=0.33deg/s, dist=29.00deg, hits=3, stab=1.11
[Phase 3: 预测控制] 目标当前估算Az=354.65°, 速度=0.33°/s
                   -> 打提前量(0.25s后)Az=354.73°, El=28.50° | 下发云台指令: Az=84.73°, El=28.50°

[Phase 1: 视觉解析] 收到目标 cx=830.7, cy=1080.0, mono=320.0m -> 解算绝对角度: Az=355.04°, El=28.50°
[Phase 3: 预测控制] 目标当前估算Az=354.84°, 速度=0.67°/s
                   -> 打提前量(0.25s后)Az=355.01°, El=28.50° | 下发云台指令: Az=85.01°, El=28.50°
[GimbalCmd] cmd_id=1, track_id=1, target_ctrl=(Az=84.73°, El=28.50°)

[Phase 1: 视觉解析] 收到目标 cx=856.9, cy=1080.0, mono=320.0m -> 解算绝对角度: Az=355.16°, El=28.50°
[Phase 3: 预测控制] 目标当前估算Az=355.01°, 速度=0.90°/s
                   -> 打提前量(0.25s后)Az=355.24°, El=28.50° | 下发云台指令: Az=85.24°, El=28.50°

[Phase 1: 视觉解析] 收到目标 cx=909.2, cy=1080.0, mono=320.0m -> 解算绝对角度: Az=355.39°, El=28.50°
[Phase 3: 预测控制] 目标当前估算Az=355.22°, 速度=1.15°/s
                   -> 打提前量(0.25s后)Az=355.51°, El=28.50° | 下发云台指令: Az=85.51°, El=28.50°
[GimbalAtt] cmd_id=1, elapsed=0.041s, actual_ctrl=(Az=89.30°, El=0.10°), actual_ui=(Az=359.30°, El=0.10°), target_ctrl=(Az=84.73°, El=28.50°), err=(dAz=4.57°, dEl=28.40°)
[GimbalCmd] preempt cmd_id=4, track_id=1, mode=axis_update, axes=Az, target_ctrl=(Az=85.51°, El=28.50°), delta=(dAz=0.78°, dEl=0.00°, total=0.78°)

[Phase 1: 视觉解析] 收到目标 cx=935.3, cy=1080.0, mono=320.0m -> 解算绝对角度: Az=355.51°, El=28.50°
[Phase 3: 预测控制] 目标当前估算Az=355.41°, 速度=1.28°/s
                   -> 打提前量(0.25s后)Az=355.73°, El=28.50° | 下发云台指令: Az=85.73°, El=28.50°

[Phase 1: 视觉解析] 收到目标 cx=987.6, cy=1080.0, mono=320.0m -> 解算绝对角度: Az=355.75°, El=28.50°
[Phase 3: 预测控制] 目标当前估算Az=355.61°, 速度=1.42°/s
                   -> 打提前量(0.25s后)Az=355.97°, El=28.50° | 下发云台指令: Az=85.97°, El=28.50°
[GimbalAtt] cmd_id=4, elapsed=0.000s, actual_ctrl=(Az=85.70°, El=1.20°), actual_ui=(Az=355.70°, El=1.20°), target_ctrl=(Az=85.51°, El=28.50°), err=(dAz=0.19°, dEl=27.30°)
[GimbalCmd] preempt cmd_id=6, track_id=1, mode=axis_update, axes=Az, target_ctrl=(Az=85.97°, El=28.50°), delta=(dAz=0.46°, dEl=0.00°, total=0.46°)

[Phase 1: 视觉解析] 收到目标 cx=1013.8, cy=1080.0, mono=320.0m -> 解算绝对角度: Az=355.87°, El=28.50°
[Phase 3: 预测控制] 目标当前估算Az=355.80°, 速度=1.49°/s
                   -> 打提前量(0.25s后)Az=356.17°, El=28.50° | 下发云台指令: Az=86.17°, El=28.50°

[Phase 1: 视觉解析] 收到目标 cx=1066.0, cy=1080.0, mono=320.0m -> 解算绝对角度: Az=356.11°, El=28.50°
[Phase 3: 预测控制] 目标当前估算Az=356.00°, 速度=1.57°/s
                   -> 打提前量(0.25s后)Az=356.40°, El=28.50° | 下发云台指令: Az=86.40°, El=28.50°

[Phase 1: 视觉解析] 收到目标 cx=1092.2, cy=1080.0, mono=320.0m -> 解算绝对角度: Az=356.23°, El=28.50°
[Phase 3: 预测控制] 目标当前估算Az=356.19°, 速度=1.60°/s
                   -> 打提前量(0.25s后)Az=356.59°, El=28.50° | 下发云台指令: Az=86.59°, El=28.50°

[Phase 1: 视觉解析] 收到目标 cx=1118.3, cy=1080.0, mono=320.0m -> 解算绝对角度: Az=356.35°, El=28.50°
[Phase 3: 预测控制] 目标当前估算Az=356.27°, 速度=1.65°/s
                   -> 打提前量(0.25s后)Az=356.68°, El=28.50° | 下发云台指令: Az=86.68°, El=28.50°
[GimbalAtt] cmd_id=6, elapsed=0.000s, actual_ctrl=(Az=85.40°, El=1.20°), actual_ui=(Az=355.40°, El=1.20°), target_ctrl=(Az=85.97°, El=28.50°), err=(dAz=0.57°, dEl=27.30°)
[GimbalCmd] preempt cmd_id=9, track_id=1, mode=axis_update, axes=Az, target_ctrl=(Az=86.68°, El=28.50°), delta=(dAz=0.71°, dEl=0.00°, total=0.71°)

[Phase 1: 视觉解析] 收到目标 cx=1144.5, cy=1080.0, mono=320.0m -> 解算绝对角度: Az=356.47°, El=28.50°
[Phase 3: 预测控制] 目标当前估算Az=356.41°, 速度=1.68°/s
                   -> 打提前量(0.25s后)Az=356.83°, El=28.50° | 下发云台指令: Az=86.83°, El=28.50°

[Phase 1: 视觉解析] 收到目标 cx=1170.6, cy=1080.0, mono=320.0m -> 解算绝对角度: Az=356.58°, El=28.50°
[Phase 3: 预测控制] 目标当前估算Az=356.53°, 速度=1.70°/s
                   -> 打提前量(0.25s后)Az=356.96°, El=28.50° | 下发云台指令: Az=86.96°, El=28.50°

[Phase 1: 视觉解析] 收到目标 cx=1196.8, cy=1080.0, mono=320.0m -> 解算绝对角度: Az=356.70°, El=28.50°
[Phase 3: 预测控制] 目标当前估算Az=356.67°, 速度=1.72°/s
                   -> 打提前量(0.25s后)Az=357.10°, El=28.50° | 下发云台指令: Az=87.10°, El=28.50°
[GimbalAtt] cmd_id=9, elapsed=0.000s, actual_ctrl=(Az=86.20°, El=5.80°), actual_ui=(Az=356.20°, El=5.80°), target_ctrl=(Az=86.68°, El=28.50°), err=(dAz=0.48°, dEl=22.70°)

[Phase 1: 视觉解析] 收到目标 cx=1222.9, cy=1080.0, mono=320.0m -> 解算绝对角度: Az=356.82°, El=28.50°
[Phase 3: 预测控制] 目标当前估算Az=356.79°, 速度=1.74°/s
                   -> 打提前量(0.25s后)Az=357.22°, El=28.50° | 下发云台指令: Az=87.22°, El=28.50°

[Phase 1: 视觉解析] 收到目标 cx=1249.1, cy=1080.0, mono=320.0m -> 解算绝对角度: Az=356.94°, El=28.50°
[Phase 3: 预测控制] 目标当前估算Az=356.92°, 速度=1.75°/s
                   -> 打提前量(0.25s后)Az=357.36°, El=28.50° | 下发云台指令: Az=87.36°, El=28.50°

[Phase 1: 视觉解析] 收到目标 cx=1275.2, cy=1080.0, mono=320.0m -> 解算绝对角度: Az=357.06°, El=28.50°
[Phase 3: 预测控制] 目标当前估算Az=357.04°, 速度=1.76°/s
                   -> 打提前量(0.25s后)Az=357.48°, El=28.50° | 下发云台指令: Az=87.48°, El=28.50°

[Phase 1: 视觉解析] 收到目标 cx=1301.4, cy=1080.0, mono=320.0m -> 解算绝对角度: Az=357.18°, El=28.50°
[Phase 3: 预测控制] 目标当前估算Az=357.17°, 速度=1.77°/s
                   -> 打提前量(0.25s后)Az=357.61°, El=28.50° | 下发云台指令: Az=87.61°, El=28.50°
[GimbalAtt] cmd_id=9, elapsed=0.206s, actual_ctrl=(Az=86.50°, El=5.80°), actual_ui=(Az=356.50°, El=5.80°), target_ctrl=(Az=86.68°, El=28.50°), err=(dAz=0.18°, dEl=22.70°)
[GimbalCmd] preempt cmd_id=12, track_id=1, mode=axis_update, axes=Az, target_ctrl=(Az=87.48°, El=28.50°), delta=(dAz=0.80°, dEl=0.00°, total=0.80°)

[Phase 1: 视觉解析] 收到目标 cx=1327.5, cy=1080.0, mono=320.0m -> 解算绝对角度: Az=357.30°, El=28.50°
[Phase 3: 预测控制] 目标当前估算Az=357.29°, 速度=1.78°/s
                   -> 打提前量(0.25s后)Az=357.73°, El=28.50° | 下发云台指令: Az=87.73°, El=28.50°

[Phase 1: 视觉解析] 收到目标 cx=1353.7, cy=1080.0, mono=320.0m -> 解算绝对角度: Az=357.42°, El=28.50°
[TargetKeep] reason=lock_timer_expired, master_id=1, score=-19.23, candidates=id=1, score=-19.23, speed=1.78deg/s, dist=22.72deg, hits=21, stab=2.44, hold=1.15x
[Phase 3: 预测控制] 目标当前估算Az=357.41°, 速度=1.78°/s
                   -> 打提前量(0.25s后)Az=357.86°, El=28.50° | 下发云台指令: Az=87.86°, El=28.50°

[Phase 1: 视觉解析] 收到目标 cx=1379.8, cy=1080.0, mono=320.0m -> 解算绝对角度: Az=357.54°, El=28.50°
[Phase 3: 预测控制] 目标当前估算Az=357.53°, 速度=1.78°/s
                   -> 打提前量(0.25s后)Az=357.98°, El=28.50° | 下发云台指令: Az=87.98°, El=28.50°
[GimbalAtt] cmd_id=12, elapsed=0.000s, actual_ctrl=(Az=87.20°, El=13.10°), actual_ui=(Az=357.20°, El=13.10°), target_ctrl=(Az=87.48°, El=28.50°), err=(dAz=0.28°, dEl=15.40°)
[GimbalCmd] preempt cmd_id=14, track_id=1, mode=axis_update, axes=Az, target_ctrl=(Az=87.98°, El=28.50°), delta=(dAz=0.50°, dEl=0.00°, total=0.50°)

[Phase 1: 视觉解析] 收到目标 cx=1406.0, cy=1080.0, mono=320.0m -> 解算绝对角度: Az=357.66°, El=28.50°
[Phase 3: 预测控制] 目标当前估算Az=357.65°, 速度=1.79°/s
                   -> 打提前量(0.25s后)Az=358.10°, El=28.50° | 下发云台指令: Az=88.10°, El=28.50°

[Phase 1: 视觉解析] 收到目标 cx=1432.1, cy=1080.0, mono=320.0m -> 解算绝对角度: Az=357.78°, El=28.50°
[Phase 3: 预测控制] 目标当前估算Az=357.77°, 速度=1.79°/s
                   -> 打提前量(0.25s后)Az=358.22°, El=28.50° | 下发云台指令: Az=88.22°, El=28.50°

[Phase 1: 视觉解析] 收到目标 cx=1458.2, cy=1080.0, mono=320.0m -> 解算绝对角度: Az=357.90°, El=28.50°
[Phase 3: 预测控制] 目标当前估算Az=357.89°, 速度=1.79°/s
                   -> 打提前量(0.25s后)Az=358.34°, El=28.50° | 下发云台指令: Az=88.34°, El=28.50°

[Phase 1: 视觉解析] 收到目标 cx=1484.4, cy=1080.0, mono=320.0m -> 解算绝对角度: Az=358.01°, El=28.50°
[Phase 3: 预测控制] 目标当前估算Az=358.01°, 速度=1.79°/s
                   -> 打提前量(0.25s后)Az=358.46°, El=28.50° | 下发云台指令: Az=88.46°, El=28.50°
[Stats] recv_objs_total=26, recv_unique_boxes=26 | ui_send_total=24, ui_unique_ids=1, ui_id_counts=1:24
[GimbalAtt] cmd_id=14, elapsed=0.000s, actual_ctrl=(Az=87.30°, El=13.10°), actual_ui=(Az=357.30°, El=13.10°), target_ctrl=(Az=87.98°, El=28.50°), err=(dAz=0.68°, dEl=15.40°)

[Phase 1: 视觉解析] 收到目标 cx=1510.5, cy=1080.0, mono=320.0m -> 解算绝对角度: Az=358.13°, El=28.50°
[Phase 3: 预测控制] 目标当前估算Az=358.13°, 速度=1.79°/s
                   -> 打提前量(0.25s后)Az=358.58°, El=28.50° | 下发云台指令: Az=88.58°, El=28.50°
[GimbalCmd] preempt cmd_id=16, track_id=1, mode=axis_update, axes=Az, target_ctrl=(Az=88.46°, El=28.50°), delta=(dAz=0.48°, dEl=0.00°, total=0.48°)

[Phase 1: 视觉解析] 收到目标 cx=1536.7, cy=1080.0, mono=320.0m -> 解算绝对角度: Az=358.25°, El=28.50°
[Phase 3: 预测控制] 目标当前估算Az=358.25°, 速度=1.79°/s
                   -> 打提前量(0.25s后)Az=358.70°, El=28.50° | 下发云台指令: Az=88.70°, El=28.50°

[Phase 1: 视觉解析] 收到目标 cx=1562.8, cy=1080.0, mono=320.0m -> 解算绝对角度: Az=358.37°, El=28.50°
[Phase 3: 预测控制] 目标当前估算Az=358.37°, 速度=1.79°/s
                   -> 打提前量(0.25s后)Az=358.82°, El=28.50° | 下发云台指令: Az=88.82°, El=28.50°
[GimbalAtt] cmd_id=16, elapsed=0.000s, actual_ctrl=(Az=88.10°, El=20.40°), actual_ui=(Az=358.10°, El=20.40°), target_ctrl=(Az=88.46°, El=28.50°), err=(dAz=0.36°, dEl=8.10°)

[Phase 1: 视觉解析] 收到目标 cx=1589.0, cy=1080.0, mono=320.0m -> 解算绝对角度: Az=358.49°, El=28.50°
[Phase 3: 预测控制] 目标当前估算Az=358.49°, 速度=1.80°/s
                   -> 打提前量(0.25s后)Az=358.94°, El=28.50° | 下发云台指令: Az=88.94°, El=28.50°
[GimbalCmd] preempt cmd_id=18, track_id=1, mode=axis_update, axes=Az, target_ctrl=(Az=88.94°, El=28.50°), delta=(dAz=0.47°, dEl=0.00°, total=0.47°)

[Phase 1: 视觉解析] 收到目标 cx=1615.1, cy=1080.0, mono=320.0m -> 解算绝对角度: Az=358.61°, El=28.50°
[Phase 3: 预测控制] 目标当前估算Az=358.62°, 速度=1.79°/s
                   -> 打提前量(0.25s后)Az=359.07°, El=28.50° | 下发云台指令: Az=89.07°, El=28.50°

[Phase 1: 视觉解析] 收到目标 cx=1641.3, cy=1080.0, mono=320.0m -> 解算绝对角度: Az=358.73°, El=28.50°
[Phase 3: 预测控制] 目标当前估算Az=358.73°, 速度=1.79°/s
                   -> 打提前量(0.25s后)Az=359.18°, El=28.50° | 下发云台指令: Az=89.18°, El=28.50°

[Phase 1: 视觉解析] 收到目标 cx=1667.4, cy=1080.0, mono=320.0m -> 解算绝对角度: Az=358.85°, El=28.50°
[Phase 3: 预测控制] 目标当前估算Az=358.86°, 速度=1.78°/s
                   -> 打提前量(0.25s后)Az=359.31°, El=28.50° | 下发云台指令: Az=89.31°, El=28.50°

[Phase 1: 视觉解析] 收到目标 cx=1693.6, cy=1080.0, mono=320.0m -> 解算绝对角度: Az=358.97°, El=28.50°
[Phase 3: 预测控制] 目标当前估算Az=358.97°, 速度=1.79°/s[GimbalAtt] cmd_id=18, elapsed=0.000s, actual_ctrl=(Az=88.30°, El=20.40°), actual_ui=(Az=358.30°, El=20.40°), target_ctrl=(Az=88.94°, El=28.50°), err=(dAz=0.64°, dEl=8.10°)

                   -> 打提前量(0.25s后)Az=359.41°, El=28.50° | 下发云台指令: Az=89.41°, El=28.50°
[GimbalCmd] preempt cmd_id=20, track_id=1, mode=axis_update, axes=Az, target_ctrl=(Az=89.41°, El=28.50°), delta=(dAz=0.48°, dEl=0.00°, total=0.48°)

[Phase 1: 视觉解析] 收到目标 cx=1719.7, cy=1080.0, mono=320.0m -> 解算绝对角度: Az=359.09°, El=28.50°
[Phase 3: 预测控制] 目标当前估算Az=359.08°, 速度=1.79°/s
                   -> 打提前量(0.25s后)Az=359.53°, El=28.50° | 下发云台指令: Az=89.53°, El=28.50°

[Phase 1: 视觉解析] 收到目标 cx=1745.9, cy=1080.0, mono=320.0m -> 解算绝对角度: Az=359.21°, El=28.50°
[Phase 3: 预测控制] 目标当前估算Az=359.21°, 速度=1.79°/s
                   -> 打提前量(0.25s后)Az=359.65°, El=28.50° | 下发云台指令: Az=89.65°, El=28.50°

[Phase 1: 视觉解析] 收到目标 cx=1772.0, cy=1080.0, mono=320.0m -> 解算绝对角度: Az=359.33°, El=28.50°
[Phase 3: 预测控制] 目标当前估算Az=359.33°, 速度=1.79°/s
[GimbalAtt] cmd_id=20, elapsed=0.000s, actual_ctrl=(Az=89.10°, El=27.10°), actual_ui=(Az=359.10°, El=27.10°), target_ctrl=(Az=89.41°, El=28.50°), err=(dAz=0.31°, dEl=1.40°)
                   -> 打提前量(0.25s后)Az=359.77°, El=28.50° | 下发云台指令: Az=89.77°, El=28.50°

[Phase 1: 视觉解析] 收到目标 cx=1798.2, cy=1080.0, mono=320.0m -> 解算绝对角度: Az=359.44°, El=28.50°
[Phase 3: 预测控制] 目标当前估算Az=359.44°, 速度=1.79°/s
                   -> 打提前量(0.25s后)Az=359.89°, El=28.50° | 下发云台指令: Az=89.89°, El=28.50°

[Phase 1: 视觉解析] 收到目标 cx=1824.3, cy=1080.0, mono=320.0m -> 解算绝对角度: Az=359.56°, El=28.50°
[Phase 3: 预测控制] 目标当前估算Az=359.56°, 速度=1.79°/s
                   -> 打提前量(0.25s后)Az=0.01°, El=28.50° | 下发云台指令: Az=90.01°, El=28.50°

[Phase 1: 视觉解析] 收到目标 cx=1850.5, cy=1080.0, mono=320.0m -> 解算绝对角度: Az=359.68°, El=28.50°
[Phase 3: 预测控制] 目标当前估算Az=359.69°, 速度=1.79°/s
                   -> 打提前量(0.25s后)Az=0.14°, El=28.50° | 下发云台指令: Az=90.14°, El=28.50°

[Phase 1: 视觉解析] 收到目标 cx=1876.6, cy=1080.0, mono=320.0m -> 解算绝对角度: Az=359.80°, El=28.50°
[Phase 3: 预测控制] 目标当前估算Az=359.80°, 速度=1.79°/s
                   -> 打提前量(0.25s后)Az=0.25°, El=28.50° | 下发云台指令: Az=90.25°, El=28.50°
[GimbalAtt] cmd_id=20, elapsed=0.202s, actual_ctrl=(Az=89.40°, El=27.10°), actual_ui=(Az=359.40°, El=27.10°), target_ctrl=(Az=89.41°, El=28.50°), err=(dAz=0.01°, dEl=1.40°)
[GimbalCmd] preempt cmd_id=23, track_id=1, mode=axis_update, axes=Az, target_ctrl=(Az=90.14°, El=28.50°), delta=(dAz=0.72°, dEl=0.00°, total=0.72°)

[Phase 1: 视觉解析] 收到目标 cx=1902.8, cy=1080.0, mono=320.0m -> 解算绝对角度: Az=359.92°, El=28.50°
[Phase 3: 预测控制] 目标当前估算Az=359.92°, 速度=1.79°/s
                   -> 打提前量(0.25s后)Az=0.37°, El=28.50° | 下发云台指令: Az=90.37°, El=28.50°

[Phase 1: 视觉解析] 收到目标 cx=1955.0, cy=1080.0, mono=320.0m -> 解算绝对角度: Az=0.16°, El=28.50°
[Phase 3: 预测控制] 目标当前估算Az=0.20°, 速度=1.76°/s
                   -> 打提前量(0.25s后)Az=0.64°, El=28.50° | 下发云台指令: Az=90.64°, El=28.50°

[Phase 1: 视觉解析] 收到目标 cx=1981.2, cy=1080.0, mono=320.0m -> 解算绝对角度: Az=0.28°, El=28.50°
[TargetKeep] reason=lock_timer_expired, master_id=1, score=4.94, candidates=id=1, score=4.94, speed=1.76deg/s, dist=1.65deg, hits=44, stab=2.44, hold=1.15x
[Phase 3: 预测控制] 目标当前估算Az=0.28°, 速度=1.76°/s
                   -> 打提前量(0.25s后)Az=0.72°, El=28.50° | 下发云台指令: Az=90.72°, El=28.50°
[GimbalAtt] cmd_id=23, elapsed=0.000s, actual_ctrl=(Az=89.40°, El=28.60°), actual_ui=(Az=359.40°, El=28.60°), target_ctrl=(Az=90.14°, El=28.50°), err=(dAz=0.74°, dEl=0.10°)
[GimbalCmd] preempt cmd_id=25, track_id=1, mode=axis_update, axes=Az, target_ctrl=(Az=90.64°, El=28.50°), delta=(dAz=0.51°, dEl=0.00°, total=0.51°)

[Phase 1: 视觉解析] 收到目标 cx=2007.3, cy=1080.0, mono=320.0m -> 解算绝对角度: Az=0.40°, El=28.50°
[Phase 3: 预测控制] 目标当前估算Az=0.39°, 速度=1.76°/s
                   -> 打提前量(0.25s后)Az=0.83°, El=28.50° | 下发云台指令: Az=90.83°, El=28.50°

[Phase 1: 视觉解析] 收到目标 cx=2033.5, cy=1080.0, mono=320.0m -> 解算绝对角度: Az=0.52°, El=28.50°
[Phase 3: 预测控制] 目标当前估算Az=0.50°, 速度=1.77°/s
                   -> 打提前量(0.25s后)Az=0.95°, El=28.50° | 下发云台指令: Az=90.95°, El=28.50°

[Phase 1: 视觉解析] 收到目标 cx=2059.6, cy=1080.0, mono=320.0m -> 解算绝对角度: Az=0.64°, El=28.50°
[Phase 3: 预测控制] 目标当前估算Az=0.62°, 速度=1.78°/s
                   -> 打提前量(0.25s后)Az=1.07°, El=28.50° | 下发云台指令: Az=91.07°, El=28.50°

[Phase 1: 视觉解析] 收到目标 cx=2085.8, cy=1080.0, mono=320.0m -> 解算绝对角度: Az=0.76°, El=28.50°
[Phase 3: 预测控制] 目标当前估算Az=0.75°, 速度=1.78°/s
                   -> 打提前量(0.25s后)Az=1.19°, El=28.50° | 下发云台指令: Az=91.19°, El=28.50°

[Phase 1: 视觉解析] 收到目标 cx=2111.9, cy=1080.0, mono=320.0m -> 解算绝对角度: Az=0.87°, El=28.50°
[Phase 3: 预测控制] 目标当前估算Az=0.87°, 速度=1.78°/s
                   -> 打提前量(0.25s后)Az=1.31°, El=28.50° | 下发云台指令: Az=91.31°, El=28.50°

[Phase 1: 视觉解析] 收到目标 cx=2138.1, cy=1080.0, mono=320.0m -> 解算绝对角度: Az=0.99°, El=28.50°
[Phase 3: 预测控制] 目标当前估算Az=0.99°, 速度=1.79°/s
                   -> 打提前量(0.25s后)Az=1.44°, El=28.50° | 下发云台指令: Az=91.44°, El=28.50°
[GimbalAtt] cmd_id=25, elapsed=0.000s, actual_ctrl=(Az=89.40°, El=28.60°), actual_ui=(Az=359.40°, El=28.60°), target_ctrl=(Az=90.64°, El=28.50°), err=(dAz=1.24°, dEl=0.10°)
[GimbalCmd] preempt cmd_id=28, track_id=1, mode=axis_update, axes=Az, target_ctrl=(Az=91.44°, El=28.50°), delta=(dAz=0.79°, dEl=0.00°, total=0.79°)

[Phase 1: 视觉解析] 收到目标 cx=2164.2, cy=1080.0, mono=320.0m -> 解算绝对角度: Az=1.11°, El=28.50°
[Phase 3: 预测控制] 目标当前估算Az=1.11°, 速度=1.79°/s
                   -> 打提前量(0.25s后)Az=1.55°, El=28.50° | 下发云台指令: Az=91.55°, El=28.50°

[Phase 1: 视觉解析] 收到目标 cx=2190.4, cy=1080.0, mono=320.0m -> 解算绝对角度: Az=1.23°, El=28.50°
[Phase 3: 预测控制] 目标当前估算Az=1.28°, 速度=1.76°/s
                   -> 打提前量(0.25s后)Az=1.72°, El=28.50° | 下发云台指令: Az=91.72°, El=28.50°

[Phase 1: 视觉解析] 收到目标 cx=2216.5, cy=1080.0, mono=320.0m -> 解算绝对角度: Az=1.35°, El=28.50°
[Phase 3: 预测控制] 目标当前估算Az=1.33°, 速度=1.77°/s
                   -> 打提前量(0.25s后)Az=1.77°, El=28.50° | 下发云台指令: Az=91.77°, El=28.50°
[GimbalAtt] cmd_id=28, elapsed=0.000s, actual_ctrl=(Az=91.30°, El=28.60°), actual_ui=(Az=1.30°, El=28.60°), target_ctrl=(Az=91.44°, El=28.50°), err=(dAz=0.14°, dEl=0.10°)
[GimbalSettled] cmd_id=28, track_id=1, settle_time=0.000s, actual_ctrl=(Az=91.30°, El=28.60°), target_ctrl=(Az=91.44°, El=28.50°), err=(dAz=0.14°, dEl=0.10°)
[Laser] No valid laser distance, use mono distance
[GimbalCmd] cmd_id=29, track_id=1, target_ctrl=(Az=91.72°, El=28.50°)

[Phase 1: 视觉解析] 收到目标 cx=2242.7, cy=1080.0, mono=320.0m -> 解算绝对角度: Az=1.47°, El=28.50°
[Phase 3: 预测控制] 目标当前估算Az=1.46°, 速度=1.78°/s
                   -> 打提前量(0.25s后)Az=1.90°, El=28.50° | 下发云台指令: Az=91.90°, El=28.50°

[Phase 1: 视觉解析] 收到目标 cx=2268.8, cy=1080.0, mono=320.0m -> 解算绝对角度: Az=1.59°, El=28.50°
[Phase 3: 预测控制] 目标当前估算Az=1.58°, 速度=1.78°/s
                   -> 打提前量(0.25s后)Az=2.03°, El=28.50° | 下发云台指令: Az=92.03°, El=28.50°
[Stats] recv_objs_total=55, recv_unique_boxes=55 | ui_send_total=53, ui_unique_ids=1, ui_id_counts=1:53

[Phase 1: 视觉解析] 收到目标 cx=2294.9, cy=1080.0, mono=320.0m -> 解算绝对角度: Az=1.71°, El=28.50°
[Phase 3: 预测控制] 目标当前估算Az=1.70°, 速度=1.78°/s
                   -> 打提前量(0.25s后)Az=2.15°, El=28.50° | 下发云台指令: Az=92.15°, El=28.50°

[Phase 1: 视觉解析] 收到目标 cx=2321.1, cy=1080.0, mono=320.0m -> 解算绝对角度: Az=1.83°, El=28.50°
[Phase 3: 预测控制] 目标当前估算Az=1.82°, 速度=1.79°/s
                   -> 打提前量(0.25s后)Az=2.27°, El=28.50° | 下发云台指令: Az=92.27°, El=28.50°

[Phase 1: 视觉解析] 收到目标 cx=2347.2, cy=1080.0, mono=320.0m -> 解算绝对角度: Az=1.95°, El=28.50°
[Phase 3: 预测控制] 目标当前估算Az=1.94°, 速度=1.79°/s
                   -> 打提前量(0.25s后)Az=2.39°, El=28.50° | 下发云台指令: Az=92.39°, El=28.50°
[GimbalAtt] cmd_id=29, elapsed=0.000s, actual_ctrl=(Az=91.30°, El=28.60°), actual_ui=(Az=1.30°, El=28.60°), target_ctrl=(Az=91.72°, El=28.50°), err=(dAz=0.42°, dEl=0.10°)
[GimbalCmd] preempt cmd_id=31, track_id=1, mode=axis_update, axes=Az, target_ctrl=(Az=92.27°, El=28.50°), delta=(dAz=0.55°, dEl=0.00°, total=0.55°)

[Phase 1: 视觉解析] 收到目标 cx=2373.4, cy=1080.0, mono=320.0m -> 解算绝对角度: Az=2.07°, El=28.50°
[Phase 3: 预测控制] 目标当前估算Az=2.07°, 速度=1.79°/s
                   -> 打提前量(0.25s后)Az=2.51°, El=28.50° | 下发云台指令: Az=92.51°, El=28.50°

[Phase 1: 视觉解析] 收到目标 cx=2399.5, cy=1080.0, mono=320.0m -> 解算绝对角度: Az=2.19°, El=28.50°
[Phase 3: 预测控制] 目标当前估算Az=2.18°, 速度=1.79°/s
                   -> 打提前量(0.25s后)Az=2.63°, El=28.50° | 下发云台指令: Az=92.63°, El=28.50°

[Phase 1: 视觉解析] 收到目标 cx=2425.7, cy=1080.0, mono=320.0m -> 解算绝对角度: Az=2.30°, El=28.50°
[Phase 3: 预测控制] 目标当前估算Az=2.30°, 速度=1.79°/s
                   -> 打提前量(0.25s后)Az=2.75°, El=28.50° | 下发云台指令: Az=92.75°, El=28.50°
[GimbalAtt] cmd_id=31, elapsed=0.000s, actual_ctrl=(Az=92.10°, El=28.60°), actual_ui=(Az=2.10°, El=28.60°), target_ctrl=(Az=92.27°, El=28.50°), err=(dAz=0.17°, dEl=0.10°)
[GimbalSettled] cmd_id=31, track_id=1, settle_time=0.000s, actual_ctrl=(Az=92.10°, El=28.60°), target_ctrl=(Az=92.27°, El=28.50°), err=(dAz=0.17°, dEl=0.10°)
[Laser] No valid laser distance, use mono distance
[GimbalCmd] cmd_id=33, track_id=1, target_ctrl=(Az=92.75°, El=28.50°)

[Phase 1: 视觉解析] 收到目标 cx=2451.8, cy=1080.0, mono=320.0m -> 解算绝对角度: Az=2.42°, El=28.50°
[Phase 3: 预测控制] 目标当前估算Az=2.48°, 速度=1.76°/s
                   -> 打提前量(0.25s后)Az=2.92°, El=28.50° | 下发云台指令: Az=92.92°, El=28.50°

[Phase 1: 视觉解析] 收到目标 cx=2478.0, cy=1080.0, mono=320.0m -> 解算绝对角度: Az=2.54°, El=28.50°
[Phase 3: 预测控制] 目标当前估算Az=2.52°, 速度=1.77°/s
                   -> 打提前量(0.25s后)Az=2.97°, El=28.50° | 下发云台指令: Az=92.97°, El=28.50°

[Phase 1: 视觉解析] 收到目标 cx=2504.1, cy=1080.0, mono=320.0m -> 解算绝对角度: Az=2.66°, El=28.50°
[Phase 3: 预测控制] 目标当前估算Az=2.64°, 速度=1.78°/s
                   -> 打提前量(0.25s后)Az=3.09°, El=28.50° | 下发云台指令: Az=93.09°, El=28.50°

[Phase 1: 视觉解析] 收到目标 cx=2530.3, cy=1080.0, mono=320.0m -> 解算绝对角度: Az=2.78°, El=28.50°
[Phase 3: 预测控制] 目标当前估算Az=2.78°, 速度=1.78°/s
                   -> 打提前量(0.25s后)Az=3.22°, El=28.50° | 下发云台指令: Az=93.22°, El=28.50°

[Phase 1: 视觉解析] 收到目标 cx=2556.4, cy=1080.0, mono=320.0m -> 解算绝对角度: Az=2.90°, El=28.50°
[Phase 3: 预测控制] 目标当前估算Az=2.89°, 速度=1.78°/s
                   -> 打提前量(0.25s后)Az=3.34°, El=28.50° | 下发云台指令: Az=93.34°, El=28.50°
[GimbalAtt] cmd_id=33, elapsed=0.001s, actual_ctrl=(Az=92.10°, El=28.60°), actual_ui=(Az=2.10°, El=28.60°), target_ctrl=(Az=92.75°, El=28.50°), err=(dAz=0.65°, dEl=0.10°)

[Phase 1: 视觉解析] 收到目标 cx=2582.6, cy=1080.0, mono=320.0m -> 解算绝对角度: Az=3.02°, El=28.50°
[TargetKeep] reason=lock_timer_expired, master_id=1, score=5.84, candidates=id=1, score=5.84, speed=1.78deg/s, dist=0.92deg, hits=67, stab=2.44, hold=1.15x
[Phase 3: 预测控制] 目标当前估算Az=3.02°, 速度=1.78°/s
                   -> 打提前量(0.25s后)Az=3.46°, El=28.50° | 下发云台指令: Az=93.46°, El=28.50°
[GimbalCmd] preempt cmd_id=36, track_id=1, mode=axis_update, axes=Az, target_ctrl=(Az=93.46°, El=28.50°), delta=(dAz=0.71°, dEl=0.00°, total=0.71°)

[Phase 1: 视觉解析] 收到目标 cx=2608.7, cy=1080.0, mono=320.0m -> 解算绝对角度: Az=3.14°, El=28.50°
[Phase 3: 预测控制] 目标当前估算Az=3.13°, 速度=1.79°/s
                   -> 打提前量(0.25s后)Az=3.57°, El=28.50° | 下发云台指令: Az=93.57°, El=28.50°

[Phase 1: 视觉解析] 收到目标 cx=2634.8, cy=1080.0, mono=320.0m -> 解算绝对角度: Az=3.26°, El=28.50°
[Phase 3: 预测控制] 目标当前估算Az=3.26°, 速度=1.79°/s
                   -> 打提前量(0.25s后)Az=3.71°, El=28.50° | 下发云台指令: Az=93.71°, El=28.50°

[Phase 1: 视觉解析] 收到目标 cx=2661.0, cy=1080.0, mono=320.0m -> 解算绝对角度: Az=3.38°, El=28.50°
[Phase 3: 预测控制] 目标当前估算Az=3.37°, 速度=1.79°/s
                   -> 打提前量(0.25s后)Az=3.82°, El=28.50° | 下发云台指令: Az=93.82°, El=28.50°
[GimbalAtt] cmd_id=36, elapsed=0.000s, actual_ctrl=(Az=92.90°, El=28.60°), actual_ui=(Az=2.90°, El=28.60°), target_ctrl=(Az=93.46°, El=28.50°), err=(dAz=0.56°, dEl=0.10°)

[Phase 1: 视觉解析] 收到目标 cx=2687.2, cy=1080.0, mono=320.0m -> 解算绝对角度: Az=3.50°, El=28.50°
[Phase 3: 预测控制] 目标当前估算Az=3.52°, 速度=1.77°/s
                   -> 打提前量(0.25s后)Az=3.97°, El=28.50° | 下发云台指令: Az=93.97°, El=28.50°

[Phase 1: 视觉解析] 收到目标 cx=2713.3, cy=1080.0, mono=320.0m -> 解算绝对角度: Az=3.62°, El=28.50°
[Phase 3: 预测控制] 目标当前估算Az=3.60°, 速度=1.78°/s
                   -> 打提前量(0.25s后)Az=4.05°, El=28.50° | 下发云台指令: Az=94.05°, El=28.50°

[Phase 1: 视觉解析] 收到目标 cx=2739.4, cy=1080.0, mono=320.0m -> 解算绝对角度: Az=3.73°, El=28.50°
[Phase 3: 预测控制] 目标当前估算Az=3.73°, 速度=1.78°/s
                   -> 打提前量(0.25s后)Az=4.18°, El=28.50° | 下发云台指令: Az=94.18°, El=28.50°

[Phase 1: 视觉解析] 收到目标 cx=2765.6, cy=1080.0, mono=320.0m -> 解算绝对角度: Az=3.85°, El=28.50°
[Phase 3: 预测控制] 目标当前估算Az=3.85°, 速度=1.78°/s
                   -> 打提前量(0.25s后)Az=4.29°, El=28.50° | 下发云台指令: Az=94.29°, El=28.50°
[GimbalAtt] cmd_id=36, elapsed=0.215s, actual_ctrl=(Az=93.40°, El=28.60°), actual_ui=(Az=3.40°, El=28.60°), target_ctrl=(Az=93.46°, El=28.50°), err=(dAz=0.06°, dEl=0.10°)
[GimbalSettled] cmd_id=36, track_id=1, settle_time=0.215s, actual_ctrl=(Az=93.40°, El=28.60°), target_ctrl=(Az=93.46°, El=28.50°), err=(dAz=0.06°, dEl=0.10°)
[Laser] No valid laser distance, use mono distance
[GimbalCmd] cmd_id=39, track_id=1, target_ctrl=(Az=94.18°, El=28.50°)

[Phase 1: 视觉解析] 收到目标 cx=2791.7, cy=1080.0, mono=320.0m -> 解算绝对角度: Az=3.97°, El=28.50°
[Phase 3: 预测控制] 目标当前估算Az=3.96°, 速度=1.79°/s
                   -> 打提前量(0.25s后)Az=4.41°, El=28.50° | 下发云台指令: Az=94.41°, El=28.50°

[Phase 1: 视觉解析] 收到目标 cx=2817.9, cy=1080.0, mono=320.0m -> 解算绝对角度: Az=4.09°, El=28.50°
[Phase 3: 预测控制] 目标当前估算Az=4.09°, 速度=1.79°/s
                   -> 打提前量(0.25s后)Az=4.54°, El=28.50° | 下发云台指令: Az=94.54°, El=28.50°

[Phase 1: 视觉解析] 收到目标 cx=2844.0, cy=1080.0, mono=320.0m -> 解算绝对角度: Az=4.21°, El=28.50°
[Phase 3: 预测控制] 目标当前估算Az=4.20°, 速度=1.79°/s
                   -> 打提前量(0.25s后)Az=4.65°, El=28.50° | 下发云台指令: Az=94.65°, El=28.50°

[Phase 1: 视觉解析] 收到目标 cx=2870.2, cy=1080.0, mono=320.0m -> 解算绝对角度: Az=4.33°, El=28.50°
[Phase 3: 预测控制] 目标当前估算Az=4.33°, 速度=1.79°/s
                   -> 打提前量(0.25s后)Az=4.78°, El=28.50° | 下发云台指令: Az=94.78°, El=28.50°
[GimbalAtt] cmd_id=39, elapsed=0.000s, actual_ctrl=(Az=93.40°, El=28.60°), actual_ui=(Az=3.40°, El=28.60°), target_ctrl=(Az=94.18°, El=28.50°), err=(dAz=0.78°, dEl=0.10°)
[GimbalCmd] preempt cmd_id=41, track_id=1, mode=axis_update, axes=Az, target_ctrl=(Az=94.65°, El=28.50°), delta=(dAz=0.48°, dEl=0.00°, total=0.48°)

[Phase 1: 视觉解析] 收到目标 cx=2896.3, cy=1080.0, mono=320.0m -> 解算绝对角度: Az=4.45°, El=28.50°
[Phase 3: 预测控制] 目标当前估算Az=4.44°, 速度=1.80°/s
                   -> 打提前量(0.25s后)Az=4.89°, El=28.50° | 下发云台指令: Az=94.89°, El=28.50°

[Phase 1: 视觉解析] 收到目标 cx=2922.5, cy=1080.0, mono=320.0m -> 解算绝对角度: Az=4.57°, El=28.50°
[Phase 3: 预测控制] 目标当前估算Az=4.57°, 速度=1.79°/s
                   -> 打提前量(0.25s后)Az=5.02°, El=28.50° | 下发云台指令: Az=95.02°, El=28.50°

[Phase 1: 视觉解析] 收到目标 cx=2948.6, cy=1080.0, mono=320.0m -> 解算绝对角度: Az=4.69°, El=28.50°
[Phase 3: 预测控制] 目标当前估算Az=4.69°, 速度=1.79°/s
                   -> 打提前量(0.25s后)Az=5.14°, El=28.50° | 下发云台指令: Az=95.14°, El=28.50°
[GimbalAtt] cmd_id=41, elapsed=0.000s, actual_ctrl=(Az=94.00°, El=28.60°), actual_ui=(Az=4.00°, El=28.60°), target_ctrl=(Az=94.65°, El=28.50°), err=(dAz=0.65°, dEl=0.10°)

[Phase 1: 视觉解析] 收到目标 cx=2974.8, cy=1080.0, mono=320.0m -> 解算绝对角度: Az=4.81°, El=28.50°
[Phase 3: 预测控制] 目标当前估算Az=4.86°, 速度=1.76°/s
                   -> 打提前量(0.25s后)Az=5.30°, El=28.50° | 下发云台指令: Az=95.30°, El=28.50°
[GimbalCmd] preempt cmd_id=43, track_id=1, mode=axis_update, axes=Az, target_ctrl=(Az=95.14°, El=28.50°), delta=(dAz=0.49°, dEl=0.00°, total=0.49°)

[Phase 1: 视觉解析] 收到目标 cx=3000.9, cy=1080.0, mono=320.0m -> 解算绝对角度: Az=4.93°, El=28.50°
[Phase 3: 预测控制] 目标当前估算Az=4.90°, 速度=1.77°/s
                   -> 打提前量(0.25s后)Az=5.35°, El=28.50° | 下发云台指令: Az=95.35°, El=28.50°

[Phase 1: 视觉解析] 收到目标 cx=3027.1, cy=1080.0, mono=320.0m -> 解算绝对角度: Az=5.05°, El=28.50°
[Phase 3: 预测控制] 目标当前估算Az=5.04°, 速度=1.78°/s
                   -> 打提前量(0.25s后)Az=5.48°, El=28.50° | 下发云台指令: Az=95.48°, El=28.50°

[Phase 1: 视觉解析] 收到目标 cx=3053.2, cy=1080.0, mono=320.0m -> 解算绝对角度: Az=5.16°, El=28.50°
[Phase 3: 预测控制] 目标当前估算Az=5.16°, 速度=1.78°/s
                   -> 打提前量(0.25s后)Az=5.61°, El=28.50° | 下发云台指令: Az=95.61°, El=28.50°
[Stats] recv_objs_total=85, recv_unique_boxes=85 | ui_send_total=83, ui_unique_ids=1, ui_id_counts=1:83
[GimbalAtt] cmd_id=43, elapsed=0.000s, actual_ctrl=(Az=94.80°, El=28.60°), actual_ui=(Az=4.80°, El=28.60°), target_ctrl=(Az=95.14°, El=28.50°), err=(dAz=0.34°, dEl=0.10°)
[GimbalCmd] preempt cmd_id=45, track_id=1, mode=axis_update, axes=Az, target_ctrl=(Az=95.61°, El=28.50°), delta=(dAz=0.47°, dEl=0.00°, total=0.47°)

[Phase 1: 视觉解析] 收到目标 cx=3079.3, cy=1080.0, mono=320.0m -> 解算绝对角度: Az=5.28°, El=28.50°
[Phase 3: 预测控制] 目标当前估算Az=5.27°, 速度=1.78°/s
                   -> 打提前量(0.25s后)Az=5.72°, El=28.50° | 下发云台指令: Az=95.72°, El=28.50°

[Phase 1: 视觉解析] 收到目标 cx=3105.5, cy=1080.0, mono=320.0m -> 解算绝对角度: Az=5.40°, El=28.50°
[Phase 3: 预测控制] 目标当前估算Az=5.40°, 速度=1.79°/s
                   -> 打提前量(0.25s后)Az=5.84°, El=28.50° | 下发云台指令: Az=95.84°, El=28.50°

[Phase 1: 视觉解析] 收到目标 cx=3131.6, cy=1080.0, mono=320.0m -> 解算绝对角度: Az=5.52°, El=28.50°
[Phase 3: 预测控制] 目标当前估算Az=5.51°, 速度=1.79°/s
                   -> 打提前量(0.25s后)Az=5.96°, El=28.50° | 下发云台指令: Az=95.96°, El=28.50°

[Phase 1: 视觉解析] 收到目标 cx=3157.8, cy=1080.0, mono=320.0m -> 解算绝对角度: Az=5.64°, El=28.50°
[Phase 3: 预测控制] 目标当前估算Az=5.64°, 速度=1.79°/s
                   -> 打提前量(0.25s后)Az=6.09°, El=28.50° | 下发云台指令: Az=96.09°, El=28.50°
[GimbalAtt] cmd_id=45, elapsed=0.000s, actual_ctrl=(Az=95.10°, El=28.60°), actual_ui=(Az=5.10°, El=28.60°), target_ctrl=(Az=95.61°, El=28.50°), err=(dAz=0.51°, dEl=0.10°)
[GimbalCmd] preempt cmd_id=47, track_id=1, mode=axis_update, axes=Az, target_ctrl=(Az=96.09°, El=28.50°), delta=(dAz=0.48°, dEl=0.00°, total=0.48°)

[Phase 1: 视觉解析] 收到目标 cx=3183.9, cy=1080.0, mono=320.0m -> 解算绝对角度: Az=5.76°, El=28.50°
[TargetKeep] reason=lock_timer_expired, master_id=1, score=6.17, candidates=id=1, score=6.17, speed=1.79deg/s, dist=0.66deg, hits=90, stab=2.44, hold=1.15x
[Phase 3: 预测控制] 目标当前估算Az=5.75°, 速度=1.79°/s
                   -> 打提前量(0.25s后)Az=6.20°, El=28.50° | 下发云台指令: Az=96.20°, El=28.50°

[Phase 1: 视觉解析] 收到目标 cx=3210.1, cy=1080.0, mono=320.0m -> 解算绝对角度: Az=5.88°, El=28.50°
[Phase 3: 预测控制] 目标当前估算Az=5.88°, 速度=1.80°/s
                   -> 打提前量(0.25s后)Az=6.33°, El=28.50° | 下发云台指令: Az=96.33°, El=28.50°

[Phase 1: 视觉解析] 收到目标 cx=3236.2, cy=1080.0, mono=320.0m -> 解算绝对角度: Az=6.00°, El=28.50°
[Phase 3: 预测控制] 目标当前估算Az=6.03°, 速度=1.77°/s
                   -> 打提前量(0.25s后)Az=6.48°, El=28.50° | 下发云台指令: Az=96.48°, El=28.50°
[GimbalAtt] cmd_id=47, elapsed=0.000s, actual_ctrl=(Az=95.80°, El=28.60°), actual_ui=(Az=5.80°, El=28.60°), target_ctrl=(Az=96.09°, El=28.50°), err=(dAz=0.29°, dEl=0.10°)
[GimbalSettled] cmd_id=47, track_id=1, settle_time=0.000s, actual_ctrl=(Az=95.80°, El=28.60°), target_ctrl=(Az=96.09°, El=28.50°), err=(dAz=0.29°, dEl=0.10°)
[Laser] No valid laser distance, use mono distance
[GimbalCmd] cmd_id=48, track_id=1, target_ctrl=(Az=96.33°, El=28.50°)

[Phase 1: 视觉解析] 收到目标 cx=3262.4, cy=1080.0, mono=320.0m -> 解算绝对角度: Az=6.12°, El=28.50°
[Phase 3: 预测控制] 目标当前估算Az=6.11°, 速度=1.78°/s
                   -> 打提前量(0.25s后)Az=6.55°, El=28.50° | 下发云台指令: Az=96.55°, El=28.50°

[Phase 1: 视觉解析] 收到目标 cx=3288.5, cy=1080.0, mono=320.0m -> 解算绝对角度: Az=6.24°, El=28.50°
[Phase 3: 预测控制] 目标当前估算Az=6.23°, 速度=1.78°/s
                   -> 打提前量(0.25s后)Az=6.68°, El=28.50° | 下发云台指令: Az=96.68°, El=28.50°

[Phase 1: 视觉解析] 收到目标 cx=3314.7, cy=1080.0, mono=320.0m -> 解算绝对角度: Az=6.36°, El=28.50°
[Phase 3: 预测控制] 目标当前估算Az=6.35°, 速度=1.79°/s
                   -> 打提前量(0.25s后)Az=6.79°, El=28.50° | 下发云台指令: Az=96.79°, El=28.50°

[Phase 1: 视觉解析] 收到目标 cx=3340.8, cy=1080.0, mono=320.0m -> 解算绝对角度: Az=6.48°, El=28.50°
[Phase 3: 预测控制] 目标当前估算Az=6.47°, 速度=1.79°/s
                   -> 打提前量(0.25s后)Az=6.92°, El=28.50° | 下发云台指令: Az=96.92°, El=28.50°

[Phase 1: 视觉解析] 收到目标 cx=3367.0, cy=1080.0, mono=320.0m -> 解算绝对角度: Az=6.59°, El=28.50°
[Phase 3: 预测控制] 目标当前估算Az=6.59°, 速度=1.79°/s
                   -> 打提前量(0.25s后)Az=7.04°, El=28.50° | 下发云台指令: Az=97.04°, El=28.50°

[Phase 1: 视觉解析] 收到目标 cx=3393.1, cy=1080.0, mono=320.0m -> 解算绝对角度: Az=6.71°, El=28.50°
[Phase 3: 预测控制] 目标当前估算Az=6.71°, 速度=1.79°/s
                   -> 打提前量(0.25s后)Az=7.16°, El=28.50° | 下发云台指令: Az=97.16°, El=28.50°
[GimbalAtt] cmd_id=48, elapsed=0.000s, actual_ctrl=(Az=96.00°, El=28.60°), actual_ui=(Az=6.00°, El=28.60°), target_ctrl=(Az=96.33°, El=28.50°), err=(dAz=0.33°, dEl=0.10°)
[GimbalCmd] preempt cmd_id=51, track_id=1, mode=axis_update, axes=Az, target_ctrl=(Az=97.04°, El=28.50°), delta=(dAz=0.72°, dEl=0.00°, total=0.72°)

[Phase 1: 视觉解析] 收到目标 cx=3419.2, cy=1080.0, mono=320.0m -> 解算绝对角度: Az=6.83°, El=28.50°
[Phase 3: 预测控制] 目标当前估算Az=6.83°, 速度=1.79°/s
                   -> 打提前量(0.25s后)Az=7.28°, El=28.50° | 下发云台指令: Az=97.28°, El=28.50°

[Phase 1: 视觉解析] 收到目标 cx=3445.4, cy=1080.0, mono=320.0m -> 解算绝对角度: Az=6.95°, El=28.50°
[Phase 3: 预测控制] 目标当前估算Az=6.96°, 速度=1.79°/s
                   -> 打提前量(0.25s后)Az=7.40°, El=28.50° | 下发云台指令: Az=97.40°, El=28.50°
[GimbalAtt] cmd_id=51, elapsed=0.000s, actual_ctrl=(Az=96.70°, El=28.60°), actual_ui=(Az=6.70°, El=28.60°), target_ctrl=(Az=97.04°, El=28.50°), err=(dAz=0.34°, dEl=0.10°)

[Phase 1: 视觉解析] 收到目标 cx=3471.6, cy=1080.0, mono=320.0m -> 解算绝对角度: Az=7.07°, El=28.50°
[Phase 3: 预测控制] 目标当前估算Az=7.11°, 速度=1.76°/s
                   -> 打提前量(0.25s后)Az=7.56°, El=28.50° | 下发云台指令: Az=97.56°, El=28.50°

[Phase 1: 视觉解析] 收到目标 cx=3497.7, cy=1080.0, mono=320.0m -> 解算绝对角度: Az=7.19°, El=28.50°
[Phase 3: 预测控制] 目标当前估算Az=7.18°, 速度=1.77°/s
                   -> 打提前量(0.25s后)Az=7.62°, El=28.50° | 下发云台指令: Az=97.62°, El=28.50°

[Phase 1: 视觉解析] 收到目标 cx=3523.8, cy=1080.0, mono=320.0m -> 解算绝对角度: Az=7.31°, El=28.50°
[Phase 3: 预测控制] 目标当前估算Az=7.30°, 速度=1.78°/s
                   -> 打提前量(0.25s后)Az=7.74°, El=28.50° | 下发云台指令: Az=97.74°, El=28.50°

[Phase 1: 视觉解析] 收到目标 cx=3550.0, cy=1080.0, mono=320.0m -> 解算绝对角度: Az=7.43°, El=28.50°
[Phase 3: 预测控制] 目标当前估算Az=7.41°, 速度=1.78°/s
                   -> 打提前量(0.25s后)Az=7.86°, El=28.50° | 下发云台指令: Az=97.86°, El=28.50°

[Phase 1: 视觉解析] 收到目标 cx=3576.1, cy=1080.0, mono=320.0m -> 解算绝对角度: Az=7.55°, El=28.50°
[Phase 3: 预测控制] 目标当前估算Az=7.54°, 速度=1.79°/s
                   -> 打提前量(0.25s后)Az=7.99°, El=28.50° | 下发云台指令: Az=97.99°, El=28.50°
[GimbalAtt] cmd_id=51, elapsed=0.201s, actual_ctrl=(Az=97.00°, El=28.60°), actual_ui=(Az=7.00°, El=28.60°), target_ctrl=(Az=97.04°, El=28.50°), err=(dAz=0.04°, dEl=0.10°)
[GimbalSettled] cmd_id=51, track_id=1, settle_time=0.201s, actual_ctrl=(Az=97.00°, El=28.60°), target_ctrl=(Az=97.04°, El=28.50°), err=(dAz=0.04°, dEl=0.10°)
[Laser] No valid laser distance, use mono distance
[GimbalCmd] cmd_id=54, track_id=1, target_ctrl=(Az=97.86°, El=28.50°)

[Phase 1: 视觉解析] 收到目标 cx=3602.3, cy=1080.0, mono=320.0m -> 解算绝对角度: Az=7.67°, El=28.50°
[Phase 3: 预测控制] 目标当前估算Az=7.66°, 速度=1.79°/s
                   -> 打提前量(0.25s后)Az=8.11°, El=28.50° | 下发云台指令: Az=98.11°, El=28.50°
[GimbalAtt] cmd_id=54, elapsed=0.000s, actual_ctrl=(Az=97.70°, El=28.60°), actual_ui=(Az=7.70°, El=28.60°), target_ctrl=(Az=97.86°, El=28.50°), err=(dAz=0.16°, dEl=0.10°)
[GimbalSettled] cmd_id=54, track_id=1, settle_time=0.000s, actual_ctrl=(Az=97.70°, El=28.60°), target_ctrl=(Az=97.86°, El=28.50°), err=(dAz=0.16°, dEl=0.10°)
[Laser] No valid laser distance, use mono distance
[GimbalCmd] cmd_id=55, track_id=1, target_ctrl=(Az=98.11°, El=28.50°)
[GimbalAtt] cmd_id=55, elapsed=0.000s, actual_ctrl=(Az=97.70°, El=28.60°), actual_ui=(Az=7.70°, El=28.60°), target_ctrl=(Az=98.11°, El=28.50°), err=(dAz=0.41°, dEl=0.10°)
[GimbalAtt] cmd_id=55, elapsed=0.382s, actual_ctrl=(Az=97.70°, El=28.60°), actual_ui=(Az=7.70°, El=28.60°), target_ctrl=(Az=98.11°, El=28.50°), err=(dAz=0.41°, dEl=0.10°)
[GimbalAtt] cmd_id=55, elapsed=0.644s, actual_ctrl=(Az=97.70°, El=28.60°), actual_ui=(Az=7.70°, El=28.60°), target_ctrl=(Az=98.11°, El=28.50°), err=(dAz=0.41°, dEl=0.10°)
[GimbalAtt] cmd_id=55, elapsed=0.906s, actual_ctrl=(Az=97.70°, El=28.60°), actual_ui=(Az=7.70°, El=28.60°), target_ctrl=(Az=98.11°, El=28.50°), err=(dAz=0.41°, dEl=0.10°)
[GimbalAtt] cmd_id=55, elapsed=1.167s, actual_ctrl=(Az=97.70°, El=28.60°), actual_ui=(Az=7.70°, El=28.60°), target_ctrl=(Az=98.11°, El=28.50°), err=(dAz=0.41°, dEl=0.10°)
[GimbalAtt] cmd_id=55, elapsed=1.429s, actual_ctrl=(Az=97.70°, El=28.60°), actual_ui=(Az=7.70°, El=28.60°), target_ctrl=(Az=98.11°, El=28.50°), err=(dAz=0.41°, dEl=0.10°)
[GimbalAtt] cmd_id=55, elapsed=1.691s, actual_ctrl=(Az=97.70°, El=28.60°), actual_ui=(Az=7.70°, El=28.60°), target_ctrl=(Az=98.11°, El=28.50°), err=(dAz=0.41°, dEl=0.10°)
[GimbalAtt] cmd_id=55, elapsed=1.952s, actual_ctrl=(Az=97.70°, El=28.60°), actual_ui=(Az=7.70°, El=28.60°), target_ctrl=(Az=98.11°, El=28.50°), err=(dAz=0.41°, dEl=0.10°)
[GimbalAtt] cmd_id=55, elapsed=2.214s, actual_ctrl=(Az=97.70°, El=28.60°), actual_ui=(Az=7.70°, El=28.60°), target_ctrl=(Az=98.11°, El=28.50°), err=(dAz=0.41°, dEl=0.10°)
[GimbalAtt] cmd_id=55, elapsed=2.476s, actual_ctrl=(Az=97.70°, El=28.60°), actual_ui=(Az=7.70°, El=28.60°), target_ctrl=(Az=98.11°, El=28.50°), err=(dAz=0.41°, dEl=0.10°)
[GimbalAtt] cmd_id=55, elapsed=2.737s, actual_ctrl=(Az=97.70°, El=28.60°), actual_ui=(Az=7.70°, El=28.60°), target_ctrl=(Az=98.11°, El=28.50°), err=(dAz=0.41°, dEl=0.10°)
[GimbalTimeout] cmd_id=55, track_id=1, elapsed=2.737s, actual_ctrl=(Az=97.70°, El=28.60°), target_ctrl=(Az=98.11°, El=28.50°), err=(dAz=0.41°, dEl=0.10°)
