[Log] stdout/stderr -> logs/main_tracking_v9_20260414_161034.log
[Init] Connecting to Gimbal at /dev/ttyUSB0...
[GT06Z] Driver Ready on /dev/ttyUSB0.
[Adapter] GT06Z 云台已连接: /dev/ttyUSB0
[Init] Real laser enabled on /dev/ttyUSB1
[Init] Queue gimbal initial posture: Az=90.00°, El=0.00°
[GimbalThread] 控制线程已启动[Net] Listening RK3588 on 8888...
=== System V9.0 (Predictive Tracking & Scheduling) Running ===
[LaserThread] 激光读取线程已启动

[Laser] start_measurement mode=continuous
[GimbalCmd] cmd_id=0, track_id=-1, target_ctrl=(Az=90.00°, El=0.00°)
[GimbalAtt] cmd_id=0, elapsed=0.041s, actual_ctrl=(Az=97.00°, El=28.50°), actual_ui=(Az=7.00°, El=28.50°), target_ctrl=(Az=90.00°, El=0.00°), err=(dAz=7.00°, dEl=28.50°)
[GimbalAtt] cmd_id=0, elapsed=0.302s, actual_ctrl=(Az=93.10°, El=27.50°), actual_ui=(Az=3.10°, El=27.50°), target_ctrl=(Az=90.00°, El=0.00°), err=(dAz=3.10°, dEl=27.50°)
[GimbalAtt] cmd_id=0, elapsed=0.564s, actual_ctrl=(Az=93.10°, El=25.50°), actual_ui=(Az=3.10°, El=25.50°), target_ctrl=(Az=90.00°, El=0.00°), err=(dAz=3.10°, dEl=25.50°)
[GimbalAtt] cmd_id=0, elapsed=0.885s, actual_ctrl=(Az=90.10°, El=21.60°), actual_ui=(Az=0.10°, El=21.60°), target_ctrl=(Az=90.00°, El=0.00°), err=(dAz=0.10°, dEl=21.60°)
[GimbalAtt] cmd_id=0, elapsed=1.147s, actual_ctrl=(Az=90.10°, El=17.60°), actual_ui=(Az=0.10°, El=17.60°), target_ctrl=(Az=90.00°, El=0.00°), err=(dAz=0.10°, dEl=17.60°)
[GimbalAtt] cmd_id=0, elapsed=1.409s, actual_ctrl=(Az=90.10°, El=13.60°), actual_ui=(Az=0.10°, El=13.60°), target_ctrl=(Az=90.00°, El=0.00°), err=(dAz=0.10°, dEl=13.60°)
[GimbalAtt] cmd_id=0, elapsed=1.671s, actual_ctrl=(Az=90.10°, El=9.60°), actual_ui=(Az=0.10°, El=9.60°), target_ctrl=(Az=90.00°, El=0.00°), err=(dAz=0.10°, dEl=9.60°)
[GimbalAtt] cmd_id=0, elapsed=1.933s, actual_ctrl=(Az=90.10°, El=5.60°), actual_ui=(Az=0.10°, El=5.60°), target_ctrl=(Az=90.00°, El=0.00°), err=(dAz=0.10°, dEl=5.60°)
[GimbalAtt] cmd_id=0, elapsed=2.194s, actual_ctrl=(Az=90.10°, El=2.10°), actual_ui=(Az=0.10°, El=2.10°), target_ctrl=(Az=90.00°, El=0.00°), err=(dAz=0.10°, dEl=2.10°)
[GimbalAtt] cmd_id=0, elapsed=2.444s, actual_ctrl=(Az=90.10°, El=2.10°), actual_ui=(Az=0.10°, El=2.10°), target_ctrl=(Az=90.00°, El=0.00°), err=(dAz=0.10°, dEl=2.10°)
[GimbalAtt] cmd_id=0, elapsed=2.726s, actual_ctrl=(Az=90.10°, El=-0.00°), actual_ui=(Az=0.10°, El=-0.00°), target_ctrl=(Az=90.00°, El=0.00°), err=(dAz=0.10°, dEl=0.00°)
[GimbalSettled] cmd_id=0, track_id=-1, settle_time=2.726s, actual_ctrl=(Az=90.10°, El=-0.00°), target_ctrl=(Az=90.00°, El=0.00°), err=(dAz=0.10°, dEl=0.00°)
[Laser] No valid laser distance, use mono distance
