[Log] stdout/stderr -> logs\main_tracking_v9_20260414_143704.log
[Init] Connecting to Gimbal at COM3...
[GT06Z] Driver Ready on COM3.
[Adapter] GT06Z 云台已连接: COM3
[Init] Queue gimbal initial posture: Az=90.00°, El=0.00°
[GimbalThread] 控制线程已启动
[Net] Listening RK3588 on 8888...
=== System V9.0 (Predictive Tracking & Scheduling) Running ===
[GimbalCmd] cmd_id=0, track_id=-1, target_ctrl=(Az=90.00°, El=0.00°)

[Phase 1: 视觉解析] 收到目标 cx=700.0, cy=1080.0, mono=320.0m -> 解算绝对角度: Az=354.44°, El=28.50°

[Phase 1: 视觉解析] 收到目标 cx=713.3, cy=1080.0, mono=320.0m -> 解算绝对角度: Az=354.50°, El=28.50°

[Phase 1: 视觉解析] 收到目标 cx=753.3, cy=1080.0, mono=320.0m -> 解算绝对角度: Az=354.68°, El=28.50°
[TargetAcquire] reason=initial_acquire, master_id=1, score=-27.39, candidates=id=1, score=-27.39, speed=0.26deg/s, dist=29.01deg, hits=3, stab=1.11
[Phase 3: 预测控制] 目标当前估算Az=354.59°, 速度=0.26°/s
                   -> 打提前量(0.25s后)Az=354.65°, El=28.50° | 下发云台指令: Az=84.65°, El=28.50°

[Phase 1: 视觉解析] 收到目标 cx=766.7, cy=1080.0, mono=320.0m -> 解算绝对角度: Az=354.74°, El=28.50°
[Phase 3: 预测控制] 目标当前估算Az=354.66°, 速度=0.38°/s
                   -> 打提前量(0.25s后)Az=354.75°, El=28.50° | 下发云台指令: Az=84.75°, El=28.50°
[GimbalCmd] preempt cmd_id=1, track_id=1, target_ctrl=(Az=84.65°, El=28.50°), delta=29.00°

[Phase 1: 视觉解析] 收到目标 cx=780.0, cy=1080.0, mono=320.0m -> 解算绝对角度: Az=354.80°, El=28.50°
[Phase 3: 预测控制] 目标当前估算Az=354.73°, 速度=0.47°/s
                   -> 打提前量(0.25s后)Az=354.84°, El=28.50° | 下发云台指令: Az=84.84°, El=28.50°

[Phase 1: 视觉解析] 收到目标 cx=793.3, cy=1080.0, mono=320.0m -> 解算绝对角度: Az=354.87°, El=28.50°
[Phase 3: 预测控制] 目标当前估算Az=354.80°, 速度=0.55°/s
                   -> 打提前量(0.25s后)Az=354.93°, El=28.50° | 下发云台指令: Az=84.93°, El=28.50°

[Phase 1: 视觉解析] 收到目标 cx=806.7, cy=1080.0, mono=320.0m -> 解算绝对角度: Az=354.93°, El=28.50°
[Phase 3: 预测控制] 目标当前估算Az=354.86°, 速度=0.61°/s
                   -> 打提前量(0.25s后)Az=355.02°, El=28.50° | 下发云台指令: Az=85.02°, El=28.50°

[Phase 1: 视觉解析] 收到目标 cx=820.0, cy=1080.0, mono=320.0m -> 解算绝对角度: Az=354.99°, El=28.50°
[Phase 3: 预测控制] 目标当前估算Az=354.93°, 速度=0.66°/s
                   -> 打提前量(0.25s后)Az=355.10°, El=28.50° | 下发云台指令: Az=85.10°, El=28.50°

[Phase 1: 视觉解析] 收到目标 cx=833.3, cy=1080.0, mono=320.0m -> 解算绝对角度: Az=355.05°, El=28.50°
[Phase 3: 预测控制] 目标当前估算Az=355.00°, 速度=0.70°/s
                   -> 打提前量(0.25s后)Az=355.18°, El=28.50° | 下发云台指令: Az=85.18°, El=28.50°

[Phase 1: 视觉解析] 收到目标 cx=846.7, cy=1080.0, mono=320.0m -> 解算绝对角度: Az=355.11°, El=28.50°
[Phase 3: 预测控制] 目标当前估算Az=355.07°, 速度=0.74°/s
                   -> 打提前量(0.25s后)Az=355.25°, El=28.50° | 下发云台指令: Az=85.25°, El=28.50°

[Phase 1: 视觉解析] 收到目标 cx=860.0, cy=1080.0, mono=320.0m -> 解算绝对角度: Az=355.17°, El=28.50°
[Phase 3: 预测控制] 目标当前估算Az=355.13°, 速度=0.76°/s
                   -> 打提前量(0.25s后)Az=355.32°, El=28.50° | 下发云台指令: Az=85.32°, El=28.50°

[Phase 1: 视觉解析] 收到目标 cx=873.3, cy=1080.0, mono=320.0m -> 解算绝对角度: Az=355.23°, El=28.50°
[Phase 3: 预测控制] 目标当前估算Az=355.20°, 速度=0.79°/s
                   -> 打提前量(0.25s后)Az=355.39°, El=28.50° | 下发云台指令: Az=85.39°, El=28.50°

[Phase 1: 视觉解析] 收到目标 cx=886.7, cy=1080.0, mono=320.0m -> 解算绝对角度: Az=355.29°, El=28.50°
[Phase 3: 预测控制] 目标当前估算Az=355.26°, 速度=0.81°/s
                   -> 打提前量(0.25s后)Az=355.46°, El=28.50° | 下发云台指令: Az=85.46°, El=28.50°

[Phase 1: 视觉解析] 收到目标 cx=900.0, cy=1080.0, mono=320.0m -> 解算绝对角度: Az=355.35°, El=28.50°
[Phase 3: 预测控制] 目标当前估算Az=355.33°, 速度=0.82°/s
                   -> 打提前量(0.25s后)Az=355.53°, El=28.50° | 下发云台指令: Az=85.53°, El=28.50°

[Phase 1: 视觉解析] 收到目标 cx=913.3, cy=1080.0, mono=320.0m -> 解算绝对角度: Az=355.41°, El=28.50°
[Phase 3: 预测控制] 目标当前估算Az=355.39°, 速度=0.84°/s
                   -> 打提前量(0.25s后)Az=355.60°, El=28.50° | 下发云台指令: Az=85.60°, El=28.50°

[Phase 1: 视觉解析] 收到目标 cx=926.7, cy=1080.0, mono=320.0m -> 解算绝对角度: Az=355.47°, El=28.50°
[Phase 3: 预测控制] 目标当前估算Az=355.46°, 速度=0.85°/s
                   -> 打提前量(0.25s后)Az=355.67°, El=28.50° | 下发云台指令: Az=85.67°, El=28.50°

[Phase 1: 视觉解析] 收到目标 cx=940.0, cy=1080.0, mono=320.0m -> 解算绝对角度: Az=355.53°, El=28.50°
[Phase 3: 预测控制] 目标当前估算Az=355.51°, 速度=0.86°/s
                   -> 打提前量(0.25s后)Az=355.73°, El=28.50° | 下发云台指令: Az=85.73°, El=28.50°

[Phase 1: 视觉解析] 收到目标 cx=953.3, cy=1080.0, mono=320.0m -> 解算绝对角度: Az=355.59°, El=28.50°
[Phase 3: 预测控制] 目标当前估算Az=355.58°, 速度=0.87°/s
                   -> 打提前量(0.25s后)Az=355.80°, El=28.50° | 下发云台指令: Az=85.80°, El=28.50°

[Phase 1: 视觉解析] 收到目标 cx=966.7, cy=1080.0, mono=320.0m -> 解算绝对角度: Az=355.66°, El=28.50°
[Phase 3: 预测控制] 目标当前估算Az=355.64°, 速度=0.87°/s
                   -> 打提前量(0.25s后)Az=355.86°, El=28.50° | 下发云台指令: Az=85.86°, El=28.50°

[Phase 1: 视觉解析] 收到目标 cx=980.0, cy=1080.0, mono=320.0m -> 解算绝对角度: Az=355.72°, El=28.50°
[Phase 3: 预测控制] 目标当前估算Az=355.70°, 速度=0.88°/s
                   -> 打提前量(0.25s后)Az=355.92°, El=28.50° | 下发云台指令: Az=85.92°, El=28.50°

[Phase 1: 视觉解析] 收到目标 cx=993.3, cy=1080.0, mono=320.0m -> 解算绝对角度: Az=355.78°, El=28.50°
[Phase 3: 预测控制] 目标当前估算Az=355.77°, 速度=0.88°/s
                   -> 打提前量(0.25s后)Az=355.99°, El=28.50° | 下发云台指令: Az=85.99°, El=28.50°

[Phase 1: 视觉解析] 收到目标 cx=1006.7, cy=1080.0, mono=320.0m -> 解算绝对角度: Az=355.84°, El=28.50°
[Phase 3: 预测控制] 目标当前估算Az=355.83°, 速度=0.89°/s
                   -> 打提前量(0.25s后)Az=356.05°, El=28.50° | 下发云台指令: Az=86.05°, El=28.50°

[Phase 1: 视觉解析] 收到目标 cx=1020.0, cy=1080.0, mono=320.0m -> 解算绝对角度: Az=355.90°, El=28.50°
[Phase 3: 预测控制] 目标当前估算Az=355.89°, 速度=0.89°/s
                   -> 打提前量(0.25s后)Az=356.11°, El=28.50° | 下发云台指令: Az=86.11°, El=28.50°

[Phase 1: 视觉解析] 收到目标 cx=1033.3, cy=1080.0, mono=320.0m -> 解算绝对角度: Az=355.96°, El=28.50°
[TargetKeep] reason=lock_timer_expired, master_id=1, score=-28.24, candidates=id=1, score=-28.24, speed=0.90deg/s, dist=28.79deg, hits=24, stab=2.44, hold=1.15x
[Phase 3: 预测控制] 目标当前估算Az=355.95°, 速度=0.90°/s
                   -> 打提前量(0.25s后)Az=356.18°, El=28.50° | 下发云台指令: Az=86.18°, El=28.50°
[Stats] recv_objs_total=24, recv_unique_boxes=24 | ui_send_total=22, ui_unique_ids=1, ui_id_counts=1:22

[Phase 1: 视觉解析] 收到目标 cx=1046.7, cy=1080.0, mono=320.0m -> 解算绝对角度: Az=356.02°, El=28.50°
[Phase 3: 预测控制] 目标当前估算Az=356.02°, 速度=0.90°/s
                   -> 打提前量(0.25s后)Az=356.24°, El=28.50° | 下发云台指令: Az=86.24°, El=28.50°

[Phase 1: 视觉解析] 收到目标 cx=1060.0, cy=1080.0, mono=320.0m -> 解算绝对角度: Az=356.08°, El=28.50°
[Phase 3: 预测控制] 目标当前估算Az=356.08°, 速度=0.90°/s
                   -> 打提前量(0.25s后)Az=356.30°, El=28.50° | 下发云台指令: Az=86.30°, El=28.50°

[Phase 1: 视觉解析] 收到目标 cx=1073.3, cy=1080.0, mono=320.0m -> 解算绝对角度: Az=356.14°, El=28.50°
[Phase 3: 预测控制] 目标当前估算Az=356.14°, 速度=0.90°/s
                   -> 打提前量(0.25s后)Az=356.36°, El=28.50° | 下发云台指令: Az=86.36°, El=28.50°

[Phase 1: 视觉解析] 收到目标 cx=1086.7, cy=1080.0, mono=320.0m -> 解算绝对角度: Az=356.20°, El=28.50°
[Phase 3: 预测控制] 目标当前估算Az=356.20°, 速度=0.90°/s
                   -> 打提前量(0.25s后)Az=356.43°, El=28.50° | 下发云台指令: Az=86.43°, El=28.50°
[GimbalCmd] preempt cmd_id=8, track_id=1, target_ctrl=(Az=86.36°, El=28.50°), delta=1.71°
[GimbalTimeout] cmd_id=8, track_id=1, elapsed=2.652s, no attitude feedback
