[Log] stdout/stderr -> logs/main_tracking_v9_20260424_174531.log
[GPS] Thread started, waiting for one valid fix on /dev/ttyUSB2@115200, timeout=5s[Init] Connecting to Gimbal at /dev/ttyUSB0...

[GPS] Searching satellites and waiting for valid latitude/longitude...
[GT06Z] Driver Ready on /dev/ttyUSB0.
[Adapter] GT06Z 云台已连接: /dev/ttyUSB0
[GPS] GGA fix_quality=0, num_sats=00, hdop=9999.0, lat=0.0, lon=0.0
[LaserThread] 激光读取线程已启动[Init] Real laser enabled on /dev/ttyUSB1
[Init] Queue gimbal initial posture: Az=90.00°, El=0.00°

[GimbalThread] 控制线程已启动
[Net] Listening RK3588 on 8888...=== System V9.0 (Predictive Tracking & Scheduling) Running ===

[Laser] start_measurement mode=continuous
[GimbalCmd] cmd_id=0, track_id=-1, target_ctrl=(Az=90.00°, El=0.00°)
[GPS] GGA fix_quality=0, num_sats=00, hdop=9999.0, lat=0.0, lon=0.0
[GimbalAtt] cmd_id=0, elapsed=0.321s, actual_ctrl=(Az=89.80°, El=-0.00°), actual_ui=(Az=359.80°, El=-0.00°), target_ctrl=(Az=90.00°, El=0.00°), err=(dAz=0.20°, dEl=0.00°)
[GimbalSettled] cmd_id=0, track_id=-1, settle_time=0.321s, actual_ctrl=(Az=89.80°, El=-0.00°), target_ctrl=(Az=90.00°, El=0.00°), err=(dAz=0.20°, dEl=0.00°)
[Laser] Triggered cmd_id=0, track_id=-1, dist=6.00m, interval=first
[GPS] GGA fix_quality=0, num_sats=00, hdop=9999.0, lat=0.0, lon=0.0
[GPS] GGA fix_quality=0, num_sats=00, hdop=9999.0, lat=0.0, lon=0.0
[GPS] GGA fix_quality=0, num_sats=00, hdop=9999.0, lat=0.0, lon=0.0
[GPS] GGA fix_quality=0, num_sats=00, hdop=9999.0, lat=0.0, lon=0.0
[GPS] Fix timeout/no valid location, sent default location to UI: source=no_fix, latitude=30.949700, longitude=104.307000
[Laser] stop_measurement
[GT06Z] Connection Closed.
[Adapter] GT06Z 云台已关闭
[Stats][Final] recv_objs_total=0, recv_unique_boxes=0 | ui_send_total=0, ui_unique_ids=0, ui_id_counts=none
[GimbalThread][Unexpected] type=TypeError, err='NoneType' object cannot be interpreted as an integer