[Log] stdout/stderr -> logs/main_tracking_v9_20260407_205034.log
[Init] Connecting to Gimbal at /dev/ttyUSB0...
[GT06Z] Driver Ready on /dev/ttyUSB0.
[Adapter] GT06Z 云台已连接: /dev/ttyUSB0
[GimbalThread] 控制线程已启动=== System V9.0 (Predictive Tracking & Scheduling) Running ===
[Net] Listening RK3588 on 8888...


[Phase 1: 视觉解析] 收到目标 cx=1400.0, cy=1080.0, mono=320.0m -> 解算绝对角度: Az=357.63°, El=28.50°
[Stats] recv_objs_total=1, recv_unique_boxes=1 | ui_send_total=0, ui_unique_ids=0, ui_id_counts=none

[Phase 1: 视觉解析] 收到目标 cx=1408.0, cy=1080.0, mono=320.0m -> 解算绝对角度: Az=357.67°, El=28.50°

[Phase 1: 视觉解析] 收到目标 cx=1416.0, cy=1080.0, mono=320.0m -> 解算绝对角度: Az=357.70°, El=28.50°
[Phase 2: 目标调度] 基于威胁度(v=0.0°/s, dist=5.1°) 成功锁定目标 ID: 1. 准备交由云台跟踪!
[Phase 3: 预测控制] 目标当前估算Az=357.67°, 速度=0.05°/s
                   -> 打提前量(0.25s后)Az=357.68°, El=28.50° | 下发云台指令: Az=87.68°, El=28.50°

[Phase 1: 视觉解析] 收到目标 cx=1424.0, cy=1080.0, mono=320.0m -> 解算绝对角度: Az=357.74°, El=28.50°
[Phase 3: 预测控制] 目标当前估算Az=357.70°, 速度=0.10°/s
                   -> 打提前量(0.25s后)Az=357.73°, El=28.50° | 下发云台指令: Az=87.73°, El=28.50°

[Phase 1: 视觉解析] 收到目标 cx=1432.0, cy=1080.0, mono=320.0m -> 解算绝对角度: Az=357.78°, El=28.50°
[Phase 3: 预测控制] 目标当前估算Az=357.73°, 速度=0.17°/s
                   -> 打提前量(0.25s后)Az=357.78°, El=28.50° | 下发云台指令: Az=87.78°, El=28.50°

[Phase 1: 视觉解析] 收到目标 cx=1440.0, cy=1080.0, mono=320.0m -> 解算绝对角度: Az=357.81°, El=28.50°
[Phase 3: 预测控制] 目标当前估算Az=357.77°, 速度=0.22°/s
                   -> 打提前量(0.25s后)Az=357.83°, El=28.50° | 下发云台指令: Az=87.83°, El=28.50°
[GimbalCmd] cmd_id=1, track_id=1, target_ctrl=(Az=87.68°, El=28.50°)

[Phase 1: 视觉解析] 收到目标 cx=1448.0, cy=1080.0, mono=320.0m -> 解算绝对角度: Az=357.85°, El=28.50°
[Phase 3: 预测控制] 目标当前估算Az=357.81°, 速度=0.27°/s
                   -> 打提前量(0.25s后)Az=357.88°, El=28.50° | 下发云台指令: Az=87.88°, El=28.50°

[Phase 1: 视觉解析] 收到目标 cx=1456.0, cy=1080.0, mono=320.0m -> 解算绝对角度: Az=357.89°, El=28.50°
[Phase 3: 预测控制] 目标当前估算Az=357.85°, 速度=0.31°/s
                   -> 打提前量(0.25s后)Az=357.93°, El=28.50° | 下发云台指令: Az=87.93°, El=28.50°

[Phase 1: 视觉解析] 收到目标 cx=1464.0, cy=1080.0, mono=320.0m -> 解算绝对角度: Az=357.92°, El=28.50°
[Phase 3: 预测控制] 目标当前估算Az=357.89°, 速度=0.34°/s
                   -> 打提前量(0.25s后)Az=357.98°, El=28.50° | 下发云台指令: Az=87.98°, El=28.50°
[GimbalAtt] cmd_id=1, elapsed=0.001s, actual_ctrl=(Az=92.10°, El=28.60°), actual_ui=(Az=2.10°, El=28.60°), target_ctrl=(Az=87.68°, El=28.50°), err=(dAz=4.42°, dEl=0.10°)

[Phase 1: 视觉解析] 收到目标 cx=1472.0, cy=1080.0, mono=320.0m -> 解算绝对角度: Az=357.96°, El=28.50°
[Phase 3: 预测控制] 目标当前估算Az=357.93°, 速度=0.37°/s
                   -> 打提前量(0.25s后)Az=358.03°, El=28.50° | 下发云台指令: Az=88.03°, El=28.50°

[Phase 1: 视觉解析] 收到目标 cx=1480.0, cy=1080.0, mono=320.0m -> 解算绝对角度: Az=357.99°, El=28.50°
[Phase 3: 预测控制] 目标当前估算Az=357.97°, 速度=0.38°/s
                   -> 打提前量(0.25s后)Az=358.07°, El=28.50° | 下发云台指令: Az=88.07°, El=28.50°

[Phase 1: 视觉解析] 收到目标 cx=1488.0, cy=1080.0, mono=320.0m -> 解算绝对角度: Az=358.03°, El=28.50°
[Phase 3: 预测控制] 目标当前估算Az=358.01°, 速度=0.40°/s
                   -> 打提前量(0.25s后)Az=358.11°, El=28.50° | 下发云台指令: Az=88.11°, El=28.50°

[Phase 1: 视觉解析] 收到目标 cx=1496.0, cy=1080.0, mono=320.0m -> 解算绝对角度: Az=358.07°, El=28.50°
[Phase 3: 预测控制] 目标当前估算Az=358.05°, 速度=0.41°/s
                   -> 打提前量(0.25s后)Az=358.15°, El=28.50° | 下发云台指令: Az=88.15°, El=28.50°
[GimbalAtt] cmd_id=1, elapsed=0.262s, actual_ctrl=(Az=88.40°, El=28.60°), actual_ui=(Az=358.40°, El=28.60°), target_ctrl=(Az=87.68°, El=28.50°), err=(dAz=0.72°, dEl=0.10°)
[GimbalSettled] cmd_id=1, track_id=1, settle_time=0.262s, actual_ctrl=(Az=88.40°, El=28.60°), target_ctrl=(Az=87.68°, El=28.50°), err=(dAz=0.72°, dEl=0.10°)
[Laser] No valid laser distance, use mono distance
[GimbalCmd] cmd_id=3, track_id=1, target_ctrl=(Az=88.15°, El=28.50°)

[Phase 1: 视觉解析] 收到目标 cx=1504.0, cy=1080.0, mono=320.0m -> 解算绝对角度: Az=358.10°, El=28.50°
[Phase 3: 预测控制] 目标当前估算Az=358.09°, 速度=0.42°/s
                   -> 打提前量(0.25s后)Az=358.20°, El=28.50° | 下发云台指令: Az=88.20°, El=28.50°

[Phase 1: 视觉解析] 收到目标 cx=1512.0, cy=1080.0, mono=320.0m -> 解算绝对角度: Az=358.14°, El=28.50°
[Phase 3: 预测控制] 目标当前估算Az=358.13°, 速度=0.42°/s
                   -> 打提前量(0.25s后)Az=358.24°, El=28.50° | 下发云台指令: Az=88.24°, El=28.50°

[Phase 1: 视觉解析] 收到目标 cx=1520.0, cy=1080.0, mono=320.0m -> 解算绝对角度: Az=358.18°, El=28.50°
[Phase 3: 预测控制] 目标当前估算Az=358.17°, 速度=0.43°/s
                   -> 打提前量(0.25s后)Az=358.27°, El=28.50° | 下发云台指令: Az=88.27°, El=28.50°

[Phase 1: 视觉解析] 收到目标 cx=1528.0, cy=1080.0, mono=320.0m -> 解算绝对角度: Az=358.21°, El=28.50°
[Phase 3: 预测控制] 目标当前估算Az=358.21°, 速度=0.43°/s
                   -> 打提前量(0.25s后)Az=358.31°, El=28.50° | 下发云台指令: Az=88.31°, El=28.50°

[Phase 1: 视觉解析] 收到目标 cx=1536.0, cy=1080.0, mono=320.0m -> 解算绝对角度: Az=358.25°, El=28.50°
[Phase 3: 预测控制] 目标当前估算Az=358.24°, 速度=0.44°/s
                   -> 打提前量(0.25s后)Az=358.35°, El=28.50° | 下发云台指令: Az=88.35°, El=28.50°
[GimbalAtt] cmd_id=3, elapsed=0.000s, actual_ctrl=(Az=87.60°, El=28.60°), actual_ui=(Az=357.60°, El=28.60°), target_ctrl=(Az=88.15°, El=28.50°), err=(dAz=0.55°, dEl=0.10°)
[GimbalSettled] cmd_id=3, track_id=1, settle_time=0.000s, actual_ctrl=(Az=87.60°, El=28.60°), target_ctrl=(Az=88.15°, El=28.50°), err=(dAz=0.55°, dEl=0.10°)
[Laser] No valid laser distance, use mono distance

[Phase 1: 视觉解析] 收到目标 cx=1544.0, cy=1080.0, mono=320.0m -> 解算绝对角度: Az=358.29°, El=28.50°
[Phase 3: 预测控制] 目标当前估算Az=358.28°, 速度=0.44°/s
                   -> 打提前量(0.25s后)Az=358.39°, El=28.50° | 下发云台指令: Az=88.39°, El=28.50°
[GimbalCmd] cmd_id=4, track_id=1, target_ctrl=(Az=88.39°, El=28.50°)

[Phase 1: 视觉解析] 收到目标 cx=1552.0, cy=1080.0, mono=320.0m -> 解算绝对角度: Az=358.32°, El=28.50°
[Phase 3: 预测控制] 目标当前估算Az=358.32°, 速度=0.44°/s
                   -> 打提前量(0.25s后)Az=358.43°, El=28.50° | 下发云台指令: Az=88.43°, El=28.50°

[Phase 1: 视觉解析] 收到目标 cx=1560.0, cy=1080.0, mono=320.0m -> 解算绝对角度: Az=358.36°, El=28.50°
[Phase 3: 预测控制] 目标当前估算Az=358.36°, 速度=0.45°/s
                   -> 打提前量(0.25s后)Az=358.47°, El=28.50° | 下发云台指令: Az=88.47°, El=28.50°
[GimbalAtt] cmd_id=4, elapsed=0.001s, actual_ctrl=(Az=88.39°, El=28.60°), actual_ui=(Az=358.39°, El=28.60°), target_ctrl=(Az=88.39°, El=28.50°), err=(dAz=0.00°, dEl=0.10°)
[GimbalSettled] cmd_id=4, track_id=1, settle_time=0.001s, actual_ctrl=(Az=88.39°, El=28.60°), target_ctrl=(Az=88.39°, El=28.50°), err=(dAz=0.00°, dEl=0.10°)
[Laser] No valid laser distance, use mono distance

[Phase 1: 视觉解析] 收到目标 cx=1568.0, cy=1080.0, mono=320.0m -> 解算绝对角度: Az=358.40°, El=28.50°
[Phase 3: 预测控制] 目标当前估算Az=358.39°, 速度=0.45°/s
                   -> 打提前量(0.25s后)Az=358.50°, El=28.50° | 下发云台指令: Az=88.50°, El=28.50°

[Phase 1: 视觉解析] 收到目标 cx=1576.0, cy=1080.0, mono=320.0m -> 解算绝对角度: Az=358.43°, El=28.50°
[Phase 3: 预测控制] 目标当前估算Az=358.43°, 速度=0.45°/s
                   -> 打提前量(0.25s后)Az=358.54°, El=28.50° | 下发云台指令: Az=88.54°, El=28.50°

[Phase 1: 视觉解析] 收到目标 cx=1584.0, cy=1080.0, mono=320.0m -> 解算绝对角度: Az=358.47°, El=28.50°
[Phase 3: 预测控制] 目标当前估算Az=358.47°, 速度=0.45°/s
                   -> 打提前量(0.25s后)Az=358.58°, El=28.50° | 下发云台指令: Az=88.58°, El=28.50°

[Phase 1: 视觉解析] 收到目标 cx=1592.0, cy=1080.0, mono=320.0m -> 解算绝对角度: Az=358.51°, El=28.50°
[Phase 3: 预测控制] 目标当前估算Az=358.50°, 速度=0.45°/s
                   -> 打提前量(0.25s后)Az=358.62°, El=28.50° | 下发云台指令: Az=88.62°, El=28.50°

[Phase 1: 视觉解析] 收到目标 cx=1600.0, cy=1080.0, mono=320.0m -> 解算绝对角度: Az=358.54°, El=28.50°
[Phase 2: 目标调度] 基于威胁度(v=0.5°/s, dist=0.2°) 成功锁定目标 ID: 1. 准备交由云台跟踪!
[Phase 3: 预测控制] 目标当前估算Az=358.54°, 速度=0.45°/s
                   -> 打提前量(0.25s后)Az=358.65°, El=28.50° | 下发云台指令: Az=88.65°, El=28.50°
[GimbalCmd] cmd_id=5, track_id=1, target_ctrl=(Az=88.62°, El=28.50°)

[Phase 1: 视觉解析] 收到目标 cx=1608.0, cy=1080.0, mono=320.0m -> 解算绝对角度: Az=358.58°, El=28.50°
[Phase 3: 预测控制] 目标当前估算Az=358.58°, 速度=0.45°/s
                   -> 打提前量(0.25s后)Az=358.69°, El=28.50° | 下发云台指令: Az=88.69°, El=28.50°

[Phase 1: 视觉解析] 收到目标 cx=1616.0, cy=1080.0, mono=320.0m -> 解算绝对角度: Az=358.61°, El=28.50°
[Phase 3: 预测控制] 目标当前估算Az=358.61°, 速度=0.45°/s
                   -> 打提前量(0.25s后)Az=358.73°, El=28.50° | 下发云台指令: Az=88.73°, El=28.50°

[Phase 1: 视觉解析] 收到目标 cx=1624.0, cy=1080.0, mono=320.0m -> 解算绝对角度: Az=358.65°, El=28.50°
[Phase 3: 预测控制] 目标当前估算Az=358.65°, 速度=0.45°/s
                   -> 打提前量(0.25s后)Az=358.76°, El=28.50° | 下发云台指令: Az=88.76°, El=28.50°

[Phase 1: 视觉解析] 收到目标 cx=1632.0, cy=1080.0, mono=320.0m -> 解算绝对角度: Az=358.69°, El=28.50°
[Phase 3: 预测控制] 目标当前估算Az=358.69°, 速度=0.45°/s
                   -> 打提前量(0.25s后)Az=358.80°, El=28.50° | 下发云台指令: Az=88.80°, El=28.50°

[Phase 1: 视觉解析] 收到目标 cx=1640.0, cy=1080.0, mono=320.0m -> 解算绝对角度: Az=358.72°, El=28.50°
[Phase 3: 预测控制] 目标当前估算Az=358.72°, 速度=0.45°/s
                   -> 打提前量(0.25s后)Az=358.84°, El=28.50° | 下发云台指令: Az=88.84°, El=28.50°
[Stats] recv_objs_total=31, recv_unique_boxes=31 | ui_send_total=29, ui_unique_ids=1, ui_id_counts=1:29
[GimbalAtt] cmd_id=5, elapsed=0.000s, actual_ctrl=(Az=88.62°, El=28.60°), actual_ui=(Az=358.62°, El=28.60°), target_ctrl=(Az=88.62°, El=28.50°), err=(dAz=0.00°, dEl=0.10°)
[GimbalSettled] cmd_id=5, track_id=1, settle_time=0.000s, actual_ctrl=(Az=88.62°, El=28.60°), target_ctrl=(Az=88.62°, El=28.50°), err=(dAz=0.00°, dEl=0.10°)
[Laser] No valid laser distance, use mono distance
[GimbalCmd] cmd_id=6, track_id=1, target_ctrl=(Az=88.84°, El=28.50°)

[Phase 1: 视觉解析] 收到目标 cx=1648.0, cy=1080.0, mono=320.0m -> 解算绝对角度: Az=358.76°, El=28.50°
[Phase 3: 预测控制] 目标当前估算Az=358.76°, 速度=0.46°/s
                   -> 打提前量(0.25s后)Az=358.87°, El=28.50° | 下发云台指令: Az=88.87°, El=28.50°

[Phase 1: 视觉解析] 收到目标 cx=1656.0, cy=1080.0, mono=320.0m -> 解算绝对角度: Az=358.80°, El=28.50°
[Phase 3: 预测控制] 目标当前估算Az=358.80°, 速度=0.46°/s
                   -> 打提前量(0.25s后)Az=358.91°, El=28.50° | 下发云台指令: Az=88.91°, El=28.50°

[Phase 1: 视觉解析] 收到目标 cx=1664.0, cy=1080.0, mono=320.0m -> 解算绝对角度: Az=358.83°, El=28.50°
[Phase 3: 预测控制] 目标当前估算Az=358.83°, 速度=0.46°/s
                   -> 打提前量(0.25s后)Az=358.95°, El=28.50° | 下发云台指令: Az=88.95°, El=28.50°

[Phase 1: 视觉解析] 收到目标 cx=1672.0, cy=1080.0, mono=320.0m -> 解算绝对角度: Az=358.87°, El=28.50°
[Phase 3: 预测控制] 目标当前估算Az=358.87°, 速度=0.45°/s
                   -> 打提前量(0.25s后)Az=358.99°, El=28.50° | 下发云台指令: Az=88.99°, El=28.50°

[Phase 1: 视觉解析] 收到目标 cx=1680.0, cy=1080.0, mono=320.0m -> 解算绝对角度: Az=358.91°, El=28.50°
[Phase 3: 预测控制] 目标当前估算Az=358.91°, 速度=0.45°/s
                   -> 打提前量(0.25s后)Az=359.02°, El=28.50° | 下发云台指令: Az=89.02°, El=28.50°
[GimbalAtt] cmd_id=6, elapsed=0.000s, actual_ctrl=(Az=88.84°, El=28.60°), actual_ui=(Az=358.84°, El=28.60°), target_ctrl=(Az=88.84°, El=28.50°), err=(dAz=0.00°, dEl=0.10°)
[GimbalSettled] cmd_id=6, track_id=1, settle_time=0.000s, actual_ctrl=(Az=88.84°, El=28.60°), target_ctrl=(Az=88.84°, El=28.50°), err=(dAz=0.00°, dEl=0.10°)
[Laser] No valid laser distance, use mono distance

[Phase 1: 视觉解析] 收到目标 cx=1688.0, cy=1080.0, mono=320.0m -> 解算绝对角度: Az=358.94°, El=28.50°
[Phase 3: 预测控制] 目标当前估算Az=358.94°, 速度=0.45°/s
                   -> 打提前量(0.25s后)Az=359.06°, El=28.50° | 下发云台指令: Az=89.06°, El=28.50°
[GimbalCmd] cmd_id=7, track_id=1, target_ctrl=(Az=89.06°, El=28.50°)

[Phase 1: 视觉解析] 收到目标 cx=1696.0, cy=1080.0, mono=320.0m -> 解算绝对角度: Az=358.98°, El=28.50°
[Phase 3: 预测控制] 目标当前估算Az=358.98°, 速度=0.45°/s
                   -> 打提前量(0.25s后)Az=359.09°, El=28.50° | 下发云台指令: Az=89.09°, El=28.50°

[Phase 1: 视觉解析] 收到目标 cx=1704.0, cy=1080.0, mono=320.0m -> 解算绝对角度: Az=359.02°, El=28.50°
[Phase 3: 预测控制] 目标当前估算Az=359.02°, 速度=0.45°/s
                   -> 打提前量(0.25s后)Az=359.13°, El=28.50° | 下发云台指令: Az=89.13°, El=28.50°

[Phase 1: 视觉解析] 收到目标 cx=1712.0, cy=1080.0, mono=320.0m -> 解算绝对角度: Az=359.05°, El=28.50°
[Phase 3: 预测控制] 目标当前估算Az=359.05°, 速度=0.45°/s
                   -> 打提前量(0.25s后)Az=359.17°, El=28.50° | 下发云台指令: Az=89.17°, El=28.50°

[Phase 1: 视觉解析] 收到目标 cx=1720.0, cy=1080.0, mono=320.0m -> 解算绝对角度: Az=359.09°, El=28.50°
[Phase 3: 预测控制] 目标当前估算Az=359.09°, 速度=0.45°/s
                   -> 打提前量(0.25s后)Az=359.20°, El=28.50° | 下发云台指令: Az=89.20°, El=28.50°
[GimbalAtt] cmd_id=7, elapsed=0.000s, actual_ctrl=(Az=89.06°, El=28.60°), actual_ui=(Az=359.06°, El=28.60°), target_ctrl=(Az=89.06°, El=28.50°), err=(dAz=0.00°, dEl=0.10°)
[GimbalSettled] cmd_id=7, track_id=1, settle_time=0.000s, actual_ctrl=(Az=89.06°, El=28.60°), target_ctrl=(Az=89.06°, El=28.50°), err=(dAz=0.00°, dEl=0.10°)
[Laser] No valid laser distance, use mono distance

[Phase 1: 视觉解析] 收到目标 cx=1728.0, cy=1080.0, mono=320.0m -> 解算绝对角度: Az=359.12°, El=28.50°
[Phase 3: 预测控制] 目标当前估算Az=359.12°, 速度=0.45°/s
                   -> 打提前量(0.25s后)Az=359.24°, El=28.50° | 下发云台指令: Az=89.24°, El=28.50°

[Phase 1: 视觉解析] 收到目标 cx=1736.0, cy=1080.0, mono=320.0m -> 解算绝对角度: Az=359.16°, El=28.50°
[Phase 3: 预测控制] 目标当前估算Az=359.16°, 速度=0.45°/s
                   -> 打提前量(0.25s后)Az=359.27°, El=28.50° | 下发云台指令: Az=89.27°, El=28.50°
[GimbalCmd] cmd_id=8, track_id=1, target_ctrl=(Az=89.27°, El=28.50°)

[Phase 1: 视觉解析] 收到目标 cx=1744.0, cy=1080.0, mono=320.0m -> 解算绝对角度: Az=359.20°, El=28.50°
[Phase 3: 预测控制] 目标当前估算Az=359.20°, 速度=0.45°/s
                   -> 打提前量(0.25s后)Az=359.31°, El=28.50° | 下发云台指令: Az=89.31°, El=28.50°

[Phase 1: 视觉解析] 收到目标 cx=1752.0, cy=1080.0, mono=320.0m -> 解算绝对角度: Az=359.23°, El=28.50°
[Phase 3: 预测控制] 目标当前估算Az=359.23°, 速度=0.45°/s
                   -> 打提前量(0.25s后)Az=359.35°, El=28.50° | 下发云台指令: Az=89.35°, El=28.50°

[Phase 1: 视觉解析] 收到目标 cx=1760.0, cy=1080.0, mono=320.0m -> 解算绝对角度: Az=359.27°, El=28.50°
[Phase 3: 预测控制] 目标当前估算Az=359.27°, 速度=0.45°/s
                   -> 打提前量(0.25s后)Az=359.38°, El=28.50° | 下发云台指令: Az=89.38°, El=28.50°

[Phase 1: 视觉解析] 收到目标 cx=1768.0, cy=1080.0, mono=320.0m -> 解算绝对角度: Az=359.31°, El=28.50°
[Phase 3: 预测控制] 目标当前估算Az=359.31°, 速度=0.45°/s
                   -> 打提前量(0.25s后)Az=359.42°, El=28.50° | 下发云台指令: Az=89.42°, El=28.50°
[GimbalAtt] cmd_id=8, elapsed=0.001s, actual_ctrl=(Az=89.27°, El=28.60°), actual_ui=(Az=359.27°, El=28.60°), target_ctrl=(Az=89.27°, El=28.50°), err=(dAz=0.00°, dEl=0.10°)
[GimbalSettled] cmd_id=8, track_id=1, settle_time=0.001s, actual_ctrl=(Az=89.27°, El=28.60°), target_ctrl=(Az=89.27°, El=28.50°), err=(dAz=0.00°, dEl=0.10°)
[Laser] No valid laser distance, use mono distance

[Phase 1: 视觉解析] 收到目标 cx=1776.0, cy=1080.0, mono=320.0m -> 解算绝对角度: Az=359.34°, El=28.50°
[Phase 3: 预测控制] 目标当前估算Az=359.34°, 速度=0.45°/s
                   -> 打提前量(0.25s后)Az=359.46°, El=28.50° | 下发云台指令: Az=89.46°, El=28.50°

[Phase 1: 视觉解析] 收到目标 cx=1784.0, cy=1080.0, mono=320.0m -> 解算绝对角度: Az=359.38°, El=28.50°
[Phase 2: 目标调度] 基于威胁度(v=0.5°/s, dist=0.1°) 成功锁定目标 ID: 1. 准备交由云台跟踪!
[Phase 3: 预测控制] 目标当前估算Az=359.38°, 速度=0.45°/s
                   -> 打提前量(0.25s后)Az=359.49°, El=28.50° | 下发云台指令: Az=89.49°, El=28.50°
[GimbalCmd] cmd_id=9, track_id=1, target_ctrl=(Az=89.49°, El=28.50°)

[Phase 1: 视觉解析] 收到目标 cx=1792.0, cy=1080.0, mono=320.0m -> 解算绝对角度: Az=359.42°, El=28.50°
[Phase 3: 预测控制] 目标当前估算Az=359.42°, 速度=0.45°/s
                   -> 打提前量(0.25s后)Az=359.53°, El=28.50° | 下发云台指令: Az=89.53°, El=28.50°

[Phase 1: 视觉解析] 收到目标 cx=1800.0, cy=1080.0, mono=320.0m -> 解算绝对角度: Az=359.45°, El=28.50°
[Phase 3: 预测控制] 目标当前估算Az=359.45°, 速度=0.45°/s
                   -> 打提前量(0.25s后)Az=359.57°, El=28.50° | 下发云台指令: Az=89.57°, El=28.50°

[Phase 1: 视觉解析] 收到目标 cx=1808.0, cy=1080.0, mono=320.0m -> 解算绝对角度: Az=359.49°, El=28.50°
[Phase 3: 预测控制] 目标当前估算Az=359.49°, 速度=0.45°/s
                   -> 打提前量(0.25s后)Az=359.60°, El=28.50° | 下发云台指令: Az=89.60°, El=28.50°

[Phase 1: 视觉解析] 收到目标 cx=1816.0, cy=1080.0, mono=320.0m -> 解算绝对角度: Az=359.53°, El=28.50°
[Phase 3: 预测控制] 目标当前估算Az=359.53°, 速度=0.45°/s
                   -> 打提前量(0.25s后)Az=359.64°, El=28.50° | 下发云台指令: Az=89.64°, El=28.50°
[GimbalAtt] cmd_id=9, elapsed=0.000s, actual_ctrl=(Az=89.49°, El=28.60°), actual_ui=(Az=359.49°, El=28.60°), target_ctrl=(Az=89.49°, El=28.50°), err=(dAz=0.00°, dEl=0.10°)
[GimbalSettled] cmd_id=9, track_id=1, settle_time=0.000s, actual_ctrl=(Az=89.49°, El=28.60°), target_ctrl=(Az=89.49°, El=28.50°), err=(dAz=0.00°, dEl=0.10°)
[Laser] No valid laser distance, use mono distance

[Phase 1: 视觉解析] 收到目标 cx=1824.0, cy=1080.0, mono=320.0m -> 解算绝对角度: Az=359.56°, El=28.50°
[Phase 3: 预测控制] 目标当前估算Az=359.57°, 速度=0.45°/s
                   -> 打提前量(0.25s后)Az=359.68°, El=28.50° | 下发云台指令: Az=89.68°, El=28.50°

[Phase 1: 视觉解析] 收到目标 cx=1832.0, cy=1080.0, mono=320.0m -> 解算绝对角度: Az=359.60°, El=28.50°
[Phase 3: 预测控制] 目标当前估算Az=359.60°, 速度=0.45°/s
                   -> 打提前量(0.25s后)Az=359.72°, El=28.50° | 下发云台指令: Az=89.72°, El=28.50°
[GimbalCmd] cmd_id=10, track_id=1, target_ctrl=(Az=89.72°, El=28.50°)

[Phase 1: 视觉解析] 收到目标 cx=1840.0, cy=1080.0, mono=320.0m -> 解算绝对角度: Az=359.64°, El=28.50°
[Phase 3: 预测控制] 目标当前估算Az=359.64°, 速度=0.45°/s
                   -> 打提前量(0.25s后)Az=359.75°, El=28.50° | 下发云台指令: Az=89.75°, El=28.50°

[Phase 1: 视觉解析] 收到目标 cx=1848.0, cy=1080.0, mono=320.0m -> 解算绝对角度: Az=359.67°, El=28.50°
[Phase 3: 预测控制] 目标当前估算Az=359.67°, 速度=0.45°/s
                   -> 打提前量(0.25s后)Az=359.79°, El=28.50° | 下发云台指令: Az=89.79°, El=28.50°

[Phase 1: 视觉解析] 收到目标 cx=1856.0, cy=1080.0, mono=320.0m -> 解算绝对角度: Az=359.71°, El=28.50°
[Phase 3: 预测控制] 目标当前估算Az=359.71°, 速度=0.45°/s
                   -> 打提前量(0.25s后)Az=359.82°, El=28.50° | 下发云台指令: Az=89.82°, El=28.50°

[Phase 1: 视觉解析] 收到目标 cx=1864.0, cy=1080.0, mono=320.0m -> 解算绝对角度: Az=359.74°, El=28.50°
[Phase 3: 预测控制] 目标当前估算Az=359.74°, 速度=0.45°/s
                   -> 打提前量(0.25s后)Az=359.86°, El=28.50° | 下发云台指令: Az=89.86°, El=28.50°
[GimbalAtt] cmd_id=10, elapsed=0.001s, actual_ctrl=(Az=89.72°, El=28.60°), actual_ui=(Az=359.72°, El=28.60°), target_ctrl=(Az=89.72°, El=28.50°), err=(dAz=0.00°, dEl=0.10°)
[GimbalSettled] cmd_id=10, track_id=1, settle_time=0.001s, actual_ctrl=(Az=89.72°, El=28.60°), target_ctrl=(Az=89.72°, El=28.50°), err=(dAz=0.00°, dEl=0.10°)
[Laser] No valid laser distance, use mono distance

[Phase 1: 视觉解析] 收到目标 cx=1872.0, cy=1080.0, mono=320.0m -> 解算绝对角度: Az=359.78°, El=28.50°
[Phase 3: 预测控制] 目标当前估算Az=359.78°, 速度=0.45°/s
                   -> 打提前量(0.25s后)Az=359.89°, El=28.50° | 下发云台指令: Az=89.89°, El=28.50°

[Phase 1: 视觉解析] 收到目标 cx=1880.0, cy=1080.0, mono=320.0m -> 解算绝对角度: Az=359.82°, El=28.50°
[Phase 3: 预测控制] 目标当前估算Az=359.82°, 速度=0.45°/s
                   -> 打提前量(0.25s后)Az=359.93°, El=28.50° | 下发云台指令: Az=89.93°, El=28.50°
[Stats] recv_objs_total=61, recv_unique_boxes=61 | ui_send_total=59, ui_unique_ids=1, ui_id_counts=1:59
[GimbalCmd] cmd_id=11, track_id=1, target_ctrl=(Az=89.93°, El=28.50°)

[Phase 1: 视觉解析] 收到目标 cx=1888.0, cy=1080.0, mono=320.0m -> 解算绝对角度: Az=359.85°, El=28.50°
[Phase 3: 预测控制] 目标当前估算Az=359.85°, 速度=0.45°/s
                   -> 打提前量(0.25s后)Az=359.97°, El=28.50° | 下发云台指令: Az=89.97°, El=28.50°

[Phase 1: 视觉解析] 收到目标 cx=1896.0, cy=1080.0, mono=320.0m -> 解算绝对角度: Az=359.89°, El=28.50°
[Phase 3: 预测控制] 目标当前估算Az=359.89°, 速度=0.45°/s
                   -> 打提前量(0.25s后)Az=0.00°, El=28.50° | 下发云台指令: Az=90.00°, El=28.50°

[Phase 1: 视觉解析] 收到目标 cx=1904.0, cy=1080.0, mono=320.0m -> 解算绝对角度: Az=359.93°, El=28.50°
[Phase 3: 预测控制] 目标当前估算Az=359.93°, 速度=0.45°/s
                   -> 打提前量(0.25s后)Az=0.04°, El=28.50° | 下发云台指令: Az=90.04°, El=28.50°

[Phase 1: 视觉解析] 收到目标 cx=1912.0, cy=1080.0, mono=320.0m -> 解算绝对角度: Az=359.96°, El=28.50°
[Phase 3: 预测控制] 目标当前估算Az=359.96°, 速度=0.45°/s
                   -> 打提前量(0.25s后)Az=0.07°, El=28.50° | 下发云台指令: Az=90.07°, El=28.50°
[GimbalAtt] cmd_id=11, elapsed=0.001s, actual_ctrl=(Az=89.93°, El=28.60°), actual_ui=(Az=359.93°, El=28.60°), target_ctrl=(Az=89.93°, El=28.50°), err=(dAz=0.00°, dEl=0.10°)
[GimbalSettled] cmd_id=11, track_id=1, settle_time=0.001s, actual_ctrl=(Az=89.93°, El=28.60°), target_ctrl=(Az=89.93°, El=28.50°), err=(dAz=0.00°, dEl=0.10°)
[Laser] No valid laser distance, use mono distance

[Phase 1: 视觉解析] 收到目标 cx=1920.0, cy=1080.0, mono=320.0m -> 解算绝对角度: Az=0.00°, El=28.50°
[Phase 3: 预测控制] 目标当前估算Az=360.00°, 速度=0.45°/s
                   -> 打提前量(0.25s后)Az=0.11°, El=28.50° | 下发云台指令: Az=90.11°, El=28.50°

[Phase 1: 视觉解析] 收到目标 cx=1928.0, cy=1080.0, mono=320.0m -> 解算绝对角度: Az=0.04°, El=28.50°
[Phase 3: 预测控制] 目标当前估算Az=0.04°, 速度=0.45°/s
                   -> 打提前量(0.25s后)Az=0.15°, El=28.50° | 下发云台指令: Az=90.15°, El=28.50°
[GimbalCmd] cmd_id=12, track_id=1, target_ctrl=(Az=90.15°, El=28.50°)

[Phase 1: 视觉解析] 收到目标 cx=1936.0, cy=1080.0, mono=320.0m -> 解算绝对角度: Az=0.07°, El=28.50°
[Phase 3: 预测控制] 目标当前估算Az=0.07°, 速度=0.45°/s
                   -> 打提前量(0.25s后)Az=0.18°, El=28.50° | 下发云台指令: Az=90.18°, El=28.50°

[Phase 1: 视觉解析] 收到目标 cx=1944.0, cy=1080.0, mono=320.0m -> 解算绝对角度: Az=0.11°, El=28.50°
[Phase 3: 预测控制] 目标当前估算Az=0.11°, 速度=0.45°/s
                   -> 打提前量(0.25s后)Az=0.22°, El=28.50° | 下发云台指令: Az=90.22°, El=28.50°

[Phase 1: 视觉解析] 收到目标 cx=1952.0, cy=1080.0, mono=320.0m -> 解算绝对角度: Az=0.15°, El=28.50°
[Phase 3: 预测控制] 目标当前估算Az=0.15°, 速度=0.45°/s
                   -> 打提前量(0.25s后)Az=0.26°, El=28.50° | 下发云台指令: Az=90.26°, El=28.50°

[Phase 1: 视觉解析] 收到目标 cx=1960.0, cy=1080.0, mono=320.0m -> 解算绝对角度: Az=0.18°, El=28.50°
[Phase 3: 预测控制] 目标当前估算Az=0.18°, 速度=0.45°/s
                   -> 打提前量(0.25s后)Az=0.29°, El=28.50° | 下发云台指令: Az=90.29°, El=28.50°
[GimbalAtt] cmd_id=12, elapsed=0.001s, actual_ctrl=(Az=90.15°, El=28.60°), actual_ui=(Az=0.15°, El=28.60°), target_ctrl=(Az=90.15°, El=28.50°), err=(dAz=0.00°, dEl=0.10°)
[GimbalSettled] cmd_id=12, track_id=1, settle_time=0.001s, actual_ctrl=(Az=90.15°, El=28.60°), target_ctrl=(Az=90.15°, El=28.50°), err=(dAz=0.00°, dEl=0.10°)
[Laser] No valid laser distance, use mono distance

[Phase 1: 视觉解析] 收到目标 cx=1968.0, cy=1080.0, mono=320.0m -> 解算绝对角度: Az=0.22°, El=28.50°
[Phase 2: 目标调度] 基于威胁度(v=0.5°/s, dist=0.1°) 成功锁定目标 ID: 1. 准备交由云台跟踪!
[Phase 3: 预测控制] 目标当前估算Az=0.22°, 速度=0.45°/s
                   -> 打提前量(0.25s后)Az=0.33°, El=28.50° | 下发云台指令: Az=90.33°, El=28.50°

[Phase 1: 视觉解析] 收到目标 cx=1976.0, cy=1080.0, mono=320.0m -> 解算绝对角度: Az=0.26°, El=28.50°
[Phase 3: 预测控制] 目标当前估算Az=0.25°, 速度=0.45°/s
                   -> 打提前量(0.25s后)Az=0.37°, El=28.50° | 下发云台指令: Az=90.37°, El=28.50°
[GimbalCmd] cmd_id=13, track_id=1, target_ctrl=(Az=90.37°, El=28.50°)

[Phase 1: 视觉解析] 收到目标 cx=1984.0, cy=1080.0, mono=320.0m -> 解算绝对角度: Az=0.29°, El=28.50°
[Phase 3: 预测控制] 目标当前估算Az=0.29°, 速度=0.45°/s
                   -> 打提前量(0.25s后)Az=0.40°, El=28.50° | 下发云台指令: Az=90.40°, El=28.50°

[Phase 1: 视觉解析] 收到目标 cx=1992.0, cy=1080.0, mono=320.0m -> 解算绝对角度: Az=0.33°, El=28.50°
[Phase 3: 预测控制] 目标当前估算Az=0.33°, 速度=0.45°/s
                   -> 打提前量(0.25s后)Az=0.44°, El=28.50° | 下发云台指令: Az=90.44°, El=28.50°

[Phase 1: 视觉解析] 收到目标 cx=2000.0, cy=1080.0, mono=320.0m -> 解算绝对角度: Az=0.36°, El=28.50°
[Phase 3: 预测控制] 目标当前估算Az=0.36°, 速度=0.45°/s
                   -> 打提前量(0.25s后)Az=0.48°, El=28.50° | 下发云台指令: Az=90.48°, El=28.50°

[Phase 1: 视觉解析] 收到目标 cx=2008.0, cy=1080.0, mono=320.0m -> 解算绝对角度: Az=0.40°, El=28.50°
[Phase 3: 预测控制] 目标当前估算Az=0.40°, 速度=0.45°/s
                   -> 打提前量(0.25s后)Az=0.51°, El=28.50° | 下发云台指令: Az=90.51°, El=28.50°
[GimbalAtt] cmd_id=13, elapsed=0.001s, actual_ctrl=(Az=90.37°, El=28.60°), actual_ui=(Az=0.37°, El=28.60°), target_ctrl=(Az=90.37°, El=28.50°), err=(dAz=0.00°, dEl=0.10°)
[GimbalSettled] cmd_id=13, track_id=1, settle_time=0.001s, actual_ctrl=(Az=90.37°, El=28.60°), target_ctrl=(Az=90.37°, El=28.50°), err=(dAz=0.00°, dEl=0.10°)
[Laser] No valid laser distance, use mono distance

[Phase 1: 视觉解析] 收到目标 cx=2016.0, cy=1080.0, mono=320.0m -> 解算绝对角度: Az=0.44°, El=28.50°
[Phase 3: 预测控制] 目标当前估算Az=0.44°, 速度=0.46°/s
                   -> 打提前量(0.25s后)Az=0.55°, El=28.50° | 下发云台指令: Az=90.55°, El=28.50°

[Phase 1: 视觉解析] 收到目标 cx=2024.0, cy=1080.0, mono=320.0m -> 解算绝对角度: Az=0.47°, El=28.50°
[Phase 3: 预测控制] 目标当前估算Az=0.47°, 速度=0.46°/s
                   -> 打提前量(0.25s后)Az=0.59°, El=28.50° | 下发云台指令: Az=90.59°, El=28.50°
[GimbalCmd] cmd_id=14, track_id=1, target_ctrl=(Az=90.59°, El=28.50°)

[Phase 1: 视觉解析] 收到目标 cx=2032.0, cy=1080.0, mono=320.0m -> 解算绝对角度: Az=0.51°, El=28.50°
[Phase 3: 预测控制] 目标当前估算Az=0.51°, 速度=0.46°/s
                   -> 打提前量(0.25s后)Az=0.62°, El=28.50° | 下发云台指令: Az=90.62°, El=28.50°

[Phase 1: 视觉解析] 收到目标 cx=2040.0, cy=1080.0, mono=320.0m -> 解算绝对角度: Az=0.55°, El=28.50°
[Phase 3: 预测控制] 目标当前估算Az=0.55°, 速度=0.46°/s
                   -> 打提前量(0.25s后)Az=0.66°, El=28.50° | 下发云台指令: Az=90.66°, El=28.50°

[Phase 1: 视觉解析] 收到目标 cx=2048.0, cy=1080.0, mono=320.0m -> 解算绝对角度: Az=0.58°, El=28.50°
[Phase 3: 预测控制] 目标当前估算Az=0.58°, 速度=0.46°/s
                   -> 打提前量(0.25s后)Az=0.70°, El=28.50° | 下发云台指令: Az=90.70°, El=28.50°

[Phase 1: 视觉解析] 收到目标 cx=2056.0, cy=1080.0, mono=320.0m -> 解算绝对角度: Az=0.62°, El=28.50°
[Phase 3: 预测控制] 目标当前估算Az=0.62°, 速度=0.46°/s
                   -> 打提前量(0.25s后)Az=0.73°, El=28.50° | 下发云台指令: Az=90.73°, El=28.50°
[GimbalAtt] cmd_id=14, elapsed=0.001s, actual_ctrl=(Az=90.59°, El=28.60°), actual_ui=(Az=0.59°, El=28.60°), target_ctrl=(Az=90.59°, El=28.50°), err=(dAz=0.00°, dEl=0.10°)
[GimbalSettled] cmd_id=14, track_id=1, settle_time=0.001s, actual_ctrl=(Az=90.59°, El=28.60°), target_ctrl=(Az=90.59°, El=28.50°), err=(dAz=0.00°, dEl=0.10°)
[Laser] No valid laser distance, use mono distance

[Phase 1: 视觉解析] 收到目标 cx=2064.0, cy=1080.0, mono=320.0m -> 解算绝对角度: Az=0.66°, El=28.50°
[Phase 3: 预测控制] 目标当前估算Az=0.66°, 速度=0.46°/s
                   -> 打提前量(0.25s后)Az=0.77°, El=28.50° | 下发云台指令: Az=90.77°, El=28.50°

[Phase 1: 视觉解析] 收到目标 cx=2072.0, cy=1080.0, mono=320.0m -> 解算绝对角度: Az=0.69°, El=28.50°
[Phase 3: 预测控制] 目标当前估算Az=0.69°, 速度=0.46°/s
                   -> 打提前量(0.25s后)Az=0.81°, El=28.50° | 下发云台指令: Az=90.81°, El=28.50°
[GimbalCmd] cmd_id=15, track_id=1, target_ctrl=(Az=90.81°, El=28.50°)

[Phase 1: 视觉解析] 收到目标 cx=2080.0, cy=1080.0, mono=320.0m -> 解算绝对角度: Az=0.73°, El=28.50°
[Phase 3: 预测控制] 目标当前估算Az=0.73°, 速度=0.46°/s
                   -> 打提前量(0.25s后)Az=0.84°, El=28.50° | 下发云台指令: Az=90.84°, El=28.50°

[Phase 1: 视觉解析] 收到目标 cx=2088.0, cy=1080.0, mono=320.0m -> 解算绝对角度: Az=0.77°, El=28.50°
[Phase 3: 预测控制] 目标当前估算Az=0.77°, 速度=0.46°/s
                   -> 打提前量(0.25s后)Az=0.88°, El=28.50° | 下发云台指令: Az=90.88°, El=28.50°

[Phase 1: 视觉解析] 收到目标 cx=2096.0, cy=1080.0, mono=320.0m -> 解算绝对角度: Az=0.80°, El=28.50°
[Phase 3: 预测控制] 目标当前估算Az=0.80°, 速度=0.46°/s
                   -> 打提前量(0.25s后)Az=0.92°, El=28.50° | 下发云台指令: Az=90.92°, El=28.50°

[Phase 1: 视觉解析] 收到目标 cx=2104.0, cy=1080.0, mono=320.0m -> 解算绝对角度: Az=0.84°, El=28.50°
[Phase 3: 预测控制] 目标当前估算Az=0.84°, 速度=0.46°/s
                   -> 打提前量(0.25s后)Az=0.95°, El=28.50° | 下发云台指令: Az=90.95°, El=28.50°
[GimbalAtt] cmd_id=15, elapsed=0.001s, actual_ctrl=(Az=90.81°, El=28.60°), actual_ui=(Az=0.81°, El=28.60°), target_ctrl=(Az=90.81°, El=28.50°), err=(dAz=0.00°, dEl=0.10°)
[GimbalSettled] cmd_id=15, track_id=1, settle_time=0.001s, actual_ctrl=(Az=90.81°, El=28.60°), target_ctrl=(Az=90.81°, El=28.50°), err=(dAz=0.00°, dEl=0.10°)
[Laser] No valid laser distance, use mono distance

[Phase 1: 视觉解析] 收到目标 cx=2112.0, cy=1080.0, mono=320.0m -> 解算绝对角度: Az=0.88°, El=28.50°
[Phase 3: 预测控制] 目标当前估算Az=0.87°, 速度=0.46°/s
                   -> 打提前量(0.25s后)Az=0.99°, El=28.50° | 下发云台指令: Az=90.99°, El=28.50°

[Phase 1: 视觉解析] 收到目标 cx=2120.0, cy=1080.0, mono=320.0m -> 解算绝对角度: Az=0.91°, El=28.50°
[Phase 3: 预测控制] 目标当前估算Az=0.91°, 速度=0.46°/s
                   -> 打提前量(0.25s后)Az=1.03°, El=28.50° | 下发云台指令: Az=91.03°, El=28.50°
[Stats] recv_objs_total=91, recv_unique_boxes=91 | ui_send_total=89, ui_unique_ids=1, ui_id_counts=1:89
[GimbalCmd] cmd_id=16, track_id=1, target_ctrl=(Az=91.03°, El=28.50°)

[Phase 1: 视觉解析] 收到目标 cx=2128.0, cy=1080.0, mono=320.0m -> 解算绝对角度: Az=0.95°, El=28.50°
[Phase 3: 预测控制] 目标当前估算Az=0.95°, 速度=0.46°/s
                   -> 打提前量(0.25s后)Az=1.06°, El=28.50° | 下发云台指令: Az=91.06°, El=28.50°

[Phase 1: 视觉解析] 收到目标 cx=2136.0, cy=1080.0, mono=320.0m -> 解算绝对角度: Az=0.98°, El=28.50°
[Phase 3: 预测控制] 目标当前估算Az=0.98°, 速度=0.46°/s
                   -> 打提前量(0.25s后)Az=1.10°, El=28.50° | 下发云台指令: Az=91.10°, El=28.50°

[Phase 1: 视觉解析] 收到目标 cx=2144.0, cy=1080.0, mono=320.0m -> 解算绝对角度: Az=1.02°, El=28.50°
[Phase 3: 预测控制] 目标当前估算Az=1.02°, 速度=0.46°/s
                   -> 打提前量(0.25s后)Az=1.13°, El=28.50° | 下发云台指令: Az=91.13°, El=28.50°

[Phase 1: 视觉解析] 收到目标 cx=2152.0, cy=1080.0, mono=320.0m -> 解算绝对角度: Az=1.06°, El=28.50°
[Phase 2: 目标调度] 基于威胁度(v=0.5°/s, dist=0.3°) 成功锁定目标 ID: 1. 准备交由云台跟踪!
[Phase 3: 预测控制] 目标当前估算Az=1.06°, 速度=0.46°/s
                   -> 打提前量(0.25s后)Az=1.17°, El=28.50° | 下发云台指令: Az=91.17°, El=28.50°
[GimbalAtt] cmd_id=16, elapsed=0.001s, actual_ctrl=(Az=91.03°, El=28.60°), actual_ui=(Az=1.03°, El=28.60°), target_ctrl=(Az=91.03°, El=28.50°), err=(dAz=0.00°, dEl=0.10°)
[GimbalSettled] cmd_id=16, track_id=1, settle_time=0.001s, actual_ctrl=(Az=91.03°, El=28.60°), target_ctrl=(Az=91.03°, El=28.50°), err=(dAz=0.00°, dEl=0.10°)
[Laser] No valid laser distance, use mono distance

[Phase 1: 视觉解析] 收到目标 cx=2160.0, cy=1080.0, mono=320.0m -> 解算绝对角度: Az=1.09°, El=28.50°
[Phase 3: 预测控制] 目标当前估算Az=1.09°, 速度=0.46°/s
                   -> 打提前量(0.25s后)Az=1.21°, El=28.50° | 下发云台指令: Az=91.21°, El=28.50°

[Phase 1: 视觉解析] 收到目标 cx=2168.0, cy=1080.0, mono=320.0m -> 解算绝对角度: Az=1.13°, El=28.50°
[Phase 3: 预测控制] 目标当前估算Az=1.13°, 速度=0.46°/s
                   -> 打提前量(0.25s后)Az=1.24°, El=28.50° | 下发云台指令: Az=91.24°, El=28.50°
[GimbalCmd] cmd_id=17, track_id=1, target_ctrl=(Az=91.24°, El=28.50°)

[Phase 1: 视觉解析] 收到目标 cx=2176.0, cy=1080.0, mono=320.0m -> 解算绝对角度: Az=1.17°, El=28.50°
[Phase 3: 预测控制] 目标当前估算Az=1.17°, 速度=0.46°/s
                   -> 打提前量(0.25s后)Az=1.28°, El=28.50° | 下发云台指令: Az=91.28°, El=28.50°

[Phase 1: 视觉解析] 收到目标 cx=2184.0, cy=1080.0, mono=320.0m -> 解算绝对角度: Az=1.20°, El=28.50°
[Phase 3: 预测控制] 目标当前估算Az=1.20°, 速度=0.46°/s
                   -> 打提前量(0.25s后)Az=1.32°, El=28.50° | 下发云台指令: Az=91.32°, El=28.50°

[Phase 1: 视觉解析] 收到目标 cx=2192.0, cy=1080.0, mono=320.0m -> 解算绝对角度: Az=1.24°, El=28.50°
[Phase 3: 预测控制] 目标当前估算Az=1.24°, 速度=0.46°/s
                   -> 打提前量(0.25s后)Az=1.35°, El=28.50° | 下发云台指令: Az=91.35°, El=28.50°

[Phase 1: 视觉解析] 收到目标 cx=2200.0, cy=1080.0, mono=320.0m -> 解算绝对角度: Az=1.28°, El=28.50°
[Phase 3: 预测控制] 目标当前估算Az=1.28°, 速度=0.46°/s
                   -> 打提前量(0.25s后)Az=1.39°, El=28.50° | 下发云台指令: Az=91.39°, El=28.50°
[GimbalAtt] cmd_id=17, elapsed=0.000s, actual_ctrl=(Az=91.24°, El=28.60°), actual_ui=(Az=1.24°, El=28.60°), target_ctrl=(Az=91.24°, El=28.50°), err=(dAz=0.00°, dEl=0.10°)
[GimbalSettled] cmd_id=17, track_id=1, settle_time=0.000s, actual_ctrl=(Az=91.24°, El=28.60°), target_ctrl=(Az=91.24°, El=28.50°), err=(dAz=0.00°, dEl=0.10°)
[Laser] No valid laser distance, use mono distance

[Phase 1: 视觉解析] 收到目标 cx=2208.0, cy=1080.0, mono=320.0m -> 解算绝对角度: Az=1.31°, El=28.50°
[Phase 3: 预测控制] 目标当前估算Az=1.31°, 速度=0.46°/s
                   -> 打提前量(0.25s后)Az=1.43°, El=28.50° | 下发云台指令: Az=91.43°, El=28.50°

[Phase 1: 视觉解析] 收到目标 cx=2216.0, cy=1080.0, mono=320.0m -> 解算绝对角度: Az=1.35°, El=28.50°
[Phase 3: 预测控制] 目标当前估算Az=1.35°, 速度=0.46°/s
                   -> 打提前量(0.25s后)Az=1.46°, El=28.50° | 下发云台指令: Az=91.46°, El=28.50°

[Phase 1: 视觉解析] 收到目标 cx=2224.0, cy=1080.0, mono=320.0m -> 解算绝对角度: Az=1.39°, El=28.50°
[Phase 3: 预测控制] 目标当前估算Az=1.39°, 速度=0.46°/s
                   -> 打提前量(0.25s后)Az=1.50°, El=28.50° | 下发云台指令: Az=91.50°, El=28.50°

[Phase 1: 视觉解析] 收到目标 cx=2232.0, cy=1080.0, mono=320.0m -> 解算绝对角度: Az=1.42°, El=28.50°
[Phase 3: 预测控制] 目标当前估算Az=1.42°, 速度=0.46°/s
                   -> 打提前量(0.25s后)Az=1.54°, El=28.50° | 下发云台指令: Az=91.54°, El=28.50°

[Phase 1: 视觉解析] 收到目标 cx=2240.0, cy=1080.0, mono=320.0m -> 解算绝对角度: Az=1.46°, El=28.50°
[Phase 3: 预测控制] 目标当前估算Az=1.46°, 速度=0.46°/s
                   -> 打提前量(0.25s后)Az=1.57°, El=28.50° | 下发云台指令: Az=91.57°, El=28.50°
[GimbalCmd] cmd_id=18, track_id=1, target_ctrl=(Az=91.46°, El=28.50°)

[Phase 1: 视觉解析] 收到目标 cx=2248.0, cy=1080.0, mono=320.0m -> 解算绝对角度: Az=1.49°, El=28.50°
[Phase 3: 预测控制] 目标当前估算Az=1.49°, 速度=0.46°/s
                   -> 打提前量(0.25s后)Az=1.61°, El=28.50° | 下发云台指令: Az=91.61°, El=28.50°

[Phase 1: 视觉解析] 收到目标 cx=2256.0, cy=1080.0, mono=320.0m -> 解算绝对角度: Az=1.53°, El=28.50°
[Phase 3: 预测控制] 目标当前估算Az=1.53°, 速度=0.46°/s
                   -> 打提前量(0.25s后)Az=1.65°, El=28.50° | 下发云台指令: Az=91.65°, El=28.50°

[Phase 1: 视觉解析] 收到目标 cx=2264.0, cy=1080.0, mono=320.0m -> 解算绝对角度: Az=1.57°, El=28.50°
[Phase 3: 预测控制] 目标当前估算Az=1.57°, 速度=0.46°/s
                   -> 打提前量(0.25s后)Az=1.68°, El=28.50° | 下发云台指令: Az=91.68°, El=28.50°

[Phase 1: 视觉解析] 收到目标 cx=2272.0, cy=1080.0, mono=320.0m -> 解算绝对角度: Az=1.60°, El=28.50°
[Phase 3: 预测控制] 目标当前估算Az=1.60°, 速度=0.46°/s
                   -> 打提前量(0.25s后)Az=1.72°, El=28.50° | 下发云台指令: Az=91.72°, El=28.50°

[Phase 1: 视觉解析] 收到目标 cx=2280.0, cy=1080.0, mono=320.0m -> 解算绝对角度: Az=1.64°, El=28.50°
[Phase 3: 预测控制] 目标当前估算Az=1.64°, 速度=0.46°/s
                   -> 打提前量(0.25s后)Az=1.75°, El=28.50° | 下发云台指令: Az=91.75°, El=28.50°
[GimbalAtt] cmd_id=18, elapsed=0.000s, actual_ctrl=(Az=91.46°, El=28.60°), actual_ui=(Az=1.46°, El=28.60°), target_ctrl=(Az=91.46°, El=28.50°), err=(dAz=0.00°, dEl=0.10°)
[GimbalSettled] cmd_id=18, track_id=1, settle_time=0.000s, actual_ctrl=(Az=91.46°, El=28.60°), target_ctrl=(Az=91.46°, El=28.50°), err=(dAz=0.00°, dEl=0.10°)
[Laser] No valid laser distance, use mono distance
[GimbalCmd] cmd_id=19, track_id=1, target_ctrl=(Az=91.68°, El=28.50°)

[Phase 1: 视觉解析] 收到目标 cx=2288.0, cy=1080.0, mono=320.0m -> 解算绝对角度: Az=1.68°, El=28.50°
[Phase 3: 预测控制] 目标当前估算Az=1.68°, 速度=0.46°/s
                   -> 打提前量(0.25s后)Az=1.79°, El=28.50° | 下发云台指令: Az=91.79°, El=28.50°

[Phase 1: 视觉解析] 收到目标 cx=2296.0, cy=1080.0, mono=320.0m -> 解算绝对角度: Az=1.71°, El=28.50°
[Phase 3: 预测控制] 目标当前估算Az=1.71°, 速度=0.46°/s
                   -> 打提前量(0.25s后)Az=1.83°, El=28.50° | 下发云台指令: Az=91.83°, El=28.50°

[Phase 1: 视觉解析] 收到目标 cx=2304.0, cy=1080.0, mono=320.0m -> 解算绝对角度: Az=1.75°, El=28.50°
[Phase 3: 预测控制] 目标当前估算Az=1.75°, 速度=0.46°/s
                   -> 打提前量(0.25s后)Az=1.86°, El=28.50° | 下发云台指令: Az=91.86°, El=28.50°

[Phase 1: 视觉解析] 收到目标 cx=2312.0, cy=1080.0, mono=320.0m -> 解算绝对角度: Az=1.79°, El=28.50°
[Phase 3: 预测控制] 目标当前估算Az=1.79°, 速度=0.46°/s
                   -> 打提前量(0.25s后)Az=1.90°, El=28.50° | 下发云台指令: Az=91.90°, El=28.50°

[Phase 1: 视觉解析] 收到目标 cx=2320.0, cy=1080.0, mono=320.0m -> 解算绝对角度: Az=1.82°, El=28.50°
[Phase 3: 预测控制] 目标当前估算Az=1.82°, 速度=0.46°/s
                   -> 打提前量(0.25s后)Az=1.94°, El=28.50° | 下发云台指令: Az=91.94°, El=28.50°
[GimbalAtt] cmd_id=19, elapsed=0.000s, actual_ctrl=(Az=91.68°, El=28.60°), actual_ui=(Az=1.68°, El=28.60°), target_ctrl=(Az=91.68°, El=28.50°), err=(dAz=0.00°, dEl=0.10°)
[GimbalSettled] cmd_id=19, track_id=1, settle_time=0.000s, actual_ctrl=(Az=91.68°, El=28.60°), target_ctrl=(Az=91.68°, El=28.50°), err=(dAz=0.00°, dEl=0.10°)
[Laser] No valid laser distance, use mono distance
[GimbalCmd] cmd_id=20, track_id=1, target_ctrl=(Az=91.90°, El=28.50°)

[Phase 1: 视觉解析] 收到目标 cx=2328.0, cy=1080.0, mono=320.0m -> 解算绝对角度: Az=1.86°, El=28.50°
[Phase 3: 预测控制] 目标当前估算Az=1.86°, 速度=0.46°/s
                   -> 打提前量(0.25s后)Az=1.97°, El=28.50° | 下发云台指令: Az=91.97°, El=28.50°

[Phase 1: 视觉解析] 收到目标 cx=2336.0, cy=1080.0, mono=320.0m -> 解算绝对角度: Az=1.90°, El=28.50°
[Phase 2: 目标调度] 基于威胁度(v=0.5°/s, dist=0.2°) 成功锁定目标 ID: 1. 准备交由云台跟踪!
[Phase 3: 预测控制] 目标当前估算Az=1.90°, 速度=0.46°/s
                   -> 打提前量(0.25s后)Az=2.01°, El=28.50° | 下发云台指令: Az=92.01°, El=28.50°

[Phase 1: 视觉解析] 收到目标 cx=2344.0, cy=1080.0, mono=320.0m -> 解算绝对角度: Az=1.93°, El=28.50°
[Phase 3: 预测控制] 目标当前估算Az=1.93°, 速度=0.46°/s
                   -> 打提前量(0.25s后)Az=2.05°, El=28.50° | 下发云台指令: Az=92.05°, El=28.50°

[Phase 1: 视觉解析] 收到目标 cx=2352.0, cy=1080.0, mono=320.0m -> 解算绝对角度: Az=1.97°, El=28.50°
[Phase 3: 预测控制] 目标当前估算Az=1.97°, 速度=0.46°/s
                   -> 打提前量(0.25s后)Az=2.08°, El=28.50° | 下发云台指令: Az=92.08°, El=28.50°
[GimbalAtt] cmd_id=20, elapsed=0.000s, actual_ctrl=(Az=91.90°, El=28.60°), actual_ui=(Az=1.90°, El=28.60°), target_ctrl=(Az=91.90°, El=28.50°), err=(dAz=0.00°, dEl=0.10°)
[GimbalSettled] cmd_id=20, track_id=1, settle_time=0.000s, actual_ctrl=(Az=91.90°, El=28.60°), target_ctrl=(Az=91.90°, El=28.50°), err=(dAz=0.00°, dEl=0.10°)
[Laser] No valid laser distance, use mono distance

[Phase 1: 视觉解析] 收到目标 cx=2360.0, cy=1080.0, mono=320.0m -> 解算绝对角度: Az=2.01°, El=28.50°
[Phase 3: 预测控制] 目标当前估算Az=2.01°, 速度=0.46°/s
                   -> 打提前量(0.25s后)Az=2.12°, El=28.50° | 下发云台指令: Az=92.12°, El=28.50°
[GimbalCmd] cmd_id=21, track_id=1, target_ctrl=(Az=92.12°, El=28.50°)

[Phase 1: 视觉解析] 收到目标 cx=2368.0, cy=1080.0, mono=320.0m -> 解算绝对角度: Az=2.04°, El=28.50°
[Phase 3: 预测控制] 目标当前估算Az=2.04°, 速度=0.46°/s
                   -> 打提前量(0.25s后)Az=2.16°, El=28.50° | 下发云台指令: Az=92.16°, El=28.50°
[Stats] recv_objs_total=122, recv_unique_boxes=122 | ui_send_total=120, ui_unique_ids=1, ui_id_counts=1:120

[Phase 1: 视觉解析] 收到目标 cx=2376.0, cy=1080.0, mono=320.0m -> 解算绝对角度: Az=2.08°, El=28.50°
[Phase 3: 预测控制] 目标当前估算Az=2.08°, 速度=0.46°/s
                   -> 打提前量(0.25s后)Az=2.19°, El=28.50° | 下发云台指令: Az=92.19°, El=28.50°

[Phase 1: 视觉解析] 收到目标 cx=2384.0, cy=1080.0, mono=320.0m -> 解算绝对角度: Az=2.11°, El=28.50°
[Phase 3: 预测控制] 目标当前估算Az=2.11°, 速度=0.46°/s
                   -> 打提前量(0.25s后)Az=2.23°, El=28.50° | 下发云台指令: Az=92.23°, El=28.50°

[Phase 1: 视觉解析] 收到目标 cx=2392.0, cy=1080.0, mono=320.0m -> 解算绝对角度: Az=2.15°, El=28.50°
[Phase 3: 预测控制] 目标当前估算Az=2.15°, 速度=0.46°/s
                   -> 打提前量(0.25s后)Az=2.26°, El=28.50° | 下发云台指令: Az=92.26°, El=28.50°
[GimbalAtt] cmd_id=21, elapsed=0.000s, actual_ctrl=(Az=92.12°, El=28.60°), actual_ui=(Az=2.12°, El=28.60°), target_ctrl=(Az=92.12°, El=28.50°), err=(dAz=0.00°, dEl=0.10°)
[GimbalSettled] cmd_id=21, track_id=1, settle_time=0.000s, actual_ctrl=(Az=92.12°, El=28.60°), target_ctrl=(Az=92.12°, El=28.50°), err=(dAz=0.00°, dEl=0.10°)
[Laser] No valid laser distance, use mono distance

[Phase 1: 视觉解析] 收到目标 cx=2400.0, cy=1080.0, mono=320.0m -> 解算绝对角度: Az=2.19°, El=28.50°
[Phase 3: 预测控制] 目标当前估算Az=2.19°, 速度=0.46°/s
                   -> 打提前量(0.25s后)Az=2.30°, El=28.50° | 下发云台指令: Az=92.30°, El=28.50°

[Phase 1: 视觉解析] 收到目标 cx=2408.0, cy=1080.0, mono=320.0m -> 解算绝对角度: Az=2.22°, El=28.50°
[Phase 3: 预测控制] 目标当前估算Az=2.22°, 速度=0.46°/s
                   -> 打提前量(0.25s后)Az=2.34°, El=28.50° | 下发云台指令: Az=92.34°, El=28.50°
[GimbalCmd] cmd_id=22, track_id=1, target_ctrl=(Az=92.34°, El=28.50°)

[Phase 1: 视觉解析] 收到目标 cx=2416.0, cy=1080.0, mono=320.0m -> 解算绝对角度: Az=2.26°, El=28.50°
[Phase 3: 预测控制] 目标当前估算Az=2.26°, 速度=0.46°/s
                   -> 打提前量(0.25s后)Az=2.37°, El=28.50° | 下发云台指令: Az=92.37°, El=28.50°

[Phase 1: 视觉解析] 收到目标 cx=2424.0, cy=1080.0, mono=320.0m -> 解算绝对角度: Az=2.30°, El=28.50°
[Phase 3: 预测控制] 目标当前估算Az=2.30°, 速度=0.46°/s
                   -> 打提前量(0.25s后)Az=2.41°, El=28.50° | 下发云台指令: Az=92.41°, El=28.50°

[Phase 1: 视觉解析] 收到目标 cx=2432.0, cy=1080.0, mono=320.0m -> 解算绝对角度: Az=2.33°, El=28.50°
[Phase 3: 预测控制] 目标当前估算Az=2.33°, 速度=0.46°/s
                   -> 打提前量(0.25s后)Az=2.45°, El=28.50° | 下发云台指令: Az=92.45°, El=28.50°

[Phase 1: 视觉解析] 收到目标 cx=2440.0, cy=1080.0, mono=320.0m -> 解算绝对角度: Az=2.37°, El=28.50°
[Phase 3: 预测控制] 目标当前估算Az=2.37°, 速度=0.46°/s
                   -> 打提前量(0.25s后)Az=2.48°, El=28.50° | 下发云台指令: Az=92.48°, El=28.50°
[GimbalAtt] cmd_id=22, elapsed=0.000s, actual_ctrl=(Az=92.34°, El=28.60°), actual_ui=(Az=2.34°, El=28.60°), target_ctrl=(Az=92.34°, El=28.50°), err=(dAz=0.00°, dEl=0.10°)
[GimbalSettled] cmd_id=22, track_id=1, settle_time=0.000s, actual_ctrl=(Az=92.34°, El=28.60°), target_ctrl=(Az=92.34°, El=28.50°), err=(dAz=0.00°, dEl=0.10°)
[Laser] No valid laser distance, use mono distance

[Phase 1: 视觉解析] 收到目标 cx=2448.0, cy=1080.0, mono=320.0m -> 解算绝对角度: Az=2.41°, El=28.50°
[Phase 3: 预测控制] 目标当前估算Az=2.41°, 速度=0.46°/s
                   -> 打提前量(0.25s后)Az=2.52°, El=28.50° | 下发云台指令: Az=92.52°, El=28.50°

[Phase 1: 视觉解析] 收到目标 cx=2456.0, cy=1080.0, mono=320.0m -> 解算绝对角度: Az=2.44°, El=28.50°
[Phase 3: 预测控制] 目标当前估算Az=2.44°, 速度=0.46°/s
                   -> 打提前量(0.25s后)Az=2.56°, El=28.50° | 下发云台指令: Az=92.56°, El=28.50°
[GimbalCmd] cmd_id=23, track_id=1, target_ctrl=(Az=92.56°, El=28.50°)

[Phase 1: 视觉解析] 收到目标 cx=2464.0, cy=1080.0, mono=320.0m -> 解算绝对角度: Az=2.48°, El=28.50°
[Phase 3: 预测控制] 目标当前估算Az=2.48°, 速度=0.46°/s
                   -> 打提前量(0.25s后)Az=2.59°, El=28.50° | 下发云台指令: Az=92.59°, El=28.50°

[Phase 1: 视觉解析] 收到目标 cx=2472.0, cy=1080.0, mono=320.0m -> 解算绝对角度: Az=2.52°, El=28.50°
[Phase 3: 预测控制] 目标当前估算Az=2.52°, 速度=0.46°/s
                   -> 打提前量(0.25s后)Az=2.63°, El=28.50° | 下发云台指令: Az=92.63°, El=28.50°

[Phase 1: 视觉解析] 收到目标 cx=2480.0, cy=1080.0, mono=320.0m -> 解算绝对角度: Az=2.55°, El=28.50°
[Phase 3: 预测控制] 目标当前估算Az=2.55°, 速度=0.46°/s
                   -> 打提前量(0.25s后)Az=2.67°, El=28.50° | 下发云台指令: Az=92.67°, El=28.50°

[Phase 1: 视觉解析] 收到目标 cx=2488.0, cy=1080.0, mono=320.0m -> 解算绝对角度: Az=2.59°, El=28.50°
[Phase 3: 预测控制] 目标当前估算Az=2.59°, 速度=0.46°/s
                   -> 打提前量(0.25s后)Az=2.70°, El=28.50° | 下发云台指令: Az=92.70°, El=28.50°
[GimbalAtt] cmd_id=23, elapsed=0.001s, actual_ctrl=(Az=92.56°, El=28.60°), actual_ui=(Az=2.56°, El=28.60°), target_ctrl=(Az=92.56°, El=28.50°), err=(dAz=0.00°, dEl=0.10°)
[GimbalSettled] cmd_id=23, track_id=1, settle_time=0.001s, actual_ctrl=(Az=92.56°, El=28.60°), target_ctrl=(Az=92.56°, El=28.50°), err=(dAz=0.00°, dEl=0.10°)
[Laser] No valid laser distance, use mono distance

[Phase 1: 视觉解析] 收到目标 cx=2496.0, cy=1080.0, mono=320.0m -> 解算绝对角度: Az=2.62°, El=28.50°
[Phase 3: 预测控制] 目标当前估算Az=2.63°, 速度=0.46°/s
                   -> 打提前量(0.25s后)Az=2.74°, El=28.50° | 下发云台指令: Az=92.74°, El=28.50°

[Phase 1: 视觉解析] 收到目标 cx=2504.0, cy=1080.0, mono=320.0m -> 解算绝对角度: Az=2.66°, El=28.50°
[Phase 3: 预测控制] 目标当前估算Az=2.66°, 速度=0.46°/s
                   -> 打提前量(0.25s后)Az=2.78°, El=28.50° | 下发云台指令: Az=92.78°, El=28.50°
[GimbalCmd] cmd_id=24, track_id=1, target_ctrl=(Az=92.78°, El=28.50°)

[Phase 1: 视觉解析] 收到目标 cx=2512.0, cy=1080.0, mono=320.0m -> 解算绝对角度: Az=2.70°, El=28.50°
[Phase 3: 预测控制] 目标当前估算Az=2.70°, 速度=0.46°/s
                   -> 打提前量(0.25s后)Az=2.81°, El=28.50° | 下发云台指令: Az=92.81°, El=28.50°

[Phase 1: 视觉解析] 收到目标 cx=2520.0, cy=1080.0, mono=320.0m -> 解算绝对角度: Az=2.73°, El=28.50°
[Phase 2: 目标调度] 基于威胁度(v=0.5°/s, dist=0.2°) 成功锁定目标 ID: 1. 准备交由云台跟踪!
[Phase 3: 预测控制] 目标当前估算Az=2.73°, 速度=0.46°/s
                   -> 打提前量(0.25s后)Az=2.85°, El=28.50° | 下发云台指令: Az=92.85°, El=28.50°

[Phase 1: 视觉解析] 收到目标 cx=2528.0, cy=1080.0, mono=320.0m -> 解算绝对角度: Az=2.77°, El=28.50°
[Phase 3: 预测控制] 目标当前估算Az=2.77°, 速度=0.46°/s
                   -> 打提前量(0.25s后)Az=2.88°, El=28.50° | 下发云台指令: Az=92.88°, El=28.50°

[Phase 1: 视觉解析] 收到目标 cx=2536.0, cy=1080.0, mono=320.0m -> 解算绝对角度: Az=2.81°, El=28.50°
[Phase 3: 预测控制] 目标当前估算Az=2.81°, 速度=0.46°/s
                   -> 打提前量(0.25s后)Az=2.92°, El=28.50° | 下发云台指令: Az=92.92°, El=28.50°
[GimbalAtt] cmd_id=24, elapsed=0.001s, actual_ctrl=(Az=92.78°, El=28.60°), actual_ui=(Az=2.78°, El=28.60°), target_ctrl=(Az=92.78°, El=28.50°), err=(dAz=0.00°, dEl=0.10°)
[GimbalSettled] cmd_id=24, track_id=1, settle_time=0.001s, actual_ctrl=(Az=92.78°, El=28.60°), target_ctrl=(Az=92.78°, El=28.50°), err=(dAz=0.00°, dEl=0.10°)
[Laser] No valid laser distance, use mono distance

[Phase 1: 视觉解析] 收到目标 cx=2544.0, cy=1080.0, mono=320.0m -> 解算绝对角度: Az=2.84°, El=28.50°
[Phase 3: 预测控制] 目标当前估算Az=2.84°, 速度=0.46°/s
                   -> 打提前量(0.25s后)Az=2.96°, El=28.50° | 下发云台指令: Az=92.96°, El=28.50°

[Phase 1: 视觉解析] 收到目标 cx=2552.0, cy=1080.0, mono=320.0m -> 解算绝对角度: Az=2.88°, El=28.50°
[Phase 3: 预测控制] 目标当前估算Az=2.88°, 速度=0.46°/s
                   -> 打提前量(0.25s后)Az=2.99°, El=28.50° | 下发云台指令: Az=92.99°, El=28.50°
[GimbalCmd] cmd_id=25, track_id=1, target_ctrl=(Az=92.99°, El=28.50°)

[Phase 1: 视觉解析] 收到目标 cx=2560.0, cy=1080.0, mono=320.0m -> 解算绝对角度: Az=2.92°, El=28.50°
[Phase 3: 预测控制] 目标当前估算Az=2.92°, 速度=0.46°/s
                   -> 打提前量(0.25s后)Az=3.03°, El=28.50° | 下发云台指令: Az=93.03°, El=28.50°

[Phase 1: 视觉解析] 收到目标 cx=2568.0, cy=1080.0, mono=320.0m -> 解算绝对角度: Az=2.95°, El=28.50°
[Phase 3: 预测控制] 目标当前估算Az=2.95°, 速度=0.46°/s
                   -> 打提前量(0.25s后)Az=3.07°, El=28.50° | 下发云台指令: Az=93.07°, El=28.50°

[Phase 1: 视觉解析] 收到目标 cx=2576.0, cy=1080.0, mono=320.0m -> 解算绝对角度: Az=2.99°, El=28.50°
[Phase 3: 预测控制] 目标当前估算Az=2.99°, 速度=0.46°/s
                   -> 打提前量(0.25s后)Az=3.10°, El=28.50° | 下发云台指令: Az=93.10°, El=28.50°

[Phase 1: 视觉解析] 收到目标 cx=2584.0, cy=1080.0, mono=320.0m -> 解算绝对角度: Az=3.03°, El=28.50°
[Phase 3: 预测控制] 目标当前估算Az=3.03°, 速度=0.46°/s
                   -> 打提前量(0.25s后)Az=3.14°, El=28.50° | 下发云台指令: Az=93.14°, El=28.50°
[GimbalAtt] cmd_id=25, elapsed=0.001s, actual_ctrl=(Az=92.99°, El=28.60°), actual_ui=(Az=2.99°, El=28.60°), target_ctrl=(Az=92.99°, El=28.50°), err=(dAz=0.00°, dEl=0.10°)
[GimbalSettled] cmd_id=25, track_id=1, settle_time=0.001s, actual_ctrl=(Az=92.99°, El=28.60°), target_ctrl=(Az=92.99°, El=28.50°), err=(dAz=0.00°, dEl=0.10°)
[Laser] No valid laser distance, use mono distance

[Phase 1: 视觉解析] 收到目标 cx=2592.0, cy=1080.0, mono=320.0m -> 解算绝对角度: Az=3.06°, El=28.50°
[Phase 3: 预测控制] 目标当前估算Az=3.07°, 速度=0.45°/s
                   -> 打提前量(0.25s后)Az=3.18°, El=28.50° | 下发云台指令: Az=93.18°, El=28.50°
