[Log] stdout/stderr -> logs/main_tracking_v9_20260409_154819.log
[Init] Connecting to Gimbal at /dev/ttyUSB0...
[GT06Z] Driver Ready on /dev/ttyUSB0.
[Adapter] GT06Z 云台已连接: /dev/ttyUSB0
[Net] Listening RK3588 on 8888...=== System V9.0 (Predictive Tracking & Scheduling) Running ===

[GimbalThread] 控制线程已启动

[Phase 1: 视觉解析] 收到目标 cx=700.0, cy=1080.0, mono=320.0m -> 解算绝对角度: Az=354.44°, El=28.50°
[Stats] recv_objs_total=1, recv_unique_boxes=1 | ui_send_total=0, ui_unique_ids=0, ui_id_counts=none

[Phase 1: 视觉解析] 收到目标 cx=713.3, cy=1080.0, mono=320.0m -> 解算绝对角度: Az=354.50°, El=28.50°

[Phase 1: 视觉解析] 收到目标 cx=726.7, cy=1080.0, mono=320.0m -> 解算绝对角度: Az=354.56°, El=28.50°
[TargetAcquire] reason=initial_acquire, master_id=1, score=-39.42, candidates=id=1, score=-39.42, speed=0.09deg/s, dist=40.70deg, hits=3, stab=1.11
[Phase 3: 预测控制] 目标当前估算Az=354.51°, 速度=0.09°/s
                   -> 打提前量(0.25s后)Az=354.53°, El=28.50° | 下发云台指令: Az=84.53°, El=28.50°

[Phase 1: 视觉解析] 收到目标 cx=740.0, cy=1080.0, mono=320.0m -> 解算绝对角度: Az=354.62°, El=28.50°
[Phase 3: 预测控制] 目标当前估算Az=354.56°, 速度=0.18°/s
                   -> 打提前量(0.25s后)Az=354.60°, El=28.50° | 下发云台指令: Az=84.60°, El=28.50°

[Phase 1: 视觉解析] 收到目标 cx=753.3, cy=1080.0, mono=320.0m -> 解算绝对角度: Az=354.68°, El=28.50°
[Phase 3: 预测控制] 目标当前估算Az=354.61°, 速度=0.28°/s
                   -> 打提前量(0.25s后)Az=354.68°, El=28.50° | 下发云台指令: Az=84.68°, El=28.50°
[GimbalCmd] cmd_id=1, track_id=1, target_ctrl=(Az=84.53°, El=28.50°)

[Phase 1: 视觉解析] 收到目标 cx=766.7, cy=1080.0, mono=320.0m -> 解算绝对角度: Az=354.74°, El=28.50°
[Phase 3: 预测控制] 目标当前估算Az=354.68°, 速度=0.37°/s
                   -> 打提前量(0.25s后)Az=354.77°, El=28.50° | 下发云台指令: Az=84.77°, El=28.50°

[Phase 1: 视觉解析] 收到目标 cx=780.0, cy=1080.0, mono=320.0m -> 解算绝对角度: Az=354.80°, El=28.50°
[Phase 3: 预测控制] 目标当前估算Az=354.74°, 速度=0.46°/s
                   -> 打提前量(0.25s后)Az=354.86°, El=28.50° | 下发云台指令: Az=84.86°, El=28.50°

[Phase 1: 视觉解析] 收到目标 cx=793.3, cy=1080.0, mono=320.0m -> 解算绝对角度: Az=354.87°, El=28.50°
[Phase 3: 预测控制] 目标当前估算Az=354.81°, 速度=0.52°/s
                   -> 打提前量(0.25s后)Az=354.94°, El=28.50° | 下发云台指令: Az=84.94°, El=28.50°

[Phase 1: 视觉解析] 收到目标 cx=806.7, cy=1080.0, mono=320.0m -> 解算绝对角度: Az=354.93°, El=28.50°
[Phase 3: 预测控制] 目标当前估算Az=354.88°, 速度=0.57°/s
                   -> 打提前量(0.25s后)Az=355.02°, El=28.50° | 下发云台指令: Az=85.02°, El=28.50°
[GimbalAtt] cmd_id=1, elapsed=0.041s, actual_ctrl=(Az=97.20°, El=-9.90°), actual_ui=(Az=7.20°, El=-9.90°), target_ctrl=(Az=84.53°, El=28.50°), err=(dAz=12.67°, dEl=38.40°)

[Phase 1: 视觉解析] 收到目标 cx=820.0, cy=1080.0, mono=320.0m -> 解算绝对角度: Az=354.99°, El=28.50°
[Phase 3: 预测控制] 目标当前估算Az=354.95°, 速度=0.61°/s
                   -> 打提前量(0.25s后)Az=355.10°, El=28.50° | 下发云台指令: Az=85.10°, El=28.50°

[Phase 1: 视觉解析] 收到目标 cx=833.3, cy=1080.0, mono=320.0m -> 解算绝对角度: Az=355.05°, El=28.50°
[Phase 3: 预测控制] 目标当前估算Az=355.01°, 速度=0.64°/s
                   -> 打提前量(0.25s后)Az=355.17°, El=28.50° | 下发云台指令: Az=85.17°, El=28.50°

[Phase 1: 视觉解析] 收到目标 cx=846.7, cy=1080.0, mono=320.0m -> 解算绝对角度: Az=355.11°, El=28.50°
[Phase 3: 预测控制] 目标当前估算Az=355.08°, 速度=0.66°/s
                   -> 打提前量(0.25s后)Az=355.24°, El=28.50° | 下发云台指令: Az=85.24°, El=28.50°

[Phase 1: 视觉解析] 收到目标 cx=860.0, cy=1080.0, mono=320.0m -> 解算绝对角度: Az=355.17°, El=28.50°
[Phase 3: 预测控制] 目标当前估算Az=355.14°, 速度=0.68°/s
                   -> 打提前量(0.25s后)Az=355.31°, El=28.50° | 下发云台指令: Az=85.31°, El=28.50°
[GimbalAtt] cmd_id=1, elapsed=0.303s, actual_ctrl=(Az=93.40°, El=-8.90°), actual_ui=(Az=3.40°, El=-8.90°), target_ctrl=(Az=84.53°, El=28.50°), err=(dAz=8.87°, dEl=37.40°)

[Phase 1: 视觉解析] 收到目标 cx=873.3, cy=1080.0, mono=320.0m -> 解算绝对角度: Az=355.23°, El=28.50°
[Phase 3: 预测控制] 目标当前估算Az=355.21°, 速度=0.69°/s
                   -> 打提前量(0.25s后)Az=355.38°, El=28.50° | 下发云台指令: Az=85.38°, El=28.50°
[GimbalCmd] preempt cmd_id=4, track_id=1, target_ctrl=(Az=85.24°, El=28.50°), delta=0.71°

[Phase 1: 视觉解析] 收到目标 cx=886.7, cy=1080.0, mono=320.0m -> 解算绝对角度: Az=355.29°, El=28.50°
[Phase 3: 预测控制] 目标当前估算Az=355.28°, 速度=0.70°/s
                   -> 打提前量(0.25s后)Az=355.45°, El=28.50° | 下发云台指令: Az=85.45°, El=28.50°

[Phase 1: 视觉解析] 收到目标 cx=900.0, cy=1080.0, mono=320.0m -> 解算绝对角度: Az=355.35°, El=28.50°
[Phase 3: 预测控制] 目标当前估算Az=355.34°, 速度=0.71°/s
                   -> 打提前量(0.25s后)Az=355.52°, El=28.50° | 下发云台指令: Az=85.52°, El=28.50°

[Phase 1: 视觉解析] 收到目标 cx=913.3, cy=1080.0, mono=320.0m -> 解算绝对角度: Az=355.41°, El=28.50°
[Phase 3: 预测控制] 目标当前估算Az=355.40°, 速度=0.72°/s
                   -> 打提前量(0.25s后)Az=355.58°, El=28.50° | 下发云台指令: Az=85.58°, El=28.50°
[GimbalAtt] cmd_id=4, elapsed=0.000s, actual_ctrl=(Az=86.10°, El=-6.40°), actual_ui=(Az=356.10°, El=-6.40°), target_ctrl=(Az=85.24°, El=28.50°), err=(dAz=0.86°, dEl=34.90°)

[Phase 1: 视觉解析] 收到目标 cx=926.7, cy=1080.0, mono=320.0m -> 解算绝对角度: Az=355.47°, El=28.50°
[Phase 3: 预测控制] 目标当前估算Az=355.46°, 速度=0.72°/s
                   -> 打提前量(0.25s后)Az=355.64°, El=28.50° | 下发云台指令: Az=85.64°, El=28.50°

[Phase 1: 视觉解析] 收到目标 cx=940.0, cy=1080.0, mono=320.0m -> 解算绝对角度: Az=355.53°, El=28.50°
[Phase 3: 预测控制] 目标当前估算Az=355.52°, 速度=0.73°/s
                   -> 打提前量(0.25s后)Az=355.71°, El=28.50° | 下发云台指令: Az=85.71°, El=28.50°

[Phase 1: 视觉解析] 收到目标 cx=953.3, cy=1080.0, mono=320.0m -> 解算绝对角度: Az=355.59°, El=28.50°
[Phase 3: 预测控制] 目标当前估算Az=355.59°, 速度=0.73°/s
                   -> 打提前量(0.25s后)Az=355.77°, El=28.50° | 下发云台指令: Az=85.77°, El=28.50°

[Phase 1: 视觉解析] 收到目标 cx=966.7, cy=1080.0, mono=320.0m -> 解算绝对角度: Az=355.66°, El=28.50°
[Phase 3: 预测控制] 目标当前估算Az=355.65°, 速度=0.74°/s
                   -> 打提前量(0.25s后)Az=355.83°, El=28.50° | 下发云台指令: Az=85.83°, El=28.50°
[GimbalAtt] cmd_id=4, elapsed=0.254s, actual_ctrl=(Az=85.10°, El=-6.40°), actual_ui=(Az=355.10°, El=-6.40°), target_ctrl=(Az=85.24°, El=28.50°), err=(dAz=0.14°, dEl=34.90°)

[Phase 1: 视觉解析] 收到目标 cx=980.0, cy=1080.0, mono=320.0m -> 解算绝对角度: Az=355.72°, El=28.50°
[Phase 3: 预测控制] 目标当前估算Az=355.71°, 速度=0.74°/s
                   -> 打提前量(0.25s后)Az=355.89°, El=28.50° | 下发云台指令: Az=85.89°, El=28.50°

[Phase 1: 视觉解析] 收到目标 cx=993.3, cy=1080.0, mono=320.0m -> 解算绝对角度: Az=355.78°, El=28.50°
[Phase 3: 预测控制] 目标当前估算Az=355.78°, 速度=0.74°/s
                   -> 打提前量(0.25s后)Az=355.96°, El=28.50° | 下发云台指令: Az=85.96°, El=28.50°

[Phase 1: 视觉解析] 收到目标 cx=1006.7, cy=1080.0, mono=320.0m -> 解算绝对角度: Az=355.84°, El=28.50°
[Phase 3: 预测控制] 目标当前估算Az=355.84°, 速度=0.74°/s
                   -> 打提前量(0.25s后)Az=356.02°, El=28.50° | 下发云台指令: Az=86.02°, El=28.50°

[Phase 1: 视觉解析] 收到目标 cx=1020.0, cy=1080.0, mono=320.0m -> 解算绝对角度: Az=355.90°, El=28.50°
[Phase 3: 预测控制] 目标当前估算Az=355.90°, 速度=0.74°/s
                   -> 打提前量(0.25s后)Az=356.08°, El=28.50° | 下发云台指令: Az=86.08°, El=28.50°
[GimbalAtt] cmd_id=4, elapsed=0.536s, actual_ctrl=(Az=85.10°, El=0.30°), actual_ui=(Az=355.10°, El=0.30°), target_ctrl=(Az=85.24°, El=28.50°), err=(dAz=0.14°, dEl=28.20°)
[GimbalCmd] preempt cmd_id=7, track_id=1, target_ctrl=(Az=85.96°, El=28.50°), delta=0.72°

[Phase 1: 视觉解析] 收到目标 cx=1033.3, cy=1080.0, mono=320.0m -> 解算绝对角度: Az=355.96°, El=28.50°
[TargetKeep] reason=lock_timer_expired, master_id=1, score=-27.94, candidates=id=1, score=-27.94, speed=0.74deg/s, dist=28.21deg, hits=26, stab=2.44, hold=1.15x
[Phase 3: 预测控制] 目标当前估算Az=355.96°, 速度=0.74°/s
                   -> 打提前量(0.25s后)Az=356.15°, El=28.50° | 下发云台指令: Az=86.15°, El=28.50°

[Phase 1: 视觉解析] 收到目标 cx=1046.7, cy=1080.0, mono=320.0m -> 解算绝对角度: Az=356.02°, El=28.50°
[Phase 3: 预测控制] 目标当前估算Az=356.02°, 速度=0.74°/s
                   -> 打提前量(0.25s后)Az=356.21°, El=28.50° | 下发云台指令: Az=86.21°, El=28.50°

[Phase 1: 视觉解析] 收到目标 cx=1060.0, cy=1080.0, mono=320.0m -> 解算绝对角度: Az=356.08°, El=28.50°
[Phase 3: 预测控制] 目标当前估算Az=356.08°, 速度=0.74°/s
                   -> 打提前量(0.25s后)Az=356.27°, El=28.50° | 下发云台指令: Az=86.27°, El=28.50°

[Phase 1: 视觉解析] 收到目标 cx=1073.3, cy=1080.0, mono=320.0m -> 解算绝对角度: Az=356.14°, El=28.50°
[Phase 3: 预测控制] 目标当前估算Az=356.14°, 速度=0.74°/s
                   -> 打提前量(0.25s后)Az=356.33°, El=28.50° | 下发云台指令: Az=86.33°, El=28.50°
[GimbalAtt] cmd_id=7, elapsed=0.000s, actual_ctrl=(Az=85.80°, El=4.90°), actual_ui=(Az=355.80°, El=4.90°), target_ctrl=(Az=85.96°, El=28.50°), err=(dAz=0.16°, dEl=23.60°)

[Phase 1: 视觉解析] 收到目标 cx=1086.7, cy=1080.0, mono=320.0m -> 解算绝对角度: Az=356.20°, El=28.50°
[Phase 3: 预测控制] 目标当前估算Az=356.20°, 速度=0.74°/s
                   -> 打提前量(0.25s后)Az=356.39°, El=28.50° | 下发云台指令: Az=86.39°, El=28.50°

[Phase 1: 视觉解析] 收到目标 cx=1100.0, cy=1080.0, mono=320.0m -> 解算绝对角度: Az=356.26°, El=28.50°
[Phase 3: 预测控制] 目标当前估算Az=356.27°, 速度=0.74°/s
                   -> 打提前量(0.25s后)Az=356.45°, El=28.50° | 下发云台指令: Az=86.45°, El=28.50°
[Stats] recv_objs_total=31, recv_unique_boxes=31 | ui_send_total=29, ui_unique_ids=1, ui_id_counts=1:29

[Phase 1: 视觉解析] 收到目标 cx=1113.3, cy=1080.0, mono=320.0m -> 解算绝对角度: Az=356.32°, El=28.50°
[Phase 3: 预测控制] 目标当前估算Az=356.32°, 速度=0.74°/s
                   -> 打提前量(0.25s后)Az=356.51°, El=28.50° | 下发云台指令: Az=86.51°, El=28.50°

[Phase 1: 视觉解析] 收到目标 cx=1126.7, cy=1080.0, mono=320.0m -> 解算绝对角度: Az=356.38°, El=28.50°
[Phase 3: 预测控制] 目标当前估算Az=356.38°, 速度=0.74°/s
                   -> 打提前量(0.25s后)Az=356.57°, El=28.50° | 下发云台指令: Az=86.57°, El=28.50°
[GimbalAtt] cmd_id=7, elapsed=0.242s, actual_ctrl=(Az=85.80°, El=4.90°), actual_ui=(Az=355.80°, El=4.90°), target_ctrl=(Az=85.96°, El=28.50°), err=(dAz=0.16°, dEl=23.60°)

[Phase 1: 视觉解析] 收到目标 cx=1140.0, cy=1080.0, mono=320.0m -> 解算绝对角度: Az=356.45°, El=28.50°
[Phase 3: 预测控制] 目标当前估算Az=356.47°, 速度=0.72°/s
                   -> 打提前量(0.25s后)Az=356.65°, El=28.50° | 下发云台指令: Az=86.65°, El=28.50°

[Phase 1: 视觉解析] 收到目标 cx=1153.3, cy=1080.0, mono=320.0m -> 解算绝对角度: Az=356.51°, El=28.50°
[Phase 3: 预测控制] 目标当前估算Az=356.52°, 速度=0.72°/s
                   -> 打提前量(0.25s后)Az=356.70°, El=28.50° | 下发云台指令: Az=86.70°, El=28.50°

[Phase 1: 视觉解析] 收到目标 cx=1166.7, cy=1080.0, mono=320.0m -> 解算绝对角度: Az=356.57°, El=28.50°
[Phase 3: 预测控制] 目标当前估算Az=356.57°, 速度=0.71°/s
                   -> 打提前量(0.25s后)Az=356.75°, El=28.50° | 下发云台指令: Az=86.75°, El=28.50°

[Phase 1: 视觉解析] 收到目标 cx=1180.0, cy=1080.0, mono=320.0m -> 解算绝对角度: Az=356.63°, El=28.50°
[Phase 3: 预测控制] 目标当前估算Az=356.63°, 速度=0.71°/s
                   -> 打提前量(0.25s后)Az=356.81°, El=28.50° | 下发云台指令: Az=86.81°, El=28.50°
[GimbalAtt] cmd_id=7, elapsed=0.524s, actual_ctrl=(Az=85.80°, El=12.20°), actual_ui=(Az=355.80°, El=12.20°), target_ctrl=(Az=85.96°, El=28.50°), err=(dAz=0.16°, dEl=16.30°)

[Phase 1: 视觉解析] 收到目标 cx=1193.3, cy=1080.0, mono=320.0m -> 解算绝对角度: Az=356.69°, El=28.50°
[Phase 3: 预测控制] 目标当前估算Az=356.69°, 速度=0.71°/s
                   -> 打提前量(0.25s后)Az=356.87°, El=28.50° | 下发云台指令: Az=86.87°, El=28.50°
[GimbalCmd] preempt cmd_id=10, track_id=1, target_ctrl=(Az=86.70°, El=28.50°), delta=0.74°

[Phase 1: 视觉解析] 收到目标 cx=1206.7, cy=1080.0, mono=320.0m -> 解算绝对角度: Az=356.75°, El=28.50°
[Phase 3: 预测控制] 目标当前估算Az=356.75°, 速度=0.71°/s
                   -> 打提前量(0.25s后)Az=356.93°, El=28.50° | 下发云台指令: Az=86.93°, El=28.50°

[Phase 1: 视觉解析] 收到目标 cx=1220.0, cy=1080.0, mono=320.0m -> 解算绝对角度: Az=356.81°, El=28.50°
[Phase 3: 预测控制] 目标当前估算Az=356.81°, 速度=0.71°/s
                   -> 打提前量(0.25s后)Az=356.99°, El=28.50° | 下发云台指令: Az=86.99°, El=28.50°

[Phase 1: 视觉解析] 收到目标 cx=1233.3, cy=1080.0, mono=320.0m -> 解算绝对角度: Az=356.87°, El=28.50°
[Phase 3: 预测控制] 目标当前估算Az=356.87°, 速度=0.71°/s
                   -> 打提前量(0.25s后)Az=357.05°, El=28.50° | 下发云台指令: Az=87.05°, El=28.50°

[Phase 1: 视觉解析] 收到目标 cx=1246.7, cy=1080.0, mono=320.0m -> 解算绝对角度: Az=356.93°, El=28.50°
[Phase 3: 预测控制] 目标当前估算Az=356.93°, 速度=0.71°/s
                   -> 打提前量(0.25s后)Az=357.10°, El=28.50° | 下发云台指令: Az=87.10°, El=28.50°
[GimbalAtt] cmd_id=10, elapsed=0.000s, actual_ctrl=(Az=86.50°, El=16.90°), actual_ui=(Az=356.50°, El=16.90°), target_ctrl=(Az=86.70°, El=28.50°), err=(dAz=0.20°, dEl=11.60°)

[Phase 1: 视觉解析] 收到目标 cx=1260.0, cy=1080.0, mono=320.0m -> 解算绝对角度: Az=356.99°, El=28.50°
[Phase 3: 预测控制] 目标当前估算Az=356.99°, 速度=0.72°/s
                   -> 打提前量(0.25s后)Az=357.17°, El=28.50° | 下发云台指令: Az=87.17°, El=28.50°

[Phase 1: 视觉解析] 收到目标 cx=1273.3, cy=1080.0, mono=320.0m -> 解算绝对角度: Az=357.05°, El=28.50°
[Phase 3: 预测控制] 目标当前估算Az=357.05°, 速度=0.72°/s
                   -> 打提前量(0.25s后)Az=357.23°, El=28.50° | 下发云台指令: Az=87.23°, El=28.50°

[Phase 1: 视觉解析] 收到目标 cx=1286.7, cy=1080.0, mono=320.0m -> 解算绝对角度: Az=357.11°, El=28.50°
[Phase 3: 预测控制] 目标当前估算Az=357.11°, 速度=0.72°/s
                   -> 打提前量(0.25s后)Az=357.29°, El=28.50° | 下发云台指令: Az=87.29°, El=28.50°

[Phase 1: 视觉解析] 收到目标 cx=1300.0, cy=1080.0, mono=320.0m -> 解算绝对角度: Az=357.17°, El=28.50°
[Phase 3: 预测控制] 目标当前估算Az=357.17°, 速度=0.73°/s
                   -> 打提前量(0.25s后)Az=357.35°, El=28.50° | 下发云台指令: Az=87.35°, El=28.50°
[GimbalAtt] cmd_id=10, elapsed=0.355s, actual_ctrl=(Az=86.50°, El=21.60°), actual_ui=(Az=356.50°, El=21.60°), target_ctrl=(Az=86.70°, El=28.50°), err=(dAz=0.20°, dEl=6.90°)

[Phase 1: 视觉解析] 收到目标 cx=1313.3, cy=1080.0, mono=320.0m -> 解算绝对角度: Az=357.24°, El=28.50°
[Phase 3: 预测控制] 目标当前估算Az=357.23°, 速度=0.73°/s
                   -> 打提前量(0.25s后)Az=357.41°, El=28.50° | 下发云台指令: Az=87.41°, El=28.50°

[Phase 1: 视觉解析] 收到目标 cx=1326.7, cy=1080.0, mono=320.0m -> 解算绝对角度: Az=357.30°, El=28.50°
[Phase 3: 预测控制] 目标当前估算Az=357.29°, 速度=0.73°/s
                   -> 打提前量(0.25s后)Az=357.47°, El=28.50° | 下发云台指令: Az=87.47°, El=28.50°

[Phase 1: 视觉解析] 收到目标 cx=1340.0, cy=1080.0, mono=320.0m -> 解算绝对角度: Az=357.36°, El=28.50°
[TargetKeep] reason=lock_timer_expired, master_id=1, score=-3.50, candidates=id=1, score=-3.50, speed=0.74deg/s, dist=6.95deg, hits=49, stab=2.44, hold=1.15x
[Phase 3: 预测控制] 目标当前估算Az=357.35°, 速度=0.74°/s
                   -> 打提前量(0.25s后)Az=357.53°, El=28.50° | 下发云台指令: Az=87.53°, El=28.50°

[Phase 1: 视觉解析] 收到目标 cx=1353.3, cy=1080.0, mono=320.0m -> 解算绝对角度: Az=357.42°, El=28.50°
[Phase 3: 预测控制] 目标当前估算Az=357.41°, 速度=0.74°/s
                   -> 打提前量(0.25s后)Az=357.60°, El=28.50° | 下发云台指令: Az=87.60°, El=28.50°
[GimbalAtt] cmd_id=10, elapsed=0.618s, actual_ctrl=(Az=86.50°, El=25.40°), actual_ui=(Az=356.50°, El=25.40°), target_ctrl=(Az=86.70°, El=28.50°), err=(dAz=0.20°, dEl=3.10°)

[Phase 1: 视觉解析] 收到目标 cx=1366.7, cy=1080.0, mono=320.0m -> 解算绝对角度: Az=357.48°, El=28.50°
[Phase 3: 预测控制] 目标当前估算Az=357.47°, 速度=0.74°/s
                   -> 打提前量(0.25s后)Az=357.66°, El=28.50° | 下发云台指令: Az=87.66°, El=28.50°
[GimbalCmd] preempt cmd_id=13, track_id=1, target_ctrl=(Az=87.41°, El=28.50°), delta=0.71°

[Phase 1: 视觉解析] 收到目标 cx=1380.0, cy=1080.0, mono=320.0m -> 解算绝对角度: Az=357.54°, El=28.50°
[Phase 3: 预测控制] 目标当前估算Az=357.53°, 速度=0.74°/s
                   -> 打提前量(0.25s后)Az=357.72°, El=28.50° | 下发云台指令: Az=87.72°, El=28.50°

[Phase 1: 视觉解析] 收到目标 cx=1393.3, cy=1080.0, mono=320.0m -> 解算绝对角度: Az=357.60°, El=28.50°
[Phase 3: 预测控制] 目标当前估算Az=357.60°, 速度=0.75°/s
                   -> 打提前量(0.25s后)Az=357.78°, El=28.50° | 下发云台指令: Az=87.78°, El=28.50°

[Phase 1: 视觉解析] 收到目标 cx=1406.7, cy=1080.0, mono=320.0m -> 解算绝对角度: Az=357.66°, El=28.50°
[Phase 3: 预测控制] 目标当前估算Az=357.66°, 速度=0.75°/s
                   -> 打提前量(0.25s后)Az=357.85°, El=28.50° | 下发云台指令: Az=87.85°, El=28.50°

[Phase 1: 视觉解析] 收到目标 cx=1420.0, cy=1080.0, mono=320.0m -> 解算绝对角度: Az=357.72°, El=28.50°
[Phase 3: 预测控制] 目标当前估算Az=357.72°, 速度=0.75°/s
                   -> 打提前量(0.25s后)Az=357.91°, El=28.50° | 下发云台指令: Az=87.91°, El=28.50°
[GimbalAtt] cmd_id=13, elapsed=0.000s, actual_ctrl=(Az=86.50°, El=28.50°), actual_ui=(Az=356.50°, El=28.50°), target_ctrl=(Az=87.41°, El=28.50°), err=(dAz=0.91°, dEl=0.00°)

[Phase 1: 视觉解析] 收到目标 cx=1433.3, cy=1080.0, mono=320.0m -> 解算绝对角度: Az=357.78°, El=28.50°
[Phase 3: 预测控制] 目标当前估算Az=357.78°, 速度=0.75°/s
                   -> 打提前量(0.25s后)Az=357.97°, El=28.50° | 下发云台指令: Az=87.97°, El=28.50°

[Phase 1: 视觉解析] 收到目标 cx=1446.7, cy=1080.0, mono=320.0m -> 解算绝对角度: Az=357.84°, El=28.50°
[Phase 3: 预测控制] 目标当前估算Az=357.85°, 速度=0.74°/s
                   -> 打提前量(0.25s后)Az=358.03°, El=28.50° | 下发云台指令: Az=88.03°, El=28.50°

[Phase 1: 视觉解析] 收到目标 cx=1460.0, cy=1080.0, mono=320.0m -> 解算绝对角度: Az=357.90°, El=28.50°
[Phase 3: 预测控制] 目标当前估算Az=357.91°, 速度=0.74°/s
                   -> 打提前量(0.25s后)Az=358.09°, El=28.50° | 下发云台指令: Az=88.09°, El=28.50°

[Phase 1: 视觉解析] 收到目标 cx=1473.3, cy=1080.0, mono=320.0m -> 解算绝对角度: Az=357.96°, El=28.50°
[Phase 3: 预测控制] 目标当前估算Az=357.96°, 速度=0.74°/s
                   -> 打提前量(0.25s后)Az=358.15°, El=28.50° | 下发云台指令: Az=88.15°, El=28.50°
[GimbalAtt] cmd_id=13, elapsed=0.323s, actual_ctrl=(Az=86.50°, El=28.60°), actual_ui=(Az=356.50°, El=28.60°), target_ctrl=(Az=87.41°, El=28.50°), err=(dAz=0.91°, dEl=0.10°)
[GimbalCmd] preempt cmd_id=16, track_id=1, target_ctrl=(Az=88.15°, El=28.50°), delta=0.74°

[Phase 1: 视觉解析] 收到目标 cx=1486.7, cy=1080.0, mono=320.0m -> 解算绝对角度: Az=358.03°, El=28.50°
[Phase 3: 预测控制] 目标当前估算Az=358.03°, 速度=0.74°/s
                   -> 打提前量(0.25s后)Az=358.21°, El=28.50° | 下发云台指令: Az=88.21°, El=28.50°

[Phase 1: 视觉解析] 收到目标 cx=1500.0, cy=1080.0, mono=320.0m -> 解算绝对角度: Az=358.09°, El=28.50°
[Phase 3: 预测控制] 目标当前估算Az=358.09°, 速度=0.74°/s
                   -> 打提前量(0.25s后)Az=358.27°, El=28.50° | 下发云台指令: Az=88.27°, El=28.50°

[Phase 1: 视觉解析] 收到目标 cx=1513.3, cy=1080.0, mono=320.0m -> 解算绝对角度: Az=358.15°, El=28.50°
[Phase 3: 预测控制] 目标当前估算Az=358.15°, 速度=0.74°/s
                   -> 打提前量(0.25s后)Az=358.33°, El=28.50° | 下发云台指令: Az=88.33°, El=28.50°
[Stats] recv_objs_total=62, recv_unique_boxes=62 | ui_send_total=60, ui_unique_ids=1, ui_id_counts=1:60
[GimbalAtt] cmd_id=16, elapsed=0.000s, actual_ctrl=(Az=87.30°, El=28.60°), actual_ui=(Az=357.30°, El=28.60°), target_ctrl=(Az=88.15°, El=28.50°), err=(dAz=0.85°, dEl=0.10°)

[Phase 1: 视觉解析] 收到目标 cx=1526.7, cy=1080.0, mono=320.0m -> 解算绝对角度: Az=358.21°, El=28.50°
[Phase 3: 预测控制] 目标当前估算Az=358.21°, 速度=0.74°/s
                   -> 打提前量(0.25s后)Az=358.39°, El=28.50° | 下发云台指令: Az=88.39°, El=28.50°

[Phase 1: 视觉解析] 收到目标 cx=1540.0, cy=1080.0, mono=320.0m -> 解算绝对角度: Az=358.27°, El=28.50°
[Phase 3: 预测控制] 目标当前估算Az=358.27°, 速度=0.74°/s
                   -> 打提前量(0.25s后)Az=358.45°, El=28.50° | 下发云台指令: Az=88.45°, El=28.50°

[Phase 1: 视觉解析] 收到目标 cx=1553.3, cy=1080.0, mono=320.0m -> 解算绝对角度: Az=358.33°, El=28.50°
[Phase 3: 预测控制] 目标当前估算Az=358.33°, 速度=0.74°/s
                   -> 打提前量(0.25s后)Az=358.51°, El=28.50° | 下发云台指令: Az=88.51°, El=28.50°

[Phase 1: 视觉解析] 收到目标 cx=1566.7, cy=1080.0, mono=320.0m -> 解算绝对角度: Az=358.39°, El=28.50°
[Phase 3: 预测控制] 目标当前估算Az=358.39°, 速度=0.74°/s
                   -> 打提前量(0.25s后)Az=358.57°, El=28.50° | 下发云台指令: Az=88.57°, El=28.50°

[Phase 1: 视觉解析] 收到目标 cx=1580.0, cy=1080.0, mono=320.0m -> 解算绝对角度: Az=358.45°, El=28.50°
[Phase 3: 预测控制] 目标当前估算Az=358.45°, 速度=0.75°/s
                   -> 打提前量(0.25s后)Az=358.63°, El=28.50° | 下发云台指令: Az=88.63°, El=28.50°
[GimbalAtt] cmd_id=16, elapsed=0.242s, actual_ctrl=(Az=88.10°, El=28.60°), actual_ui=(Az=358.10°, El=28.60°), target_ctrl=(Az=88.15°, El=28.50°), err=(dAz=0.05°, dEl=0.10°)
[GimbalSettled] cmd_id=16, track_id=1, settle_time=0.242s, actual_ctrl=(Az=88.10°, El=28.60°), target_ctrl=(Az=88.15°, El=28.50°), err=(dAz=0.05°, dEl=0.10°)
[Laser] No valid laser distance, use mono distance
[GimbalCmd] cmd_id=18, track_id=1, target_ctrl=(Az=88.63°, El=28.50°)

[Phase 1: 视觉解析] 收到目标 cx=1593.3, cy=1080.0, mono=320.0m -> 解算绝对角度: Az=358.51°, El=28.50°
[Phase 3: 预测控制] 目标当前估算Az=358.51°, 速度=0.75°/s
                   -> 打提前量(0.25s后)Az=358.70°, El=28.50° | 下发云台指令: Az=88.70°, El=28.50°

[Phase 1: 视觉解析] 收到目标 cx=1606.7, cy=1080.0, mono=320.0m -> 解算绝对角度: Az=358.57°, El=28.50°
[Phase 3: 预测控制] 目标当前估算Az=358.57°, 速度=0.75°/s
                   -> 打提前量(0.25s后)Az=358.76°, El=28.50° | 下发云台指令: Az=88.76°, El=28.50°

[Phase 1: 视觉解析] 收到目标 cx=1620.0, cy=1080.0, mono=320.0m -> 解算绝对角度: Az=358.63°, El=28.50°
[Phase 3: 预测控制] 目标当前估算Az=358.63°, 速度=0.75°/s
                   -> 打提前量(0.25s后)Az=358.82°, El=28.50° | 下发云台指令: Az=88.82°, El=28.50°

[Phase 1: 视觉解析] 收到目标 cx=1633.3, cy=1080.0, mono=320.0m -> 解算绝对角度: Az=358.69°, El=28.50°
[Phase 3: 预测控制] 目标当前估算Az=358.69°, 速度=0.75°/s
                   -> 打提前量(0.25s后)Az=358.88°, El=28.50° | 下发云台指令: Az=88.88°, El=28.50°

[Phase 1: 视觉解析] 收到目标 cx=1646.7, cy=1080.0, mono=320.0m -> 解算绝对角度: Az=358.75°, El=28.50°
[TargetKeep] reason=lock_timer_expired, master_id=1, score=3.75, candidates=id=1, score=3.75, speed=0.75deg/s, dist=0.66deg, hits=72, stab=2.44, hold=1.15x
[Phase 3: 预测控制] 目标当前估算Az=358.76°, 速度=0.75°/s
                   -> 打提前量(0.25s后)Az=358.94°, El=28.50° | 下发云台指令: Az=88.94°, El=28.50°
[GimbalAtt] cmd_id=18, elapsed=0.000s, actual_ctrl=(Az=88.63°, El=28.60°), actual_ui=(Az=358.63°, El=28.60°), target_ctrl=(Az=88.63°, El=28.50°), err=(dAz=0.00°, dEl=0.10°)
[GimbalSettled] cmd_id=18, track_id=1, settle_time=0.000s, actual_ctrl=(Az=88.63°, El=28.60°), target_ctrl=(Az=88.63°, El=28.50°), err=(dAz=0.00°, dEl=0.10°)
[Laser] No valid laser distance, use mono distance
[GimbalCmd] cmd_id=19, track_id=1, target_ctrl=(Az=88.88°, El=28.50°)

[Phase 1: 视觉解析] 收到目标 cx=1660.0, cy=1080.0, mono=320.0m -> 解算绝对角度: Az=358.82°, El=28.50°
[Phase 3: 预测控制] 目标当前估算Az=358.82°, 速度=0.75°/s
                   -> 打提前量(0.25s后)Az=359.00°, El=28.50° | 下发云台指令: Az=89.00°, El=28.50°

[Phase 1: 视觉解析] 收到目标 cx=1673.3, cy=1080.0, mono=320.0m -> 解算绝对角度: Az=358.88°, El=28.50°
[Phase 3: 预测控制] 目标当前估算Az=358.88°, 速度=0.75°/s
                   -> 打提前量(0.25s后)Az=359.06°, El=28.50° | 下发云台指令: Az=89.06°, El=28.50°

[Phase 1: 视觉解析] 收到目标 cx=1686.7, cy=1080.0, mono=320.0m -> 解算绝对角度: Az=358.94°, El=28.50°
[Phase 3: 预测控制] 目标当前估算Az=358.94°, 速度=0.75°/s
                   -> 打提前量(0.25s后)Az=359.12°, El=28.50° | 下发云台指令: Az=89.12°, El=28.50°

[Phase 1: 视觉解析] 收到目标 cx=1700.0, cy=1080.0, mono=320.0m -> 解算绝对角度: Az=359.00°, El=28.50°
[Phase 3: 预测控制] 目标当前估算Az=359.00°, 速度=0.75°/s
                   -> 打提前量(0.25s后)Az=359.18°, El=28.50° | 下发云台指令: Az=89.18°, El=28.50°

[Phase 1: 视觉解析] 收到目标 cx=1713.3, cy=1080.0, mono=320.0m -> 解算绝对角度: Az=359.06°, El=28.50°
[Phase 3: 预测控制] 目标当前估算Az=359.06°, 速度=0.75°/s
                   -> 打提前量(0.25s后)Az=359.24°, El=28.50° | 下发云台指令: Az=89.24°, El=28.50°
[GimbalAtt] cmd_id=19, elapsed=0.000s, actual_ctrl=(Az=88.88°, El=28.60°), actual_ui=(Az=358.88°, El=28.60°), target_ctrl=(Az=88.88°, El=28.50°), err=(dAz=0.00°, dEl=0.10°)
[GimbalSettled] cmd_id=19, track_id=1, settle_time=0.000s, actual_ctrl=(Az=88.88°, El=28.60°), target_ctrl=(Az=88.88°, El=28.50°), err=(dAz=0.00°, dEl=0.10°)
[Laser] No valid laser distance, use mono distance
[GimbalCmd] cmd_id=20, track_id=1, target_ctrl=(Az=89.12°, El=28.50°)

[Phase 1: 视觉解析] 收到目标 cx=1726.7, cy=1080.0, mono=320.0m -> 解算绝对角度: Az=359.12°, El=28.50°
[Phase 3: 预测控制] 目标当前估算Az=359.12°, 速度=0.75°/s
                   -> 打提前量(0.25s后)Az=359.30°, El=28.50° | 下发云台指令: Az=89.30°, El=28.50°

[Phase 1: 视觉解析] 收到目标 cx=1740.0, cy=1080.0, mono=320.0m -> 解算绝对角度: Az=359.18°, El=28.50°
[Phase 3: 预测控制] 目标当前估算Az=359.18°, 速度=0.75°/s
                   -> 打提前量(0.25s后)Az=359.37°, El=28.50° | 下发云台指令: Az=89.37°, El=28.50°

[Phase 1: 视觉解析] 收到目标 cx=1753.3, cy=1080.0, mono=320.0m -> 解算绝对角度: Az=359.24°, El=28.50°
[Phase 3: 预测控制] 目标当前估算Az=359.24°, 速度=0.75°/s
                   -> 打提前量(0.25s后)Az=359.43°, El=28.50° | 下发云台指令: Az=89.43°, El=28.50°

[Phase 1: 视觉解析] 收到目标 cx=1766.7, cy=1080.0, mono=320.0m -> 解算绝对角度: Az=359.30°, El=28.50°
[Phase 3: 预测控制] 目标当前估算Az=359.31°, 速度=0.75°/s
                   -> 打提前量(0.25s后)Az=359.50°, El=28.50° | 下发云台指令: Az=89.50°, El=28.50°
[GimbalAtt] cmd_id=20, elapsed=0.000s, actual_ctrl=(Az=89.12°, El=28.60°), actual_ui=(Az=359.12°, El=28.60°), target_ctrl=(Az=89.12°, El=28.50°), err=(dAz=0.00°, dEl=0.10°)
[GimbalSettled] cmd_id=20, track_id=1, settle_time=0.000s, actual_ctrl=(Az=89.12°, El=28.60°), target_ctrl=(Az=89.12°, El=28.50°), err=(dAz=0.00°, dEl=0.10°)
[Laser] No valid laser distance, use mono distance
[GimbalCmd] cmd_id=21, track_id=1, target_ctrl=(Az=89.37°, El=28.50°)

[Phase 1: 视觉解析] 收到目标 cx=1780.0, cy=1080.0, mono=320.0m -> 解算绝对角度: Az=359.36°, El=28.50°
[Phase 3: 预测控制] 目标当前估算Az=359.37°, 速度=0.74°/s
                   -> 打提前量(0.25s后)Az=359.55°, El=28.50° | 下发云台指令: Az=89.55°, El=28.50°

[Phase 1: 视觉解析] 收到目标 cx=1793.3, cy=1080.0, mono=320.0m -> 解算绝对角度: Az=359.42°, El=28.50°
[Phase 3: 预测控制] 目标当前估算Az=359.43°, 速度=0.74°/s
                   -> 打提前量(0.25s后)Az=359.61°, El=28.50° | 下发云台指令: Az=89.61°, El=28.50°

[Phase 1: 视觉解析] 收到目标 cx=1806.7, cy=1080.0, mono=320.0m -> 解算绝对角度: Az=359.48°, El=28.50°
[Phase 3: 预测控制] 目标当前估算Az=359.48°, 速度=0.74°/s
                   -> 打提前量(0.25s后)Az=359.67°, El=28.50° | 下发云台指令: Az=89.67°, El=28.50°

[Phase 1: 视觉解析] 收到目标 cx=1820.0, cy=1080.0, mono=320.0m -> 解算绝对角度: Az=359.54°, El=28.50°
[Phase 3: 预测控制] 目标当前估算Az=359.54°, 速度=0.74°/s
                   -> 打提前量(0.25s后)Az=359.73°, El=28.50° | 下发云台指令: Az=89.73°, El=28.50°

[Phase 1: 视觉解析] 收到目标 cx=1833.3, cy=1080.0, mono=320.0m -> 解算绝对角度: Az=359.61°, El=28.50°
[Phase 3: 预测控制] 目标当前估算Az=359.61°, 速度=0.74°/s
                   -> 打提前量(0.25s后)Az=359.80°, El=28.50° | 下发云台指令: Az=89.80°, El=28.50°
[GimbalAtt] cmd_id=21, elapsed=0.000s, actual_ctrl=(Az=89.37°, El=28.60°), actual_ui=(Az=359.37°, El=28.60°), target_ctrl=(Az=89.37°, El=28.50°), err=(dAz=0.00°, dEl=0.10°)
[GimbalSettled] cmd_id=21, track_id=1, settle_time=0.000s, actual_ctrl=(Az=89.37°, El=28.60°), target_ctrl=(Az=89.37°, El=28.50°), err=(dAz=0.00°, dEl=0.10°)
[Laser] No valid laser distance, use mono distance
[GimbalCmd] cmd_id=22, track_id=1, target_ctrl=(Az=89.61°, El=28.50°)

[Phase 1: 视觉解析] 收到目标 cx=1846.7, cy=1080.0, mono=320.0m -> 解算绝对角度: Az=359.67°, El=28.50°
[Phase 3: 预测控制] 目标当前估算Az=359.67°, 速度=0.74°/s
                   -> 打提前量(0.25s后)Az=359.85°, El=28.50° | 下发云台指令: Az=89.85°, El=28.50°

[Phase 1: 视觉解析] 收到目标 cx=1860.0, cy=1080.0, mono=320.0m -> 解算绝对角度: Az=359.73°, El=28.50°
[Phase 3: 预测控制] 目标当前估算Az=359.73°, 速度=0.74°/s
                   -> 打提前量(0.25s后)Az=359.91°, El=28.50° | 下发云台指令: Az=89.91°, El=28.50°

[Phase 1: 视觉解析] 收到目标 cx=1873.3, cy=1080.0, mono=320.0m -> 解算绝对角度: Az=359.79°, El=28.50°
[Phase 3: 预测控制] 目标当前估算Az=359.79°, 速度=0.74°/s
                   -> 打提前量(0.25s后)Az=359.97°, El=28.50° | 下发云台指令: Az=89.97°, El=28.50°

[Phase 1: 视觉解析] 收到目标 cx=1886.7, cy=1080.0, mono=320.0m -> 解算绝对角度: Az=359.85°, El=28.50°
[Phase 3: 预测控制] 目标当前估算Az=359.86°, 速度=0.73°/s
                   -> 打提前量(0.25s后)Az=0.05°, El=28.50° | 下发云台指令: Az=90.05°, El=28.50°

[Phase 1: 视觉解析] 收到目标 cx=1900.0, cy=1080.0, mono=320.0m -> 解算绝对角度: Az=359.91°, El=28.50°
[Phase 3: 预测控制] 目标当前估算Az=359.92°, 速度=0.72°/s
                   -> 打提前量(0.25s后)Az=0.10°, El=28.50° | 下发云台指令: Az=90.10°, El=28.50°
[GimbalAtt] cmd_id=22, elapsed=0.000s, actual_ctrl=(Az=89.61°, El=28.60°), actual_ui=(Az=359.61°, El=28.60°), target_ctrl=(Az=89.61°, El=28.50°), err=(dAz=0.00°, dEl=0.10°)
[GimbalSettled] cmd_id=22, track_id=1, settle_time=0.000s, actual_ctrl=(Az=89.61°, El=28.60°), target_ctrl=(Az=89.61°, El=28.50°), err=(dAz=0.00°, dEl=0.10°)
[Laser] No valid laser distance, use mono distance
[GimbalCmd] cmd_id=24, track_id=1, target_ctrl=(Az=90.10°, El=28.50°)

[Phase 1: 视觉解析] 收到目标 cx=1913.3, cy=1080.0, mono=320.0m -> 解算绝对角度: Az=359.97°, El=28.50°
[Phase 3: 预测控制] 目标当前估算Az=359.97°, 速度=0.72°/s
                   -> 打提前量(0.25s后)Az=0.15°, El=28.50° | 下发云台指令: Az=90.15°, El=28.50°
[Stats] recv_objs_total=92, recv_unique_boxes=92 | ui_send_total=90, ui_unique_ids=1, ui_id_counts=1:90

[Phase 1: 视觉解析] 收到目标 cx=1926.7, cy=1080.0, mono=320.0m -> 解算绝对角度: Az=0.03°, El=28.50°
[Phase 3: 预测控制] 目标当前估算Az=0.05°, 速度=0.71°/s
                   -> 打提前量(0.25s后)Az=0.22°, El=28.50° | 下发云台指令: Az=90.22°, El=28.50°

[Phase 1: 视觉解析] 收到目标 cx=1940.0, cy=1080.0, mono=320.0m -> 解算绝对角度: Az=0.09°, El=28.50°
[TargetKeep] reason=lock_timer_expired, master_id=1, score=3.85, candidates=id=1, score=3.85, speed=0.71deg/s, dist=0.50deg, hits=94, stab=2.44, hold=1.15x
[Phase 3: 预测控制] 目标当前估算Az=0.10°, 速度=0.71°/s
                   -> 打提前量(0.25s后)Az=0.28°, El=28.50° | 下发云台指令: Az=90.28°, El=28.50°

[Phase 1: 视觉解析] 收到目标 cx=1953.3, cy=1080.0, mono=320.0m -> 解算绝对角度: Az=0.15°, El=28.50°
[Phase 3: 预测控制] 目标当前估算Az=0.17°, 速度=0.69°/s
                   -> 打提前量(0.25s后)Az=0.35°, El=28.50° | 下发云台指令: Az=90.35°, El=28.50°

[Phase 1: 视觉解析] 收到目标 cx=1966.7, cy=1080.0, mono=320.0m -> 解算绝对角度: Az=0.21°, El=28.50°
[Phase 3: 预测控制] 目标当前估算Az=0.22°, 速度=0.69°/s
                   -> 打提前量(0.25s后)Az=0.39°, El=28.50° | 下发云台指令: Az=90.39°, El=28.50°
[GimbalAtt] cmd_id=24, elapsed=0.000s, actual_ctrl=(Az=90.10°, El=28.60°), actual_ui=(Az=0.10°, El=28.60°), target_ctrl=(Az=90.10°, El=28.50°), err=(dAz=0.00°, dEl=0.10°)
[GimbalSettled] cmd_id=24, track_id=1, settle_time=0.000s, actual_ctrl=(Az=90.10°, El=28.60°), target_ctrl=(Az=90.10°, El=28.50°), err=(dAz=0.00°, dEl=0.10°)
[Laser] No valid laser distance, use mono distance
[GimbalCmd] cmd_id=25, track_id=1, target_ctrl=(Az=90.35°, El=28.50°)

[Phase 1: 视觉解析] 收到目标 cx=1980.0, cy=1080.0, mono=320.0m -> 解算绝对角度: Az=0.27°, El=28.50°
[Phase 3: 预测控制] 目标当前估算Az=0.28°, 速度=0.69°/s
                   -> 打提前量(0.25s后)Az=0.45°, El=28.50° | 下发云台指令: Az=90.45°, El=28.50°

[Phase 1: 视觉解析] 收到目标 cx=1993.3, cy=1080.0, mono=320.0m -> 解算绝对角度: Az=0.33°, El=28.50°
[Phase 3: 预测控制] 目标当前估算Az=0.33°, 速度=0.69°/s
                   -> 打提前量(0.25s后)Az=0.50°, El=28.50° | 下发云台指令: Az=90.50°, El=28.50°

[Phase 1: 视觉解析] 收到目标 cx=2006.7, cy=1080.0, mono=320.0m -> 解算绝对角度: Az=0.39°, El=28.50°
[Phase 3: 预测控制] 目标当前估算Az=0.39°, 速度=0.69°/s
                   -> 打提前量(0.25s后)Az=0.56°, El=28.50° | 下发云台指令: Az=90.56°, El=28.50°

[Phase 1: 视觉解析] 收到目标 cx=2020.0, cy=1080.0, mono=320.0m -> 解算绝对角度: Az=0.46°, El=28.50°
[Phase 3: 预测控制] 目标当前估算Az=0.45°, 速度=0.69°/s
                   -> 打提前量(0.25s后)Az=0.62°, El=28.50° | 下发云台指令: Az=90.62°, El=28.50°

[Phase 1: 视觉解析] 收到目标 cx=2033.3, cy=1080.0, mono=320.0m -> 解算绝对角度: Az=0.52°, El=28.50°
[Phase 3: 预测控制] 目标当前估算Az=0.51°, 速度=0.70°/s
                   -> 打提前量(0.25s后)Az=0.68°, El=28.50° | 下发云台指令: Az=90.68°, El=28.50°
[GimbalAtt] cmd_id=25, elapsed=0.000s, actual_ctrl=(Az=90.35°, El=28.60°), actual_ui=(Az=0.35°, El=28.60°), target_ctrl=(Az=90.35°, El=28.50°), err=(dAz=0.00°, dEl=0.10°)
[GimbalSettled] cmd_id=25, track_id=1, settle_time=0.000s, actual_ctrl=(Az=90.35°, El=28.60°), target_ctrl=(Az=90.35°, El=28.50°), err=(dAz=0.00°, dEl=0.10°)
[Laser] No valid laser distance, use mono distance
[GimbalCmd] cmd_id=26, track_id=1, target_ctrl=(Az=90.56°, El=28.50°)

[Phase 1: 视觉解析] 收到目标 cx=2046.7, cy=1080.0, mono=320.0m -> 解算绝对角度: Az=0.58°, El=28.50°
[Phase 3: 预测控制] 目标当前估算Az=0.57°, 速度=0.70°/s
                   -> 打提前量(0.25s后)Az=0.74°, El=28.50° | 下发云台指令: Az=90.74°, El=28.50°

[Phase 1: 视觉解析] 收到目标 cx=2060.0, cy=1080.0, mono=320.0m -> 解算绝对角度: Az=0.64°, El=28.50°
[Phase 3: 预测控制] 目标当前估算Az=0.63°, 速度=0.71°/s
                   -> 打提前量(0.25s后)Az=0.81°, El=28.50° | 下发云台指令: Az=90.81°, El=28.50°

[Phase 1: 视觉解析] 收到目标 cx=2073.3, cy=1080.0, mono=320.0m -> 解算绝对角度: Az=0.70°, El=28.50°
[Phase 3: 预测控制] 目标当前估算Az=0.69°, 速度=0.71°/s
                   -> 打提前量(0.25s后)Az=0.87°, El=28.50° | 下发云台指令: Az=90.87°, El=28.50°

[Phase 1: 视觉解析] 收到目标 cx=2086.7, cy=1080.0, mono=320.0m -> 解算绝对角度: Az=0.76°, El=28.50°
[Phase 3: 预测控制] 目标当前估算Az=0.75°, 速度=0.72°/s
                   -> 打提前量(0.25s后)Az=0.93°, El=28.50° | 下发云台指令: Az=90.93°, El=28.50°
[GimbalAtt] cmd_id=26, elapsed=0.000s, actual_ctrl=(Az=90.56°, El=28.60°), actual_ui=(Az=0.56°, El=28.60°), target_ctrl=(Az=90.56°, El=28.50°), err=(dAz=0.00°, dEl=0.10°)
[GimbalSettled] cmd_id=26, track_id=1, settle_time=0.000s, actual_ctrl=(Az=90.56°, El=28.60°), target_ctrl=(Az=90.56°, El=28.50°), err=(dAz=0.00°, dEl=0.10°)
[Laser] No valid laser distance, use mono distance
[GimbalCmd] cmd_id=27, track_id=1, target_ctrl=(Az=90.81°, El=28.50°)

[Phase 1: 视觉解析] 收到目标 cx=2100.0, cy=1080.0, mono=320.0m -> 解算绝对角度: Az=0.82°, El=28.50°
[Phase 3: 预测控制] 目标当前估算Az=0.84°, 速度=0.71°/s
                   -> 打提前量(0.25s后)Az=1.02°, El=28.50° | 下发云台指令: Az=91.02°, El=28.50°

[Phase 1: 视觉解析] 收到目标 cx=2113.3, cy=1080.0, mono=320.0m -> 解算绝对角度: Az=0.88°, El=28.50°
[Phase 3: 预测控制] 目标当前估算Az=0.89°, 速度=0.70°/s
                   -> 打提前量(0.25s后)Az=1.07°, El=28.50° | 下发云台指令: Az=91.07°, El=28.50°

[Phase 1: 视觉解析] 收到目标 cx=2126.7, cy=1080.0, mono=320.0m -> 解算绝对角度: Az=0.94°, El=28.50°
[Phase 3: 预测控制] 目标当前估算Az=0.95°, 速度=0.70°/s
                   -> 打提前量(0.25s后)Az=1.12°, El=28.50° | 下发云台指令: Az=91.12°, El=28.50°

[Phase 1: 视觉解析] 收到目标 cx=2140.0, cy=1080.0, mono=320.0m -> 解算绝对角度: Az=1.00°, El=28.50°
[Phase 3: 预测控制] 目标当前估算Az=1.02°, 速度=0.69°/s
                   -> 打提前量(0.25s后)Az=1.19°, El=28.50° | 下发云台指令: Az=91.19°, El=28.50°

[Phase 1: 视觉解析] 收到目标 cx=2153.3, cy=1080.0, mono=320.0m -> 解算绝对角度: Az=1.06°, El=28.50°
[Phase 3: 预测控制] 目标当前估算Az=1.07°, 速度=0.68°/s
                   -> 打提前量(0.25s后)Az=1.24°, El=28.50° | 下发云台指令: Az=91.24°, El=28.50°

[Phase 1: 视觉解析] 收到目标 cx=2166.7, cy=1080.0, mono=320.0m -> 解算绝对角度: Az=1.12°, El=28.50°
[Phase 3: 预测控制] 目标当前估算Az=1.12°, 速度=0.68°/s
                   -> 打提前量(0.25s后)Az=1.30°, El=28.50° | 下发云台指令: Az=91.30°, El=28.50°
[GimbalAtt] cmd_id=27, elapsed=0.000s, actual_ctrl=(Az=90.81°, El=28.60°), actual_ui=(Az=0.81°, El=28.60°), target_ctrl=(Az=90.81°, El=28.50°), err=(dAz=0.00°, dEl=0.10°)
[GimbalSettled] cmd_id=27, track_id=1, settle_time=0.000s, actual_ctrl=(Az=90.81°, El=28.60°), target_ctrl=(Az=90.81°, El=28.50°), err=(dAz=0.00°, dEl=0.10°)
[Laser] No valid laser distance, use mono distance
[GimbalCmd] cmd_id=29, track_id=1, target_ctrl=(Az=91.24°, El=28.50°)

[Phase 1: 视觉解析] 收到目标 cx=2180.0, cy=1080.0, mono=320.0m -> 解算绝对角度: Az=1.18°, El=28.50°
[Phase 3: 预测控制] 目标当前估算Az=1.18°, 速度=0.68°/s
                   -> 打提前量(0.25s后)Az=1.35°, El=28.50° | 下发云台指令: Az=91.35°, El=28.50°

[Phase 1: 视觉解析] 收到目标 cx=2193.3, cy=1080.0, mono=320.0m -> 解算绝对角度: Az=1.25°, El=28.50°
[Phase 3: 预测控制] 目标当前估算Az=1.24°, 速度=0.69°/s
                   -> 打提前量(0.25s后)Az=1.41°, El=28.50° | 下发云台指令: Az=91.41°, El=28.50°

[Phase 1: 视觉解析] 收到目标 cx=2206.7, cy=1080.0, mono=320.0m -> 解算绝对角度: Az=1.31°, El=28.50°
[Phase 3: 预测控制] 目标当前估算Az=1.30°, 速度=0.69°/s
                   -> 打提前量(0.25s后)Az=1.48°, El=28.50° | 下发云台指令: Az=91.48°, El=28.50°

[Phase 1: 视觉解析] 收到目标 cx=2220.0, cy=1080.0, mono=320.0m -> 解算绝对角度: Az=1.37°, El=28.50°
[Phase 3: 预测控制] 目标当前估算Az=1.36°, 速度=0.69°/s
                   -> 打提前量(0.25s后)Az=1.53°, El=28.50° | 下发云台指令: Az=91.53°, El=28.50°

[Phase 1: 视觉解析] 收到目标 cx=2233.3, cy=1080.0, mono=320.0m -> 解算绝对角度: Az=1.43°, El=28.50°
[Phase 3: 预测控制] 目标当前估算Az=1.42°, 速度=0.70°/s
                   -> 打提前量(0.25s后)Az=1.59°, El=28.50° | 下发云台指令: Az=91.59°, El=28.50°
[GimbalAtt] cmd_id=29, elapsed=0.000s, actual_ctrl=(Az=91.24°, El=28.60°), actual_ui=(Az=1.24°, El=28.60°), target_ctrl=(Az=91.24°, El=28.50°), err=(dAz=0.00°, dEl=0.10°)
[GimbalSettled] cmd_id=29, track_id=1, settle_time=0.000s, actual_ctrl=(Az=91.24°, El=28.60°), target_ctrl=(Az=91.24°, El=28.50°), err=(dAz=0.00°, dEl=0.10°)
[Laser] No valid laser distance, use mono distance
[GimbalCmd] cmd_id=30, track_id=1, target_ctrl=(Az=91.48°, El=28.50°)

[Phase 1: 视觉解析] 收到目标 cx=2246.7, cy=1080.0, mono=320.0m -> 解算绝对角度: Az=1.49°, El=28.50°
[Phase 3: 预测控制] 目标当前估算Az=1.48°, 速度=0.70°/s
                   -> 打提前量(0.25s后)Az=1.66°, El=28.50° | 下发云台指令: Az=91.66°, El=28.50°

[Phase 1: 视觉解析] 收到目标 cx=2260.0, cy=1080.0, mono=320.0m -> 解算绝对角度: Az=1.55°, El=28.50°
[TargetKeep] reason=lock_timer_expired, master_id=1, score=4.06, candidates=id=1, score=4.06, speed=0.70deg/s, dist=0.32deg, hits=118, stab=2.44, hold=1.15x
[Phase 3: 预测控制] 目标当前估算Az=1.54°, 速度=0.70°/s
                   -> 打提前量(0.25s后)Az=1.72°, El=28.50° | 下发云台指令: Az=91.72°, El=28.50°

[Phase 1: 视觉解析] 收到目标 cx=2273.3, cy=1080.0, mono=320.0m -> 解算绝对角度: Az=1.61°, El=28.50°
[Phase 3: 预测控制] 目标当前估算Az=1.60°, 速度=0.71°/s
                   -> 打提前量(0.25s后)Az=1.78°, El=28.50° | 下发云台指令: Az=91.78°, El=28.50°

[Phase 1: 视觉解析] 收到目标 cx=2286.7, cy=1080.0, mono=320.0m -> 解算绝对角度: Az=1.67°, El=28.50°
[Phase 3: 预测控制] 目标当前估算Az=1.66°, 速度=0.71°/s
                   -> 打提前量(0.25s后)Az=1.84°, El=28.50° | 下发云台指令: Az=91.84°, El=28.50°
[GimbalAtt] cmd_id=30, elapsed=0.000s, actual_ctrl=(Az=91.48°, El=28.60°), actual_ui=(Az=1.48°, El=28.60°), target_ctrl=(Az=91.48°, El=28.50°), err=(dAz=0.00°, dEl=0.10°)
[GimbalSettled] cmd_id=30, track_id=1, settle_time=0.000s, actual_ctrl=(Az=91.48°, El=28.60°), target_ctrl=(Az=91.48°, El=28.50°), err=(dAz=0.00°, dEl=0.10°)
[Laser] No valid laser distance, use mono distance
[GimbalCmd] cmd_id=31, track_id=1, target_ctrl=(Az=91.72°, El=28.50°)

[Phase 1: 视觉解析] 收到目标 cx=2300.0, cy=1080.0, mono=320.0m -> 解算绝对角度: Az=1.73°, El=28.50°
[Phase 3: 预测控制] 目标当前估算Az=1.72°, 速度=0.72°/s
                   -> 打提前量(0.25s后)Az=1.90°, El=28.50° | 下发云台指令: Az=91.90°, El=28.50°

[Phase 1: 视觉解析] 收到目标 cx=2313.3, cy=1080.0, mono=320.0m -> 解算绝对角度: Az=1.79°, El=28.50°
[Phase 3: 预测控制] 目标当前估算Az=1.78°, 速度=0.72°/s
                   -> 打提前量(0.25s后)Az=1.96°, El=28.50° | 下发云台指令: Az=91.96°, El=28.50°

[Phase 1: 视觉解析] 收到目标 cx=2326.7, cy=1080.0, mono=320.0m -> 解算绝对角度: Az=1.85°, El=28.50°
[Phase 3: 预测控制] 目标当前估算Az=1.85°, 速度=0.73°/s
                   -> 打提前量(0.25s后)Az=2.03°, El=28.50° | 下发云台指令: Az=92.03°, El=28.50°
[Stats] recv_objs_total=123, recv_unique_boxes=123 | ui_send_total=121, ui_unique_ids=1, ui_id_counts=1:121

[Phase 1: 视觉解析] 收到目标 cx=2340.0, cy=1080.0, mono=320.0m -> 解算绝对角度: Az=1.91°, El=28.50°
[Phase 3: 预测控制] 目标当前估算Az=1.91°, 速度=0.73°/s
                   -> 打提前量(0.25s后)Az=2.09°, El=28.50° | 下发云台指令: Az=92.09°, El=28.50°

[Phase 1: 视觉解析] 收到目标 cx=2353.3, cy=1080.0, mono=320.0m -> 解算绝对角度: Az=1.97°, El=28.50°
[Phase 3: 预测控制] 目标当前估算Az=1.97°, 速度=0.73°/s
                   -> 打提前量(0.25s后)Az=2.15°, El=28.50° | 下发云台指令: Az=92.15°, El=28.50°
[GimbalAtt] cmd_id=31, elapsed=0.000s, actual_ctrl=(Az=91.72°, El=28.60°), actual_ui=(Az=1.72°, El=28.60°), target_ctrl=(Az=91.72°, El=28.50°), err=(dAz=0.00°, dEl=0.10°)
[GimbalSettled] cmd_id=31, track_id=1, settle_time=0.000s, actual_ctrl=(Az=91.72°, El=28.60°), target_ctrl=(Az=91.72°, El=28.50°), err=(dAz=0.00°, dEl=0.10°)
[Laser] No valid laser distance, use mono distance
[GimbalCmd] cmd_id=32, track_id=1, target_ctrl=(Az=91.96°, El=28.50°)

[Phase 1: 视觉解析] 收到目标 cx=2366.7, cy=1080.0, mono=320.0m -> 解算绝对角度: Az=2.04°, El=28.50°
[Phase 3: 预测控制] 目标当前估算Az=2.03°, 速度=0.73°/s
                   -> 打提前量(0.25s后)Az=2.22°, El=28.50° | 下发云台指令: Az=92.22°, El=28.50°

[Phase 1: 视觉解析] 收到目标 cx=2380.0, cy=1080.0, mono=320.0m -> 解算绝对角度: Az=2.10°, El=28.50°
[Phase 3: 预测控制] 目标当前估算Az=2.09°, 速度=0.73°/s
                   -> 打提前量(0.25s后)Az=2.28°, El=28.50° | 下发云台指令: Az=92.28°, El=28.50°

[Phase 1: 视觉解析] 收到目标 cx=2393.3, cy=1080.0, mono=320.0m -> 解算绝对角度: Az=2.16°, El=28.50°
[Phase 3: 预测控制] 目标当前估算Az=2.15°, 速度=0.74°/s
                   -> 打提前量(0.25s后)Az=2.34°, El=28.50° | 下发云台指令: Az=92.34°, El=28.50°

[Phase 1: 视觉解析] 收到目标 cx=2406.7, cy=1080.0, mono=320.0m -> 解算绝对角度: Az=2.22°, El=28.50°
[Phase 3: 预测控制] 目标当前估算Az=2.21°, 速度=0.74°/s
                   -> 打提前量(0.25s后)Az=2.40°, El=28.50° | 下发云台指令: Az=92.40°, El=28.50°

[Phase 1: 视觉解析] 收到目标 cx=2420.0, cy=1080.0, mono=320.0m -> 解算绝对角度: Az=2.28°, El=28.50°
[Phase 3: 预测控制] 目标当前估算Az=2.27°, 速度=0.74°/s
                   -> 打提前量(0.25s后)Az=2.46°, El=28.50° | 下发云台指令: Az=92.46°, El=28.50°
[GimbalAtt] cmd_id=32, elapsed=0.000s, actual_ctrl=(Az=91.96°, El=28.60°), actual_ui=(Az=1.96°, El=28.60°), target_ctrl=(Az=91.96°, El=28.50°), err=(dAz=0.00°, dEl=0.10°)
[GimbalSettled] cmd_id=32, track_id=1, settle_time=0.000s, actual_ctrl=(Az=91.96°, El=28.60°), target_ctrl=(Az=91.96°, El=28.50°), err=(dAz=0.00°, dEl=0.10°)
[Laser] No valid laser distance, use mono distance
[GimbalCmd] cmd_id=34, track_id=1, target_ctrl=(Az=92.46°, El=28.50°)

[Phase 1: 视觉解析] 收到目标 cx=2433.3, cy=1080.0, mono=320.0m -> 解算绝对角度: Az=2.34°, El=28.50°
[Phase 3: 预测控制] 目标当前估算Az=2.34°, 速度=0.74°/s
                   -> 打提前量(0.25s后)Az=2.52°, El=28.50° | 下发云台指令: Az=92.52°, El=28.50°

[Phase 1: 视觉解析] 收到目标 cx=2446.7, cy=1080.0, mono=320.0m -> 解算绝对角度: Az=2.40°, El=28.50°
[Phase 3: 预测控制] 目标当前估算Az=2.40°, 速度=0.74°/s
                   -> 打提前量(0.25s后)Az=2.58°, El=28.50° | 下发云台指令: Az=92.58°, El=28.50°

[Phase 1: 视觉解析] 收到目标 cx=2460.0, cy=1080.0, mono=320.0m -> 解算绝对角度: Az=2.46°, El=28.50°
[Phase 3: 预测控制] 目标当前估算Az=2.46°, 速度=0.75°/s
                   -> 打提前量(0.25s后)Az=2.64°, El=28.50° | 下发云台指令: Az=92.64°, El=28.50°

[Phase 1: 视觉解析] 收到目标 cx=2473.3, cy=1080.0, mono=320.0m -> 解算绝对角度: Az=2.52°, El=28.50°
[Phase 3: 预测控制] 目标当前估算Az=2.52°, 速度=0.75°/s
                   -> 打提前量(0.25s后)Az=2.71°, El=28.50° | 下发云台指令: Az=92.71°, El=28.50°

[Phase 1: 视觉解析] 收到目标 cx=2486.7, cy=1080.0, mono=320.0m -> 解算绝对角度: Az=2.58°, El=28.50°
[Phase 3: 预测控制] 目标当前估算Az=2.58°, 速度=0.75°/s
                   -> 打提前量(0.25s后)Az=2.77°, El=28.50° | 下发云台指令: Az=92.77°, El=28.50°
[GimbalAtt] cmd_id=34, elapsed=0.000s, actual_ctrl=(Az=92.46°, El=28.60°), actual_ui=(Az=2.46°, El=28.60°), target_ctrl=(Az=92.46°, El=28.50°), err=(dAz=0.00°, dEl=0.10°)
[GimbalSettled] cmd_id=34, track_id=1, settle_time=0.000s, actual_ctrl=(Az=92.46°, El=28.60°), target_ctrl=(Az=92.46°, El=28.50°), err=(dAz=0.00°, dEl=0.10°)
[Laser] No valid laser distance, use mono distance
[GimbalCmd] cmd_id=35, track_id=1, target_ctrl=(Az=92.71°, El=28.50°)

[Phase 1: 视觉解析] 收到目标 cx=2500.0, cy=1080.0, mono=320.0m -> 解算绝对角度: Az=2.64°, El=28.50°
[Phase 3: 预测控制] 目标当前估算Az=2.64°, 速度=0.75°/s
                   -> 打提前量(0.25s后)Az=2.83°, El=28.50° | 下发云台指令: Az=92.83°, El=28.50°

[Phase 1: 视觉解析] 收到目标 cx=2513.3, cy=1080.0, mono=320.0m -> 解算绝对角度: Az=2.70°, El=28.50°
[Phase 3: 预测控制] 目标当前估算Az=2.70°, 速度=0.75°/s
                   -> 打提前量(0.25s后)Az=2.89°, El=28.50° | 下发云台指令: Az=92.89°, El=28.50°

[Phase 1: 视觉解析] 收到目标 cx=2526.7, cy=1080.0, mono=320.0m -> 解算绝对角度: Az=2.76°, El=28.50°
[Phase 3: 预测控制] 目标当前估算Az=2.77°, 速度=0.75°/s
                   -> 打提前量(0.25s后)Az=2.96°, El=28.50° | 下发云台指令: Az=92.96°, El=28.50°

[Phase 1: 视觉解析] 收到目标 cx=2540.0, cy=1080.0, mono=320.0m -> 解算绝对角度: Az=2.83°, El=28.50°
[Phase 3: 预测控制] 目标当前估算Az=2.83°, 速度=0.75°/s
                   -> 打提前量(0.25s后)Az=3.01°, El=28.50° | 下发云台指令: Az=93.01°, El=28.50°

[Phase 1: 视觉解析] 收到目标 cx=2553.3, cy=1080.0, mono=320.0m -> 解算绝对角度: Az=2.89°, El=28.50°
[Phase 3: 预测控制] 目标当前估算Az=2.89°, 速度=0.75°/s
                   -> 打提前量(0.25s后)Az=3.07°, El=28.50° | 下发云台指令: Az=93.07°, El=28.50°
[GimbalAtt] cmd_id=35, elapsed=0.000s, actual_ctrl=(Az=92.71°, El=28.60°), actual_ui=(Az=2.71°, El=28.60°), target_ctrl=(Az=92.71°, El=28.50°), err=(dAz=0.00°, dEl=0.10°)
[GimbalSettled] cmd_id=35, track_id=1, settle_time=0.000s, actual_ctrl=(Az=92.71°, El=28.60°), target_ctrl=(Az=92.71°, El=28.50°), err=(dAz=0.00°, dEl=0.10°)
[Laser] No valid laser distance, use mono distance
[GimbalCmd] cmd_id=36, track_id=1, target_ctrl=(Az=92.96°, El=28.50°)

[Phase 1: 视觉解析] 收到目标 cx=2566.7, cy=1080.0, mono=320.0m -> 解算绝对角度: Az=2.95°, El=28.50°
[TargetKeep] reason=lock_timer_expired, master_id=1, score=4.22, candidates=id=1, score=4.22, speed=0.75deg/s, dist=0.26deg, hits=141, stab=2.44, hold=1.15x
[Phase 3: 预测控制] 目标当前估算Az=2.95°, 速度=0.75°/s
                   -> 打提前量(0.25s后)Az=3.13°, El=28.50° | 下发云台指令: Az=93.13°, El=28.50°

[Phase 1: 视觉解析] 收到目标 cx=2580.0, cy=1080.0, mono=320.0m -> 解算绝对角度: Az=3.01°, El=28.50°
[Phase 3: 预测控制] 目标当前估算Az=3.01°, 速度=0.75°/s
                   -> 打提前量(0.25s后)Az=3.19°, El=28.50° | 下发云台指令: Az=93.19°, El=28.50°

[Phase 1: 视觉解析] 收到目标 cx=2593.3, cy=1080.0, mono=320.0m -> 解算绝对角度: Az=3.07°, El=28.50°
[Phase 3: 预测控制] 目标当前估算Az=3.07°, 速度=0.75°/s
                   -> 打提前量(0.25s后)Az=3.26°, El=28.50° | 下发云台指令: Az=93.26°, El=28.50°

[Phase 1: 视觉解析] 收到目标 cx=2606.7, cy=1080.0, mono=320.0m -> 解算绝对角度: Az=3.13°, El=28.50°
[Phase 3: 预测控制] 目标当前估算Az=3.13°, 速度=0.75°/s
                   -> 打提前量(0.25s后)Az=3.32°, El=28.50° | 下发云台指令: Az=93.32°, El=28.50°

[Phase 1: 视觉解析] 收到目标 cx=2620.0, cy=1080.0, mono=320.0m -> 解算绝对角度: Az=3.19°, El=28.50°
[Phase 3: 预测控制] 目标当前估算Az=3.19°, 速度=0.75°/s
                   -> 打提前量(0.25s后)Az=3.38°, El=28.50° | 下发云台指令: Az=93.38°, El=28.50°
[GimbalAtt] cmd_id=36, elapsed=0.000s, actual_ctrl=(Az=92.96°, El=28.60°), actual_ui=(Az=2.96°, El=28.60°), target_ctrl=(Az=92.96°, El=28.50°), err=(dAz=0.00°, dEl=0.10°)
[GimbalSettled] cmd_id=36, track_id=1, settle_time=0.000s, actual_ctrl=(Az=92.96°, El=28.60°), target_ctrl=(Az=92.96°, El=28.50°), err=(dAz=0.00°, dEl=0.10°)
[Laser] No valid laser distance, use mono distance
[GimbalCmd] cmd_id=37, track_id=1, target_ctrl=(Az=93.19°, El=28.50°)

[Phase 1: 视觉解析] 收到目标 cx=2633.3, cy=1080.0, mono=320.0m -> 解算绝对角度: Az=3.25°, El=28.50°
[Phase 3: 预测控制] 目标当前估算Az=3.27°, 速度=0.74°/s
                   -> 打提前量(0.25s后)Az=3.45°, El=28.50° | 下发云台指令: Az=93.45°, El=28.50°

[Phase 1: 视觉解析] 收到目标 cx=2646.7, cy=1080.0, mono=320.0m -> 解算绝对角度: Az=3.31°, El=28.50°
[Phase 3: 预测控制] 目标当前估算Az=3.32°, 速度=0.73°/s
                   -> 打提前量(0.25s后)Az=3.50°, El=28.50° | 下发云台指令: Az=93.50°, El=28.50°

[Phase 1: 视觉解析] 收到目标 cx=2660.0, cy=1080.0, mono=320.0m -> 解算绝对角度: Az=3.37°, El=28.50°
[Phase 3: 预测控制] 目标当前估算Az=3.38°, 速度=0.73°/s
                   -> 打提前量(0.25s后)Az=3.56°, El=28.50° | 下发云台指令: Az=93.56°, El=28.50°

[Phase 1: 视觉解析] 收到目标 cx=2673.3, cy=1080.0, mono=320.0m -> 解算绝对角度: Az=3.43°, El=28.50°
[Phase 3: 预测控制] 目标当前估算Az=3.44°, 速度=0.73°/s
                   -> 打提前量(0.25s后)Az=3.62°, El=28.50° | 下发云台指令: Az=93.62°, El=28.50°
[GimbalAtt] cmd_id=37, elapsed=0.000s, actual_ctrl=(Az=93.19°, El=28.60°), actual_ui=(Az=3.19°, El=28.60°), target_ctrl=(Az=93.19°, El=28.50°), err=(dAz=0.00°, dEl=0.10°)
[GimbalSettled] cmd_id=37, track_id=1, settle_time=0.000s, actual_ctrl=(Az=93.19°, El=28.60°), target_ctrl=(Az=93.19°, El=28.50°), err=(dAz=0.00°, dEl=0.10°)
[Laser] No valid laser distance, use mono distance
[GimbalCmd] cmd_id=38, track_id=1, target_ctrl=(Az=93.45°, El=28.50°)

[Phase 1: 视觉解析] 收到目标 cx=2686.7, cy=1080.0, mono=320.0m -> 解算绝对角度: Az=3.49°, El=28.50°
[Phase 3: 预测控制] 目标当前估算Az=3.49°, 速度=0.73°/s
                   -> 打提前量(0.25s后)Az=3.68°, El=28.50° | 下发云台指令: Az=93.68°, El=28.50°

[Phase 1: 视觉解析] 收到目标 cx=2700.0, cy=1080.0, mono=320.0m -> 解算绝对角度: Az=3.55°, El=28.50°
[Phase 3: 预测控制] 目标当前估算Az=3.55°, 速度=0.73°/s
                   -> 打提前量(0.25s后)Az=3.74°, El=28.50° | 下发云台指令: Az=93.74°, El=28.50°

[Phase 1: 视觉解析] 收到目标 cx=2713.3, cy=1080.0, mono=320.0m -> 解算绝对角度: Az=3.62°, El=28.50°
[Phase 3: 预测控制] 目标当前估算Az=3.61°, 速度=0.73°/s
                   -> 打提前量(0.25s后)Az=3.80°, El=28.50° | 下发云台指令: Az=93.80°, El=28.50°

[Phase 1: 视觉解析] 收到目标 cx=2726.7, cy=1080.0, mono=320.0m -> 解算绝对角度: Az=3.68°, El=28.50°
[Phase 3: 预测控制] 目标当前估算Az=3.67°, 速度=0.73°/s
                   -> 打提前量(0.25s后)Az=3.86°, El=28.50° | 下发云台指令: Az=93.86°, El=28.50°

[Phase 1: 视觉解析] 收到目标 cx=2740.0, cy=1080.0, mono=320.0m -> 解算绝对角度: Az=3.74°, El=28.50°
[Phase 3: 预测控制] 目标当前估算Az=3.73°, 速度=0.74°/s
                   -> 打提前量(0.25s后)Az=3.92°, El=28.50° | 下发云台指令: Az=93.92°, El=28.50°
[Stats] recv_objs_total=154, recv_unique_boxes=154 | ui_send_total=152, ui_unique_ids=1, ui_id_counts=1:152
[GimbalAtt] cmd_id=38, elapsed=0.000s, actual_ctrl=(Az=93.45°, El=28.60°), actual_ui=(Az=3.45°, El=28.60°), target_ctrl=(Az=93.45°, El=28.50°), err=(dAz=0.00°, dEl=0.10°)
[GimbalSettled] cmd_id=38, track_id=1, settle_time=0.000s, actual_ctrl=(Az=93.45°, El=28.60°), target_ctrl=(Az=93.45°, El=28.50°), err=(dAz=0.00°, dEl=0.10°)
[Laser] No valid laser distance, use mono distance
[GimbalCmd] cmd_id=40, track_id=1, target_ctrl=(Az=93.92°, El=28.50°)

[Phase 1: 视觉解析] 收到目标 cx=2753.3, cy=1080.0, mono=320.0m -> 解算绝对角度: Az=3.80°, El=28.50°
[Phase 3: 预测控制] 目标当前估算Az=3.79°, 速度=0.74°/s
                   -> 打提前量(0.25s后)Az=3.98°, El=28.50° | 下发云台指令: Az=93.98°, El=28.50°

[Phase 1: 视觉解析] 收到目标 cx=2766.7, cy=1080.0, mono=320.0m -> 解算绝对角度: Az=3.86°, El=28.50°
[Phase 3: 预测控制] 目标当前估算Az=3.85°, 速度=0.74°/s
                   -> 打提前量(0.25s后)Az=4.04°, El=28.50° | 下发云台指令: Az=94.04°, El=28.50°

[Phase 1: 视觉解析] 收到目标 cx=2780.0, cy=1080.0, mono=320.0m -> 解算绝对角度: Az=3.92°, El=28.50°
[Phase 3: 预测控制] 目标当前估算Az=3.92°, 速度=0.74°/s
                   -> 打提前量(0.25s后)Az=4.10°, El=28.50° | 下发云台指令: Az=94.10°, El=28.50°

[Phase 1: 视觉解析] 收到目标 cx=2793.3, cy=1080.0, mono=320.0m -> 解算绝对角度: Az=3.98°, El=28.50°
[Phase 3: 预测控制] 目标当前估算Az=3.98°, 速度=0.74°/s
                   -> 打提前量(0.25s后)Az=4.16°, El=28.50° | 下发云台指令: Az=94.16°, El=28.50°

[Phase 1: 视觉解析] 收到目标 cx=2806.7, cy=1080.0, mono=320.0m -> 解算绝对角度: Az=4.04°, El=28.50°
[Phase 3: 预测控制] 目标当前估算Az=4.04°, 速度=0.74°/s
                   -> 打提前量(0.25s后)Az=4.22°, El=28.50° | 下发云台指令: Az=94.22°, El=28.50°
[GimbalAtt] cmd_id=40, elapsed=0.001s, actual_ctrl=(Az=93.92°, El=28.60°), actual_ui=(Az=3.92°, El=28.60°), target_ctrl=(Az=93.92°, El=28.50°), err=(dAz=0.00°, dEl=0.10°)
[GimbalSettled] cmd_id=40, track_id=1, settle_time=0.001s, actual_ctrl=(Az=93.92°, El=28.60°), target_ctrl=(Az=93.92°, El=28.50°), err=(dAz=0.00°, dEl=0.10°)
[Laser] No valid laser distance, use mono distance
[GimbalCmd] cmd_id=41, track_id=1, target_ctrl=(Az=94.16°, El=28.50°)

[Phase 1: 视觉解析] 收到目标 cx=2820.0, cy=1080.0, mono=320.0m -> 解算绝对角度: Az=4.10°, El=28.50°
[Phase 3: 预测控制] 目标当前估算Az=4.10°, 速度=0.74°/s
                   -> 打提前量(0.25s后)Az=4.29°, El=28.50° | 下发云台指令: Az=94.29°, El=28.50°

[Phase 1: 视觉解析] 收到目标 cx=2833.3, cy=1080.0, mono=320.0m -> 解算绝对角度: Az=4.16°, El=28.50°
[Phase 3: 预测控制] 目标当前估算Az=4.16°, 速度=0.74°/s
                   -> 打提前量(0.25s后)Az=4.35°, El=28.50° | 下发云台指令: Az=94.35°, El=28.50°

[Phase 1: 视觉解析] 收到目标 cx=2846.7, cy=1080.0, mono=320.0m -> 解算绝对角度: Az=4.22°, El=28.50°
[Phase 3: 预测控制] 目标当前估算Az=4.22°, 速度=0.75°/s
                   -> 打提前量(0.25s后)Az=4.41°, El=28.50° | 下发云台指令: Az=94.41°, El=28.50°

[Phase 1: 视觉解析] 收到目标 cx=2860.0, cy=1080.0, mono=320.0m -> 解算绝对角度: Az=4.28°, El=28.50°
[Phase 3: 预测控制] 目标当前估算Az=4.28°, 速度=0.75°/s
                   -> 打提前量(0.25s后)Az=4.47°, El=28.50° | 下发云台指令: Az=94.47°, El=28.50°

[Phase 1: 视觉解析] 收到目标 cx=2873.3, cy=1080.0, mono=320.0m -> 解算绝对角度: Az=4.34°, El=28.50°
[TargetKeep] reason=lock_timer_expired, master_id=1, score=4.02, candidates=id=1, score=4.02, speed=0.75deg/s, dist=0.44deg, hits=164, stab=2.44, hold=1.15x
[Phase 3: 预测控制] 目标当前估算Az=4.34°, 速度=0.75°/s
                   -> 打提前量(0.25s后)Az=4.53°, El=28.50° | 下发云台指令: Az=94.53°, El=28.50°
[GimbalAtt] cmd_id=41, elapsed=0.000s, actual_ctrl=(Az=94.16°, El=28.60°), actual_ui=(Az=4.16°, El=28.60°), target_ctrl=(Az=94.16°, El=28.50°), err=(dAz=0.00°, dEl=0.10°)
[GimbalSettled] cmd_id=41, track_id=1, settle_time=0.000s, actual_ctrl=(Az=94.16°, El=28.60°), target_ctrl=(Az=94.16°, El=28.50°), err=(dAz=0.00°, dEl=0.10°)
[Laser] No valid laser distance, use mono distance
[GimbalCmd] cmd_id=42, track_id=1, target_ctrl=(Az=94.41°, El=28.50°)

[Phase 1: 视觉解析] 收到目标 cx=2886.7, cy=1080.0, mono=320.0m -> 解算绝对角度: Az=4.41°, El=28.50°
[Phase 3: 预测控制] 目标当前估算Az=4.40°, 速度=0.75°/s
                   -> 打提前量(0.25s后)Az=4.59°, El=28.50° | 下发云台指令: Az=94.59°, El=28.50°

[Phase 1: 视觉解析] 收到目标 cx=2900.0, cy=1080.0, mono=320.0m -> 解算绝对角度: Az=4.47°, El=28.50°
[Phase 3: 预测控制] 目标当前估算Az=4.46°, 速度=0.75°/s
                   -> 打提前量(0.25s后)Az=4.65°, El=28.50° | 下发云台指令: Az=94.65°, El=28.50°

[Phase 1: 视觉解析] 收到目标 cx=2913.3, cy=1080.0, mono=320.0m -> 解算绝对角度: Az=4.53°, El=28.50°
[Phase 3: 预测控制] 目标当前估算Az=4.52°, 速度=0.75°/s
                   -> 打提前量(0.25s后)Az=4.71°, El=28.50° | 下发云台指令: Az=94.71°, El=28.50°

[Phase 1: 视觉解析] 收到目标 cx=2926.7, cy=1080.0, mono=320.0m -> 解算绝对角度: Az=4.59°, El=28.50°
[Phase 3: 预测控制] 目标当前估算Az=4.59°, 速度=0.75°/s
                   -> 打提前量(0.25s后)Az=4.77°, El=28.50° | 下发云台指令: Az=94.77°, El=28.50°

[Phase 1: 视觉解析] 收到目标 cx=2940.0, cy=1080.0, mono=320.0m -> 解算绝对角度: Az=4.65°, El=28.50°
[Phase 3: 预测控制] 目标当前估算Az=4.65°, 速度=0.75°/s
                   -> 打提前量(0.25s后)Az=4.83°, El=28.50° | 下发云台指令: Az=94.83°, El=28.50°
[GimbalAtt] cmd_id=42, elapsed=0.000s, actual_ctrl=(Az=94.41°, El=28.60°), actual_ui=(Az=4.41°, El=28.60°), target_ctrl=(Az=94.41°, El=28.50°), err=(dAz=0.00°, dEl=0.10°)
[GimbalSettled] cmd_id=42, track_id=1, settle_time=0.000s, actual_ctrl=(Az=94.41°, El=28.60°), target_ctrl=(Az=94.41°, El=28.50°), err=(dAz=0.00°, dEl=0.10°)
[Laser] No valid laser distance, use mono distance
[GimbalCmd] cmd_id=43, track_id=1, target_ctrl=(Az=94.65°, El=28.50°)

[Phase 1: 视觉解析] 收到目标 cx=2953.3, cy=1080.0, mono=320.0m -> 解算绝对角度: Az=4.71°, El=28.50°
[Phase 3: 预测控制] 目标当前估算Az=4.71°, 速度=0.75°/s
                   -> 打提前量(0.25s后)Az=4.90°, El=28.50° | 下发云台指令: Az=94.90°, El=28.50°

[Phase 1: 视觉解析] 收到目标 cx=2966.7, cy=1080.0, mono=320.0m -> 解算绝对角度: Az=4.77°, El=28.50°
[Phase 3: 预测控制] 目标当前估算Az=4.77°, 速度=0.75°/s
                   -> 打提前量(0.25s后)Az=4.96°, El=28.50° | 下发云台指令: Az=94.96°, El=28.50°

[Phase 1: 视觉解析] 收到目标 cx=2980.0, cy=1080.0, mono=320.0m -> 解算绝对角度: Az=4.83°, El=28.50°
[Phase 3: 预测控制] 目标当前估算Az=4.83°, 速度=0.75°/s
                   -> 打提前量(0.25s后)Az=5.02°, El=28.50° | 下发云台指令: Az=95.02°, El=28.50°

[Phase 1: 视觉解析] 收到目标 cx=2993.3, cy=1080.0, mono=320.0m -> 解算绝对角度: Az=4.89°, El=28.50°
[Phase 3: 预测控制] 目标当前估算Az=4.89°, 速度=0.75°/s
                   -> 打提前量(0.25s后)Az=5.08°, El=28.50° | 下发云台指令: Az=95.08°, El=28.50°

[Phase 1: 视觉解析] 收到目标 cx=3006.7, cy=1080.0, mono=320.0m -> 解算绝对角度: Az=4.95°, El=28.50°
[Phase 3: 预测控制] 目标当前估算Az=4.95°, 速度=0.75°/s
                   -> 打提前量(0.25s后)Az=5.14°, El=28.50° | 下发云台指令: Az=95.14°, El=28.50°
[GimbalAtt] cmd_id=43, elapsed=0.000s, actual_ctrl=(Az=94.65°, El=28.60°), actual_ui=(Az=4.65°, El=28.60°), target_ctrl=(Az=94.65°, El=28.50°), err=(dAz=0.00°, dEl=0.10°)
[GimbalSettled] cmd_id=43, track_id=1, settle_time=0.000s, actual_ctrl=(Az=94.65°, El=28.60°), target_ctrl=(Az=94.65°, El=28.50°), err=(dAz=0.00°, dEl=0.10°)
[Laser] No valid laser distance, use mono distance
[GimbalCmd] cmd_id=45, track_id=1, target_ctrl=(Az=95.14°, El=28.50°)

[Phase 1: 视觉解析] 收到目标 cx=3020.0, cy=1080.0, mono=320.0m -> 解算绝对角度: Az=5.01°, El=28.50°
[Phase 3: 预测控制] 目标当前估算Az=5.01°, 速度=0.75°/s
                   -> 打提前量(0.25s后)Az=5.20°, El=28.50° | 下发云台指令: Az=95.20°, El=28.50°

[Phase 1: 视觉解析] 收到目标 cx=3033.3, cy=1080.0, mono=320.0m -> 解算绝对角度: Az=5.07°, El=28.50°
[Phase 3: 预测控制] 目标当前估算Az=5.07°, 速度=0.75°/s
                   -> 打提前量(0.25s后)Az=5.26°, El=28.50° | 下发云台指令: Az=95.26°, El=28.50°

[Phase 1: 视觉解析] 收到目标 cx=3046.7, cy=1080.0, mono=320.0m -> 解算绝对角度: Az=5.13°, El=28.50°
[Phase 3: 预测控制] 目标当前估算Az=5.13°, 速度=0.75°/s
                   -> 打提前量(0.25s后)Az=5.32°, El=28.50° | 下发云台指令: Az=95.32°, El=28.50°

[Phase 1: 视觉解析] 收到目标 cx=3060.0, cy=1080.0, mono=320.0m -> 解算绝对角度: Az=5.20°, El=28.50°
[Phase 3: 预测控制] 目标当前估算Az=5.19°, 速度=0.75°/s
                   -> 打提前量(0.25s后)Az=5.38°, El=28.50° | 下发云台指令: Az=95.38°, El=28.50°

[Phase 1: 视觉解析] 收到目标 cx=3073.3, cy=1080.0, mono=320.0m -> 解算绝对角度: Az=5.26°, El=28.50°
[Phase 3: 预测控制] 目标当前估算Az=5.26°, 速度=0.75°/s
                   -> 打提前量(0.25s后)Az=5.45°, El=28.50° | 下发云台指令: Az=95.45°, El=28.50°
[GimbalAtt] cmd_id=45, elapsed=0.000s, actual_ctrl=(Az=95.14°, El=28.60°), actual_ui=(Az=5.14°, El=28.60°), target_ctrl=(Az=95.14°, El=28.50°), err=(dAz=0.00°, dEl=0.10°)
[GimbalSettled] cmd_id=45, track_id=1, settle_time=0.000s, actual_ctrl=(Az=95.14°, El=28.60°), target_ctrl=(Az=95.14°, El=28.50°), err=(dAz=0.00°, dEl=0.10°)
[Laser] No valid laser distance, use mono distance
[GimbalCmd] cmd_id=46, track_id=1, target_ctrl=(Az=95.38°, El=28.50°)

[Phase 1: 视觉解析] 收到目标 cx=3086.7, cy=1080.0, mono=320.0m -> 解算绝对角度: Az=5.32°, El=28.50°
[Phase 3: 预测控制] 目标当前估算Az=5.32°, 速度=0.75°/s
                   -> 打提前量(0.25s后)Az=5.51°, El=28.50° | 下发云台指令: Az=95.51°, El=28.50°

[Phase 1: 视觉解析] 收到目标 cx=3100.0, cy=1080.0, mono=320.0m -> 解算绝对角度: Az=5.38°, El=28.50°
[Phase 3: 预测控制] 目标当前估算Az=5.38°, 速度=0.75°/s
                   -> 打提前量(0.25s后)Az=5.57°, El=28.50° | 下发云台指令: Az=95.57°, El=28.50°

[Phase 1: 视觉解析] 收到目标 cx=3113.3, cy=1080.0, mono=320.0m -> 解算绝对角度: Az=5.44°, El=28.50°
[Phase 3: 预测控制] 目标当前估算Az=5.44°, 速度=0.75°/s
                   -> 打提前量(0.25s后)Az=5.63°, El=28.50° | 下发云台指令: Az=95.63°, El=28.50°

[Phase 1: 视觉解析] 收到目标 cx=3126.7, cy=1080.0, mono=320.0m -> 解算绝对角度: Az=5.50°, El=28.50°
[Phase 3: 预测控制] 目标当前估算Az=5.51°, 速度=0.74°/s
                   -> 打提前量(0.25s后)Az=5.69°, El=28.50° | 下发云台指令: Az=95.69°, El=28.50°

[Phase 1: 视觉解析] 收到目标 cx=3140.0, cy=1080.0, mono=320.0m -> 解算绝对角度: Az=5.56°, El=28.50°
[Phase 3: 预测控制] 目标当前估算Az=5.56°, 速度=0.74°/s
                   -> 打提前量(0.25s后)Az=5.75°, El=28.50° | 下发云台指令: Az=95.75°, El=28.50°
[Stats] recv_objs_total=184, recv_unique_boxes=184 | ui_send_total=182, ui_unique_ids=1, ui_id_counts=1:182
[GimbalAtt] cmd_id=46, elapsed=0.000s, actual_ctrl=(Az=95.38°, El=28.60°), actual_ui=(Az=5.38°, El=28.60°), target_ctrl=(Az=95.38°, El=28.50°), err=(dAz=0.00°, dEl=0.10°)
[GimbalSettled] cmd_id=46, track_id=1, settle_time=0.000s, actual_ctrl=(Az=95.38°, El=28.60°), target_ctrl=(Az=95.38°, El=28.50°), err=(dAz=0.00°, dEl=0.10°)
[Laser] No valid laser distance, use mono distance
[GimbalCmd] cmd_id=47, track_id=1, target_ctrl=(Az=95.63°, El=28.50°)

[Phase 1: 视觉解析] 收到目标 cx=3153.3, cy=1080.0, mono=320.0m -> 解算绝对角度: Az=5.62°, El=28.50°
[Phase 3: 预测控制] 目标当前估算Az=5.62°, 速度=0.74°/s
                   -> 打提前量(0.25s后)Az=5.81°, El=28.50° | 下发云台指令: Az=95.81°, El=28.50°

[Phase 1: 视觉解析] 收到目标 cx=3166.7, cy=1080.0, mono=320.0m -> 解算绝对角度: Az=5.68°, El=28.50°
[Phase 3: 预测控制] 目标当前估算Az=5.68°, 速度=0.74°/s
                   -> 打提前量(0.25s后)Az=5.87°, El=28.50° | 下发云台指令: Az=95.87°, El=28.50°

[Phase 1: 视觉解析] 收到目标 cx=3180.0, cy=1080.0, mono=320.0m -> 解算绝对角度: Az=5.74°, El=28.50°
[TargetKeep] reason=lock_timer_expired, master_id=1, score=4.03, candidates=id=1, score=4.03, speed=0.73deg/s, dist=0.39deg, hits=187, stab=2.44, hold=1.15x
[Phase 3: 预测控制] 目标当前估算Az=5.76°, 速度=0.73°/s
                   -> 打提前量(0.25s后)Az=5.94°, El=28.50° | 下发云台指令: Az=95.94°, El=28.50°

[Phase 1: 视觉解析] 收到目标 cx=3193.3, cy=1080.0, mono=320.0m -> 解算绝对角度: Az=5.80°, El=28.50°
[Phase 3: 预测控制] 目标当前估算Az=5.81°, 速度=0.72°/s
                   -> 打提前量(0.25s后)Az=6.00°, El=28.50° | 下发云台指令: Az=96.00°, El=28.50°
[GimbalAtt] cmd_id=47, elapsed=0.000s, actual_ctrl=(Az=95.63°, El=28.60°), actual_ui=(Az=5.63°, El=28.60°), target_ctrl=(Az=95.63°, El=28.50°), err=(dAz=0.00°, dEl=0.10°)
[GimbalSettled] cmd_id=47, track_id=1, settle_time=0.000s, actual_ctrl=(Az=95.63°, El=28.60°), target_ctrl=(Az=95.63°, El=28.50°), err=(dAz=0.00°, dEl=0.10°)
[Laser] No valid laser distance, use mono distance
[GimbalCmd] cmd_id=48, track_id=1, target_ctrl=(Az=95.87°, El=28.50°)

[Phase 1: 视觉解析] 收到目标 cx=3206.7, cy=1080.0, mono=320.0m -> 解算绝对角度: Az=5.86°, El=28.50°
[Phase 3: 预测控制] 目标当前估算Az=5.87°, 速度=0.72°/s
                   -> 打提前量(0.25s后)Az=6.05°, El=28.50° | 下发云台指令: Az=96.05°, El=28.50°

[Phase 1: 视觉解析] 收到目标 cx=3220.0, cy=1080.0, mono=320.0m -> 解算绝对角度: Az=5.92°, El=28.50°
[Phase 3: 预测控制] 目标当前估算Az=5.93°, 速度=0.72°/s
                   -> 打提前量(0.25s后)Az=6.11°, El=28.50° | 下发云台指令: Az=96.11°, El=28.50°

[Phase 1: 视觉解析] 收到目标 cx=3233.3, cy=1080.0, mono=320.0m -> 解算绝对角度: Az=5.99°, El=28.50°
[Phase 3: 预测控制] 目标当前估算Az=5.98°, 速度=0.72°/s
                   -> 打提前量(0.25s后)Az=6.16°, El=28.50° | 下发云台指令: Az=96.16°, El=28.50°

[Phase 1: 视觉解析] 收到目标 cx=3246.7, cy=1080.0, mono=320.0m -> 解算绝对角度: Az=6.05°, El=28.50°
[Phase 3: 预测控制] 目标当前估算Az=6.04°, 速度=0.72°/s
                   -> 打提前量(0.25s后)Az=6.22°, El=28.50° | 下发云台指令: Az=96.22°, El=28.50°

[Phase 1: 视觉解析] 收到目标 cx=3260.0, cy=1080.0, mono=320.0m -> 解算绝对角度: Az=6.11°, El=28.50°
[Phase 3: 预测控制] 目标当前估算Az=6.10°, 速度=0.72°/s
                   -> 打提前量(0.25s后)Az=6.28°, El=28.50° | 下发云台指令: Az=96.28°, El=28.50°
[GimbalAtt] cmd_id=48, elapsed=0.000s, actual_ctrl=(Az=95.87°, El=28.60°), actual_ui=(Az=5.87°, El=28.60°), target_ctrl=(Az=95.87°, El=28.50°), err=(dAz=0.00°, dEl=0.10°)
[GimbalSettled] cmd_id=48, track_id=1, settle_time=0.000s, actual_ctrl=(Az=95.87°, El=28.60°), target_ctrl=(Az=95.87°, El=28.50°), err=(dAz=0.00°, dEl=0.10°)
[Laser] No valid laser distance, use mono distance
[GimbalCmd] cmd_id=49, track_id=1, target_ctrl=(Az=96.11°, El=28.50°)

[Phase 1: 视觉解析] 收到目标 cx=3273.3, cy=1080.0, mono=320.0m -> 解算绝对角度: Az=6.17°, El=28.50°
[Phase 3: 预测控制] 目标当前估算Az=6.16°, 速度=0.73°/s
                   -> 打提前量(0.25s后)Az=6.34°, El=28.50° | 下发云台指令: Az=96.34°, El=28.50°

[Phase 1: 视觉解析] 收到目标 cx=3286.7, cy=1080.0, mono=320.0m -> 解算绝对角度: Az=6.23°, El=28.50°
[Phase 3: 预测控制] 目标当前估算Az=6.22°, 速度=0.73°/s
                   -> 打提前量(0.25s后)Az=6.40°, El=28.50° | 下发云台指令: Az=96.40°, El=28.50°

[Phase 1: 视觉解析] 收到目标 cx=3300.0, cy=1080.0, mono=320.0m -> 解算绝对角度: Az=6.29°, El=28.50°
[Phase 3: 预测控制] 目标当前估算Az=6.28°, 速度=0.73°/s
                   -> 打提前量(0.25s后)Az=6.47°, El=28.50° | 下发云台指令: Az=96.47°, El=28.50°

[Phase 1: 视觉解析] 收到目标 cx=3313.3, cy=1080.0, mono=320.0m -> 解算绝对角度: Az=6.35°, El=28.50°
[Phase 3: 预测控制] 目标当前估算Az=6.34°, 速度=0.73°/s
                   -> 打提前量(0.25s后)Az=6.53°, El=28.50° | 下发云台指令: Az=96.53°, El=28.50°

[Phase 1: 视觉解析] 收到目标 cx=3326.7, cy=1080.0, mono=320.0m -> 解算绝对角度: Az=6.41°, El=28.50°
[Phase 3: 预测控制] 目标当前估算Az=6.41°, 速度=0.74°/s
                   -> 打提前量(0.25s后)Az=6.59°, El=28.50° | 下发云台指令: Az=96.59°, El=28.50°
[GimbalAtt] cmd_id=49, elapsed=0.000s, actual_ctrl=(Az=96.11°, El=28.60°), actual_ui=(Az=6.11°, El=28.60°), target_ctrl=(Az=96.11°, El=28.50°), err=(dAz=0.00°, dEl=0.10°)
[GimbalSettled] cmd_id=49, track_id=1, settle_time=0.000s, actual_ctrl=(Az=96.11°, El=28.60°), target_ctrl=(Az=96.11°, El=28.50°), err=(dAz=0.00°, dEl=0.10°)
[Laser] No valid laser distance, use mono distance
[GimbalCmd] cmd_id=51, track_id=1, target_ctrl=(Az=96.59°, El=28.50°)

[Phase 1: 视觉解析] 收到目标 cx=3340.0, cy=1080.0, mono=320.0m -> 解算绝对角度: Az=6.47°, El=28.50°
[Phase 3: 预测控制] 目标当前估算Az=6.47°, 速度=0.74°/s
                   -> 打提前量(0.25s后)Az=6.65°, El=28.50° | 下发云台指令: Az=96.65°, El=28.50°

[Phase 1: 视觉解析] 收到目标 cx=3353.3, cy=1080.0, mono=320.0m -> 解算绝对角度: Az=6.53°, El=28.50°
[Phase 3: 预测控制] 目标当前估算Az=6.53°, 速度=0.74°/s
                   -> 打提前量(0.25s后)Az=6.71°, El=28.50° | 下发云台指令: Az=96.71°, El=28.50°

[Phase 1: 视觉解析] 收到目标 cx=3366.7, cy=1080.0, mono=320.0m -> 解算绝对角度: Az=6.59°, El=28.50°
[Phase 3: 预测控制] 目标当前估算Az=6.59°, 速度=0.74°/s
                   -> 打提前量(0.25s后)Az=6.77°, El=28.50° | 下发云台指令: Az=96.77°, El=28.50°

[Phase 1: 视觉解析] 收到目标 cx=3380.0, cy=1080.0, mono=320.0m -> 解算绝对角度: Az=6.65°, El=28.50°
[Phase 3: 预测控制] 目标当前估算Az=6.65°, 速度=0.75°/s
                   -> 打提前量(0.25s后)Az=6.84°, El=28.50° | 下发云台指令: Az=96.84°, El=28.50°

[Phase 1: 视觉解析] 收到目标 cx=3393.3, cy=1080.0, mono=320.0m -> 解算绝对角度: Az=6.71°, El=28.50°
[Phase 3: 预测控制] 目标当前估算Az=6.71°, 速度=0.75°/s
                   -> 打提前量(0.25s后)Az=6.90°, El=28.50° | 下发云台指令: Az=96.90°, El=28.50°
[GimbalAtt] cmd_id=51, elapsed=0.000s, actual_ctrl=(Az=96.59°, El=28.60°), actual_ui=(Az=6.59°, El=28.60°), target_ctrl=(Az=96.59°, El=28.50°), err=(dAz=0.00°, dEl=0.10°)
[GimbalSettled] cmd_id=51, track_id=1, settle_time=0.000s, actual_ctrl=(Az=96.59°, El=28.60°), target_ctrl=(Az=96.59°, El=28.50°), err=(dAz=0.00°, dEl=0.10°)
[Laser] No valid laser distance, use mono distance
[GimbalCmd] cmd_id=52, track_id=1, target_ctrl=(Az=96.84°, El=28.50°)

[Phase 1: 视觉解析] 收到目标 cx=3406.7, cy=1080.0, mono=320.0m -> 解算绝对角度: Az=6.78°, El=28.50°
[Phase 3: 预测控制] 目标当前估算Az=6.77°, 速度=0.75°/s
                   -> 打提前量(0.25s后)Az=6.96°, El=28.50° | 下发云台指令: Az=96.96°, El=28.50°

[Phase 1: 视觉解析] 收到目标 cx=3420.0, cy=1080.0, mono=320.0m -> 解算绝对角度: Az=6.84°, El=28.50°
[Phase 3: 预测控制] 目标当前估算Az=6.83°, 速度=0.75°/s
                   -> 打提前量(0.25s后)Az=7.02°, El=28.50° | 下发云台指令: Az=97.02°, El=28.50°

[Phase 1: 视觉解析] 收到目标 cx=3433.3, cy=1080.0, mono=320.0m -> 解算绝对角度: Az=6.90°, El=28.50°
[Phase 3: 预测控制] 目标当前估算Az=6.89°, 速度=0.75°/s
                   -> 打提前量(0.25s后)Az=7.08°, El=28.50° | 下发云台指令: Az=97.08°, El=28.50°

[Phase 1: 视觉解析] 收到目标 cx=3446.7, cy=1080.0, mono=320.0m -> 解算绝对角度: Az=6.96°, El=28.50°
[Phase 3: 预测控制] 目标当前估算Az=6.96°, 速度=0.75°/s
                   -> 打提前量(0.25s后)Az=7.14°, El=28.50° | 下发云台指令: Az=97.14°, El=28.50°

[Phase 1: 视觉解析] 收到目标 cx=3460.0, cy=1080.0, mono=320.0m -> 解算绝对角度: Az=7.02°, El=28.50°
[Phase 3: 预测控制] 目标当前估算Az=7.02°, 速度=0.75°/s
                   -> 打提前量(0.25s后)Az=7.21°, El=28.50° | 下发云台指令: Az=97.21°, El=28.50°
[GimbalAtt] cmd_id=52, elapsed=0.000s, actual_ctrl=(Az=96.84°, El=28.60°), actual_ui=(Az=6.84°, El=28.60°), target_ctrl=(Az=96.84°, El=28.50°), err=(dAz=0.00°, dEl=0.10°)
[GimbalSettled] cmd_id=52, track_id=1, settle_time=0.000s, actual_ctrl=(Az=96.84°, El=28.60°), target_ctrl=(Az=96.84°, El=28.50°), err=(dAz=0.00°, dEl=0.10°)
[Laser] No valid laser distance, use mono distance
[GimbalCmd] cmd_id=53, track_id=1, target_ctrl=(Az=97.08°, El=28.50°)

[Phase 1: 视觉解析] 收到目标 cx=3473.3, cy=1080.0, mono=320.0m -> 解算绝对角度: Az=7.08°, El=28.50°
[Phase 3: 预测控制] 目标当前估算Az=7.08°, 速度=0.76°/s
                   -> 打提前量(0.25s后)Az=7.27°, El=28.50° | 下发云台指令: Az=97.27°, El=28.50°

[Phase 1: 视觉解析] 收到目标 cx=3486.7, cy=1080.0, mono=320.0m -> 解算绝对角度: Az=7.14°, El=28.50°
[TargetKeep] reason=lock_timer_expired, master_id=1, score=4.17, candidates=id=1, score=4.17, speed=0.76deg/s, dist=0.32deg, hits=210, stab=2.44, hold=1.15x
[Phase 3: 预测控制] 目标当前估算Az=7.14°, 速度=0.76°/s
                   -> 打提前量(0.25s后)Az=7.33°, El=28.50° | 下发云台指令: Az=97.33°, El=28.50°

[Phase 1: 视觉解析] 收到目标 cx=3500.0, cy=1080.0, mono=320.0m -> 解算绝对角度: Az=7.20°, El=28.50°
[Phase 3: 预测控制] 目标当前估算Az=7.20°, 速度=0.76°/s
                   -> 打提前量(0.25s后)Az=7.39°, El=28.50° | 下发云台指令: Az=97.39°, El=28.50°

[Phase 1: 视觉解析] 收到目标 cx=3513.3, cy=1080.0, mono=320.0m -> 解算绝对角度: Az=7.26°, El=28.50°
[Phase 3: 预测控制] 目标当前估算Az=7.26°, 速度=0.76°/s
                   -> 打提前量(0.25s后)Az=7.45°, El=28.50° | 下发云台指令: Az=97.45°, El=28.50°

[Phase 1: 视觉解析] 收到目标 cx=3526.7, cy=1080.0, mono=320.0m -> 解算绝对角度: Az=7.32°, El=28.50°
[Phase 3: 预测控制] 目标当前估算Az=7.32°, 速度=0.76°/s
                   -> 打提前量(0.25s后)Az=7.51°, El=28.50° | 下发云台指令: Az=97.51°, El=28.50°
[GimbalAtt] cmd_id=53, elapsed=0.000s, actual_ctrl=(Az=97.08°, El=28.60°), actual_ui=(Az=7.08°, El=28.60°), target_ctrl=(Az=97.08°, El=28.50°), err=(dAz=0.00°, dEl=0.10°)
[GimbalSettled] cmd_id=53, track_id=1, settle_time=0.000s, actual_ctrl=(Az=97.08°, El=28.60°), target_ctrl=(Az=97.08°, El=28.50°), err=(dAz=0.00°, dEl=0.10°)
[Laser] No valid laser distance, use mono distance
[GimbalCmd] cmd_id=54, track_id=1, target_ctrl=(Az=97.33°, El=28.50°)

[Phase 1: 视觉解析] 收到目标 cx=3540.0, cy=1080.0, mono=320.0m -> 解算绝对角度: Az=7.38°, El=28.50°
[Phase 3: 预测控制] 目标当前估算Az=7.38°, 速度=0.76°/s
                   -> 打提前量(0.25s后)Az=7.57°, El=28.50° | 下发云台指令: Az=97.57°, El=28.50°

[Phase 1: 视觉解析] 收到目标 cx=3553.3, cy=1080.0, mono=320.0m -> 解算绝对角度: Az=7.44°, El=28.50°
[Phase 3: 预测控制] 目标当前估算Az=7.44°, 速度=0.76°/s
                   -> 打提前量(0.25s后)Az=7.63°, El=28.50° | 下发云台指令: Az=97.63°, El=28.50°
[Stats] recv_objs_total=215, recv_unique_boxes=215 | ui_send_total=213, ui_unique_ids=1, ui_id_counts=1:213

[Phase 1: 视觉解析] 收到目标 cx=3566.7, cy=1080.0, mono=320.0m -> 解算绝对角度: Az=7.50°, El=28.50°
[Phase 3: 预测控制] 目标当前估算Az=7.50°, 速度=0.76°/s
                   -> 打提前量(0.25s后)Az=7.69°, El=28.50° | 下发云台指令: Az=97.69°, El=28.50°

[Phase 1: 视觉解析] 收到目标 cx=3580.0, cy=1080.0, mono=320.0m -> 解算绝对角度: Az=7.57°, El=28.50°
[Phase 3: 预测控制] 目标当前估算Az=7.56°, 速度=0.76°/s
                   -> 打提前量(0.25s后)Az=7.75°, El=28.50° | 下发云台指令: Az=97.75°, El=28.50°

[Phase 1: 视觉解析] 收到目标 cx=3593.3, cy=1080.0, mono=320.0m -> 解算绝对角度: Az=7.63°, El=28.50°
[Phase 3: 预测控制] 目标当前估算Az=7.63°, 速度=0.76°/s
                   -> 打提前量(0.25s后)Az=7.82°, El=28.50° | 下发云台指令: Az=97.82°, El=28.50°
[GimbalAtt] cmd_id=54, elapsed=0.001s, actual_ctrl=(Az=97.33°, El=28.60°), actual_ui=(Az=7.33°, El=28.60°), target_ctrl=(Az=97.33°, El=28.50°), err=(dAz=0.00°, dEl=0.10°)
[GimbalSettled] cmd_id=54, track_id=1, settle_time=0.001s, actual_ctrl=(Az=97.33°, El=28.60°), target_ctrl=(Az=97.33°, El=28.50°), err=(dAz=0.00°, dEl=0.10°)
[Laser] No valid laser distance, use mono distance
[GimbalCmd] cmd_id=56, track_id=1, target_ctrl=(Az=97.82°, El=28.50°)

[Phase 1: 视觉解析] 收到目标 cx=3606.7, cy=1080.0, mono=320.0m -> 解算绝对角度: Az=7.69°, El=28.50°
[Phase 3: 预测控制] 目标当前估算Az=7.69°, 速度=0.76°/s
                   -> 打提前量(0.25s后)Az=7.88°, El=28.50° | 下发云台指令: Az=97.88°, El=28.50°

[Phase 1: 视觉解析] 收到目标 cx=3620.0, cy=1080.0, mono=320.0m -> 解算绝对角度: Az=7.75°, El=28.50°
[Phase 3: 预测控制] 目标当前估算Az=7.75°, 速度=0.76°/s
                   -> 打提前量(0.25s后)Az=7.94°, El=28.50° | 下发云台指令: Az=97.94°, El=28.50°

[Phase 1: 视觉解析] 收到目标 cx=3633.3, cy=1080.0, mono=320.0m -> 解算绝对角度: Az=7.81°, El=28.50°
[Phase 3: 预测控制] 目标当前估算Az=7.81°, 速度=0.76°/s
                   -> 打提前量(0.25s后)Az=8.00°, El=28.50° | 下发云台指令: Az=98.00°, El=28.50°

[Phase 1: 视觉解析] 收到目标 cx=3646.7, cy=1080.0, mono=320.0m -> 解算绝对角度: Az=7.87°, El=28.50°
[Phase 3: 预测控制] 目标当前估算Az=7.87°, 速度=0.76°/s
                   -> 打提前量(0.25s后)Az=8.06°, El=28.50° | 下发云台指令: Az=98.06°, El=28.50°

[Phase 1: 视觉解析] 收到目标 cx=3660.0, cy=1080.0, mono=320.0m -> 解算绝对角度: Az=7.93°, El=28.50°
[Phase 3: 预测控制] 目标当前估算Az=7.93°, 速度=0.76°/s
                   -> 打提前量(0.25s后)Az=8.12°, El=28.50° | 下发云台指令: Az=98.12°, El=28.50°
[GimbalAtt] cmd_id=56, elapsed=0.000s, actual_ctrl=(Az=97.82°, El=28.60°), actual_ui=(Az=7.82°, El=28.60°), target_ctrl=(Az=97.82°, El=28.50°), err=(dAz=0.00°, dEl=0.10°)
[GimbalSettled] cmd_id=56, track_id=1, settle_time=0.000s, actual_ctrl=(Az=97.82°, El=28.60°), target_ctrl=(Az=97.82°, El=28.50°), err=(dAz=0.00°, dEl=0.10°)
[Laser] No valid laser distance, use mono distance
[GimbalCmd] cmd_id=57, track_id=1, target_ctrl=(Az=98.06°, El=28.50°)

[Phase 1: 视觉解析] 收到目标 cx=3673.3, cy=1080.0, mono=320.0m -> 解算绝对角度: Az=7.99°, El=28.50°
[Phase 3: 预测控制] 目标当前估算Az=7.99°, 速度=0.76°/s
                   -> 打提前量(0.25s后)Az=8.18°, El=28.50° | 下发云台指令: Az=98.18°, El=28.50°

[Phase 1: 视觉解析] 收到目标 cx=3686.7, cy=1080.0, mono=320.0m -> 解算绝对角度: Az=8.05°, El=28.50°
[Phase 3: 预测控制] 目标当前估算Az=8.05°, 速度=0.76°/s
                   -> 打提前量(0.25s后)Az=8.24°, El=28.50° | 下发云台指令: Az=98.24°, El=28.50°
[GimbalAtt] cmd_id=57, elapsed=0.000s, actual_ctrl=(Az=98.06°, El=28.60°), actual_ui=(Az=8.06°, El=28.60°), target_ctrl=(Az=98.06°, El=28.50°), err=(dAz=0.00°, dEl=0.10°)
[GimbalSettled] cmd_id=57, track_id=1, settle_time=0.000s, actual_ctrl=(Az=98.06°, El=28.60°), target_ctrl=(Az=98.06°, El=28.50°), err=(dAz=0.00°, dEl=0.10°)
[Laser] No valid laser distance, use mono distance
