[Log] stdout/stderr -> logs/main_tracking_v9_20260403_175312.log
[Init] Connecting to Gimbal at /dev/ttyUSB0...
[GT06Z] Driver Ready on /dev/ttyUSB0.
[Adapter] GT06Z 云台已连接: /dev/ttyUSB0
[Net] Listening RK3588 on 8888...[GimbalThread] 控制线程已启动

=== System V9.0 (Predictive Tracking & Scheduling) Running ===

[Phase 1: 视觉解析] 收到目标 cx=1920.0, cy=1080.0, mono=320.0m -> 解算绝对角度: Az=0.00°, El=28.50°
[Stats] recv_objs_total=1, recv_unique_boxes=1 | ui_send_total=0, ui_unique_ids=0, ui_id_counts=none

[Phase 1: 视觉解析] 收到目标 cx=1920.0, cy=1080.0, mono=320.0m -> 解算绝对角度: Az=0.00°, El=28.50°

[Phase 1: 视觉解析] 收到目标 cx=1920.0, cy=1080.0, mono=320.0m -> 解算绝对角度: Az=0.00°, El=28.50°
[Phase 2: 目标调度] 基于威胁度(v=0.0°/s, dist=35.6°) 成功锁定目标 ID: 1. 准备交由云台跟踪!
[Phase 3: 预测控制] 目标当前估算Az=0.00°, 速度=0.00°/s
                   -> 打提前量(0.25s后)Az=0.00°, El=28.50° | 下发云台指令: Az=90.00°, El=28.50°

[Phase 1: 视觉解析] 收到目标 cx=1920.0, cy=1080.0, mono=320.0m -> 解算绝对角度: Az=0.00°, El=28.50°
[Phase 3: 预测控制] 目标当前估算Az=0.00°, 速度=0.00°/s
                   -> 打提前量(0.25s后)Az=0.00°, El=28.50° | 下发云台指令: Az=90.00°, El=28.50°

[Phase 1: 视觉解析] 收到目标 cx=1920.0, cy=1080.0, mono=320.0m -> 解算绝对角度: Az=0.00°, El=28.50°
[Phase 3: 预测控制] 目标当前估算Az=0.00°, 速度=0.00°/s
                   -> 打提前量(0.25s后)Az=0.00°, El=28.50° | 下发云台指令: Az=90.00°, El=28.50°

[Phase 1: 视觉解析] 收到目标 cx=1920.0, cy=1080.0, mono=320.0m -> 解算绝对角度: Az=0.00°, El=28.50°
[Phase 3: 预测控制] 目标当前估算Az=0.00°, 速度=0.00°/s
                   -> 打提前量(0.25s后)Az=0.00°, El=28.50° | 下发云台指令: Az=90.00°, El=28.50°

[Phase 1: 视觉解析] 收到目标 cx=1920.0, cy=1080.0, mono=320.0m -> 解算绝对角度: Az=0.00°, El=28.50°
[Phase 3: 预测控制] 目标当前估算Az=0.00°, 速度=0.00°/s
                   -> 打提前量(0.25s后)Az=0.00°, El=28.50° | 下发云台指令: Az=90.00°, El=28.50°

[Phase 1: 视觉解析] 收到目标 cx=1920.0, cy=1080.0, mono=320.0m -> 解算绝对角度: Az=0.00°, El=28.50°
[Phase 3: 预测控制] 目标当前估算Az=0.00°, 速度=0.00°/s
                   -> 打提前量(0.25s后)Az=0.00°, El=28.50° | 下发云台指令: Az=90.00°, El=28.50°

[Phase 1: 视觉解析] 收到目标 cx=1920.0, cy=1080.0, mono=320.0m -> 解算绝对角度: Az=0.00°, El=28.50°
[Phase 3: 预测控制] 目标当前估算Az=0.00°, 速度=0.00°/s
                   -> 打提前量(0.25s后)Az=0.00°, El=28.50° | 下发云台指令: Az=90.00°, El=28.50°

[Phase 1: 视觉解析] 收到目标 cx=1920.0, cy=1080.0, mono=320.0m -> 解算绝对角度: Az=0.00°, El=28.50°
[Phase 3: 预测控制] 目标当前估算Az=0.00°, 速度=0.00°/s
                   -> 打提前量(0.25s后)Az=0.00°, El=28.50° | 下发云台指令: Az=90.00°, El=28.50°

[Phase 1: 视觉解析] 收到目标 cx=1920.0, cy=1080.0, mono=320.0m -> 解算绝对角度: Az=0.00°, El=28.50°
[Phase 3: 预测控制] 目标当前估算Az=0.00°, 速度=0.00°/s
                   -> 打提前量(0.25s后)Az=0.00°, El=28.50° | 下发云台指令: Az=90.00°, El=28.50°

[Phase 1: 视觉解析] 收到目标 cx=1920.0, cy=1080.0, mono=320.0m -> 解算绝对角度: Az=0.00°, El=28.50°
[Phase 3: 预测控制] 目标当前估算Az=0.00°, 速度=0.00°/s
                   -> 打提前量(0.25s后)Az=0.00°, El=28.50° | 下发云台指令: Az=90.00°, El=28.50°

[Phase 1: 视觉解析] 收到目标 cx=1920.0, cy=1080.0, mono=320.0m -> 解算绝对角度: Az=0.00°, El=28.50°
[Phase 3: 预测控制] 目标当前估算Az=0.00°, 速度=0.00°/s
                   -> 打提前量(0.25s后)Az=0.00°, El=28.50° | 下发云台指令: Az=90.00°, El=28.50°

[Phase 1: 视觉解析] 收到目标 cx=1920.0, cy=1080.0, mono=320.0m -> 解算绝对角度: Az=0.00°, El=28.50°
[Phase 3: 预测控制] 目标当前估算Az=0.00°, 速度=0.00°/s
                   -> 打提前量(0.25s后)Az=0.00°, El=28.50° | 下发云台指令: Az=90.00°, El=28.50°

[Phase 1: 视觉解析] 收到目标 cx=1920.0, cy=1080.0, mono=320.0m -> 解算绝对角度: Az=0.00°, El=28.50°
[Phase 3: 预测控制] 目标当前估算Az=0.00°, 速度=0.00°/s
                   -> 打提前量(0.25s后)Az=0.00°, El=28.50° | 下发云台指令: Az=90.00°, El=28.50°

[Phase 1: 视觉解析] 收到目标 cx=1920.0, cy=1080.0, mono=320.0m -> 解算绝对角度: Az=0.00°, El=28.50°
[Phase 3: 预测控制] 目标当前估算Az=0.00°, 速度=0.00°/s
                   -> 打提前量(0.25s后)Az=0.00°, El=28.50° | 下发云台指令: Az=90.00°, El=28.50°

[Phase 1: 视觉解析] 收到目标 cx=1920.0, cy=1080.0, mono=320.0m -> 解算绝对角度: Az=0.00°, El=28.50°
[Phase 3: 预测控制] 目标当前估算Az=0.00°, 速度=0.00°/s
                   -> 打提前量(0.25s后)Az=0.00°, El=28.50° | 下发云台指令: Az=90.00°, El=28.50°

[Phase 1: 视觉解析] 收到目标 cx=1920.0, cy=1080.0, mono=320.0m -> 解算绝对角度: Az=0.00°, El=28.50°
[Phase 2: 目标调度] 基于威胁度(v=0.0°/s, dist=25.7°) 成功锁定目标 ID: 1. 准备交由云台跟踪!
[Phase 3: 预测控制] 目标当前估算Az=0.00°, 速度=0.00°/s
                   -> 打提前量(0.25s后)Az=0.00°, El=28.50° | 下发云台指令: Az=90.00°, El=28.50°

[Phase 1: 视觉解析] 收到目标 cx=1920.0, cy=1080.0, mono=320.0m -> 解算绝对角度: Az=0.00°, El=28.50°
[Phase 3: 预测控制] 目标当前估算Az=0.00°, 速度=0.00°/s
                   -> 打提前量(0.25s后)Az=0.00°, El=28.50° | 下发云台指令: Az=90.00°, El=28.50°

[Phase 1: 视觉解析] 收到目标 cx=1920.0, cy=1080.0, mono=320.0m -> 解算绝对角度: Az=0.00°, El=28.50°
[Phase 3: 预测控制] 目标当前估算Az=0.00°, 速度=0.00°/s
                   -> 打提前量(0.25s后)Az=0.00°, El=28.50° | 下发云台指令: Az=90.00°, El=28.50°

[Phase 1: 视觉解析] 收到目标 cx=2520.0, cy=1080.0, mono=320.0m -> 解算绝对角度: Az=2.73°, El=28.50°
[Phase 3: 预测控制] 目标当前估算Az=0.85°, 速度=1.01°/s
                   -> 打提前量(0.25s后)Az=1.11°, El=28.50° | 下发云台指令: Az=91.11°, El=28.50°
[Stats] recv_objs_total=21, recv_unique_boxes=2 | ui_send_total=19, ui_unique_ids=1, ui_id_counts=1:19

[Phase 1: 视觉解析] 收到目标 cx=2520.0, cy=1080.0, mono=320.0m -> 解算绝对角度: Az=2.73°, El=28.50°
[Phase 3: 预测控制] 目标当前估算Az=1.50°, 速度=1.66°/s
                   -> 打提前量(0.25s后)Az=1.92°, El=28.50° | 下发云台指令: Az=91.92°, El=28.50°

[Phase 1: 视觉解析] 收到目标 cx=2520.0, cy=1080.0, mono=320.0m -> 解算绝对角度: Az=2.73°, El=28.50°
[Phase 3: 预测控制] 目标当前估算Az=2.01°, 速度=2.05°/s
                   -> 打提前量(0.25s后)Az=2.52°, El=28.50° | 下发云台指令: Az=92.52°, El=28.50°

[Phase 1: 视觉解析] 收到目标 cx=2520.0, cy=1080.0, mono=320.0m -> 解算绝对角度: Az=2.73°, El=28.50°
[Phase 3: 预测控制] 目标当前估算Az=2.37°, 速度=2.24°/s
                   -> 打提前量(0.25s后)Az=2.93°, El=28.50° | 下发云台指令: Az=92.93°, El=28.50°

[Phase 1: 视觉解析] 收到目标 cx=2520.0, cy=1080.0, mono=320.0m -> 解算绝对角度: Az=2.73°, El=28.50°
[Phase 3: 预测控制] 目标当前估算Az=2.64°, 速度=2.30°/s
                   -> 打提前量(0.25s后)Az=3.21°, El=28.50° | 下发云台指令: Az=93.21°, El=28.50°

[Phase 1: 视觉解析] 收到目标 cx=2520.0, cy=1080.0, mono=320.0m -> 解算绝对角度: Az=2.73°, El=28.50°
[Phase 3: 预测控制] 目标当前估算Az=2.83°, 速度=2.25°/s
                   -> 打提前量(0.25s后)Az=3.39°, El=28.50° | 下发云台指令: Az=93.39°, El=28.50°

[Phase 1: 视觉解析] 收到目标 cx=2520.0, cy=1080.0, mono=320.0m -> 解算绝对角度: Az=2.73°, El=28.50°
[Phase 3: 预测控制] 目标当前估算Az=2.95°, 速度=2.13°/s
                   -> 打提前量(0.25s后)Az=3.49°, El=28.50° | 下发云台指令: Az=93.49°, El=28.50°

[Phase 1: 视觉解析] 收到目标 cx=2520.0, cy=1080.0, mono=320.0m -> 解算绝对角度: Az=2.73°, El=28.50°
[Phase 3: 预测控制] 目标当前估算Az=3.03°, 速度=1.98°/s
                   -> 打提前量(0.25s后)Az=3.53°, El=28.50° | 下发云台指令: Az=93.53°, El=28.50°

[Phase 1: 视觉解析] 收到目标 cx=2520.0, cy=1080.0, mono=320.0m -> 解算绝对角度: Az=2.73°, El=28.50°
[Phase 3: 预测控制] 目标当前估算Az=3.08°, 速度=1.79°/s
                   -> 打提前量(0.25s后)Az=3.53°, El=28.50° | 下发云台指令: Az=93.53°, El=28.50°

[Phase 1: 视觉解析] 收到目标 cx=2520.0, cy=1080.0, mono=320.0m -> 解算绝对角度: Az=2.73°, El=28.50°
[Phase 3: 预测控制] 目标当前估算Az=3.10°, 速度=1.60°/s
                   -> 打提前量(0.25s后)Az=3.50°, El=28.50° | 下发云台指令: Az=93.50°, El=28.50°

[Phase 1: 视觉解析] 收到目标 cx=2520.0, cy=1080.0, mono=320.0m -> 解算绝对角度: Az=2.73°, El=28.50°
[Phase 3: 预测控制] 目标当前估算Az=3.10°, 速度=1.41°/s
                   -> 打提前量(0.25s后)Az=3.45°, El=28.50° | 下发云台指令: Az=93.45°, El=28.50°

[Phase 1: 视觉解析] 收到目标 cx=2520.0, cy=1080.0, mono=320.0m -> 解算绝对角度: Az=2.73°, El=28.50°
[Phase 3: 预测控制] 目标当前估算Az=3.09°, 速度=1.21°/s
                   -> 打提前量(0.25s后)Az=3.39°, El=28.50° | 下发云台指令: Az=93.39°, El=28.50°

[Phase 1: 视觉解析] 收到目标 cx=2520.0, cy=1080.0, mono=320.0m -> 解算绝对角度: Az=2.73°, El=28.50°
[Phase 2: 目标调度] 基于威胁度(v=1.0°/s, dist=6.5°) 成功锁定目标 ID: 1. 准备交由云台跟踪!
[Phase 3: 预测控制] 目标当前估算Az=3.06°, 速度=1.05°/s
                   -> 打提前量(0.25s后)Az=3.32°, El=28.50° | 下发云台指令: Az=93.32°, El=28.50°

[Phase 1: 视觉解析] 收到目标 cx=2520.0, cy=1080.0, mono=320.0m -> 解算绝对角度: Az=2.73°, El=28.50°
[Phase 3: 预测控制] 目标当前估算Az=3.03°, 速度=0.89°/s
                   -> 打提前量(0.25s后)Az=3.25°, El=28.50° | 下发云台指令: Az=93.25°, El=28.50°

[Phase 1: 视觉解析] 收到目标 cx=2520.0, cy=1080.0, mono=320.0m -> 解算绝对角度: Az=2.73°, El=28.50°
[Phase 3: 预测控制] 目标当前估算Az=3.00°, 速度=0.75°/s
                   -> 打提前量(0.25s后)Az=3.19°, El=28.50° | 下发云台指令: Az=93.19°, El=28.50°

[Phase 1: 视觉解析] 收到目标 cx=2520.0, cy=1080.0, mono=320.0m -> 解算绝对角度: Az=2.73°, El=28.50°
[Phase 3: 预测控制] 目标当前估算Az=2.97°, 速度=0.62°/s
                   -> 打提前量(0.25s后)Az=3.13°, El=28.50° | 下发云台指令: Az=93.13°, El=28.50°

[Phase 1: 视觉解析] 收到目标 cx=2520.0, cy=1080.0, mono=320.0m -> 解算绝对角度: Az=2.73°, El=28.50°
[Phase 3: 预测控制] 目标当前估算Az=2.94°, 速度=0.52°/s
                   -> 打提前量(0.25s后)Az=3.07°, El=28.50° | 下发云台指令: Az=93.07°, El=28.50°

[Phase 1: 视觉解析] 收到目标 cx=2520.0, cy=1080.0, mono=320.0m -> 解算绝对角度: Az=2.73°, El=28.50°
[Phase 3: 预测控制] 目标当前估算Az=2.91°, 速度=0.42°/s
                   -> 打提前量(0.25s后)Az=3.02°, El=28.50° | 下发云台指令: Az=93.02°, El=28.50°

[Phase 1: 视觉解析] 收到目标 cx=2520.0, cy=1080.0, mono=320.0m -> 解算绝对角度: Az=2.73°, El=28.50°
[Phase 3: 预测控制] 目标当前估算Az=2.89°, 速度=0.34°/s
                   -> 打提前量(0.25s后)Az=2.97°, El=28.50° | 下发云台指令: Az=92.97°, El=28.50°

[Phase 1: 视觉解析] 收到目标 cx=2520.0, cy=1080.0, mono=320.0m -> 解算绝对角度: Az=2.73°, El=28.50°
[Phase 3: 预测控制] 目标当前估算Az=2.86°, 速度=0.27°/s
                   -> 打提前量(0.25s后)Az=2.93°, El=28.50° | 下发云台指令: Az=92.93°, El=28.50°

[Phase 1: 视觉解析] 收到目标 cx=1320.0, cy=1080.0, mono=320.0m -> 解算绝对角度: Az=357.27°, El=28.50°
[Stats] recv_objs_total=41, recv_unique_boxes=3 | ui_send_total=38, ui_unique_ids=1, ui_id_counts=1:38

[Phase 1: 视觉解析] 收到目标 cx=1320.0, cy=1080.0, mono=320.0m -> 解算绝对角度: Az=357.27°, El=28.50°

[Phase 1: 视觉解析] 收到目标 cx=1320.0, cy=1080.0, mono=320.0m -> 解算绝对角度: Az=357.27°, El=28.50°
[Phase 2: 目标调度] 基于威胁度(v=0.0°/s, dist=6.4°) 成功锁定目标 ID: 2. 准备交由云台跟踪!
[Phase 3: 预测控制] 目标当前估算Az=357.27°, 速度=0.00°/s
                   -> 打提前量(0.25s后)Az=357.27°, El=28.50° | 下发云台指令: Az=87.27°, El=28.50°
[Laser] No valid laser distance, use mono distance

[Phase 1: 视觉解析] 收到目标 cx=1320.0, cy=1080.0, mono=320.0m -> 解算绝对角度: Az=357.27°, El=28.50°
[Phase 3: 预测控制] 目标当前估算Az=357.27°, 速度=0.00°/s
                   -> 打提前量(0.25s后)Az=357.27°, El=28.50° | 下发云台指令: Az=87.27°, El=28.50°

[Phase 1: 视觉解析] 收到目标 cx=1320.0, cy=1080.0, mono=320.0m -> 解算绝对角度: Az=357.27°, El=28.50°
[Phase 3: 预测控制] 目标当前估算Az=357.27°, 速度=0.00°/s
                   -> 打提前量(0.25s后)Az=357.27°, El=28.50° | 下发云台指令: Az=87.27°, El=28.50°

[Phase 1: 视觉解析] 收到目标 cx=1320.0, cy=1080.0, mono=320.0m -> 解算绝对角度: Az=357.27°, El=28.50°
[Phase 3: 预测控制] 目标当前估算Az=357.27°, 速度=0.00°/s
                   -> 打提前量(0.25s后)Az=357.27°, El=28.50° | 下发云台指令: Az=87.27°, El=28.50°

[Phase 1: 视觉解析] 收到目标 cx=1320.0, cy=1080.0, mono=320.0m -> 解算绝对角度: Az=357.27°, El=28.50°
[Phase 3: 预测控制] 目标当前估算Az=357.27°, 速度=0.00°/s
                   -> 打提前量(0.25s后)Az=357.27°, El=28.50° | 下发云台指令: Az=87.27°, El=28.50°

[Phase 1: 视觉解析] 收到目标 cx=1320.0, cy=1080.0, mono=320.0m -> 解算绝对角度: Az=357.27°, El=28.50°
[Phase 3: 预测控制] 目标当前估算Az=357.27°, 速度=0.00°/s
                   -> 打提前量(0.25s后)Az=357.27°, El=28.50° | 下发云台指令: Az=87.27°, El=28.50°

[Phase 1: 视觉解析] 收到目标 cx=1320.0, cy=1080.0, mono=320.0m -> 解算绝对角度: Az=357.27°, El=28.50°
[Phase 3: 预测控制] 目标当前估算Az=357.27°, 速度=0.00°/s
                   -> 打提前量(0.25s后)Az=357.27°, El=28.50° | 下发云台指令: Az=87.27°, El=28.50°

[Phase 1: 视觉解析] 收到目标 cx=1320.0, cy=1080.0, mono=320.0m -> 解算绝对角度: Az=357.27°, El=28.50°
[Phase 3: 预测控制] 目标当前估算Az=357.27°, 速度=0.00°/s
                   -> 打提前量(0.25s后)Az=357.27°, El=28.50° | 下发云台指令: Az=87.27°, El=28.50°

[Phase 1: 视觉解析] 收到目标 cx=1320.0, cy=1080.0, mono=320.0m -> 解算绝对角度: Az=357.27°, El=28.50°
[Phase 3: 预测控制] 目标当前估算Az=357.27°, 速度=0.00°/s
                   -> 打提前量(0.25s后)Az=357.27°, El=28.50° | 下发云台指令: Az=87.27°, El=28.50°
[Laser] No valid laser distance, use mono distance

[Phase 1: 视觉解析] 收到目标 cx=1320.0, cy=1080.0, mono=320.0m -> 解算绝对角度: Az=357.27°, El=28.50°
[Phase 3: 预测控制] 目标当前估算Az=357.27°, 速度=0.00°/s
                   -> 打提前量(0.25s后)Az=357.27°, El=28.50° | 下发云台指令: Az=87.27°, El=28.50°

[Phase 1: 视觉解析] 收到目标 cx=1320.0, cy=1080.0, mono=320.0m -> 解算绝对角度: Az=357.27°, El=28.50°
[Phase 3: 预测控制] 目标当前估算Az=357.27°, 速度=0.00°/s
                   -> 打提前量(0.25s后)Az=357.27°, El=28.50° | 下发云台指令: Az=87.27°, El=28.50°

[Phase 1: 视觉解析] 收到目标 cx=1320.0, cy=1080.0, mono=320.0m -> 解算绝对角度: Az=357.27°, El=28.50°
[Phase 3: 预测控制] 目标当前估算Az=357.27°, 速度=0.00°/s
                   -> 打提前量(0.25s后)Az=357.27°, El=28.50° | 下发云台指令: Az=87.27°, El=28.50°

[Phase 1: 视觉解析] 收到目标 cx=1320.0, cy=1080.0, mono=320.0m -> 解算绝对角度: Az=357.27°, El=28.50°
[Phase 3: 预测控制] 目标当前估算Az=357.27°, 速度=0.00°/s
                   -> 打提前量(0.25s后)Az=357.27°, El=28.50° | 下发云台指令: Az=87.27°, El=28.50°

[Phase 1: 视觉解析] 收到目标 cx=1320.0, cy=1080.0, mono=320.0m -> 解算绝对角度: Az=357.27°, El=28.50°
[Phase 3: 预测控制] 目标当前估算Az=357.27°, 速度=0.00°/s
                   -> 打提前量(0.25s后)Az=357.27°, El=28.50° | 下发云台指令: Az=87.27°, El=28.50°

[Phase 1: 视觉解析] 收到目标 cx=1320.0, cy=1080.0, mono=320.0m -> 解算绝对角度: Az=357.27°, El=28.50°
[Phase 3: 预测控制] 目标当前估算Az=357.27°, 速度=0.00°/s
                   -> 打提前量(0.25s后)Az=357.27°, El=28.50° | 下发云台指令: Az=87.27°, El=28.50°

[Phase 1: 视觉解析] 收到目标 cx=1320.0, cy=1080.0, mono=320.0m -> 解算绝对角度: Az=357.27°, El=28.50°
[Phase 2: 目标调度] 基于威胁度(v=0.0°/s, dist=0.1°) 成功锁定目标 ID: 2. 准备交由云台跟踪!
[Phase 3: 预测控制] 目标当前估算Az=357.27°, 速度=0.00°/s
                   -> 打提前量(0.25s后)Az=357.27°, El=28.50° | 下发云台指令: Az=87.27°, El=28.50°

[Phase 1: 视觉解析] 收到目标 cx=1320.0, cy=1080.0, mono=320.0m -> 解算绝对角度: Az=357.27°, El=28.50°
[Phase 3: 预测控制] 目标当前估算Az=357.27°, 速度=0.00°/s
                   -> 打提前量(0.25s后)Az=357.27°, El=28.50° | 下发云台指令: Az=87.27°, El=28.50°

[Phase 1: 视觉解析] 收到目标 cx=1320.0, cy=1080.0, mono=320.0m -> 解算绝对角度: Az=357.27°, El=28.50°
[Phase 3: 预测控制] 目标当前估算Az=357.27°, 速度=0.00°/s
                   -> 打提前量(0.25s后)Az=357.27°, El=28.50° | 下发云台指令: Az=87.27°, El=28.50°

[Phase 1: 视觉解析] 收到目标 cx=1920.0, cy=760.0, mono=320.0m -> 解算绝对角度: Az=0.00°, El=29.97°
[Stats] recv_objs_total=61, recv_unique_boxes=4 | ui_send_total=56, ui_unique_ids=2, ui_id_counts=1:38, 2:18

[Phase 1: 视觉解析] 收到目标 cx=1920.0, cy=760.0, mono=320.0m -> 解算绝对角度: Az=0.00°, El=29.97°

[Phase 1: 视觉解析] 收到目标 cx=1920.0, cy=760.0, mono=320.0m -> 解算绝对角度: Az=0.00°, El=29.97°
[Phase 2: 目标调度] 基于威胁度(v=0.0°/s, dist=3.1°) 成功锁定目标 ID: 3. 准备交由云台跟踪!
[Phase 3: 预测控制] 目标当前估算Az=0.00°, 速度=0.00°/s
                   -> 打提前量(0.25s后)Az=0.00°, El=29.97° | 下发云台指令: Az=90.00°, El=29.97°

[Phase 1: 视觉解析] 收到目标 cx=1920.0, cy=760.0, mono=320.0m -> 解算绝对角度: Az=0.00°, El=29.97°
[Phase 3: 预测控制] 目标当前估算Az=0.00°, 速度=0.00°/s
                   -> 打提前量(0.25s后)Az=0.00°, El=29.97° | 下发云台指令: Az=90.00°, El=29.97°

[Phase 1: 视觉解析] 收到目标 cx=1920.0, cy=760.0, mono=320.0m -> 解算绝对角度: Az=0.00°, El=29.97°
[Phase 3: 预测控制] 目标当前估算Az=0.00°, 速度=0.00°/s
                   -> 打提前量(0.25s后)Az=0.00°, El=29.97° | 下发云台指令: Az=90.00°, El=29.97°

[Phase 1: 视觉解析] 收到目标 cx=1920.0, cy=760.0, mono=320.0m -> 解算绝对角度: Az=0.00°, El=29.97°
[Phase 3: 预测控制] 目标当前估算Az=0.00°, 速度=0.00°/s
                   -> 打提前量(0.25s后)Az=0.00°, El=29.97° | 下发云台指令: Az=90.00°, El=29.97°

[Phase 1: 视觉解析] 收到目标 cx=1920.0, cy=760.0, mono=320.0m -> 解算绝对角度: Az=0.00°, El=29.97°
[Phase 3: 预测控制] 目标当前估算Az=0.00°, 速度=0.00°/s
                   -> 打提前量(0.25s后)Az=0.00°, El=29.97° | 下发云台指令: Az=90.00°, El=29.97°

[Phase 1: 视觉解析] 收到目标 cx=1920.0, cy=760.0, mono=320.0m -> 解算绝对角度: Az=0.00°, El=29.97°
[Phase 3: 预测控制] 目标当前估算Az=0.00°, 速度=0.00°/s
                   -> 打提前量(0.25s后)Az=0.00°, El=29.97° | 下发云台指令: Az=90.00°, El=29.97°

[Phase 1: 视觉解析] 收到目标 cx=1920.0, cy=760.0, mono=320.0m -> 解算绝对角度: Az=0.00°, El=29.97°
[Phase 3: 预测控制] 目标当前估算Az=0.00°, 速度=0.00°/s
                   -> 打提前量(0.25s后)Az=0.00°, El=29.97° | 下发云台指令: Az=90.00°, El=29.97°

[Phase 1: 视觉解析] 收到目标 cx=1920.0, cy=760.0, mono=320.0m -> 解算绝对角度: Az=0.00°, El=29.97°
[Phase 3: 预测控制] 目标当前估算Az=0.00°, 速度=0.00°/s
                   -> 打提前量(0.25s后)Az=0.00°, El=29.97° | 下发云台指令: Az=90.00°, El=29.97°

[Phase 1: 视觉解析] 收到目标 cx=1920.0, cy=760.0, mono=320.0m -> 解算绝对角度: Az=0.00°, El=29.97°
[Phase 3: 预测控制] 目标当前估算Az=0.00°, 速度=0.00°/s
                   -> 打提前量(0.25s后)Az=0.00°, El=29.97° | 下发云台指令: Az=90.00°, El=29.97°

[Phase 1: 视觉解析] 收到目标 cx=1920.0, cy=760.0, mono=320.0m -> 解算绝对角度: Az=0.00°, El=29.97°
[Phase 3: 预测控制] 目标当前估算Az=0.00°, 速度=0.00°/s
                   -> 打提前量(0.25s后)Az=0.00°, El=29.97° | 下发云台指令: Az=90.00°, El=29.97°
[Laser] No valid laser distance, use mono distance

[Phase 1: 视觉解析] 收到目标 cx=1920.0, cy=760.0, mono=320.0m -> 解算绝对角度: Az=0.00°, El=29.97°
[Phase 3: 预测控制] 目标当前估算Az=0.00°, 速度=0.00°/s
                   -> 打提前量(0.25s后)Az=0.00°, El=29.97° | 下发云台指令: Az=90.00°, El=29.97°

[Phase 1: 视觉解析] 收到目标 cx=1920.0, cy=760.0, mono=320.0m -> 解算绝对角度: Az=0.00°, El=29.97°
[Phase 3: 预测控制] 目标当前估算Az=0.00°, 速度=0.00°/s
                   -> 打提前量(0.25s后)Az=0.00°, El=29.97° | 下发云台指令: Az=90.00°, El=29.97°

[Phase 1: 视觉解析] 收到目标 cx=1920.0, cy=760.0, mono=320.0m -> 解算绝对角度: Az=0.00°, El=29.97°
[Phase 3: 预测控制] 目标当前估算Az=0.00°, 速度=0.00°/s
                   -> 打提前量(0.25s后)Az=0.00°, El=29.97° | 下发云台指令: Az=90.00°, El=29.97°

[Phase 1: 视觉解析] 收到目标 cx=1920.0, cy=760.0, mono=320.0m -> 解算绝对角度: Az=0.00°, El=29.97°
[Phase 3: 预测控制] 目标当前估算Az=0.00°, 速度=0.00°/s
                   -> 打提前量(0.25s后)Az=0.00°, El=29.97° | 下发云台指令: Az=90.00°, El=29.97°

[Phase 1: 视觉解析] 收到目标 cx=1920.0, cy=760.0, mono=320.0m -> 解算绝对角度: Az=0.00°, El=29.97°
[Phase 3: 预测控制] 目标当前估算Az=0.00°, 速度=0.00°/s
                   -> 打提前量(0.25s后)Az=0.00°, El=29.97° | 下发云台指令: Az=90.00°, El=29.97°

[Phase 1: 视觉解析] 收到目标 cx=1920.0, cy=760.0, mono=320.0m -> 解算绝对角度: Az=0.00°, El=29.97°
[Phase 2: 目标调度] 基于威胁度(v=0.0°/s, dist=0.1°) 成功锁定目标 ID: 3. 准备交由云台跟踪!
[Phase 3: 预测控制] 目标当前估算Az=0.00°, 速度=0.00°/s
                   -> 打提前量(0.25s后)Az=0.00°, El=29.97° | 下发云台指令: Az=90.00°, El=29.97°

[Phase 1: 视觉解析] 收到目标 cx=1920.0, cy=760.0, mono=320.0m -> 解算绝对角度: Az=0.00°, El=29.97°
[Phase 3: 预测控制] 目标当前估算Az=0.00°, 速度=0.00°/s
                   -> 打提前量(0.25s后)Az=0.00°, El=29.97° | 下发云台指令: Az=90.00°, El=29.97°

[Phase 1: 视觉解析] 收到目标 cx=1920.0, cy=760.0, mono=320.0m -> 解算绝对角度: Az=0.00°, El=29.97°
[Phase 3: 预测控制] 目标当前估算Az=0.00°, 速度=0.00°/s
                   -> 打提前量(0.25s后)Az=0.00°, El=29.97° | 下发云台指令: Az=90.00°, El=29.97°

[Phase 1: 视觉解析] 收到目标 cx=1920.0, cy=1400.0, mono=320.0m -> 解算绝对角度: Az=0.00°, El=27.03°
[Stats] recv_objs_total=81, recv_unique_boxes=5 | ui_send_total=74, ui_unique_ids=3, ui_id_counts=1:38, 2:18, 3:18

[Phase 1: 视觉解析] 收到目标 cx=1920.0, cy=1400.0, mono=320.0m -> 解算绝对角度: Az=0.00°, El=27.03°

[Phase 1: 视觉解析] 收到目标 cx=1920.0, cy=1400.0, mono=320.0m -> 解算绝对角度: Az=0.00°, El=27.03°
[Phase 2: 目标调度] 基于威胁度(v=0.0°/s, dist=2.9°) 成功锁定目标 ID: 4. 准备交由云台跟踪!
[Phase 3: 预测控制] 目标当前估算Az=0.00°, 速度=0.00°/s
                   -> 打提前量(0.25s后)Az=0.00°, El=27.03° | 下发云台指令: Az=90.00°, El=27.03°

[Phase 1: 视觉解析] 收到目标 cx=1920.0, cy=1400.0, mono=320.0m -> 解算绝对角度: Az=0.00°, El=27.03°
[Phase 3: 预测控制] 目标当前估算Az=0.00°, 速度=0.00°/s
                   -> 打提前量(0.25s后)Az=0.00°, El=27.03° | 下发云台指令: Az=90.00°, El=27.03°

[Phase 1: 视觉解析] 收到目标 cx=1920.0, cy=1400.0, mono=320.0m -> 解算绝对角度: Az=0.00°, El=27.03°
[Phase 3: 预测控制] 目标当前估算Az=0.00°, 速度=0.00°/s
                   -> 打提前量(0.25s后)Az=0.00°, El=27.03° | 下发云台指令: Az=90.00°, El=27.03°

[Phase 1: 视觉解析] 收到目标 cx=1920.0, cy=1400.0, mono=320.0m -> 解算绝对角度: Az=0.00°, El=27.03°
[Phase 3: 预测控制] 目标当前估算Az=0.00°, 速度=0.00°/s
                   -> 打提前量(0.25s后)Az=0.00°, El=27.03° | 下发云台指令: Az=90.00°, El=27.03°

[Phase 1: 视觉解析] 收到目标 cx=1920.0, cy=1400.0, mono=320.0m -> 解算绝对角度: Az=0.00°, El=27.03°
[Phase 3: 预测控制] 目标当前估算Az=0.00°, 速度=0.00°/s
                   -> 打提前量(0.25s后)Az=0.00°, El=27.03° | 下发云台指令: Az=90.00°, El=27.03°

[Phase 1: 视觉解析] 收到目标 cx=1920.0, cy=1400.0, mono=320.0m -> 解算绝对角度: Az=0.00°, El=27.03°
[Phase 3: 预测控制] 目标当前估算Az=0.00°, 速度=0.00°/s
                   -> 打提前量(0.25s后)Az=0.00°, El=27.03° | 下发云台指令: Az=90.00°, El=27.03°

[Phase 1: 视觉解析] 收到目标 cx=1920.0, cy=1400.0, mono=320.0m -> 解算绝对角度: Az=0.00°, El=27.03°
[Phase 3: 预测控制] 目标当前估算Az=0.00°, 速度=0.00°/s
                   -> 打提前量(0.25s后)Az=0.00°, El=27.03° | 下发云台指令: Az=90.00°, El=27.03°

[Phase 1: 视觉解析] 收到目标 cx=1920.0, cy=1400.0, mono=320.0m -> 解算绝对角度: Az=0.00°, El=27.03°
[Phase 3: 预测控制] 目标当前估算Az=0.00°, 速度=0.00°/s
                   -> 打提前量(0.25s后)Az=0.00°, El=27.03° | 下发云台指令: Az=90.00°, El=27.03°

[Phase 1: 视觉解析] 收到目标 cx=1920.0, cy=1400.0, mono=320.0m -> 解算绝对角度: Az=0.00°, El=27.03°
[Phase 3: 预测控制] 目标当前估算Az=0.00°, 速度=0.00°/s
                   -> 打提前量(0.25s后)Az=0.00°, El=27.03° | 下发云台指令: Az=90.00°, El=27.03°
[Laser] No valid laser distance, use mono distance

[Phase 1: 视觉解析] 收到目标 cx=1920.0, cy=1400.0, mono=320.0m -> 解算绝对角度: Az=0.00°, El=27.03°
[Phase 3: 预测控制] 目标当前估算Az=0.00°, 速度=0.00°/s
                   -> 打提前量(0.25s后)Az=0.00°, El=27.03° | 下发云台指令: Az=90.00°, El=27.03°

[Phase 1: 视觉解析] 收到目标 cx=1920.0, cy=1400.0, mono=320.0m -> 解算绝对角度: Az=0.00°, El=27.03°
[Phase 3: 预测控制] 目标当前估算Az=0.00°, 速度=0.00°/s
                   -> 打提前量(0.25s后)Az=0.00°, El=27.03° | 下发云台指令: Az=90.00°, El=27.03°

[Phase 1: 视觉解析] 收到目标 cx=1920.0, cy=1400.0, mono=320.0m -> 解算绝对角度: Az=0.00°, El=27.03°
[Phase 3: 预测控制] 目标当前估算Az=0.00°, 速度=0.00°/s
                   -> 打提前量(0.25s后)Az=0.00°, El=27.03° | 下发云台指令: Az=90.00°, El=27.03°

[Phase 1: 视觉解析] 收到目标 cx=1920.0, cy=1400.0, mono=320.0m -> 解算绝对角度: Az=0.00°, El=27.03°
[Phase 3: 预测控制] 目标当前估算Az=0.00°, 速度=0.00°/s
                   -> 打提前量(0.25s后)Az=0.00°, El=27.03° | 下发云台指令: Az=90.00°, El=27.03°

[Phase 1: 视觉解析] 收到目标 cx=1920.0, cy=1400.0, mono=320.0m -> 解算绝对角度: Az=0.00°, El=27.03°
[Phase 3: 预测控制] 目标当前估算Az=0.00°, 速度=0.00°/s
                   -> 打提前量(0.25s后)Az=0.00°, El=27.03° | 下发云台指令: Az=90.00°, El=27.03°

[Phase 1: 视觉解析] 收到目标 cx=1920.0, cy=1400.0, mono=320.0m -> 解算绝对角度: Az=0.00°, El=27.03°
[Phase 3: 预测控制] 目标当前估算Az=0.00°, 速度=0.00°/s
                   -> 打提前量(0.25s后)Az=0.00°, El=27.03° | 下发云台指令: Az=90.00°, El=27.03°

[Phase 1: 视觉解析] 收到目标 cx=1920.0, cy=1400.0, mono=320.0m -> 解算绝对角度: Az=0.00°, El=27.03°
[Phase 2: 目标调度] 基于威胁度(v=0.0°/s, dist=0.1°) 成功锁定目标 ID: 4. 准备交由云台跟踪!
[Phase 3: 预测控制] 目标当前估算Az=0.00°, 速度=0.00°/s
                   -> 打提前量(0.25s后)Az=0.00°, El=27.03° | 下发云台指令: Az=90.00°, El=27.03°

[Phase 1: 视觉解析] 收到目标 cx=1920.0, cy=1400.0, mono=320.0m -> 解算绝对角度: Az=0.00°, El=27.03°
[Phase 3: 预测控制] 目标当前估算Az=0.00°, 速度=0.00°/s
                   -> 打提前量(0.25s后)Az=0.00°, El=27.03° | 下发云台指令: Az=90.00°, El=27.03°

[Phase 1: 视觉解析] 收到目标 cx=1920.0, cy=1400.0, mono=320.0m -> 解算绝对角度: Az=0.00°, El=27.03°
[Phase 3: 预测控制] 目标当前估算Az=0.00°, 速度=0.00°/s
                   -> 打提前量(0.25s后)Az=0.00°, El=27.03° | 下发云台指令: Az=90.00°, El=27.03°
