[Log] stdout/stderr -> logs\main_tracking_v9_20260414_155015.log
[Init] Connecting to Mock Gimbal at MOCK_PORT...
[MockGimbal] connected (port=MOCK_PORT, az_rate=45.0deg/s, el_rate=16.0deg/s, repeatability=0.10deg)
[LaserThread] 激光读取线程已启动
[Init] Real laser enabled on COM8
[Init] Queue gimbal initial posture: Az=90.00°, El=0.00°
[Laser] start_measurement mode=continuous
[GimbalThread] 控制线程已启动
[Net] Listening RK3588 on 8888...
=== System V9.0 (Predictive Tracking & Scheduling) Running ===
[GimbalCmd] cmd_id=0, track_id=-1, target_ctrl=(Az=90.00°, El=0.00°)
[GimbalAtt] cmd_id=0, elapsed=0.000s, actual_ctrl=(Az=90.00°, El=0.00°), actual_ui=(Az=0.00°, El=0.00°), target_ctrl=(Az=90.00°, El=0.00°), err=(dAz=0.00°, dEl=0.00°)
[GimbalSettled] cmd_id=0, track_id=-1, settle_time=0.000s, actual_ctrl=(Az=90.00°, El=0.00°), target_ctrl=(Az=90.00°, El=0.00°), err=(dAz=0.00°, dEl=0.00°)
[Laser] No valid laser distance, use mono distance

[Phase 1: 视觉解析] 收到目标 cx=700.0, cy=1080.0, mono=320.0m -> 解算绝对角度: Az=354.44°, El=28.50°
[Stats] recv_objs_total=1, recv_unique_boxes=1 | ui_send_total=0, ui_unique_ids=0, ui_id_counts=none

[Phase 1: 视觉解析] 收到目标 cx=713.3, cy=1080.0, mono=320.0m -> 解算绝对角度: Az=354.50°, El=28.50°

[Phase 1: 视觉解析] 收到目标 cx=726.7, cy=1080.0, mono=320.0m -> 解算绝对角度: Az=354.56°, El=28.50°
[TargetAcquire] reason=initial_acquire, master_id=1, score=-27.77, candidates=id=1, score=-27.77, speed=0.07deg/s, dist=29.02deg, hits=3, stab=1.11
[Phase 3: 预测控制] 目标当前估算Az=354.51°, 速度=0.07°/s
                   -> 打提前量(0.25s后)Az=354.53°, El=28.50° | 下发云台指令: Az=84.53°, El=28.50°
[GimbalCmd] cmd_id=1, track_id=1, target_ctrl=(Az=84.53°, El=28.50°)
[GimbalAtt] cmd_id=1, elapsed=0.000s, actual_ctrl=(Az=87.10°, El=1.00°), actual_ui=(Az=357.10°, El=1.00°), target_ctrl=(Az=84.53°, El=28.50°), err=(dAz=2.57°, dEl=27.50°)

[Phase 1: 视觉解析] 收到目标 cx=740.0, cy=1080.0, mono=320.0m -> 解算绝对角度: Az=354.62°, El=28.50°
[Phase 3: 预测控制] 目标当前估算Az=354.55°, 速度=0.15°/s
                   -> 打提前量(0.25s后)Az=354.59°, El=28.50° | 下发云台指令: Az=84.59°, El=28.50°
[GimbalAtt] cmd_id=1, elapsed=0.103s, actual_ctrl=(Az=84.50°, El=2.50°), actual_ui=(Az=354.50°, El=2.50°), target_ctrl=(Az=84.53°, El=28.50°), err=(dAz=0.03°, dEl=26.00°)

[Phase 1: 视觉解析] 收到目标 cx=753.3, cy=1080.0, mono=320.0m -> 解算绝对角度: Az=354.68°, El=28.50°
[Phase 3: 预测控制] 目标当前估算Az=354.60°, 速度=0.26°/s
                   -> 打提前量(0.25s后)Az=354.67°, El=28.50° | 下发云台指令: Az=84.67°, El=28.50°

[Phase 1: 视觉解析] 收到目标 cx=766.7, cy=1080.0, mono=320.0m -> 解算绝对角度: Az=354.74°, El=28.50°
[Phase 3: 预测控制] 目标当前估算Az=354.67°, 速度=0.37°/s
                   -> 打提前量(0.25s后)Az=354.76°, El=28.50° | 下发云台指令: Az=84.76°, El=28.50°
[GimbalAtt] cmd_id=1, elapsed=0.205s, actual_ctrl=(Az=84.50°, El=4.00°), actual_ui=(Az=354.50°, El=4.00°), target_ctrl=(Az=84.53°, El=28.50°), err=(dAz=0.03°, dEl=24.50°)

[Phase 1: 视觉解析] 收到目标 cx=780.0, cy=1080.0, mono=320.0m -> 解算绝对角度: Az=354.80°, El=28.50°
[Phase 3: 预测控制] 目标当前估算Az=354.73°, 速度=0.46°/s
                   -> 打提前量(0.25s后)Az=354.85°, El=28.50° | 下发云台指令: Az=84.85°, El=28.50°
[GimbalAtt] cmd_id=1, elapsed=0.307s, actual_ctrl=(Az=84.50°, El=5.50°), actual_ui=(Az=354.50°, El=5.50°), target_ctrl=(Az=84.53°, El=28.50°), err=(dAz=0.03°, dEl=23.00°)

[Phase 1: 视觉解析] 收到目标 cx=793.3, cy=1080.0, mono=320.0m -> 解算绝对角度: Az=354.87°, El=28.50°
[Phase 3: 预测控制] 目标当前估算Az=354.80°, 速度=0.55°/s
                   -> 打提前量(0.25s后)Az=354.94°, El=28.50° | 下发云台指令: Az=84.94°, El=28.50°

[Phase 1: 视觉解析] 收到目标 cx=806.7, cy=1080.0, mono=320.0m -> 解算绝对角度: Az=354.93°, El=28.50°
[Phase 3: 预测控制] 目标当前估算Az=354.87°, 速度=0.61°/s
                   -> 打提前量(0.25s后)Az=355.02°, El=28.50° | 下发云台指令: Az=85.02°, El=28.50°
[GimbalAtt] cmd_id=1, elapsed=0.410s, actual_ctrl=(Az=84.50°, El=7.00°), actual_ui=(Az=354.50°, El=7.00°), target_ctrl=(Az=84.53°, El=28.50°), err=(dAz=0.03°, dEl=21.50°)

[Phase 1: 视觉解析] 收到目标 cx=820.0, cy=1080.0, mono=320.0m -> 解算绝对角度: Az=354.99°, El=28.50°
[Phase 3: 预测控制] 目标当前估算Az=354.93°, 速度=0.67°/s
                   -> 打提前量(0.25s后)Az=355.10°, El=28.50° | 下发云台指令: Az=85.10°, El=28.50°
[GimbalAtt] cmd_id=1, elapsed=0.512s, actual_ctrl=(Az=84.50°, El=8.50°), actual_ui=(Az=354.50°, El=8.50°), target_ctrl=(Az=84.53°, El=28.50°), err=(dAz=0.03°, dEl=20.00°)

[Phase 1: 视觉解析] 收到目标 cx=833.3, cy=1080.0, mono=320.0m -> 解算绝对角度: Az=355.05°, El=28.50°
[Phase 3: 预测控制] 目标当前估算Az=355.00°, 速度=0.71°/s
                   -> 打提前量(0.25s后)Az=355.18°, El=28.50° | 下发云台指令: Az=85.18°, El=28.50°

[Phase 1: 视觉解析] 收到目标 cx=846.7, cy=1080.0, mono=320.0m -> 解算绝对角度: Az=355.11°, El=28.50°
[Phase 3: 预测控制] 目标当前估算Az=355.07°, 速度=0.74°/s
                   -> 打提前量(0.25s后)Az=355.25°, El=28.50° | 下发云台指令: Az=85.25°, El=28.50°
[GimbalAtt] cmd_id=1, elapsed=0.627s, actual_ctrl=(Az=84.50°, El=10.20°), actual_ui=(Az=354.50°, El=10.20°), target_ctrl=(Az=84.53°, El=28.50°), err=(dAz=0.03°, dEl=18.30°)

[Phase 1: 视觉解析] 收到目标 cx=860.0, cy=1080.0, mono=320.0m -> 解算绝对角度: Az=355.17°, El=28.50°
[Phase 3: 预测控制] 目标当前估算Az=355.13°, 速度=0.77°/s
                   -> 打提前量(0.25s后)Az=355.33°, El=28.50° | 下发云台指令: Az=85.33°, El=28.50°
[GimbalAtt] cmd_id=1, elapsed=0.729s, actual_ctrl=(Az=84.50°, El=11.70°), actual_ui=(Az=354.50°, El=11.70°), target_ctrl=(Az=84.53°, El=28.50°), err=(dAz=0.03°, dEl=16.80°)

[Phase 1: 视觉解析] 收到目标 cx=873.3, cy=1080.0, mono=320.0m -> 解算绝对角度: Az=355.23°, El=28.50°
[Phase 3: 预测控制] 目标当前估算Az=355.20°, 速度=0.79°/s
                   -> 打提前量(0.25s后)Az=355.40°, El=28.50° | 下发云台指令: Az=85.40°, El=28.50°

[Phase 1: 视觉解析] 收到目标 cx=886.7, cy=1080.0, mono=320.0m -> 解算绝对角度: Az=355.29°, El=28.50°
[Phase 3: 预测控制] 目标当前估算Az=355.26°, 速度=0.81°/s
                   -> 打提前量(0.25s后)Az=355.47°, El=28.50° | 下发云台指令: Az=85.47°, El=28.50°
[GimbalAtt] cmd_id=1, elapsed=0.831s, actual_ctrl=(Az=84.50°, El=13.20°), actual_ui=(Az=354.50°, El=13.20°), target_ctrl=(Az=84.53°, El=28.50°), err=(dAz=0.03°, dEl=15.30°)

[Phase 1: 视觉解析] 收到目标 cx=900.0, cy=1080.0, mono=320.0m -> 解算绝对角度: Az=355.35°, El=28.50°
[Phase 3: 预测控制] 目标当前估算Az=355.33°, 速度=0.83°/s
                   -> 打提前量(0.25s后)Az=355.53°, El=28.50° | 下发云台指令: Az=85.53°, El=28.50°

[Phase 1: 视觉解析] 收到目标 cx=913.3, cy=1080.0, mono=320.0m -> 解算绝对角度: Az=355.41°, El=28.50°
[Phase 3: 预测控制] 目标当前估算Az=355.39°, 速度=0.84°/s
                   -> 打提前量(0.25s后)Az=355.60°, El=28.50° | 下发云台指令: Az=85.60°, El=28.50°
[GimbalAtt] cmd_id=1, elapsed=0.934s, actual_ctrl=(Az=84.50°, El=14.70°), actual_ui=(Az=354.50°, El=14.70°), target_ctrl=(Az=84.53°, El=28.50°), err=(dAz=0.03°, dEl=13.80°)

[Phase 1: 视觉解析] 收到目标 cx=926.7, cy=1080.0, mono=320.0m -> 解算绝对角度: Az=355.47°, El=28.50°
[Phase 3: 预测控制] 目标当前估算Az=355.46°, 速度=0.85°/s
                   -> 打提前量(0.25s后)Az=355.67°, El=28.50° | 下发云台指令: Az=85.67°, El=28.50°
[GimbalAtt] cmd_id=1, elapsed=1.037s, actual_ctrl=(Az=84.50°, El=16.20°), actual_ui=(Az=354.50°, El=16.20°), target_ctrl=(Az=84.53°, El=28.50°), err=(dAz=0.03°, dEl=12.30°)

[Phase 1: 视觉解析] 收到目标 cx=940.0, cy=1080.0, mono=320.0m -> 解算绝对角度: Az=355.53°, El=28.50°
[Phase 3: 预测控制] 目标当前估算Az=355.52°, 速度=0.86°/s
                   -> 打提前量(0.25s后)Az=355.73°, El=28.50° | 下发云台指令: Az=85.73°, El=28.50°

[Phase 1: 视觉解析] 收到目标 cx=953.3, cy=1080.0, mono=320.0m -> 解算绝对角度: Az=355.59°, El=28.50°
[Phase 3: 预测控制] 目标当前估算Az=355.58°, 速度=0.87°/s
                   -> 打提前量(0.25s后)Az=355.80°, El=28.50° | 下发云台指令: Az=85.80°, El=28.50°
[GimbalAtt] cmd_id=1, elapsed=1.140s, actual_ctrl=(Az=84.50°, El=17.70°), actual_ui=(Az=354.50°, El=17.70°), target_ctrl=(Az=84.53°, El=28.50°), err=(dAz=0.03°, dEl=10.80°)

[Phase 1: 视觉解析] 收到目标 cx=966.7, cy=1080.0, mono=320.0m -> 解算绝对角度: Az=355.66°, El=28.50°
[Phase 3: 预测控制] 目标当前估算Az=355.64°, 速度=0.87°/s
                   -> 打提前量(0.25s后)Az=355.86°, El=28.50° | 下发云台指令: Az=85.86°, El=28.50°
[GimbalAtt] cmd_id=1, elapsed=1.241s, actual_ctrl=(Az=84.50°, El=19.20°), actual_ui=(Az=354.50°, El=19.20°), target_ctrl=(Az=84.53°, El=28.50°), err=(dAz=0.03°, dEl=9.30°)

[Phase 1: 视觉解析] 收到目标 cx=980.0, cy=1080.0, mono=320.0m -> 解算绝对角度: Az=355.72°, El=28.50°
[Phase 3: 预测控制] 目标当前估算Az=355.71°, 速度=0.88°/s
                   -> 打提前量(0.25s后)Az=355.93°, El=28.50° | 下发云台指令: Az=85.93°, El=28.50°

[Phase 1: 视觉解析] 收到目标 cx=993.3, cy=1080.0, mono=320.0m -> 解算绝对角度: Az=355.78°, El=28.50°
[Phase 3: 预测控制] 目标当前估算Az=355.77°, 速度=0.88°/s
                   -> 打提前量(0.25s后)Az=355.99°, El=28.50° | 下发云台指令: Az=85.99°, El=28.50°
[GimbalAtt] cmd_id=1, elapsed=1.343s, actual_ctrl=(Az=84.50°, El=20.70°), actual_ui=(Az=354.50°, El=20.70°), target_ctrl=(Az=84.53°, El=28.50°), err=(dAz=0.03°, dEl=7.80°)

[Phase 1: 视觉解析] 收到目标 cx=1006.7, cy=1080.0, mono=320.0m -> 解算绝对角度: Az=355.84°, El=28.50°
[Phase 3: 预测控制] 目标当前估算Az=355.83°, 速度=0.89°/s
                   -> 打提前量(0.25s后)Az=356.05°, El=28.50° | 下发云台指令: Az=86.05°, El=28.50°
[GimbalAtt] cmd_id=1, elapsed=1.446s, actual_ctrl=(Az=84.50°, El=22.20°), actual_ui=(Az=354.50°, El=22.20°), target_ctrl=(Az=84.53°, El=28.50°), err=(dAz=0.03°, dEl=6.30°)

[Phase 1: 视觉解析] 收到目标 cx=1020.0, cy=1080.0, mono=320.0m -> 解算绝对角度: Az=355.90°, El=28.50°
[Phase 3: 预测控制] 目标当前估算Az=355.89°, 速度=0.89°/s
                   -> 打提前量(0.25s后)Az=356.11°, El=28.50° | 下发云台指令: Az=86.11°, El=28.50°

[Phase 1: 视觉解析] 收到目标 cx=1033.3, cy=1080.0, mono=320.0m -> 解算绝对角度: Az=355.96°, El=28.50°
[TargetKeep] reason=lock_timer_expired, master_id=1, score=-1.24, candidates=id=1, score=-1.24, speed=0.89deg/s, dist=5.30deg, hits=26, stab=2.44, hold=1.15x
[Phase 3: 预测控制] 目标当前估算Az=355.95°, 速度=0.89°/s
                   -> 打提前量(0.25s后)Az=356.18°, El=28.50° | 下发云台指令: Az=86.18°, El=28.50°
[GimbalCmd] preempt cmd_id=8, track_id=1, target_ctrl=(Az=86.18°, El=28.50°), delta=1.65°
[GimbalAtt] cmd_id=8, elapsed=0.000s, actual_ctrl=(Az=85.40°, El=23.70°), actual_ui=(Az=355.40°, El=23.70°), target_ctrl=(Az=86.18°, El=28.50°), err=(dAz=0.78°, dEl=4.80°)

[Phase 1: 视觉解析] 收到目标 cx=1046.7, cy=1080.0, mono=320.0m -> 解算绝对角度: Az=356.02°, El=28.50°
[Phase 3: 预测控制] 目标当前估算Az=356.01°, 速度=0.90°/s
                   -> 打提前量(0.25s后)Az=356.24°, El=28.50° | 下发云台指令: Az=86.24°, El=28.50°
[GimbalAtt] cmd_id=8, elapsed=0.103s, actual_ctrl=(Az=86.20°, El=25.20°), actual_ui=(Az=356.20°, El=25.20°), target_ctrl=(Az=86.18°, El=28.50°), err=(dAz=0.02°, dEl=3.30°)

[Phase 1: 视觉解析] 收到目标 cx=1060.0, cy=1080.0, mono=320.0m -> 解算绝对角度: Az=356.08°, El=28.50°
[Phase 3: 预测控制] 目标当前估算Az=356.08°, 速度=0.90°/s
                   -> 打提前量(0.25s后)Az=356.30°, El=28.50° | 下发云台指令: Az=86.30°, El=28.50°

[Phase 1: 视觉解析] 收到目标 cx=1073.3, cy=1080.0, mono=320.0m -> 解算绝对角度: Az=356.14°, El=28.50°
[Phase 3: 预测控制] 目标当前估算Az=356.14°, 速度=0.90°/s
                   -> 打提前量(0.25s后)Az=356.36°, El=28.50° | 下发云台指令: Az=86.36°, El=28.50°
[GimbalAtt] cmd_id=8, elapsed=0.205s, actual_ctrl=(Az=86.20°, El=26.70°), actual_ui=(Az=356.20°, El=26.70°), target_ctrl=(Az=86.18°, El=28.50°), err=(dAz=0.02°, dEl=1.80°)

[Phase 1: 视觉解析] 收到目标 cx=1086.7, cy=1080.0, mono=320.0m -> 解算绝对角度: Az=356.20°, El=28.50°
[Phase 3: 预测控制] 目标当前估算Az=356.20°, 速度=0.90°/s
                   -> 打提前量(0.25s后)Az=356.43°, El=28.50° | 下发云台指令: Az=86.43°, El=28.50°
[GimbalAtt] cmd_id=8, elapsed=0.308s, actual_ctrl=(Az=86.20°, El=28.20°), actual_ui=(Az=356.20°, El=28.20°), target_ctrl=(Az=86.18°, El=28.50°), err=(dAz=0.02°, dEl=0.30°)
[GimbalSettled] cmd_id=8, track_id=1, settle_time=0.308s, actual_ctrl=(Az=86.20°, El=28.20°), target_ctrl=(Az=86.18°, El=28.50°), err=(dAz=0.02°, dEl=0.30°)
[Laser] No valid laser distance, use mono distance

[Phase 1: 视觉解析] 收到目标 cx=1100.0, cy=1080.0, mono=320.0m -> 解算绝对角度: Az=356.26°, El=28.50°
[Phase 3: 预测控制] 目标当前估算Az=356.26°, 速度=0.91°/s
                   -> 打提前量(0.25s后)Az=356.48°, El=28.50° | 下发云台指令: Az=86.48°, El=28.50°

[Phase 1: 视觉解析] 收到目标 cx=1113.3, cy=1080.0, mono=320.0m -> 解算绝对角度: Az=356.32°, El=28.50°
[Phase 3: 预测控制] 目标当前估算Az=356.32°, 速度=0.91°/s
                   -> 打提前量(0.25s后)Az=356.55°, El=28.50° | 下发云台指令: Az=86.55°, El=28.50°
[Stats] recv_objs_total=32, recv_unique_boxes=32 | ui_send_total=30, ui_unique_ids=1, ui_id_counts=1:30

[Phase 1: 视觉解析] 收到目标 cx=1126.7, cy=1080.0, mono=320.0m -> 解算绝对角度: Az=356.38°, El=28.50°
[Phase 3: 预测控制] 目标当前估算Az=356.38°, 速度=0.91°/s
                   -> 打提前量(0.25s后)Az=356.61°, El=28.50° | 下发云台指令: Az=86.61°, El=28.50°

[Phase 1: 视觉解析] 收到目标 cx=1140.0, cy=1080.0, mono=320.0m -> 解算绝对角度: Az=356.45°, El=28.50°
[Phase 3: 预测控制] 目标当前估算Az=356.44°, 速度=0.91°/s
                   -> 打提前量(0.25s后)Az=356.67°, El=28.50° | 下发云台指令: Az=86.67°, El=28.50°
[GimbalCmd] cmd_id=10, track_id=1, target_ctrl=(Az=86.67°, El=28.50°)
[GimbalAtt] cmd_id=10, elapsed=0.001s, actual_ctrl=(Az=86.70°, El=28.50°), actual_ui=(Az=356.70°, El=28.50°), target_ctrl=(Az=86.67°, El=28.50°), err=(dAz=0.03°, dEl=0.00°)
[GimbalSettled] cmd_id=10, track_id=1, settle_time=0.001s, actual_ctrl=(Az=86.70°, El=28.50°), target_ctrl=(Az=86.67°, El=28.50°), err=(dAz=0.03°, dEl=0.00°)
[Laser] No valid laser distance, use mono distance

[Phase 1: 视觉解析] 收到目标 cx=1153.3, cy=1080.0, mono=320.0m -> 解算绝对角度: Az=356.51°, El=28.50°
[Phase 3: 预测控制] 目标当前估算Az=356.51°, 速度=0.91°/s
                   -> 打提前量(0.25s后)Az=356.73°, El=28.50° | 下发云台指令: Az=86.73°, El=28.50°

[Phase 1: 视觉解析] 收到目标 cx=1166.7, cy=1080.0, mono=320.0m -> 解算绝对角度: Az=356.57°, El=28.50°
[Phase 3: 预测控制] 目标当前估算Az=356.57°, 速度=0.91°/s
                   -> 打提前量(0.25s后)Az=356.79°, El=28.50° | 下发云台指令: Az=86.79°, El=28.50°

[Phase 1: 视觉解析] 收到目标 cx=1180.0, cy=1080.0, mono=320.0m -> 解算绝对角度: Az=356.63°, El=28.50°
[Phase 3: 预测控制] 目标当前估算Az=356.63°, 速度=0.91°/s
                   -> 打提前量(0.25s后)Az=356.85°, El=28.50° | 下发云台指令: Az=86.85°, El=28.50°

[Phase 1: 视觉解析] 收到目标 cx=1193.3, cy=1080.0, mono=320.0m -> 解算绝对角度: Az=356.69°, El=28.50°
[Phase 3: 预测控制] 目标当前估算Az=356.69°, 速度=0.91°/s
                   -> 打提前量(0.25s后)Az=356.91°, El=28.50° | 下发云台指令: Az=86.91°, El=28.50°
[GimbalCmd] cmd_id=11, track_id=1, target_ctrl=(Az=86.91°, El=28.50°)
[GimbalAtt] cmd_id=11, elapsed=0.000s, actual_ctrl=(Az=86.90°, El=28.50°), actual_ui=(Az=356.90°, El=28.50°), target_ctrl=(Az=86.91°, El=28.50°), err=(dAz=0.01°, dEl=0.00°)
[GimbalSettled] cmd_id=11, track_id=1, settle_time=0.000s, actual_ctrl=(Az=86.90°, El=28.50°), target_ctrl=(Az=86.91°, El=28.50°), err=(dAz=0.01°, dEl=0.00°)
[Laser] No valid laser distance, use mono distance

[Phase 1: 视觉解析] 收到目标 cx=1206.7, cy=1080.0, mono=320.0m -> 解算绝对角度: Az=356.75°, El=28.50°
[Phase 3: 预测控制] 目标当前估算Az=356.75°, 速度=0.91°/s
                   -> 打提前量(0.25s后)Az=356.98°, El=28.50° | 下发云台指令: Az=86.98°, El=28.50°

[Phase 1: 视觉解析] 收到目标 cx=1220.0, cy=1080.0, mono=320.0m -> 解算绝对角度: Az=356.81°, El=28.50°
[Phase 3: 预测控制] 目标当前估算Az=356.81°, 速度=0.91°/s
                   -> 打提前量(0.25s后)Az=357.04°, El=28.50° | 下发云台指令: Az=87.04°, El=28.50°

[Phase 1: 视觉解析] 收到目标 cx=1233.3, cy=1080.0, mono=320.0m -> 解算绝对角度: Az=356.87°, El=28.50°
[Phase 3: 预测控制] 目标当前估算Az=356.87°, 速度=0.91°/s
                   -> 打提前量(0.25s后)Az=357.10°, El=28.50° | 下发云台指令: Az=87.10°, El=28.50°

[Phase 1: 视觉解析] 收到目标 cx=1246.7, cy=1080.0, mono=320.0m -> 解算绝对角度: Az=356.93°, El=28.50°
[Phase 3: 预测控制] 目标当前估算Az=356.93°, 速度=0.91°/s
                   -> 打提前量(0.25s后)Az=357.16°, El=28.50° | 下发云台指令: Az=87.16°, El=28.50°
[GimbalCmd] cmd_id=12, track_id=1, target_ctrl=(Az=87.16°, El=28.50°)
[GimbalAtt] cmd_id=12, elapsed=0.001s, actual_ctrl=(Az=87.20°, El=28.50°), actual_ui=(Az=357.20°, El=28.50°), target_ctrl=(Az=87.16°, El=28.50°), err=(dAz=0.04°, dEl=0.00°)
[GimbalSettled] cmd_id=12, track_id=1, settle_time=0.001s, actual_ctrl=(Az=87.20°, El=28.50°), target_ctrl=(Az=87.16°, El=28.50°), err=(dAz=0.04°, dEl=0.00°)
[Laser] No valid laser distance, use mono distance

[Phase 1: 视觉解析] 收到目标 cx=1260.0, cy=1080.0, mono=320.0m -> 解算绝对角度: Az=356.99°, El=28.50°
[Phase 3: 预测控制] 目标当前估算Az=356.99°, 速度=0.91°/s
                   -> 打提前量(0.25s后)Az=357.22°, El=28.50° | 下发云台指令: Az=87.22°, El=28.50°

[Phase 1: 视觉解析] 收到目标 cx=1273.3, cy=1080.0, mono=320.0m -> 解算绝对角度: Az=357.05°, El=28.50°
[Phase 3: 预测控制] 目标当前估算Az=357.05°, 速度=0.91°/s
                   -> 打提前量(0.25s后)Az=357.28°, El=28.50° | 下发云台指令: Az=87.28°, El=28.50°

[Phase 1: 视觉解析] 收到目标 cx=1286.7, cy=1080.0, mono=320.0m -> 解算绝对角度: Az=357.11°, El=28.50°
[Phase 3: 预测控制] 目标当前估算Az=357.11°, 速度=0.91°/s
                   -> 打提前量(0.25s后)Az=357.34°, El=28.50° | 下发云台指令: Az=87.34°, El=28.50°

[Phase 1: 视觉解析] 收到目标 cx=1300.0, cy=1080.0, mono=320.0m -> 解算绝对角度: Az=357.17°, El=28.50°
[Phase 3: 预测控制] 目标当前估算Az=357.18°, 速度=0.91°/s
                   -> 打提前量(0.25s后)Az=357.40°, El=28.50° | 下发云台指令: Az=87.40°, El=28.50°
[GimbalCmd] cmd_id=13, track_id=1, target_ctrl=(Az=87.40°, El=28.50°)
[GimbalAtt] cmd_id=13, elapsed=0.000s, actual_ctrl=(Az=87.40°, El=28.50°), actual_ui=(Az=357.40°, El=28.50°), target_ctrl=(Az=87.40°, El=28.50°), err=(dAz=0.00°, dEl=0.00°)
[GimbalSettled] cmd_id=13, track_id=1, settle_time=0.000s, actual_ctrl=(Az=87.40°, El=28.50°), target_ctrl=(Az=87.40°, El=28.50°), err=(dAz=0.00°, dEl=0.00°)
[Laser] No valid laser distance, use mono distance

[Phase 1: 视觉解析] 收到目标 cx=1313.3, cy=1080.0, mono=320.0m -> 解算绝对角度: Az=357.24°, El=28.50°
[Phase 3: 预测控制] 目标当前估算Az=357.24°, 速度=0.91°/s
                   -> 打提前量(0.25s后)Az=357.46°, El=28.50° | 下发云台指令: Az=87.46°, El=28.50°

[Phase 1: 视觉解析] 收到目标 cx=1326.7, cy=1080.0, mono=320.0m -> 解算绝对角度: Az=357.30°, El=28.50°
[Phase 3: 预测控制] 目标当前估算Az=357.30°, 速度=0.91°/s
                   -> 打提前量(0.25s后)Az=357.52°, El=28.50° | 下发云台指令: Az=87.52°, El=28.50°

[Phase 1: 视觉解析] 收到目标 cx=1340.0, cy=1080.0, mono=320.0m -> 解算绝对角度: Az=357.36°, El=28.50°
[TargetKeep] reason=lock_timer_expired, master_id=1, score=4.85, candidates=id=1, score=4.85, speed=0.91deg/s, dist=0.04deg, hits=49, stab=2.44, hold=1.15x
[Phase 3: 预测控制] 目标当前估算Az=357.36°, 速度=0.91°/s
                   -> 打提前量(0.25s后)Az=357.58°, El=28.50° | 下发云台指令: Az=87.58°, El=28.50°

[Phase 1: 视觉解析] 收到目标 cx=1353.3, cy=1080.0, mono=320.0m -> 解算绝对角度: Az=357.42°, El=28.50°
[Phase 3: 预测控制] 目标当前估算Az=357.42°, 速度=0.91°/s
                   -> 打提前量(0.25s后)Az=357.65°, El=28.50° | 下发云台指令: Az=87.65°, El=28.50°
[GimbalCmd] cmd_id=14, track_id=1, target_ctrl=(Az=87.65°, El=28.50°)
[GimbalAtt] cmd_id=14, elapsed=0.000s, actual_ctrl=(Az=87.60°, El=28.50°), actual_ui=(Az=357.60°, El=28.50°), target_ctrl=(Az=87.65°, El=28.50°), err=(dAz=0.05°, dEl=0.00°)
[GimbalSettled] cmd_id=14, track_id=1, settle_time=0.000s, actual_ctrl=(Az=87.60°, El=28.50°), target_ctrl=(Az=87.65°, El=28.50°), err=(dAz=0.05°, dEl=0.00°)
[Laser] No valid laser distance, use mono distance

[Phase 1: 视觉解析] 收到目标 cx=1366.7, cy=1080.0, mono=320.0m -> 解算绝对角度: Az=357.48°, El=28.50°
[Phase 3: 预测控制] 目标当前估算Az=357.48°, 速度=0.91°/s
                   -> 打提前量(0.25s后)Az=357.71°, El=28.50° | 下发云台指令: Az=87.71°, El=28.50°

[Phase 1: 视觉解析] 收到目标 cx=1380.0, cy=1080.0, mono=320.0m -> 解算绝对角度: Az=357.54°, El=28.50°
[Phase 3: 预测控制] 目标当前估算Az=357.54°, 速度=0.91°/s
                   -> 打提前量(0.25s后)Az=357.77°, El=28.50° | 下发云台指令: Az=87.77°, El=28.50°

[Phase 1: 视觉解析] 收到目标 cx=1393.3, cy=1080.0, mono=320.0m -> 解算绝对角度: Az=357.60°, El=28.50°
[Phase 3: 预测控制] 目标当前估算Az=357.60°, 速度=0.91°/s
                   -> 打提前量(0.25s后)Az=357.83°, El=28.50° | 下发云台指令: Az=87.83°, El=28.50°

[Phase 1: 视觉解析] 收到目标 cx=1406.7, cy=1080.0, mono=320.0m -> 解算绝对角度: Az=357.66°, El=28.50°
[Phase 3: 预测控制] 目标当前估算Az=357.66°, 速度=0.91°/s
                   -> 打提前量(0.25s后)Az=357.89°, El=28.50° | 下发云台指令: Az=87.89°, El=28.50°
[GimbalCmd] cmd_id=15, track_id=1, target_ctrl=(Az=87.89°, El=28.50°)
[GimbalAtt] cmd_id=15, elapsed=0.000s, actual_ctrl=(Az=87.90°, El=28.50°), actual_ui=(Az=357.90°, El=28.50°), target_ctrl=(Az=87.89°, El=28.50°), err=(dAz=0.01°, dEl=0.00°)
[GimbalSettled] cmd_id=15, track_id=1, settle_time=0.000s, actual_ctrl=(Az=87.90°, El=28.50°), target_ctrl=(Az=87.89°, El=28.50°), err=(dAz=0.01°, dEl=0.00°)
[Laser] No valid laser distance, use mono distance

[Phase 1: 视觉解析] 收到目标 cx=1420.0, cy=1080.0, mono=320.0m -> 解算绝对角度: Az=357.72°, El=28.50°
[Phase 3: 预测控制] 目标当前估算Az=357.72°, 速度=0.91°/s
                   -> 打提前量(0.25s后)Az=357.95°, El=28.50° | 下发云台指令: Az=87.95°, El=28.50°

[Phase 1: 视觉解析] 收到目标 cx=1433.3, cy=1080.0, mono=320.0m -> 解算绝对角度: Az=357.78°, El=28.50°
[Phase 3: 预测控制] 目标当前估算Az=357.78°, 速度=0.91°/s
                   -> 打提前量(0.25s后)Az=358.01°, El=28.50° | 下发云台指令: Az=88.01°, El=28.50°

[Phase 1: 视觉解析] 收到目标 cx=1446.7, cy=1080.0, mono=320.0m -> 解算绝对角度: Az=357.84°, El=28.50°
[Phase 3: 预测控制] 目标当前估算Az=357.84°, 速度=0.91°/s
                   -> 打提前量(0.25s后)Az=358.07°, El=28.50° | 下发云台指令: Az=88.07°, El=28.50°

[Phase 1: 视觉解析] 收到目标 cx=1460.0, cy=1080.0, mono=320.0m -> 解算绝对角度: Az=357.90°, El=28.50°
[Phase 3: 预测控制] 目标当前估算Az=357.90°, 速度=0.91°/s
                   -> 打提前量(0.25s后)Az=358.13°, El=28.50° | 下发云台指令: Az=88.13°, El=28.50°
[GimbalCmd] cmd_id=16, track_id=1, target_ctrl=(Az=88.13°, El=28.50°)
[GimbalAtt] cmd_id=16, elapsed=0.001s, actual_ctrl=(Az=88.10°, El=28.50°), actual_ui=(Az=358.10°, El=28.50°), target_ctrl=(Az=88.13°, El=28.50°), err=(dAz=0.03°, dEl=0.00°)
[GimbalSettled] cmd_id=16, track_id=1, settle_time=0.001s, actual_ctrl=(Az=88.10°, El=28.50°), target_ctrl=(Az=88.13°, El=28.50°), err=(dAz=0.03°, dEl=0.00°)
[Laser] No valid laser distance, use mono distance

[Phase 1: 视觉解析] 收到目标 cx=1473.3, cy=1080.0, mono=320.0m -> 解算绝对角度: Az=357.96°, El=28.50°
[Phase 3: 预测控制] 目标当前估算Az=357.96°, 速度=0.91°/s
                   -> 打提前量(0.25s后)Az=358.19°, El=28.50° | 下发云台指令: Az=88.19°, El=28.50°

[Phase 1: 视觉解析] 收到目标 cx=1486.7, cy=1080.0, mono=320.0m -> 解算绝对角度: Az=358.03°, El=28.50°
[Phase 3: 预测控制] 目标当前估算Az=358.02°, 速度=0.91°/s
                   -> 打提前量(0.25s后)Az=358.25°, El=28.50° | 下发云台指令: Az=88.25°, El=28.50°

[Phase 1: 视觉解析] 收到目标 cx=1500.0, cy=1080.0, mono=320.0m -> 解算绝对角度: Az=358.09°, El=28.50°
[Phase 3: 预测控制] 目标当前估算Az=358.08°, 速度=0.91°/s
                   -> 打提前量(0.25s后)Az=358.31°, El=28.50° | 下发云台指令: Az=88.31°, El=28.50°

[Phase 1: 视觉解析] 收到目标 cx=1513.3, cy=1080.0, mono=320.0m -> 解算绝对角度: Az=358.15°, El=28.50°
[Phase 3: 预测控制] 目标当前估算Az=358.14°, 速度=0.91°/s
                   -> 打提前量(0.25s后)Az=358.37°, El=28.50° | 下发云台指令: Az=88.37°, El=28.50°
[GimbalCmd] cmd_id=17, track_id=1, target_ctrl=(Az=88.37°, El=28.50°)
[GimbalAtt] cmd_id=17, elapsed=0.000s, actual_ctrl=(Az=88.40°, El=28.50°), actual_ui=(Az=358.40°, El=28.50°), target_ctrl=(Az=88.37°, El=28.50°), err=(dAz=0.03°, dEl=0.00°)
[GimbalSettled] cmd_id=17, track_id=1, settle_time=0.000s, actual_ctrl=(Az=88.40°, El=28.50°), target_ctrl=(Az=88.37°, El=28.50°), err=(dAz=0.03°, dEl=0.00°)
[Laser] No valid laser distance, use mono distance

[Phase 1: 视觉解析] 收到目标 cx=1526.7, cy=1080.0, mono=320.0m -> 解算绝对角度: Az=358.21°, El=28.50°
[Phase 3: 预测控制] 目标当前估算Az=358.21°, 速度=0.91°/s
                   -> 打提前量(0.25s后)Az=358.44°, El=28.50° | 下发云台指令: Az=88.44°, El=28.50°
[Stats] recv_objs_total=63, recv_unique_boxes=63 | ui_send_total=61, ui_unique_ids=1, ui_id_counts=1:61

[Phase 1: 视觉解析] 收到目标 cx=1540.0, cy=1080.0, mono=320.0m -> 解算绝对角度: Az=358.27°, El=28.50°
[Phase 3: 预测控制] 目标当前估算Az=358.27°, 速度=0.91°/s
                   -> 打提前量(0.25s后)Az=358.50°, El=28.50° | 下发云台指令: Az=88.50°, El=28.50°

[Phase 1: 视觉解析] 收到目标 cx=1553.3, cy=1080.0, mono=320.0m -> 解算绝对角度: Az=358.33°, El=28.50°
[Phase 3: 预测控制] 目标当前估算Az=358.33°, 速度=0.91°/s
                   -> 打提前量(0.25s后)Az=358.56°, El=28.50° | 下发云台指令: Az=88.56°, El=28.50°

[Phase 1: 视觉解析] 收到目标 cx=1566.7, cy=1080.0, mono=320.0m -> 解算绝对角度: Az=358.39°, El=28.50°
[Phase 3: 预测控制] 目标当前估算Az=358.39°, 速度=0.91°/s
                   -> 打提前量(0.25s后)Az=358.62°, El=28.50° | 下发云台指令: Az=88.62°, El=28.50°
[GimbalCmd] cmd_id=18, track_id=1, target_ctrl=(Az=88.62°, El=28.50°)
[GimbalAtt] cmd_id=18, elapsed=0.000s, actual_ctrl=(Az=88.60°, El=28.50°), actual_ui=(Az=358.60°, El=28.50°), target_ctrl=(Az=88.62°, El=28.50°), err=(dAz=0.02°, dEl=0.00°)
[GimbalSettled] cmd_id=18, track_id=1, settle_time=0.000s, actual_ctrl=(Az=88.60°, El=28.50°), target_ctrl=(Az=88.62°, El=28.50°), err=(dAz=0.02°, dEl=0.00°)
[Laser] No valid laser distance, use mono distance

[Phase 1: 视觉解析] 收到目标 cx=1580.0, cy=1080.0, mono=320.0m -> 解算绝对角度: Az=358.45°, El=28.50°
[Phase 3: 预测控制] 目标当前估算Az=358.45°, 速度=0.91°/s
                   -> 打提前量(0.25s后)Az=358.68°, El=28.50° | 下发云台指令: Az=88.68°, El=28.50°

[Phase 1: 视觉解析] 收到目标 cx=1593.3, cy=1080.0, mono=320.0m -> 解算绝对角度: Az=358.51°, El=28.50°
[Phase 3: 预测控制] 目标当前估算Az=358.51°, 速度=0.91°/s
                   -> 打提前量(0.25s后)Az=358.74°, El=28.50° | 下发云台指令: Az=88.74°, El=28.50°

[Phase 1: 视觉解析] 收到目标 cx=1606.7, cy=1080.0, mono=320.0m -> 解算绝对角度: Az=358.57°, El=28.50°
[Phase 3: 预测控制] 目标当前估算Az=358.57°, 速度=0.91°/s
                   -> 打提前量(0.25s后)Az=358.80°, El=28.50° | 下发云台指令: Az=88.80°, El=28.50°

[Phase 1: 视觉解析] 收到目标 cx=1620.0, cy=1080.0, mono=320.0m -> 解算绝对角度: Az=358.63°, El=28.50°
[Phase 3: 预测控制] 目标当前估算Az=358.63°, 速度=0.91°/s
                   -> 打提前量(0.25s后)Az=358.86°, El=28.50° | 下发云台指令: Az=88.86°, El=28.50°
[GimbalCmd] cmd_id=19, track_id=1, target_ctrl=(Az=88.86°, El=28.50°)
[GimbalAtt] cmd_id=19, elapsed=0.001s, actual_ctrl=(Az=88.90°, El=28.50°), actual_ui=(Az=358.90°, El=28.50°), target_ctrl=(Az=88.86°, El=28.50°), err=(dAz=0.04°, dEl=0.00°)
[GimbalSettled] cmd_id=19, track_id=1, settle_time=0.001s, actual_ctrl=(Az=88.90°, El=28.50°), target_ctrl=(Az=88.86°, El=28.50°), err=(dAz=0.04°, dEl=0.00°)
[Laser] No valid laser distance, use mono distance

[Phase 1: 视觉解析] 收到目标 cx=1633.3, cy=1080.0, mono=320.0m -> 解算绝对角度: Az=358.69°, El=28.50°
[Phase 3: 预测控制] 目标当前估算Az=358.69°, 速度=0.91°/s
                   -> 打提前量(0.25s后)Az=358.92°, El=28.50° | 下发云台指令: Az=88.92°, El=28.50°

[Phase 1: 视觉解析] 收到目标 cx=1646.7, cy=1080.0, mono=320.0m -> 解算绝对角度: Az=358.75°, El=28.50°
[TargetKeep] reason=lock_timer_expired, master_id=1, score=4.73, candidates=id=1, score=4.73, speed=0.91deg/s, dist=0.14deg, hits=72, stab=2.44, hold=1.15x
[Phase 3: 预测控制] 目标当前估算Az=358.76°, 速度=0.91°/s
                   -> 打提前量(0.25s后)Az=358.98°, El=28.50° | 下发云台指令: Az=88.98°, El=28.50°

[Phase 1: 视觉解析] 收到目标 cx=1660.0, cy=1080.0, mono=320.0m -> 解算绝对角度: Az=358.82°, El=28.50°
[Phase 3: 预测控制] 目标当前估算Az=358.82°, 速度=0.91°/s
                   -> 打提前量(0.25s后)Az=359.04°, El=28.50° | 下发云台指令: Az=89.04°, El=28.50°

[Phase 1: 视觉解析] 收到目标 cx=1673.3, cy=1080.0, mono=320.0m -> 解算绝对角度: Az=358.88°, El=28.50°
[Phase 3: 预测控制] 目标当前估算Az=358.88°, 速度=0.91°/s
                   -> 打提前量(0.25s后)Az=359.10°, El=28.50° | 下发云台指令: Az=89.10°, El=28.50°
[GimbalCmd] cmd_id=20, track_id=1, target_ctrl=(Az=89.10°, El=28.50°)
[GimbalAtt] cmd_id=20, elapsed=0.001s, actual_ctrl=(Az=89.10°, El=28.50°), actual_ui=(Az=359.10°, El=28.50°), target_ctrl=(Az=89.10°, El=28.50°), err=(dAz=0.00°, dEl=0.00°)
[GimbalSettled] cmd_id=20, track_id=1, settle_time=0.001s, actual_ctrl=(Az=89.10°, El=28.50°), target_ctrl=(Az=89.10°, El=28.50°), err=(dAz=0.00°, dEl=0.00°)
[Laser] No valid laser distance, use mono distance

[Phase 1: 视觉解析] 收到目标 cx=1686.7, cy=1080.0, mono=320.0m -> 解算绝对角度: Az=358.94°, El=28.50°
[Phase 3: 预测控制] 目标当前估算Az=358.94°, 速度=0.91°/s
                   -> 打提前量(0.25s后)Az=359.16°, El=28.50° | 下发云台指令: Az=89.16°, El=28.50°
BEFORE main_tracking_v9_20260414_154545.log
AFTER main_tracking_v9_20260414_155015.log
