[Log] stdout/stderr -> logs/main_tracking_v9_20260404_160522.log
[Init] Connecting to Gimbal at /dev/ttyUSB0...
[GT06Z] Driver Ready on /dev/ttyUSB0.
[Adapter] GT06Z 云台已连接: /dev/ttyUSB0
[Net] Listening RK3588 on 8888...
=== System V9.0 (Predictive Tracking & Scheduling) Running ===
[GimbalThread] 控制线程已启动

[Phase 1: 视觉解析] 收到目标 cx=1920.0, cy=1080.0, mono=320.0m -> 解算绝对角度: Az=0.00°, El=28.50°
[Stats] recv_objs_total=1, recv_unique_boxes=1 | ui_send_total=0, ui_unique_ids=0, ui_id_counts=none

[Phase 1: 视觉解析] 收到目标 cx=1920.0, cy=1080.0, mono=320.0m -> 解算绝对角度: Az=0.00°, El=28.50°

[Phase 1: 视觉解析] 收到目标 cx=1920.0, cy=1080.0, mono=320.0m -> 解算绝对角度: Az=0.00°, El=28.50°
[Phase 2: 目标调度] 基于威胁度(v=0.0°/s, dist=8.6°) 成功锁定目标 ID: 1. 准备交由云台跟踪!
[Phase 3: 预测控制] 目标当前估算Az=0.00°, 速度=0.00°/s
                   -> 打提前量(0.25s后)Az=0.00°, El=28.50° | 下发云台指令: Az=90.00°, El=28.50°

[Phase 1: 视觉解析] 收到目标 cx=1920.0, cy=1080.0, mono=320.0m -> 解算绝对角度: Az=0.00°, El=28.50°
[Phase 3: 预测控制] 目标当前估算Az=0.00°, 速度=0.00°/s
                   -> 打提前量(0.25s后)Az=0.00°, El=28.50° | 下发云台指令: Az=90.00°, El=28.50°
[GimbalCmd] cmd_id=1, track_id=1, target_ctrl=(Az=90.00°, El=28.50°)

[Phase 1: 视觉解析] 收到目标 cx=1920.0, cy=1080.0, mono=320.0m -> 解算绝对角度: Az=0.00°, El=28.50°
[Phase 3: 预测控制] 目标当前估算Az=0.00°, 速度=0.00°/s
                   -> 打提前量(0.25s后)Az=0.00°, El=28.50° | 下发云台指令: Az=90.00°, El=28.50°

[Phase 1: 视觉解析] 收到目标 cx=1920.0, cy=1080.0, mono=320.0m -> 解算绝对角度: Az=0.00°, El=28.50°
[Phase 3: 预测控制] 目标当前估算Az=0.00°, 速度=0.00°/s
                   -> 打提前量(0.25s后)Az=0.00°, El=28.50° | 下发云台指令: Az=90.00°, El=28.50°

[Phase 1: 视觉解析] 收到目标 cx=1920.0, cy=1080.0, mono=320.0m -> 解算绝对角度: Az=0.00°, El=28.50°
[Phase 3: 预测控制] 目标当前估算Az=0.00°, 速度=0.00°/s
                   -> 打提前量(0.25s后)Az=0.00°, El=28.50° | 下发云台指令: Az=90.00°, El=28.50°
[GimbalAtt] cmd_id=1, elapsed=0.001s, actual_ctrl=(Az=89.90°, El=19.90°), actual_ui=(Az=359.90°, El=19.90°), target_ctrl=(Az=90.00°, El=28.50°), err=(dAz=0.10°, dEl=8.60°)

[Phase 1: 视觉解析] 收到目标 cx=1920.0, cy=1080.0, mono=320.0m -> 解算绝对角度: Az=0.00°, El=28.50°
[Phase 3: 预测控制] 目标当前估算Az=0.00°, 速度=0.00°/s
                   -> 打提前量(0.25s后)Az=0.00°, El=28.50° | 下发云台指令: Az=90.00°, El=28.50°

[Phase 1: 视觉解析] 收到目标 cx=1920.0, cy=1080.0, mono=320.0m -> 解算绝对角度: Az=0.00°, El=28.50°
[Phase 3: 预测控制] 目标当前估算Az=0.00°, 速度=0.00°/s
                   -> 打提前量(0.25s后)Az=0.00°, El=28.50° | 下发云台指令: Az=90.00°, El=28.50°
[GimbalAtt] cmd_id=1, elapsed=0.263s, actual_ctrl=(Az=89.90°, El=20.80°), actual_ui=(Az=359.90°, El=20.80°), target_ctrl=(Az=90.00°, El=28.50°), err=(dAz=0.10°, dEl=7.70°)

[Phase 1: 视觉解析] 收到目标 cx=1920.0, cy=1080.0, mono=320.0m -> 解算绝对角度: Az=0.00°, El=28.50°
[Phase 3: 预测控制] 目标当前估算Az=0.00°, 速度=0.00°/s
                   -> 打提前量(0.25s后)Az=0.00°, El=28.50° | 下发云台指令: Az=90.00°, El=28.50°

[Phase 1: 视觉解析] 收到目标 cx=1920.0, cy=1080.0, mono=320.0m -> 解算绝对角度: Az=0.00°, El=28.50°
[Phase 3: 预测控制] 目标当前估算Az=0.00°, 速度=0.00°/s
                   -> 打提前量(0.25s后)Az=0.00°, El=28.50° | 下发云台指令: Az=90.00°, El=28.50°

[Phase 1: 视觉解析] 收到目标 cx=1920.0, cy=1080.0, mono=320.0m -> 解算绝对角度: Az=0.00°, El=28.50°
[Phase 3: 预测控制] 目标当前估算Az=0.00°, 速度=0.00°/s
                   -> 打提前量(0.25s后)Az=0.00°, El=28.50° | 下发云台指令: Az=90.00°, El=28.50°
[GimbalAtt] cmd_id=1, elapsed=0.524s, actual_ctrl=(Az=89.90°, El=22.70°), actual_ui=(Az=359.90°, El=22.70°), target_ctrl=(Az=90.00°, El=28.50°), err=(dAz=0.10°, dEl=5.80°)

[Phase 1: 视觉解析] 收到目标 cx=1920.0, cy=1080.0, mono=320.0m -> 解算绝对角度: Az=0.00°, El=28.50°
[Phase 3: 预测控制] 目标当前估算Az=0.00°, 速度=0.00°/s
                   -> 打提前量(0.25s后)Az=0.00°, El=28.50° | 下发云台指令: Az=90.00°, El=28.50°

[Phase 1: 视觉解析] 收到目标 cx=1920.0, cy=1080.0, mono=320.0m -> 解算绝对角度: Az=0.00°, El=28.50°
[Phase 3: 预测控制] 目标当前估算Az=0.00°, 速度=0.00°/s
                   -> 打提前量(0.25s后)Az=0.00°, El=28.50° | 下发云台指令: Az=90.00°, El=28.50°
[GimbalAtt] cmd_id=1, elapsed=0.786s, actual_ctrl=(Az=89.90°, El=25.50°), actual_ui=(Az=359.90°, El=25.50°), target_ctrl=(Az=90.00°, El=28.50°), err=(dAz=0.10°, dEl=3.00°)

[Phase 1: 视觉解析] 收到目标 cx=1920.0, cy=1080.0, mono=320.0m -> 解算绝对角度: Az=0.00°, El=28.50°
[Phase 3: 预测控制] 目标当前估算Az=0.00°, 速度=0.00°/s
                   -> 打提前量(0.25s后)Az=0.00°, El=28.50° | 下发云台指令: Az=90.00°, El=28.50°

[Phase 1: 视觉解析] 收到目标 cx=1920.0, cy=1080.0, mono=320.0m -> 解算绝对角度: Az=0.00°, El=28.50°
[Phase 3: 预测控制] 目标当前估算Az=0.00°, 速度=0.00°/s
                   -> 打提前量(0.25s后)Az=0.00°, El=28.50° | 下发云台指令: Az=90.00°, El=28.50°

[Phase 1: 视觉解析] 收到目标 cx=1920.0, cy=1080.0, mono=320.0m -> 解算绝对角度: Az=0.00°, El=28.50°
[Phase 3: 预测控制] 目标当前估算Az=0.00°, 速度=0.00°/s
                   -> 打提前量(0.25s后)Az=0.00°, El=28.50° | 下发云台指令: Az=90.00°, El=28.50°

[Phase 1: 视觉解析] 收到目标 cx=1920.0, cy=1080.0, mono=320.0m -> 解算绝对角度: Az=0.00°, El=28.50°
[Phase 2: 目标调度] 基于威胁度(v=0.0°/s, dist=3.0°) 成功锁定目标 ID: 1. 准备交由云台跟踪!
[Phase 3: 预测控制] 目标当前估算Az=0.00°, 速度=0.00°/s
                   -> 打提前量(0.25s后)Az=0.00°, El=28.50° | 下发云台指令: Az=90.00°, El=28.50°
[GimbalAtt] cmd_id=1, elapsed=1.048s, actual_ctrl=(Az=89.90°, El=28.20°), actual_ui=(Az=359.90°, El=28.20°), target_ctrl=(Az=90.00°, El=28.50°), err=(dAz=0.10°, dEl=0.30°)
[GimbalSettled] cmd_id=1, track_id=1, settle_time=1.048s, actual_ctrl=(Az=89.90°, El=28.20°), target_ctrl=(Az=90.00°, El=28.50°), err=(dAz=0.10°, dEl=0.30°)
[Laser] No valid laser distance, use mono distance

[Phase 1: 视觉解析] 收到目标 cx=1920.0, cy=1080.0, mono=320.0m -> 解算绝对角度: Az=0.00°, El=28.50°
[Phase 3: 预测控制] 目标当前估算Az=0.00°, 速度=0.00°/s
                   -> 打提前量(0.25s后)Az=0.00°, El=28.50° | 下发云台指令: Az=90.00°, El=28.50°

[Phase 1: 视觉解析] 收到目标 cx=1920.0, cy=1080.0, mono=320.0m -> 解算绝对角度: Az=0.00°, El=28.50°
[Phase 3: 预测控制] 目标当前估算Az=0.00°, 速度=0.00°/s
                   -> 打提前量(0.25s后)Az=0.00°, El=28.50° | 下发云台指令: Az=90.00°, El=28.50°

[Phase 1: 视觉解析] 收到目标 cx=2520.0, cy=1080.0, mono=320.0m -> 解算绝对角度: Az=2.73°, El=28.50°
[Phase 3: 预测控制] 目标当前估算Az=0.84°, 速度=0.96°/s
                   -> 打提前量(0.25s后)Az=1.08°, El=28.50° | 下发云台指令: Az=91.08°, El=28.50°
[Stats] recv_objs_total=21, recv_unique_boxes=2 | ui_send_total=19, ui_unique_ids=1, ui_id_counts=1:19
[GimbalCmd] cmd_id=2, track_id=1, target_ctrl=(Az=91.08°, El=28.50°)

[Phase 1: 视觉解析] 收到目标 cx=2520.0, cy=1080.0, mono=320.0m -> 解算绝对角度: Az=2.73°, El=28.50°
[Phase 3: 预测控制] 目标当前估算Az=1.52°, 速度=1.62°/s
                   -> 打提前量(0.25s后)Az=1.92°, El=28.50° | 下发云台指令: Az=91.92°, El=28.50°

[Phase 1: 视觉解析] 收到目标 cx=2520.0, cy=1080.0, mono=320.0m -> 解算绝对角度: Az=2.73°, El=28.50°
[Phase 3: 预测控制] 目标当前估算Az=1.97°, 速度=2.00°/s
                   -> 打提前量(0.25s后)Az=2.47°, El=28.50° | 下发云台指令: Az=92.47°, El=28.50°
[GimbalAtt] cmd_id=2, elapsed=0.001s, actual_ctrl=(Az=90.70°, El=28.60°), actual_ui=(Az=0.70°, El=28.60°), target_ctrl=(Az=91.08°, El=28.50°), err=(dAz=0.38°, dEl=0.10°)
[GimbalSettled] cmd_id=2, track_id=1, settle_time=0.001s, actual_ctrl=(Az=90.70°, El=28.60°), target_ctrl=(Az=91.08°, El=28.50°), err=(dAz=0.38°, dEl=0.10°)
[Laser] No valid laser distance, use mono distance
[GimbalCmd] cmd_id=4, track_id=1, target_ctrl=(Az=92.47°, El=28.50°)

[Phase 1: 视觉解析] 收到目标 cx=2520.0, cy=1080.0, mono=320.0m -> 解算绝对角度: Az=2.73°, El=28.50°
[Phase 3: 预测控制] 目标当前估算Az=2.35°, 速度=2.20°/s
                   -> 打提前量(0.25s后)Az=2.90°, El=28.50° | 下发云台指令: Az=92.90°, El=28.50°

[Phase 1: 视觉解析] 收到目标 cx=2520.0, cy=1080.0, mono=320.0m -> 解算绝对角度: Az=2.73°, El=28.50°
[Phase 3: 预测控制] 目标当前估算Az=2.62°, 速度=2.26°/s
                   -> 打提前量(0.25s后)Az=3.18°, El=28.50° | 下发云台指令: Az=93.18°, El=28.50°

[Phase 1: 视觉解析] 收到目标 cx=2520.0, cy=1080.0, mono=320.0m -> 解算绝对角度: Az=2.73°, El=28.50°
[Phase 3: 预测控制] 目标当前估算Az=2.81°, 速度=2.22°/s
                   -> 打提前量(0.25s后)Az=3.37°, El=28.50° | 下发云台指令: Az=93.37°, El=28.50°

[Phase 1: 视觉解析] 收到目标 cx=2520.0, cy=1080.0, mono=320.0m -> 解算绝对角度: Az=2.73°, El=28.50°
[Phase 3: 预测控制] 目标当前估算Az=2.94°, 速度=2.11°/s
                   -> 打提前量(0.25s后)Az=3.47°, El=28.50° | 下发云台指令: Az=93.47°, El=28.50°
[GimbalAtt] cmd_id=4, elapsed=0.000s, actual_ctrl=(Az=90.80°, El=28.60°), actual_ui=(Az=0.80°, El=28.60°), target_ctrl=(Az=92.47°, El=28.50°), err=(dAz=1.67°, dEl=0.10°)
[GimbalCmd] preempt cmd_id=7, track_id=1, target_ctrl=(Az=93.47°, El=28.50°), delta=0.99°

[Phase 1: 视觉解析] 收到目标 cx=2520.0, cy=1080.0, mono=320.0m -> 解算绝对角度: Az=2.73°, El=28.50°
[Phase 3: 预测控制] 目标当前估算Az=3.02°, 速度=1.96°/s
                   -> 打提前量(0.25s后)Az=3.51°, El=28.50° | 下发云台指令: Az=93.51°, El=28.50°

[Phase 1: 视觉解析] 收到目标 cx=2520.0, cy=1080.0, mono=320.0m -> 解算绝对角度: Az=2.73°, El=28.50°
[Phase 3: 预测控制] 目标当前估算Az=3.13°, 速度=1.71°/s
                   -> 打提前量(0.25s后)Az=3.56°, El=28.50° | 下发云台指令: Az=93.56°, El=28.50°
[GimbalAtt] cmd_id=7, elapsed=0.000s, actual_ctrl=(Az=91.60°, El=28.60°), actual_ui=(Az=1.60°, El=28.60°), target_ctrl=(Az=93.47°, El=28.50°), err=(dAz=1.87°, dEl=0.10°)

[Phase 1: 视觉解析] 收到目标 cx=2520.0, cy=1080.0, mono=320.0m -> 解算绝对角度: Az=2.73°, El=28.50°
[Phase 3: 预测控制] 目标当前估算Az=3.10°, 速度=1.52°/s
                   -> 打提前量(0.25s后)Az=3.48°, El=28.50° | 下发云台指令: Az=93.48°, El=28.50°

[Phase 1: 视觉解析] 收到目标 cx=2520.0, cy=1080.0, mono=320.0m -> 解算绝对角度: Az=2.73°, El=28.50°
[Phase 3: 预测控制] 目标当前估算Az=3.09°, 速度=1.34°/s
                   -> 打提前量(0.25s后)Az=3.42°, El=28.50° | 下发云台指令: Az=93.42°, El=28.50°

[Phase 1: 视觉解析] 收到目标 cx=2520.0, cy=1080.0, mono=320.0m -> 解算绝对角度: Az=2.73°, El=28.50°
[Phase 3: 预测控制] 目标当前估算Az=3.07°, 速度=1.16°/s
                   -> 打提前量(0.25s后)Az=3.36°, El=28.50° | 下发云台指令: Az=93.36°, El=28.50°

[Phase 1: 视觉解析] 收到目标 cx=2520.0, cy=1080.0, mono=320.0m -> 解算绝对角度: Az=2.73°, El=28.50°
[Phase 2: 目标调度] 基于威胁度(v=1.0°/s, dist=1.5°) 成功锁定目标 ID: 1. 准备交由云台跟踪!
[Phase 3: 预测控制] 目标当前估算Az=3.05°, 速度=1.00°/s
                   -> 打提前量(0.25s后)Az=3.30°, El=28.50° | 下发云台指令: Az=93.30°, El=28.50°
[GimbalAtt] cmd_id=7, elapsed=0.262s, actual_ctrl=(Az=91.60°, El=28.60°), actual_ui=(Az=1.60°, El=28.60°), target_ctrl=(Az=93.47°, El=28.50°), err=(dAz=1.87°, dEl=0.10°)

[Phase 1: 视觉解析] 收到目标 cx=2520.0, cy=1080.0, mono=320.0m -> 解算绝对角度: Az=2.73°, El=28.50°
[Phase 3: 预测控制] 目标当前估算Az=3.02°, 速度=0.85°/s
                   -> 打提前量(0.25s后)Az=3.24°, El=28.50° | 下发云台指令: Az=93.24°, El=28.50°

[Phase 1: 视觉解析] 收到目标 cx=2520.0, cy=1080.0, mono=320.0m -> 解算绝对角度: Az=2.73°, El=28.50°
[Phase 3: 预测控制] 目标当前估算Az=3.00°, 速度=0.70°/s
                   -> 打提前量(0.25s后)Az=3.18°, El=28.50° | 下发云台指令: Az=93.18°, El=28.50°
[GimbalAtt] cmd_id=7, elapsed=0.583s, actual_ctrl=(Az=93.30°, El=28.60°), actual_ui=(Az=3.30°, El=28.60°), target_ctrl=(Az=93.47°, El=28.50°), err=(dAz=0.17°, dEl=0.10°)
[GimbalSettled] cmd_id=7, track_id=1, settle_time=0.583s, actual_ctrl=(Az=93.30°, El=28.60°), target_ctrl=(Az=93.47°, El=28.50°), err=(dAz=0.17°, dEl=0.10°)
[Laser] No valid laser distance, use mono distance
[GimbalCmd] cmd_id=8, track_id=1, target_ctrl=(Az=93.24°, El=28.50°)

[Phase 1: 视觉解析] 收到目标 cx=2520.0, cy=1080.0, mono=320.0m -> 解算绝对角度: Az=2.73°, El=28.50°
[Phase 3: 预测控制] 目标当前估算Az=2.96°, 速度=0.59°/s
                   -> 打提前量(0.25s后)Az=3.11°, El=28.50° | 下发云台指令: Az=93.11°, El=28.50°

[Phase 1: 视觉解析] 收到目标 cx=2520.0, cy=1080.0, mono=320.0m -> 解算绝对角度: Az=2.73°, El=28.50°
[Phase 3: 预测控制] 目标当前估算Az=2.93°, 速度=0.49°/s
                   -> 打提前量(0.25s后)Az=3.05°, El=28.50° | 下发云台指令: Az=93.05°, El=28.50°

[Phase 1: 视觉解析] 收到目标 cx=2520.0, cy=1080.0, mono=320.0m -> 解算绝对角度: Az=2.73°, El=28.50°
[Phase 3: 预测控制] 目标当前估算Az=2.91°, 速度=0.40°/s
                   -> 打提前量(0.25s后)Az=3.01°, El=28.50° | 下发云台指令: Az=93.01°, El=28.50°
[GimbalAtt] cmd_id=8, elapsed=0.000s, actual_ctrl=(Az=93.30°, El=28.60°), actual_ui=(Az=3.30°, El=28.60°), target_ctrl=(Az=93.24°, El=28.50°), err=(dAz=0.06°, dEl=0.10°)
[GimbalSettled] cmd_id=8, track_id=1, settle_time=0.000s, actual_ctrl=(Az=93.30°, El=28.60°), target_ctrl=(Az=93.24°, El=28.50°), err=(dAz=0.06°, dEl=0.10°)
[Laser] No valid laser distance, use mono distance
[GimbalCmd] cmd_id=9, track_id=1, target_ctrl=(Az=93.01°, El=28.50°)

[Phase 1: 视觉解析] 收到目标 cx=2520.0, cy=1080.0, mono=320.0m -> 解算绝对角度: Az=2.73°, El=28.50°
[Phase 3: 预测控制] 目标当前估算Az=2.88°, 速度=0.32°/s
                   -> 打提前量(0.25s后)Az=2.96°, El=28.50° | 下发云台指令: Az=92.96°, El=28.50°

[Phase 1: 视觉解析] 收到目标 cx=2520.0, cy=1080.0, mono=320.0m -> 解算绝对角度: Az=2.73°, El=28.50°
[Phase 3: 预测控制] 目标当前估算Az=2.86°, 速度=0.25°/s
                   -> 打提前量(0.25s后)Az=2.92°, El=28.50° | 下发云台指令: Az=92.92°, El=28.50°

[Phase 1: 视觉解析] 收到目标 cx=1320.0, cy=1080.0, mono=320.0m -> 解算绝对角度: Az=357.27°, El=28.50°
[Stats] recv_objs_total=41, recv_unique_boxes=3 | ui_send_total=38, ui_unique_ids=1, ui_id_counts=1:38
[GimbalAtt] cmd_id=9, elapsed=0.000s, actual_ctrl=(Az=93.01°, El=28.60°), actual_ui=(Az=3.01°, El=28.60°), target_ctrl=(Az=93.01°, El=28.50°), err=(dAz=0.00°, dEl=0.10°)
[GimbalSettled] cmd_id=9, track_id=1, settle_time=0.000s, actual_ctrl=(Az=93.01°, El=28.60°), target_ctrl=(Az=93.01°, El=28.50°), err=(dAz=0.00°, dEl=0.10°)
[Laser] No valid laser distance, use mono distance

[Phase 1: 视觉解析] 收到目标 cx=1320.0, cy=1080.0, mono=320.0m -> 解算绝对角度: Az=357.27°, El=28.50°

[Phase 1: 视觉解析] 收到目标 cx=1320.0, cy=1080.0, mono=320.0m -> 解算绝对角度: Az=357.27°, El=28.50°
[Phase 2: 目标调度] 基于威胁度(v=0.0°/s, dist=5.7°) 成功锁定目标 ID: 2. 准备交由云台跟踪!
[Phase 3: 预测控制] 目标当前估算Az=357.27°, 速度=0.00°/s
                   -> 打提前量(0.25s后)Az=357.27°, El=28.50° | 下发云台指令: Az=87.27°, El=28.50°

[Phase 1: 视觉解析] 收到目标 cx=1320.0, cy=1080.0, mono=320.0m -> 解算绝对角度: Az=357.27°, El=28.50°
[Phase 3: 预测控制] 目标当前估算Az=357.27°, 速度=0.00°/s
                   -> 打提前量(0.25s后)Az=357.27°, El=28.50° | 下发云台指令: Az=87.27°, El=28.50°
[GimbalCmd] cmd_id=10, track_id=2, target_ctrl=(Az=87.27°, El=28.50°)

[Phase 1: 视觉解析] 收到目标 cx=1320.0, cy=1080.0, mono=320.0m -> 解算绝对角度: Az=357.27°, El=28.50°
[Phase 3: 预测控制] 目标当前估算Az=357.27°, 速度=0.00°/s
                   -> 打提前量(0.25s后)Az=357.27°, El=28.50° | 下发云台指令: Az=87.27°, El=28.50°

[Phase 1: 视觉解析] 收到目标 cx=1320.0, cy=1080.0, mono=320.0m -> 解算绝对角度: Az=357.27°, El=28.50°
[Phase 3: 预测控制] 目标当前估算Az=357.27°, 速度=0.00°/s
                   -> 打提前量(0.25s后)Az=357.27°, El=28.50° | 下发云台指令: Az=87.27°, El=28.50°

[Phase 1: 视觉解析] 收到目标 cx=1320.0, cy=1080.0, mono=320.0m -> 解算绝对角度: Az=357.27°, El=28.50°
[Phase 3: 预测控制] 目标当前估算Az=357.27°, 速度=0.00°/s
                   -> 打提前量(0.25s后)Az=357.27°, El=28.50° | 下发云台指令: Az=87.27°, El=28.50°
[GimbalAtt] cmd_id=10, elapsed=0.000s, actual_ctrl=(Az=92.30°, El=28.60°), actual_ui=(Az=2.30°, El=28.60°), target_ctrl=(Az=87.27°, El=28.50°), err=(dAz=5.03°, dEl=0.10°)

[Phase 1: 视觉解析] 收到目标 cx=1320.0, cy=1080.0, mono=320.0m -> 解算绝对角度: Az=357.27°, El=28.50°
[Phase 3: 预测控制] 目标当前估算Az=357.27°, 速度=0.00°/s
                   -> 打提前量(0.25s后)Az=357.27°, El=28.50° | 下发云台指令: Az=87.27°, El=28.50°

[Phase 1: 视觉解析] 收到目标 cx=1320.0, cy=1080.0, mono=320.0m -> 解算绝对角度: Az=357.27°, El=28.50°
[Phase 3: 预测控制] 目标当前估算Az=357.27°, 速度=0.00°/s
                   -> 打提前量(0.25s后)Az=357.27°, El=28.50° | 下发云台指令: Az=87.27°, El=28.50°
[GimbalAtt] cmd_id=10, elapsed=0.262s, actual_ctrl=(Az=88.50°, El=28.60°), actual_ui=(Az=358.50°, El=28.60°), target_ctrl=(Az=87.27°, El=28.50°), err=(dAz=1.23°, dEl=0.10°)

[Phase 1: 视觉解析] 收到目标 cx=1320.0, cy=1080.0, mono=320.0m -> 解算绝对角度: Az=357.27°, El=28.50°
[Phase 3: 预测控制] 目标当前估算Az=357.27°, 速度=0.00°/s
                   -> 打提前量(0.25s后)Az=357.27°, El=28.50° | 下发云台指令: Az=87.27°, El=28.50°

[Phase 1: 视觉解析] 收到目标 cx=1320.0, cy=1080.0, mono=320.0m -> 解算绝对角度: Az=357.27°, El=28.50°
[Phase 3: 预测控制] 目标当前估算Az=357.27°, 速度=0.00°/s
                   -> 打提前量(0.25s后)Az=357.27°, El=28.50° | 下发云台指令: Az=87.27°, El=28.50°

[Phase 1: 视觉解析] 收到目标 cx=1320.0, cy=1080.0, mono=320.0m -> 解算绝对角度: Az=357.27°, El=28.50°
[Phase 3: 预测控制] 目标当前估算Az=357.27°, 速度=0.00°/s
                   -> 打提前量(0.25s后)Az=357.27°, El=28.50° | 下发云台指令: Az=87.27°, El=28.50°
[GimbalAtt] cmd_id=10, elapsed=0.515s, actual_ctrl=(Az=87.10°, El=28.60°), actual_ui=(Az=357.10°, El=28.60°), target_ctrl=(Az=87.27°, El=28.50°), err=(dAz=0.17°, dEl=0.10°)
[GimbalSettled] cmd_id=10, track_id=2, settle_time=0.515s, actual_ctrl=(Az=87.10°, El=28.60°), target_ctrl=(Az=87.27°, El=28.50°), err=(dAz=0.17°, dEl=0.10°)
[Laser] No valid laser distance, use mono distance

[Phase 1: 视觉解析] 收到目标 cx=1320.0, cy=1080.0, mono=320.0m -> 解算绝对角度: Az=357.27°, El=28.50°
[Phase 3: 预测控制] 目标当前估算Az=357.27°, 速度=0.00°/s
                   -> 打提前量(0.25s后)Az=357.27°, El=28.50° | 下发云台指令: Az=87.27°, El=28.50°

[Phase 1: 视觉解析] 收到目标 cx=1320.0, cy=1080.0, mono=320.0m -> 解算绝对角度: Az=357.27°, El=28.50°
[Phase 3: 预测控制] 目标当前估算Az=357.27°, 速度=0.00°/s
                   -> 打提前量(0.25s后)Az=357.27°, El=28.50° | 下发云台指令: Az=87.27°, El=28.50°

[Phase 1: 视觉解析] 收到目标 cx=1320.0, cy=1080.0, mono=320.0m -> 解算绝对角度: Az=357.27°, El=28.50°
[Phase 3: 预测控制] 目标当前估算Az=357.27°, 速度=0.00°/s
                   -> 打提前量(0.25s后)Az=357.27°, El=28.50° | 下发云台指令: Az=87.27°, El=28.50°

[Phase 1: 视觉解析] 收到目标 cx=1320.0, cy=1080.0, mono=320.0m -> 解算绝对角度: Az=357.27°, El=28.50°
[Phase 3: 预测控制] 目标当前估算Az=357.27°, 速度=0.00°/s
                   -> 打提前量(0.25s后)Az=357.27°, El=28.50° | 下发云台指令: Az=87.27°, El=28.50°

[Phase 1: 视觉解析] 收到目标 cx=1320.0, cy=1080.0, mono=320.0m -> 解算绝对角度: Az=357.27°, El=28.50°
[Phase 3: 预测控制] 目标当前估算Az=357.27°, 速度=0.00°/s
                   -> 打提前量(0.25s后)Az=357.27°, El=28.50° | 下发云台指令: Az=87.27°, El=28.50°

[Phase 1: 视觉解析] 收到目标 cx=1320.0, cy=1080.0, mono=320.0m -> 解算绝对角度: Az=357.27°, El=28.50°
[Phase 2: 目标调度] 基于威胁度(v=0.0°/s, dist=0.2°) 成功锁定目标 ID: 2. 准备交由云台跟踪!
[Phase 3: 预测控制] 目标当前估算Az=357.27°, 速度=0.00°/s
                   -> 打提前量(0.25s后)Az=357.27°, El=28.50° | 下发云台指令: Az=87.27°, El=28.50°

[Phase 1: 视觉解析] 收到目标 cx=1320.0, cy=1080.0, mono=320.0m -> 解算绝对角度: Az=357.27°, El=28.50°
[Phase 3: 预测控制] 目标当前估算Az=357.27°, 速度=0.00°/s
                   -> 打提前量(0.25s后)Az=357.27°, El=28.50° | 下发云台指令: Az=87.27°, El=28.50°

[Phase 1: 视觉解析] 收到目标 cx=1920.0, cy=760.0, mono=320.0m -> 解算绝对角度: Az=0.00°, El=29.97°
[Stats] recv_objs_total=60, recv_unique_boxes=4 | ui_send_total=55, ui_unique_ids=2, ui_id_counts=1:38, 2:17

[Phase 1: 视觉解析] 收到目标 cx=1920.0, cy=760.0, mono=320.0m -> 解算绝对角度: Az=0.00°, El=29.97°

[Phase 1: 视觉解析] 收到目标 cx=1920.0, cy=760.0, mono=320.0m -> 解算绝对角度: Az=0.00°, El=29.97°
[Phase 2: 目标调度] 基于威胁度(v=0.0°/s, dist=3.2°) 成功锁定目标 ID: 3. 准备交由云台跟踪!
[Phase 3: 预测控制] 目标当前估算Az=0.00°, 速度=0.00°/s
                   -> 打提前量(0.25s后)Az=0.00°, El=29.97° | 下发云台指令: Az=90.00°, El=29.97°
[GimbalCmd] cmd_id=11, track_id=3, target_ctrl=(Az=90.00°, El=29.97°)

[Phase 1: 视觉解析] 收到目标 cx=1920.0, cy=760.0, mono=320.0m -> 解算绝对角度: Az=0.00°, El=29.97°
[Phase 3: 预测控制] 目标当前估算Az=0.00°, 速度=0.00°/s
                   -> 打提前量(0.25s后)Az=0.00°, El=29.97° | 下发云台指令: Az=90.00°, El=29.97°

[Phase 1: 视觉解析] 收到目标 cx=1920.0, cy=760.0, mono=320.0m -> 解算绝对角度: Az=0.00°, El=29.97°
[Phase 3: 预测控制] 目标当前估算Az=0.00°, 速度=0.00°/s
                   -> 打提前量(0.25s后)Az=0.00°, El=29.97° | 下发云台指令: Az=90.00°, El=29.97°
[GimbalAtt] cmd_id=11, elapsed=0.041s, actual_ctrl=(Az=87.90°, El=28.60°), actual_ui=(Az=357.90°, El=28.60°), target_ctrl=(Az=90.00°, El=29.97°), err=(dAz=2.10°, dEl=1.37°)

[Phase 1: 视觉解析] 收到目标 cx=1920.0, cy=760.0, mono=320.0m -> 解算绝对角度: Az=0.00°, El=29.97°
[Phase 3: 预测控制] 目标当前估算Az=0.00°, 速度=0.00°/s
                   -> 打提前量(0.25s后)Az=0.00°, El=29.97° | 下发云台指令: Az=90.00°, El=29.97°

[Phase 1: 视觉解析] 收到目标 cx=1920.0, cy=760.0, mono=320.0m -> 解算绝对角度: Az=0.00°, El=29.97°
[Phase 3: 预测控制] 目标当前估算Az=0.00°, 速度=0.00°/s
                   -> 打提前量(0.25s后)Az=0.00°, El=29.97° | 下发云台指令: Az=90.00°, El=29.97°

[Phase 1: 视觉解析] 收到目标 cx=1920.0, cy=760.0, mono=320.0m -> 解算绝对角度: Az=0.00°, El=29.97°
[Phase 3: 预测控制] 目标当前估算Az=0.00°, 速度=0.00°/s
                   -> 打提前量(0.25s后)Az=0.00°, El=29.97° | 下发云台指令: Az=90.00°, El=29.97°
[GimbalAtt] cmd_id=11, elapsed=0.302s, actual_ctrl=(Az=87.90°, El=29.60°), actual_ui=(Az=357.90°, El=29.60°), target_ctrl=(Az=90.00°, El=29.97°), err=(dAz=2.10°, dEl=0.37°)

[Phase 1: 视觉解析] 收到目标 cx=1920.0, cy=760.0, mono=320.0m -> 解算绝对角度: Az=0.00°, El=29.97°
[Phase 3: 预测控制] 目标当前估算Az=0.00°, 速度=0.00°/s
                   -> 打提前量(0.25s后)Az=0.00°, El=29.97° | 下发云台指令: Az=90.00°, El=29.97°

[Phase 1: 视觉解析] 收到目标 cx=1920.0, cy=760.0, mono=320.0m -> 解算绝对角度: Az=0.00°, El=29.97°
[Phase 3: 预测控制] 目标当前估算Az=0.00°, 速度=0.00°/s
                   -> 打提前量(0.25s后)Az=0.00°, El=29.97° | 下发云台指令: Az=90.00°, El=29.97°

[Phase 1: 视觉解析] 收到目标 cx=1920.0, cy=760.0, mono=320.0m -> 解算绝对角度: Az=0.00°, El=29.97°
[Phase 3: 预测控制] 目标当前估算Az=0.00°, 速度=0.00°/s
                   -> 打提前量(0.25s后)Az=0.00°, El=29.97° | 下发云台指令: Az=90.00°, El=29.97°
[GimbalAtt] cmd_id=11, elapsed=0.575s, actual_ctrl=(Az=89.90°, El=29.90°), actual_ui=(Az=359.90°, El=29.90°), target_ctrl=(Az=90.00°, El=29.97°), err=(dAz=0.10°, dEl=0.07°)
[GimbalSettled] cmd_id=11, track_id=3, settle_time=0.575s, actual_ctrl=(Az=89.90°, El=29.90°), target_ctrl=(Az=90.00°, El=29.97°), err=(dAz=0.10°, dEl=0.07°)
[Laser] No valid laser distance, use mono distance

[Phase 1: 视觉解析] 收到目标 cx=1920.0, cy=760.0, mono=320.0m -> 解算绝对角度: Az=0.00°, El=29.97°
[Phase 3: 预测控制] 目标当前估算Az=0.00°, 速度=0.00°/s
                   -> 打提前量(0.25s后)Az=0.00°, El=29.97° | 下发云台指令: Az=90.00°, El=29.97°

[Phase 1: 视觉解析] 收到目标 cx=1920.0, cy=760.0, mono=320.0m -> 解算绝对角度: Az=0.00°, El=29.97°
[Phase 3: 预测控制] 目标当前估算Az=0.00°, 速度=0.00°/s
                   -> 打提前量(0.25s后)Az=0.00°, El=29.97° | 下发云台指令: Az=90.00°, El=29.97°

[Phase 1: 视觉解析] 收到目标 cx=1920.0, cy=760.0, mono=320.0m -> 解算绝对角度: Az=0.00°, El=29.97°
[Phase 3: 预测控制] 目标当前估算Az=0.00°, 速度=0.00°/s
                   -> 打提前量(0.25s后)Az=0.00°, El=29.97° | 下发云台指令: Az=90.00°, El=29.97°

[Phase 1: 视觉解析] 收到目标 cx=1920.0, cy=760.0, mono=320.0m -> 解算绝对角度: Az=0.00°, El=29.97°
[Phase 3: 预测控制] 目标当前估算Az=0.00°, 速度=0.00°/s
                   -> 打提前量(0.25s后)Az=0.00°, El=29.97° | 下发云台指令: Az=90.00°, El=29.97°

[Phase 1: 视觉解析] 收到目标 cx=1920.0, cy=760.0, mono=320.0m -> 解算绝对角度: Az=0.00°, El=29.97°
[Phase 3: 预测控制] 目标当前估算Az=0.00°, 速度=0.00°/s
                   -> 打提前量(0.25s后)Az=0.00°, El=29.97° | 下发云台指令: Az=90.00°, El=29.97°

[Phase 1: 视觉解析] 收到目标 cx=1920.0, cy=760.0, mono=320.0m -> 解算绝对角度: Az=0.00°, El=29.97°
[Phase 3: 预测控制] 目标当前估算Az=0.00°, 速度=0.00°/s
                   -> 打提前量(0.25s后)Az=0.00°, El=29.97° | 下发云台指令: Az=90.00°, El=29.97°

[Phase 1: 视觉解析] 收到目标 cx=1920.0, cy=760.0, mono=320.0m -> 解算绝对角度: Az=0.00°, El=29.97°
[Phase 3: 预测控制] 目标当前估算Az=0.00°, 速度=0.00°/s
                   -> 打提前量(0.25s后)Az=0.00°, El=29.97° | 下发云台指令: Az=90.00°, El=29.97°

[Phase 1: 视觉解析] 收到目标 cx=1920.0, cy=760.0, mono=320.0m -> 解算绝对角度: Az=0.00°, El=29.97°
[Phase 2: 目标调度] 基于威胁度(v=0.0°/s, dist=0.1°) 成功锁定目标 ID: 3. 准备交由云台跟踪!
[Phase 3: 预测控制] 目标当前估算Az=0.00°, 速度=0.00°/s
                   -> 打提前量(0.25s后)Az=0.00°, El=29.97° | 下发云台指令: Az=90.00°, El=29.97°

[Phase 1: 视觉解析] 收到目标 cx=1920.0, cy=760.0, mono=320.0m -> 解算绝对角度: Az=0.00°, El=29.97°
[Phase 3: 预测控制] 目标当前估算Az=0.00°, 速度=0.00°/s
                   -> 打提前量(0.25s后)Az=0.00°, El=29.97° | 下发云台指令: Az=90.00°, El=29.97°

[Phase 1: 视觉解析] 收到目标 cx=1920.0, cy=1400.0, mono=320.0m -> 解算绝对角度: Az=0.00°, El=27.03°
[Phase 3: 预测控制] 目标当前估算Az=0.00°, 速度=0.00°/s
                   -> 打提前量(0.25s后)Az=0.00°, El=27.90° | 下发云台指令: Az=90.00°, El=27.90°
[GimbalCmd] cmd_id=12, track_id=3, target_ctrl=(Az=90.00°, El=27.90°)
[Stats] recv_objs_total=80, recv_unique_boxes=5 | ui_send_total=74, ui_unique_ids=3, ui_id_counts=1:38, 3:19, 2:17

[Phase 1: 视觉解析] 收到目标 cx=1920.0, cy=1400.0, mono=320.0m -> 解算绝对角度: Az=0.00°, El=27.03°
[Phase 3: 预测控制] 目标当前估算Az=0.00°, 速度=0.00°/s
                   -> 打提前量(0.25s后)Az=0.00°, El=26.94° | 下发云台指令: Az=90.00°, El=26.94°

[Phase 1: 视觉解析] 收到目标 cx=1920.0, cy=1400.0, mono=320.0m -> 解算绝对角度: Az=0.00°, El=27.03°
[Phase 3: 预测控制] 目标当前估算Az=0.00°, 速度=0.00°/s
                   -> 打提前量(0.25s后)Az=0.00°, El=26.41° | 下发云台指令: Az=90.00°, El=26.41°

[Phase 1: 视觉解析] 收到目标 cx=1920.0, cy=1400.0, mono=320.0m -> 解算绝对角度: Az=0.00°, El=27.03°
[Phase 3: 预测控制] 目标当前估算Az=0.00°, 速度=0.00°/s
                   -> 打提前量(0.25s后)Az=0.00°, El=26.15° | 下发云台指令: Az=90.00°, El=26.15°
[GimbalAtt] cmd_id=12, elapsed=0.000s, actual_ctrl=(Az=89.90°, El=29.90°), actual_ui=(Az=359.90°, El=29.90°), target_ctrl=(Az=90.00°, El=27.90°), err=(dAz=0.10°, dEl=2.00°)
[GimbalCmd] preempt cmd_id=15, track_id=3, target_ctrl=(Az=90.00°, El=26.15°), delta=1.74°

[Phase 1: 视觉解析] 收到目标 cx=1920.0, cy=1400.0, mono=320.0m -> 解算绝对角度: Az=0.00°, El=27.03°
[Phase 3: 预测控制] 目标当前估算Az=0.00°, 速度=0.00°/s
                   -> 打提前量(0.25s后)Az=0.00°, El=26.07° | 下发云台指令: Az=90.00°, El=26.07°

[Phase 1: 视觉解析] 收到目标 cx=1920.0, cy=1400.0, mono=320.0m -> 解算绝对角度: Az=0.00°, El=27.03°
[Phase 3: 预测控制] 目标当前估算Az=0.00°, 速度=0.00°/s
                   -> 打提前量(0.25s后)Az=0.00°, El=26.09° | 下发云台指令: Az=90.00°, El=26.09°
[GimbalAtt] cmd_id=15, elapsed=0.000s, actual_ctrl=(Az=89.90°, El=29.10°), actual_ui=(Az=359.90°, El=29.10°), target_ctrl=(Az=90.00°, El=26.15°), err=(dAz=0.10°, dEl=2.95°)

[Phase 1: 视觉解析] 收到目标 cx=1920.0, cy=1400.0, mono=320.0m -> 解算绝对角度: Az=0.00°, El=27.03°
[Phase 3: 预测控制] 目标当前估算Az=0.00°, 速度=0.00°/s
                   -> 打提前量(0.25s后)Az=0.00°, El=26.16° | 下发云台指令: Az=90.00°, El=26.16°

[Phase 1: 视觉解析] 收到目标 cx=1920.0, cy=1400.0, mono=320.0m -> 解算绝对角度: Az=0.00°, El=27.03°
[Phase 3: 预测控制] 目标当前估算Az=0.00°, 速度=0.00°/s
                   -> 打提前量(0.25s后)Az=0.00°, El=26.24° | 下发云台指令: Az=90.00°, El=26.24°
[GimbalAtt] cmd_id=15, elapsed=0.263s, actual_ctrl=(Az=89.90°, El=27.20°), actual_ui=(Az=359.90°, El=27.20°), target_ctrl=(Az=90.00°, El=26.15°), err=(dAz=0.10°, dEl=1.05°)

[Phase 1: 视觉解析] 收到目标 cx=1920.0, cy=1400.0, mono=320.0m -> 解算绝对角度: Az=0.00°, El=27.03°
[Phase 3: 预测控制] 目标当前估算Az=0.00°, 速度=0.00°/s
                   -> 打提前量(0.25s后)Az=0.00°, El=26.37° | 下发云台指令: Az=90.00°, El=26.37°

[Phase 1: 视觉解析] 收到目标 cx=1920.0, cy=1400.0, mono=320.0m -> 解算绝对角度: Az=0.00°, El=27.03°
[Phase 3: 预测控制] 目标当前估算Az=0.00°, 速度=0.00°/s
                   -> 打提前量(0.25s后)Az=0.00°, El=26.47° | 下发云台指令: Az=90.00°, El=26.47°

[Phase 1: 视觉解析] 收到目标 cx=1920.0, cy=1400.0, mono=320.0m -> 解算绝对角度: Az=0.00°, El=27.03°
[Phase 3: 预测控制] 目标当前估算Az=0.00°, 速度=0.00°/s
                   -> 打提前量(0.25s后)Az=0.00°, El=26.56° | 下发云台指令: Az=90.00°, El=26.56°
[GimbalAtt] cmd_id=15, elapsed=0.470s, actual_ctrl=(Az=89.90°, El=27.20°), actual_ui=(Az=359.90°, El=27.20°), target_ctrl=(Az=90.00°, El=26.15°), err=(dAz=0.10°, dEl=1.05°)

[Phase 1: 视觉解析] 收到目标 cx=1920.0, cy=1400.0, mono=320.0m -> 解算绝对角度: Az=0.00°, El=27.03°
[Phase 3: 预测控制] 目标当前估算Az=0.00°, 速度=0.00°/s
                   -> 打提前量(0.25s后)Az=0.00°, El=26.64° | 下发云台指令: Az=90.00°, El=26.64°

[Phase 1: 视觉解析] 收到目标 cx=1920.0, cy=1400.0, mono=320.0m -> 解算绝对角度: Az=0.00°, El=27.03°
[Phase 3: 预测控制] 目标当前估算Az=0.00°, 速度=0.00°/s
                   -> 打提前量(0.25s后)Az=0.00°, El=26.71° | 下发云台指令: Az=90.00°, El=26.71°
[GimbalAtt] cmd_id=15, elapsed=0.752s, actual_ctrl=(Az=89.90°, El=26.10°), actual_ui=(Az=359.90°, El=26.10°), target_ctrl=(Az=90.00°, El=26.15°), err=(dAz=0.10°, dEl=0.05°)
[GimbalSettled] cmd_id=15, track_id=3, settle_time=0.752s, actual_ctrl=(Az=89.90°, El=26.10°), target_ctrl=(Az=90.00°, El=26.15°), err=(dAz=0.10°, dEl=0.05°)
[Laser] No valid laser distance, use mono distance
[GimbalCmd] cmd_id=18, track_id=3, target_ctrl=(Az=90.00°, El=26.71°)

[Phase 1: 视觉解析] 收到目标 cx=1920.0, cy=1400.0, mono=320.0m -> 解算绝对角度: Az=0.00°, El=27.03°
[Phase 2: 目标调度] 基于威胁度(v=0.5°/s, dist=0.8°) 成功锁定目标 ID: 3. 准备交由云台跟踪!
[Phase 3: 预测控制] 目标当前估算Az=0.00°, 速度=0.00°/s
                   -> 打提前量(0.25s后)Az=0.00°, El=26.77° | 下发云台指令: Az=90.00°, El=26.77°

[Phase 1: 视觉解析] 收到目标 cx=1920.0, cy=1400.0, mono=320.0m -> 解算绝对角度: Az=0.00°, El=27.03°
[Phase 3: 预测控制] 目标当前估算Az=0.00°, 速度=0.00°/s
                   -> 打提前量(0.25s后)Az=0.00°, El=26.84° | 下发云台指令: Az=90.00°, El=26.84°

[Phase 1: 视觉解析] 收到目标 cx=1920.0, cy=1400.0, mono=320.0m -> 解算绝对角度: Az=0.00°, El=27.03°
[Phase 3: 预测控制] 目标当前估算Az=0.00°, 速度=0.00°/s
                   -> 打提前量(0.25s后)Az=0.00°, El=26.88° | 下发云台指令: Az=90.00°, El=26.88°
[GimbalAtt] cmd_id=18, elapsed=0.000s, actual_ctrl=(Az=89.90°, El=26.10°), actual_ui=(Az=359.90°, El=26.10°), target_ctrl=(Az=90.00°, El=26.71°), err=(dAz=0.10°, dEl=0.61°)
[GimbalSettled] cmd_id=18, track_id=3, settle_time=0.000s, actual_ctrl=(Az=89.90°, El=26.10°), target_ctrl=(Az=90.00°, El=26.71°), err=(dAz=0.10°, dEl=0.61°)
[Laser] No valid laser distance, use mono distance
[GimbalCmd] cmd_id=19, track_id=3, target_ctrl=(Az=90.00°, El=26.84°)

[Phase 1: 视觉解析] 收到目标 cx=1920.0, cy=1400.0, mono=320.0m -> 解算绝对角度: Az=0.00°, El=27.03°
[Phase 3: 预测控制] 目标当前估算Az=0.00°, 速度=0.00°/s
                   -> 打提前量(0.25s后)Az=0.00°, El=26.91° | 下发云台指令: Az=90.00°, El=26.91°

[Phase 1: 视觉解析] 收到目标 cx=1920.0, cy=1400.0, mono=320.0m -> 解算绝对角度: Az=0.00°, El=27.03°
[Phase 3: 预测控制] 目标当前估算Az=0.00°, 速度=0.00°/s
                   -> 打提前量(0.25s后)Az=0.00°, El=26.93° | 下发云台指令: Az=90.00°, El=26.93°

[Phase 1: 视觉解析] 收到目标 cx=1920.0, cy=1400.0, mono=320.0m -> 解算绝对角度: Az=0.00°, El=27.03°
[Phase 3: 预测控制] 目标当前估算Az=0.00°, 速度=0.00°/s
                   -> 打提前量(0.25s后)Az=0.00°, El=26.95° | 下发云台指令: Az=90.00°, El=26.95°
[GimbalAtt] cmd_id=19, elapsed=0.000s, actual_ctrl=(Az=89.90°, El=26.84°), actual_ui=(Az=359.90°, El=26.84°), target_ctrl=(Az=90.00°, El=26.84°), err=(dAz=0.10°, dEl=0.00°)
[GimbalSettled] cmd_id=19, track_id=3, settle_time=0.000s, actual_ctrl=(Az=89.90°, El=26.84°), target_ctrl=(Az=90.00°, El=26.84°), err=(dAz=0.10°, dEl=0.00°)
[Laser] No valid laser distance, use mono distance

[Phase 1: 视觉解析] 收到目标 cx=1920.0, cy=1400.0, mono=320.0m -> 解算绝对角度: Az=0.00°, El=27.03°
[Phase 3: 预测控制] 目标当前估算Az=0.00°, 速度=0.00°/s
                   -> 打提前量(0.25s后)Az=0.00°, El=26.97° | 下发云台指令: Az=90.00°, El=26.97°
[GimbalCmd] cmd_id=20, track_id=3, target_ctrl=(Az=90.00°, El=26.97°)
[GimbalAtt] cmd_id=20, elapsed=0.000s, actual_ctrl=(Az=89.90°, El=26.80°), actual_ui=(Az=359.90°, El=26.80°), target_ctrl=(Az=90.00°, El=26.97°), err=(dAz=0.10°, dEl=0.17°)
[GimbalSettled] cmd_id=20, track_id=3, settle_time=0.000s, actual_ctrl=(Az=89.90°, El=26.80°), target_ctrl=(Az=90.00°, El=26.97°), err=(dAz=0.10°, dEl=0.17°)
[Laser] No valid laser distance, use mono distance
