[Log] stdout/stderr -> logs/main_tracking_v9_20260416_123438.log
[Init] Connecting to Gimbal at /dev/ttyUSB0...
[GT06Z] Driver Ready on /dev/ttyUSB0.
[Adapter] GT06Z 云台已连接: /dev/ttyUSB0
[Init] Real laser enabled on /dev/ttyUSB1
[Init] Queue gimbal initial posture: Az=90.00°, El=0.00°
[LaserThread] 激光读取线程已启动[GimbalThread] 控制线程已启动

[Net] Listening RK3588 on 8888...
[Laser] start_measurement mode=continuous=== System V9.0 (Predictive Tracking & Scheduling) Running ===

[GimbalCmd] cmd_id=0, track_id=-1, target_ctrl=(Az=90.00°, El=0.00°)
[GimbalAtt] cmd_id=0, elapsed=0.041s, actual_ctrl=(Az=98.00°, El=28.60°), actual_ui=(Az=8.00°, El=28.60°), target_ctrl=(Az=90.00°, El=0.00°), err=(dAz=8.00°, dEl=28.60°)
[GimbalAtt] cmd_id=0, elapsed=0.302s, actual_ctrl=(Az=94.20°, El=27.60°), actual_ui=(Az=4.20°, El=27.60°), target_ctrl=(Az=90.00°, El=0.00°), err=(dAz=4.20°, dEl=27.60°)
[GimbalAtt] cmd_id=0, elapsed=0.564s, actual_ctrl=(Az=94.20°, El=25.50°), actual_ui=(Az=4.20°, El=25.50°), target_ctrl=(Az=90.00°, El=0.00°), err=(dAz=4.20°, dEl=25.50°)
[GimbalAtt] cmd_id=0, elapsed=0.929s, actual_ctrl=(Az=90.00°, El=21.00°), actual_ui=(Az=0.00°, El=21.00°), target_ctrl=(Az=90.00°, El=0.00°), err=(dAz=0.00°, dEl=21.00°)
[GimbalAtt] cmd_id=0, elapsed=1.190s, actual_ctrl=(Az=90.00°, El=17.00°), actual_ui=(Az=0.00°, El=17.00°), target_ctrl=(Az=90.00°, El=0.00°), err=(dAz=0.00°, dEl=17.00°)
[GimbalAtt] cmd_id=0, elapsed=1.452s, actual_ctrl=(Az=90.00°, El=13.00°), actual_ui=(Az=0.00°, El=13.00°), target_ctrl=(Az=90.00°, El=0.00°), err=(dAz=0.00°, dEl=13.00°)
[GimbalAtt] cmd_id=0, elapsed=1.714s, actual_ctrl=(Az=90.00°, El=9.00°), actual_ui=(Az=0.00°, El=9.00°), target_ctrl=(Az=90.00°, El=0.00°), err=(dAz=0.00°, dEl=9.00°)
[GimbalAtt] cmd_id=0, elapsed=1.976s, actual_ctrl=(Az=90.00°, El=5.00°), actual_ui=(Az=0.00°, El=5.00°), target_ctrl=(Az=90.00°, El=0.00°), err=(dAz=0.00°, dEl=5.00°)
[GimbalAtt] cmd_id=0, elapsed=2.238s, actual_ctrl=(Az=90.00°, El=1.70°), actual_ui=(Az=0.00°, El=1.70°), target_ctrl=(Az=90.00°, El=0.00°), err=(dAz=0.00°, dEl=1.70°)
[GimbalAtt] cmd_id=0, elapsed=2.449s, actual_ctrl=(Az=90.00°, El=1.70°), actual_ui=(Az=0.00°, El=1.70°), target_ctrl=(Az=90.00°, El=0.00°), err=(dAz=0.00°, dEl=1.70°)
[GimbalAtt] cmd_id=0, elapsed=2.731s, actual_ctrl=(Az=90.00°, El=-0.00°), actual_ui=(Az=0.00°, El=-0.00°), target_ctrl=(Az=90.00°, El=0.00°), err=(dAz=0.00°, dEl=0.00°)
[GimbalSettled] cmd_id=0, track_id=-1, settle_time=2.731s, actual_ctrl=(Az=90.00°, El=-0.00°), target_ctrl=(Az=90.00°, El=0.00°), err=(dAz=0.00°, dEl=0.00°)
[Laser] Triggered cmd_id=0, track_id=-1, dist=4.50m, interval=first

[Phase 1: 视觉解析] 收到目标 cx=700.0, cy=1080.0, mono=320.0m -> 解算绝对角度: Az=354.44°, El=28.50°
[Stats] recv_objs_total=1, recv_unique_boxes=1 | ui_send_total=0, ui_unique_ids=0, ui_id_counts=none

[Phase 1: 视觉解析] 收到目标 cx=733.3, cy=1080.0, mono=320.0m -> 解算绝对角度: Az=354.59°, El=28.50°

[Phase 1: 视觉解析] 收到目标 cx=766.7, cy=1080.0, mono=320.0m -> 解算绝对角度: Az=354.74°, El=28.50°
[TargetAcquire] reason=initial_acquire, master_id=1, score=-27.54, candidates=id=1, score=-27.54, speed=0.18deg/s, dist=29.01deg, hits=3, stab=1.11
[Phase 3: 预测控制] 目标当前估算Az=354.61°, 速度=0.18°/s
                   -> 打提前量(0.25s后)Az=354.65°, El=28.50° | 下发云台指令: Az=84.65°, El=28.50°

[Phase 1: 视觉解析] 收到目标 cx=800.0, cy=1080.0, mono=320.0m -> 解算绝对角度: Az=354.90°, El=28.50°
[Phase 3: 预测控制] 目标当前估算Az=354.72°, 速度=0.39°/s
                   -> 打提前量(0.25s后)Az=354.82°, El=28.50° | 下发云台指令: Az=84.82°, El=28.50°

[Phase 1: 视觉解析] 收到目标 cx=833.3, cy=1080.0, mono=320.0m -> 解算绝对角度: Az=355.05°, El=28.50°
[Phase 3: 预测控制] 目标当前估算Az=354.85°, 速度=0.65°/s
                   -> 打提前量(0.25s后)Az=355.02°, El=28.50° | 下发云台指令: Az=85.02°, El=28.50°
[GimbalCmd] cmd_id=1, track_id=1, target_ctrl=(Az=84.65°, El=28.50°)

[Phase 1: 视觉解析] 收到目标 cx=866.7, cy=1080.0, mono=320.0m -> 解算绝对角度: Az=355.20°, El=28.50°
[Phase 3: 预测控制] 目标当前估算Az=355.00°, 速度=0.92°/s
                   -> 打提前量(0.25s后)Az=355.23°, El=28.50° | 下发云台指令: Az=85.23°, El=28.50°

[Phase 1: 视觉解析] 收到目标 cx=900.0, cy=1080.0, mono=320.0m -> 解算绝对角度: Az=355.35°, El=28.50°
[Phase 3: 预测控制] 目标当前估算Az=355.18°, 速度=1.16°/s
                   -> 打提前量(0.25s后)Az=355.47°, El=28.50° | 下发云台指令: Az=85.47°, El=28.50°

[Phase 1: 视觉解析] 收到目标 cx=933.3, cy=1080.0, mono=320.0m -> 解算绝对角度: Az=355.50°, El=28.50°
[Phase 3: 预测控制] 目标当前估算Az=355.34°, 速度=1.36°/s
                   -> 打提前量(0.25s后)Az=355.68°, El=28.50° | 下发云台指令: Az=85.68°, El=28.50°
[GimbalAtt] cmd_id=1, elapsed=0.041s, actual_ctrl=(Az=89.30°, El=0.10°), actual_ui=(Az=359.30°, El=0.10°), target_ctrl=(Az=84.65°, El=28.50°), err=(dAz=4.65°, dEl=28.40°)

[Phase 1: 视觉解析] 收到目标 cx=966.7, cy=1080.0, mono=320.0m -> 解算绝对角度: Az=355.66°, El=28.50°
[Phase 3: 预测控制] 目标当前估算Az=355.52°, 速度=1.52°/s
                   -> 打提前量(0.25s后)Az=355.90°, El=28.50° | 下发云台指令: Az=85.90°, El=28.50°
[GimbalCmd] preempt cmd_id=6, track_id=1, mode=axis_update, axes=Az, target_ctrl=(Az=85.90°, El=28.50°), delta=(dAz=1.25°, dEl=0.00°, total=1.25°)

[Phase 1: 视觉解析] 收到目标 cx=1000.0, cy=1080.0, mono=320.0m -> 解算绝对角度: Az=355.81°, El=28.50°
[Phase 3: 预测控制] 目标当前估算Az=355.68°, 速度=1.65°/s
                   -> 打提前量(0.25s后)Az=356.09°, El=28.50° | 下发云台指令: Az=86.09°, El=28.50°

[Phase 1: 视觉解析] 收到目标 cx=1033.3, cy=1080.0, mono=320.0m -> 解算绝对角度: Az=355.96°, El=28.50°
[Phase 3: 预测控制] 目标当前估算Az=355.84°, 速度=1.76°/s
                   -> 打提前量(0.25s后)Az=356.28°, El=28.50° | 下发云台指令: Az=86.28°, El=28.50°
[GimbalAtt] cmd_id=6, elapsed=0.000s, actual_ctrl=(Az=85.80°, El=1.20°), actual_ui=(Az=355.80°, El=1.20°), target_ctrl=(Az=85.90°, El=28.50°), err=(dAz=0.10°, dEl=27.30°)

[Phase 1: 视觉解析] 收到目标 cx=1066.7, cy=1080.0, mono=320.0m -> 解算绝对角度: Az=356.11°, El=28.50°
[Phase 3: 预测控制] 目标当前估算Az=356.00°, 速度=1.85°/s
                   -> 打提前量(0.25s后)Az=356.46°, El=28.50° | 下发云台指令: Az=86.46°, El=28.50°

[Phase 1: 视觉解析] 收到目标 cx=1100.0, cy=1080.0, mono=320.0m -> 解算绝对角度: Az=356.26°, El=28.50°
[Phase 3: 预测控制] 目标当前估算Az=356.16°, 速度=1.92°/s
                   -> 打提前量(0.25s后)Az=356.64°, El=28.50° | 下发云台指令: Az=86.64°, El=28.50°

[Phase 1: 视觉解析] 收到目标 cx=1133.3, cy=1080.0, mono=320.0m -> 解算绝对角度: Az=356.41°, El=28.50°
[Phase 3: 预测控制] 目标当前估算Az=356.33°, 速度=1.99°/s
                   -> 打提前量(0.25s后)Az=356.82°, El=28.50° | 下发云台指令: Az=86.82°, El=28.50°

[Phase 1: 视觉解析] 收到目标 cx=1166.7, cy=1080.0, mono=320.0m -> 解算绝对角度: Az=356.57°, El=28.50°
[Phase 3: 预测控制] 目标当前估算Az=356.50°, 速度=2.03°/s
                   -> 打提前量(0.25s后)Az=357.00°, El=28.50° | 下发云台指令: Az=87.00°, El=28.50°

[Phase 1: 视觉解析] 收到目标 cx=1200.0, cy=1080.0, mono=320.0m -> 解算绝对角度: Az=356.72°, El=28.50°
[Phase 3: 预测控制] 目标当前估算Az=356.65°, 速度=2.08°/s
                   -> 打提前量(0.25s后)Az=357.17°, El=28.50° | 下发云台指令: Az=87.17°, El=28.50°
[GimbalAtt] cmd_id=6, elapsed=0.201s, actual_ctrl=(Az=85.70°, El=1.20°), actual_ui=(Az=355.70°, El=1.20°), target_ctrl=(Az=85.90°, El=28.50°), err=(dAz=0.20°, dEl=27.30°)
[GimbalCmd] preempt cmd_id=9, track_id=1, mode=axis_update, axes=Az, target_ctrl=(Az=87.00°, El=28.50°), delta=(dAz=1.10°, dEl=0.00°, total=1.10°)

[Phase 1: 视觉解析] 收到目标 cx=1233.3, cy=1080.0, mono=320.0m -> 解算绝对角度: Az=356.87°, El=28.50°
[Phase 3: 预测控制] 目标当前估算Az=356.83°, 速度=2.10°/s
                   -> 打提前量(0.25s后)Az=357.35°, El=28.50° | 下发云台指令: Az=87.35°, El=28.50°

[Phase 1: 视觉解析] 收到目标 cx=1266.7, cy=1080.0, mono=320.0m -> 解算绝对角度: Az=357.02°, El=28.50°
[Phase 3: 预测控制] 目标当前估算Az=356.98°, 速度=2.13°/s
                   -> 打提前量(0.25s后)Az=357.51°, El=28.50° | 下发云台指令: Az=87.51°, El=28.50°

[Phase 1: 视觉解析] 收到目标 cx=1300.0, cy=1080.0, mono=320.0m -> 解算绝对角度: Az=357.17°, El=28.50°
[Phase 3: 预测控制] 目标当前估算Az=357.13°, 速度=2.15°/s
                   -> 打提前量(0.25s后)Az=357.67°, El=28.50° | 下发云台指令: Az=87.67°, El=28.50°
[GimbalAtt] cmd_id=9, elapsed=0.000s, actual_ctrl=(Az=86.50°, El=5.80°), actual_ui=(Az=356.50°, El=5.80°), target_ctrl=(Az=87.00°, El=28.50°), err=(dAz=0.50°, dEl=22.70°)
[GimbalCmd] preempt cmd_id=11, track_id=1, mode=axis_update, axes=Az, target_ctrl=(Az=87.67°, El=28.50°), delta=(dAz=0.67°, dEl=0.00°, total=0.67°)

[Phase 1: 视觉解析] 收到目标 cx=1333.3, cy=1080.0, mono=320.0m -> 解算绝对角度: Az=357.33°, El=28.50°
[Phase 3: 预测控制] 目标当前估算Az=357.30°, 速度=2.17°/s
                   -> 打提前量(0.25s后)Az=357.84°, El=28.50° | 下发云台指令: Az=87.84°, El=28.50°

[Phase 1: 视觉解析] 收到目标 cx=1366.7, cy=1080.0, mono=320.0m -> 解算绝对角度: Az=357.48°, El=28.50°
[Phase 3: 预测控制] 目标当前估算Az=357.44°, 速度=2.19°/s
                   -> 打提前量(0.25s后)Az=357.99°, El=28.50° | 下发云台指令: Az=87.99°, El=28.50°

[Phase 1: 视觉解析] 收到目标 cx=1400.0, cy=1080.0, mono=320.0m -> 解算绝对角度: Az=357.63°, El=28.50°
[Phase 3: 预测控制] 目标当前估算Az=357.64°, 速度=2.18°/s
                   -> 打提前量(0.25s后)Az=358.19°, El=28.50° | 下发云台指令: Az=88.19°, El=28.50°

[Phase 1: 视觉解析] 收到目标 cx=1433.3, cy=1080.0, mono=320.0m -> 解算绝对角度: Az=357.78°, El=28.50°
[Phase 3: 预测控制] 目标当前估算Az=357.74°, 速度=2.20°/s
                   -> 打提前量(0.25s后)Az=358.29°, El=28.50° | 下发云台指令: Az=88.29°, El=28.50°
[GimbalAtt] cmd_id=11, elapsed=0.000s, actual_ctrl=(Az=86.90°, El=5.80°), actual_ui=(Az=356.90°, El=5.80°), target_ctrl=(Az=87.67°, El=28.50°), err=(dAz=0.77°, dEl=22.70°)

[Phase 1: 视觉解析] 收到目标 cx=1466.7, cy=1080.0, mono=320.0m -> 解算绝对角度: Az=357.93°, El=28.50°
[GimbalCmd] preempt cmd_id=13, track_id=1, mode=axis_update, axes=Az, target_ctrl=(Az=88.29°, El=28.50°), delta=(dAz=0.62°, dEl=0.00°, total=0.62°)
[Phase 3: 预测控制] 目标当前估算Az=357.91°, 速度=2.21°/s
                   -> 打提前量(0.25s后)Az=358.47°, El=28.50° | 下发云台指令: Az=88.47°, El=28.50°

[Phase 1: 视觉解析] 收到目标 cx=1500.0, cy=1080.0, mono=320.0m -> 解算绝对角度: Az=358.09°, El=28.50°
[Phase 3: 预测控制] 目标当前估算Az=358.06°, 速度=2.23°/s
                   -> 打提前量(0.25s后)Az=358.61°, El=28.50° | 下发云台指令: Az=88.61°, El=28.50°

[Phase 1: 视觉解析] 收到目标 cx=1533.3, cy=1080.0, mono=320.0m -> 解算绝对角度: Az=358.24°, El=28.50°
[TargetKeep] reason=lock_timer_expired, master_id=1, score=-18.20, candidates=id=1, score=-18.20, speed=2.24deg/s, dist=22.74deg, hits=26, stab=2.44, hold=1.15x
[Phase 3: 预测控制] 目标当前估算Az=358.22°, 速度=2.24°/s
                   -> 打提前量(0.25s后)Az=358.78°, El=28.50° | 下发云台指令: Az=88.78°, El=28.50°

[Phase 1: 视觉解析] 收到目标 cx=1566.7, cy=1080.0, mono=320.0m -> 解算绝对角度: Az=358.39°, El=28.50°
[Phase 3: 预测控制] 目标当前估算Az=358.37°, 速度=2.25°/s
                   -> 打提前量(0.25s后)Az=358.93°, El=28.50° | 下发云台指令: Az=88.93°, El=28.50°
[GimbalAtt] cmd_id=13, elapsed=0.000s, actual_ctrl=(Az=87.70°, El=13.30°), actual_ui=(Az=357.70°, El=13.30°), target_ctrl=(Az=88.29°, El=28.50°), err=(dAz=0.59°, dEl=15.20°)
[GimbalCmd] preempt cmd_id=15, track_id=1, mode=axis_update, axes=Az, target_ctrl=(Az=88.93°, El=28.50°), delta=(dAz=0.64°, dEl=0.00°, total=0.64°)

[Phase 1: 视觉解析] 收到目标 cx=1600.0, cy=1080.0, mono=320.0m -> 解算绝对角度: Az=358.54°, El=28.50°
[Phase 3: 预测控制] 目标当前估算Az=358.53°, 速度=2.25°/s
                   -> 打提前量(0.25s后)Az=359.09°, El=28.50° | 下发云台指令: Az=89.09°, El=28.50°

[Phase 1: 视觉解析] 收到目标 cx=1633.3, cy=1080.0, mono=320.0m -> 解算绝对角度: Az=358.69°, El=28.50°
[Phase 3: 预测控制] 目标当前估算Az=358.68°, 速度=2.26°/s
                   -> 打提前量(0.25s后)Az=359.25°, El=28.50° | 下发云台指令: Az=89.25°, El=28.50°

[Phase 1: 视觉解析] 收到目标 cx=1666.7, cy=1080.0, mono=320.0m -> 解算绝对角度: Az=358.85°, El=28.50°
[Phase 3: 预测控制] 目标当前估算Az=358.87°, 速度=2.25°/s
                   -> 打提前量(0.25s后)Az=359.43°, El=28.50° | 下发云台指令: Az=89.43°, El=28.50°

[Phase 1: 视觉解析] 收到目标 cx=1700.0, cy=1080.0, mono=320.0m -> 解算绝对角度: Az=359.00°, El=28.50°
[Phase 3: 预测控制] 目标当前估算Az=358.99°, 速度=2.25°/s
                   -> 打提前量(0.25s后)Az=359.56°, El=28.50° | 下发云台指令: Az=89.56°, El=28.50°
[Stats] recv_objs_total=31, recv_unique_boxes=31 | ui_send_total=29, ui_unique_ids=1, ui_id_counts=1:29
[GimbalAtt] cmd_id=15, elapsed=0.000s, actual_ctrl=(Az=88.10°, El=13.30°), actual_ui=(Az=358.10°, El=13.30°), target_ctrl=(Az=88.93°, El=28.50°), err=(dAz=0.83°, dEl=15.20°)
[GimbalCmd] preempt cmd_id=17, track_id=1, mode=axis_update, axes=Az, target_ctrl=(Az=89.56°, El=28.50°), delta=(dAz=0.63°, dEl=0.00°, total=0.63°)

[Phase 1: 视觉解析] 收到目标 cx=1733.3, cy=1080.0, mono=320.0m -> 解算绝对角度: Az=359.15°, El=28.50°
[Phase 3: 预测控制] 目标当前估算Az=359.13°, 速度=2.26°/s
                   -> 打提前量(0.25s后)Az=359.70°, El=28.50° | 下发云台指令: Az=89.70°, El=28.50°

[Phase 1: 视觉解析] 收到目标 cx=1766.7, cy=1080.0, mono=320.0m -> 解算绝对角度: Az=359.30°, El=28.50°
[Phase 3: 预测控制] 目标当前估算Az=359.29°, 速度=2.26°/s
                   -> 打提前量(0.25s后)Az=359.86°, El=28.50° | 下发云台指令: Az=89.86°, El=28.50°

[Phase 1: 视觉解析] 收到目标 cx=1800.0, cy=1080.0, mono=320.0m -> 解算绝对角度: Az=359.45°, El=28.50°
[Phase 3: 预测控制] 目标当前估算Az=359.44°, 速度=2.27°/s
                   -> 打提前量(0.25s后)Az=0.01°, El=28.50° | 下发云台指令: Az=90.01°, El=28.50°
[GimbalAtt] cmd_id=17, elapsed=0.000s, actual_ctrl=(Az=88.90°, El=20.90°), actual_ui=(Az=358.90°, El=20.90°), target_ctrl=(Az=89.56°, El=28.50°), err=(dAz=0.66°, dEl=7.60°)

[Phase 1: 视觉解析] 收到目标 cx=1833.3, cy=1080.0, mono=320.0m -> 解算绝对角度: Az=359.61°, El=28.50°
[Phase 3: 预测控制] 目标当前估算Az=359.59°, 速度=2.27°/s
                   -> 打提前量(0.25s后)Az=0.16°, El=28.50° | 下发云台指令: Az=90.16°, El=28.50°

[Phase 1: 视觉解析] 收到目标 cx=1866.7, cy=1080.0, mono=320.0m -> 解算绝对角度: Az=359.76°, El=28.50°
[Phase 3: 预测控制] 目标当前估算Az=359.75°, 速度=2.28°/s
                   -> 打提前量(0.25s后)Az=0.32°, El=28.50° | 下发云台指令: Az=90.32°, El=28.50°

[Phase 1: 视觉解析] 收到目标 cx=1900.0, cy=1080.0, mono=320.0m -> 解算绝对角度: Az=359.91°, El=28.50°
[Phase 3: 预测控制] 目标当前估算Az=359.91°, 速度=2.28°/s
                   -> 打提前量(0.25s后)Az=0.48°, El=28.50° | 下发云台指令: Az=90.48°, El=28.50°

[Phase 1: 视觉解析] 收到目标 cx=1933.3, cy=1080.0, mono=320.0m -> 解算绝对角度: Az=0.06°, El=28.50°
[Phase 3: 预测控制] 目标当前估算Az=0.07°, 速度=2.27°/s
                   -> 打提前量(0.25s后)Az=0.64°, El=28.50° | 下发云台指令: Az=90.64°, El=28.50°
[GimbalAtt] cmd_id=17, elapsed=0.222s, actual_ctrl=(Az=89.50°, El=20.90°), actual_ui=(Az=359.50°, El=20.90°), target_ctrl=(Az=89.56°, El=28.50°), err=(dAz=0.06°, dEl=7.60°)

[Phase 1: 视觉解析] 收到目标 cx=1966.7, cy=1080.0, mono=320.0m -> 解算绝对角度: Az=0.21°, El=28.50°
[Phase 3: 预测控制] 目标当前估算Az=0.20°, 速度=2.28°/s
                   -> 打提前量(0.25s后)Az=0.77°, El=28.50° | 下发云台指令: Az=90.77°, El=28.50°
[GimbalCmd] preempt cmd_id=21, track_id=1, mode=axis_update, axes=Az, target_ctrl=(Az=90.77°, El=28.50°), delta=(dAz=1.22°, dEl=0.00°, total=1.22°)

[Phase 1: 视觉解析] 收到目标 cx=2000.0, cy=1080.0, mono=320.0m -> 解算绝对角度: Az=0.36°, El=28.50°
[Phase 3: 预测控制] 目标当前估算Az=0.36°, 速度=2.28°/s
                   -> 打提前量(0.25s后)Az=0.93°, El=28.50° | 下发云台指令: Az=90.93°, El=28.50°

[Phase 1: 视觉解析] 收到目标 cx=2033.3, cy=1080.0, mono=320.0m -> 解算绝对角度: Az=0.52°, El=28.50°
[Phase 3: 预测控制] 目标当前估算Az=0.51°, 速度=2.28°/s
                   -> 打提前量(0.25s后)Az=1.08°, El=28.50° | 下发云台指令: Az=91.08°, El=28.50°
[GimbalAtt] cmd_id=21, elapsed=0.000s, actual_ctrl=(Az=89.50°, El=27.60°), actual_ui=(Az=359.50°, El=27.60°), target_ctrl=(Az=90.77°, El=28.50°), err=(dAz=1.27°, dEl=0.90°)

[Phase 1: 视觉解析] 收到目标 cx=2066.7, cy=1080.0, mono=320.0m -> 解算绝对角度: Az=0.67°, El=28.50°
[Phase 3: 预测控制] 目标当前估算Az=0.68°, 速度=2.27°/s
                   -> 打提前量(0.25s后)Az=1.25°, El=28.50° | 下发云台指令: Az=91.25°, El=28.50°

[Phase 1: 视觉解析] 收到目标 cx=2100.0, cy=1080.0, mono=320.0m -> 解算绝对角度: Az=0.82°, El=28.50°
[Phase 3: 预测控制] 目标当前估算Az=0.83°, 速度=2.27°/s
                   -> 打提前量(0.25s后)Az=1.40°, El=28.50° | 下发云台指令: Az=91.40°, El=28.50°

[Phase 1: 视觉解析] 收到目标 cx=2133.3, cy=1080.0, mono=320.0m -> 解算绝对角度: Az=0.97°, El=28.50°
[Phase 3: 预测控制] 目标当前估算Az=0.98°, 速度=2.27°/s
                   -> 打提前量(0.25s后)Az=1.55°, El=28.50° | 下发云台指令: Az=91.55°, El=28.50°

[Phase 1: 视觉解析] 收到目标 cx=2166.7, cy=1080.0, mono=320.0m -> 解算绝对角度: Az=1.12°, El=28.50°
[Phase 3: 预测控制] 目标当前估算Az=1.12°, 速度=2.27°/s
                   -> 打提前量(0.25s后)Az=1.68°, El=28.50° | 下发云台指令: Az=91.68°, El=28.50°
[GimbalAtt] cmd_id=21, elapsed=0.184s, actual_ctrl=(Az=90.70°, El=27.60°), actual_ui=(Az=0.70°, El=27.60°), target_ctrl=(Az=90.77°, El=28.50°), err=(dAz=0.07°, dEl=0.90°)

[Phase 1: 视觉解析] 收到目标 cx=2200.0, cy=1080.0, mono=320.0m -> 解算绝对角度: Az=1.28°, El=28.50°
[Phase 3: 预测控制] 目标当前估算Az=1.27°, 速度=2.28°/s
                   -> 打提前量(0.25s后)Az=1.83°, El=28.50° | 下发云台指令: Az=91.83°, El=28.50°
[GimbalCmd] preempt cmd_id=24, track_id=1, mode=axis_update, axes=Az, target_ctrl=(Az=91.68°, El=28.50°), delta=(dAz=0.91°, dEl=0.00°, total=0.91°)

[Phase 1: 视觉解析] 收到目标 cx=2233.3, cy=1080.0, mono=320.0m -> 解算绝对角度: Az=1.43°, El=28.50°
[Phase 3: 预测控制] 目标当前估算Az=1.42°, 速度=2.28°/s
                   -> 打提前量(0.25s后)Az=1.99°, El=28.50° | 下发云台指令: Az=91.99°, El=28.50°

[Phase 1: 视觉解析] 收到目标 cx=2266.7, cy=1080.0, mono=320.0m -> 解算绝对角度: Az=1.58°, El=28.50°
[Phase 3: 预测控制] 目标当前估算Az=1.57°, 速度=2.28°/s
                   -> 打提前量(0.25s后)Az=2.14°, El=28.50° | 下发云台指令: Az=92.14°, El=28.50°
[GimbalAtt] cmd_id=24, elapsed=0.000s, actual_ctrl=(Az=91.40°, El=28.60°), actual_ui=(Az=1.40°, El=28.60°), target_ctrl=(Az=91.68°, El=28.50°), err=(dAz=0.28°, dEl=0.10°)
[GimbalSettled] cmd_id=24, track_id=1, settle_time=0.000s, actual_ctrl=(Az=91.40°, El=28.60°), target_ctrl=(Az=91.68°, El=28.50°), err=(dAz=0.28°, dEl=0.10°)
[Laser] Triggered cmd_id=24, track_id=1, dist=4.60m, interval=69.854s
[GimbalCmd] cmd_id=25, track_id=1, target_ctrl=(Az=91.99°, El=28.50°)

[Phase 1: 视觉解析] 收到目标 cx=2300.0, cy=1080.0, mono=320.0m -> 解算绝对角度: Az=1.73°, El=28.50°
[TargetKeep] reason=lock_timer_expired, master_id=1, score=7.67, candidates=id=1, score=7.67, speed=2.29deg/s, dist=0.34deg, hits=49, stab=2.44, hold=1.15x
[Phase 3: 预测控制] 目标当前估算Az=1.72°, 速度=2.29°/s
                   -> 打提前量(0.25s后)Az=2.29°, El=28.50° | 下发云台指令: Az=92.29°, El=28.50°

[Phase 1: 视觉解析] 收到目标 cx=2333.3, cy=1080.0, mono=320.0m -> 解算绝对角度: Az=1.88°, El=28.50°
[Phase 3: 预测控制] 目标当前估算Az=1.88°, 速度=2.29°/s
                   -> 打提前量(0.25s后)Az=2.45°, El=28.50° | 下发云台指令: Az=92.45°, El=28.50°

[Phase 1: 视觉解析] 收到目标 cx=2366.7, cy=1080.0, mono=320.0m -> 解算绝对角度: Az=2.04°, El=28.50°
[Phase 3: 预测控制] 目标当前估算Az=2.03°, 速度=2.29°/s
                   -> 打提前量(0.25s后)Az=2.60°, El=28.50° | 下发云台指令: Az=92.60°, El=28.50°

[Phase 1: 视觉解析] 收到目标 cx=2400.0, cy=1080.0, mono=320.0m -> 解算绝对角度: Az=2.19°, El=28.50°
[Phase 3: 预测控制] 目标当前估算Az=2.20°, 速度=2.29°/s
                   -> 打提前量(0.25s后)Az=2.77°, El=28.50° | 下发云台指令: Az=92.77°, El=28.50°

[Phase 1: 视觉解析] 收到目标 cx=2433.3, cy=1080.0, mono=320.0m -> 解算绝对角度: Az=2.34°, El=28.50°
[Phase 3: 预测控制] 目标当前估算Az=2.34°, 速度=2.29°/s
                   -> 打提前量(0.25s后)Az=2.91°, El=28.50° | 下发云台指令: Az=92.91°, El=28.50°

[Phase 1: 视觉解析] 收到目标 cx=2466.7, cy=1080.0, mono=320.0m -> 解算绝对角度: Az=2.49°, El=28.50°
[Phase 3: 预测控制] 目标当前估算Az=2.49°, 速度=2.29°/s
                   -> 打提前量(0.25s后)Az=3.06°, El=28.50° | 下发云台指令: Az=93.06°, El=28.50°
[GimbalAtt] cmd_id=25, elapsed=0.000s, actual_ctrl=(Az=91.60°, El=28.60°), actual_ui=(Az=1.60°, El=28.60°), target_ctrl=(Az=91.99°, El=28.50°), err=(dAz=0.39°, dEl=0.10°)
[GimbalCmd] preempt cmd_id=28, track_id=1, mode=axis_update, axes=Az, target_ctrl=(Az=92.91°, El=28.50°), delta=(dAz=0.92°, dEl=0.00°, total=0.92°)

[Phase 1: 视觉解析] 收到目标 cx=2500.0, cy=1080.0, mono=320.0m -> 解算绝对角度: Az=2.64°, El=28.50°
[Phase 3: 预测控制] 目标当前估算Az=2.65°, 速度=2.29°/s
                   -> 打提前量(0.25s后)Az=3.22°, El=28.50° | 下发云台指令: Az=93.22°, El=28.50°

[Phase 1: 视觉解析] 收到目标 cx=2533.3, cy=1080.0, mono=320.0m -> 解算绝对角度: Az=2.80°, El=28.50°
[Phase 3: 预测控制] 目标当前估算Az=2.80°, 速度=2.29°/s
                   -> 打提前量(0.25s后)Az=3.37°, El=28.50° | 下发云台指令: Az=93.37°, El=28.50°

[Phase 1: 视觉解析] 收到目标 cx=2566.7, cy=1080.0, mono=320.0m -> 解算绝对角度: Az=2.95°, El=28.50°
[Phase 3: 预测控制] 目标当前估算Az=2.96°, 速度=2.28°/s
                   -> 打提前量(0.25s后)Az=3.53°, El=28.50° | 下发云台指令: Az=93.53°, El=28.50°
[GimbalAtt] cmd_id=28, elapsed=0.000s, actual_ctrl=(Az=92.30°, El=28.60°), actual_ui=(Az=2.30°, El=28.60°), target_ctrl=(Az=92.91°, El=28.50°), err=(dAz=0.61°, dEl=0.10°)
[GimbalCmd] preempt cmd_id=30, track_id=1, mode=axis_update, axes=Az, target_ctrl=(Az=93.53°, El=28.50°), delta=(dAz=0.62°, dEl=0.00°, total=0.62°)

[Phase 1: 视觉解析] 收到目标 cx=2600.0, cy=1080.0, mono=320.0m -> 解算绝对角度: Az=3.10°, El=28.50°
[Phase 3: 预测控制] 目标当前估算Az=3.10°, 速度=2.28°/s
                   -> 打提前量(0.25s后)Az=3.67°, El=28.50° | 下发云台指令: Az=93.67°, El=28.50°

[Phase 1: 视觉解析] 收到目标 cx=2633.3, cy=1080.0, mono=320.0m -> 解算绝对角度: Az=3.25°, El=28.50°
[Phase 3: 预测控制] 目标当前估算Az=3.25°, 速度=2.28°/s
                   -> 打提前量(0.25s后)Az=3.82°, El=28.50° | 下发云台指令: Az=93.82°, El=28.50°

[Phase 1: 视觉解析] 收到目标 cx=2666.7, cy=1080.0, mono=320.0m -> 解算绝对角度: Az=3.40°, El=28.50°
[Phase 3: 预测控制] 目标当前估算Az=3.40°, 速度=2.28°/s
                   -> 打提前量(0.25s后)Az=3.97°, El=28.50° | 下发云台指令: Az=93.97°, El=28.50°

[Phase 1: 视觉解析] 收到目标 cx=2700.0, cy=1080.0, mono=320.0m -> 解算绝对角度: Az=3.55°, El=28.50°
[Phase 3: 预测控制] 目标当前估算Az=3.56°, 速度=2.28°/s
                   -> 打提前量(0.25s后)Az=4.13°, El=28.50° | 下发云台指令: Az=94.13°, El=28.50°
[GimbalAtt] cmd_id=30, elapsed=0.000s, actual_ctrl=(Az=92.80°, El=28.60°), actual_ui=(Az=2.80°, El=28.60°), target_ctrl=(Az=93.53°, El=28.50°), err=(dAz=0.73°, dEl=0.10°)
[GimbalCmd] preempt cmd_id=32, track_id=1, mode=axis_update, axes=Az, target_ctrl=(Az=94.13°, El=28.50°), delta=(dAz=0.59°, dEl=0.00°, total=0.59°)

[Phase 1: 视觉解析] 收到目标 cx=2733.3, cy=1080.0, mono=320.0m -> 解算绝对角度: Az=3.71°, El=28.50°
[Phase 3: 预测控制] 目标当前估算Az=3.74°, 速度=2.28°/s
                   -> 打提前量(0.25s后)Az=4.31°, El=28.50° | 下发云台指令: Az=94.31°, El=28.50°
[Stats] recv_objs_total=62, recv_unique_boxes=62 | ui_send_total=60, ui_unique_ids=1, ui_id_counts=1:60

[Phase 1: 视觉解析] 收到目标 cx=2766.7, cy=1080.0, mono=320.0m -> 解算绝对角度: Az=3.86°, El=28.50°
[Phase 3: 预测控制] 目标当前估算Az=3.85°, 速度=2.28°/s
                   -> 打提前量(0.25s后)Az=4.42°, El=28.50° | 下发云台指令: Az=94.42°, El=28.50°

[Phase 1: 视觉解析] 收到目标 cx=2800.0, cy=1080.0, mono=320.0m -> 解算绝对角度: Az=4.01°, El=28.50°
[Phase 3: 预测控制] 目标当前估算Az=4.02°, 速度=2.27°/s
                   -> 打提前量(0.25s后)Az=4.59°, El=28.50° | 下发云台指令: Az=94.59°, El=28.50°

[Phase 1: 视觉解析] 收到目标 cx=2833.3, cy=1080.0, mono=320.0m -> 解算绝对角度: Az=4.16°, El=28.50°
[GimbalAtt] cmd_id=32, elapsed=0.000s, actual_ctrl=(Az=93.60°, El=28.60°), actual_ui=(Az=3.60°, El=28.60°), target_ctrl=(Az=94.13°, El=28.50°), err=(dAz=0.53°, dEl=0.10°)
[Phase 3: 预测控制] 目标当前估算Az=4.17°, 速度=2.27°/s
                   -> 打提前量(0.25s后)Az=4.73°, El=28.50° | 下发云台指令: Az=94.73°, El=28.50°
[GimbalCmd] preempt cmd_id=34, track_id=1, mode=axis_update, axes=Az, target_ctrl=(Az=94.73°, El=28.50°), delta=(dAz=0.61°, dEl=0.00°, total=0.61°)

[Phase 1: 视觉解析] 收到目标 cx=2866.7, cy=1080.0, mono=320.0m -> 解算绝对角度: Az=4.31°, El=28.50°
[Phase 3: 预测控制] 目标当前估算Az=4.31°, 速度=2.27°/s
                   -> 打提前量(0.25s后)Az=4.88°, El=28.50° | 下发云台指令: Az=94.88°, El=28.50°

[Phase 1: 视觉解析] 收到目标 cx=2900.0, cy=1080.0, mono=320.0m -> 解算绝对角度: Az=4.47°, El=28.50°
[Phase 3: 预测控制] 目标当前估算Az=4.50°, 速度=2.27°/s
                   -> 打提前量(0.25s后)Az=5.07°, El=28.50° | 下发云台指令: Az=95.07°, El=28.50°

[Phase 1: 视觉解析] 收到目标 cx=2933.3, cy=1080.0, mono=320.0m -> 解算绝对角度: Az=4.62°, El=28.50°
[Phase 3: 预测控制] 目标当前估算Az=4.62°, 速度=2.27°/s
                   -> 打提前量(0.25s后)Az=5.19°, El=28.50° | 下发云台指令: Az=95.19°, El=28.50°

[Phase 1: 视觉解析] 收到目标 cx=2966.7, cy=1080.0, mono=320.0m -> 解算绝对角度: Az=4.77°, El=28.50°
[Phase 3: 预测控制] 目标当前估算Az=4.76°, 速度=2.27°/s
                   -> 打提前量(0.25s后)Az=5.32°, El=28.50° | 下发云台指令: Az=95.32°, El=28.50°
[GimbalAtt] cmd_id=34, elapsed=0.000s, actual_ctrl=(Az=94.00°, El=28.60°), actual_ui=(Az=4.00°, El=28.60°), target_ctrl=(Az=94.73°, El=28.50°), err=(dAz=0.73°, dEl=0.10°)
[GimbalCmd] preempt cmd_id=36, track_id=1, mode=axis_update, axes=Az, target_ctrl=(Az=95.32°, El=28.50°), delta=(dAz=0.59°, dEl=0.00°, total=0.59°)

[Phase 1: 视觉解析] 收到目标 cx=3000.0, cy=1080.0, mono=320.0m -> 解算绝对角度: Az=4.92°, El=28.50°
[Phase 3: 预测控制] 目标当前估算Az=4.91°, 速度=2.27°/s
                   -> 打提前量(0.25s后)Az=5.47°, El=28.50° | 下发云台指令: Az=95.47°, El=28.50°

[Phase 1: 视觉解析] 收到目标 cx=3033.3, cy=1080.0, mono=320.0m -> 解算绝对角度: Az=5.07°, El=28.50°
[Phase 3: 预测控制] 目标当前估算Az=5.06°, 速度=2.27°/s
                   -> 打提前量(0.25s后)Az=5.63°, El=28.50° | 下发云台指令: Az=95.63°, El=28.50°

[Phase 1: 视觉解析] 收到目标 cx=3066.7, cy=1080.0, mono=320.0m -> 解算绝对角度: Az=5.23°, El=28.50°
[TargetKeep] reason=lock_timer_expired, master_id=1, score=6.64, candidates=id=1, score=6.64, speed=2.28deg/s, dist=1.22deg, hits=72, stab=2.44, hold=1.15x
[Phase 3: 预测控制] 目标当前估算Az=5.21°, 速度=2.28°/s
                   -> 打提前量(0.25s后)Az=5.78°, El=28.50° | 下发云台指令: Az=95.78°, El=28.50°
[GimbalAtt] cmd_id=36, elapsed=0.000s, actual_ctrl=(Az=94.80°, El=28.60°), actual_ui=(Az=4.80°, El=28.60°), target_ctrl=(Az=95.32°, El=28.50°), err=(dAz=0.52°, dEl=0.10°)

[Phase 1: 视觉解析] 收到目标 cx=3100.0, cy=1080.0, mono=320.0m -> 解算绝对角度: Az=5.38°, El=28.50°
[Phase 3: 预测控制] 目标当前估算Az=5.37°, 速度=2.28°/s
                   -> 打提前量(0.25s后)Az=5.94°, El=28.50° | 下发云台指令: Az=95.94°, El=28.50°

[Phase 1: 视觉解析] 收到目标 cx=3133.3, cy=1080.0, mono=320.0m -> 解算绝对角度: Az=5.53°, El=28.50°
[Phase 3: 预测控制] 目标当前估算Az=5.53°, 速度=2.28°/s
                   -> 打提前量(0.25s后)Az=6.10°, El=28.50° | 下发云台指令: Az=96.10°, El=28.50°

[Phase 1: 视觉解析] 收到目标 cx=3166.7, cy=1080.0, mono=320.0m -> 解算绝对角度: Az=5.68°, El=28.50°
[Phase 3: 预测控制] 目标当前估算Az=5.67°, 速度=2.28°/s
                   -> 打提前量(0.25s后)Az=6.24°, El=28.50° | 下发云台指令: Az=96.24°, El=28.50°

[Phase 1: 视觉解析] 收到目标 cx=3200.0, cy=1080.0, mono=320.0m -> 解算绝对角度: Az=5.83°, El=28.50°
[Phase 3: 预测控制] 目标当前估算Az=5.84°, 速度=2.28°/s
                   -> 打提前量(0.25s后)Az=6.41°, El=28.50° | 下发云台指令: Az=96.41°, El=28.50°
[GimbalAtt] cmd_id=36, elapsed=0.214s, actual_ctrl=(Az=95.30°, El=28.60°), actual_ui=(Az=5.30°, El=28.60°), target_ctrl=(Az=95.32°, El=28.50°), err=(dAz=0.02°, dEl=0.10°)
[GimbalSettled] cmd_id=36, track_id=1, settle_time=0.214s, actual_ctrl=(Az=95.30°, El=28.60°), target_ctrl=(Az=95.32°, El=28.50°), err=(dAz=0.02°, dEl=0.10°)
[Laser] No valid laser distance, use mono distance
[GimbalCmd] cmd_id=39, track_id=1, target_ctrl=(Az=96.24°, El=28.50°)

[Phase 1: 视觉解析] 收到目标 cx=3233.3, cy=1080.0, mono=320.0m -> 解算绝对角度: Az=5.99°, El=28.50°
[Phase 3: 预测控制] 目标当前估算Az=5.99°, 速度=2.28°/s
                   -> 打提前量(0.25s后)Az=6.56°, El=28.50° | 下发云台指令: Az=96.56°, El=28.50°

[Phase 1: 视觉解析] 收到目标 cx=3266.7, cy=1080.0, mono=320.0m -> 解算绝对角度: Az=6.14°, El=28.50°
[Phase 3: 预测控制] 目标当前估算Az=6.13°, 速度=2.28°/s
                   -> 打提前量(0.25s后)Az=6.70°, El=28.50° | 下发云台指令: Az=96.70°, El=28.50°

[Phase 1: 视觉解析] 收到目标 cx=3300.0, cy=1080.0, mono=320.0m -> 解算绝对角度: Az=6.29°, El=28.50°
[Phase 3: 预测控制] 目标当前估算Az=6.28°, 速度=2.29°/s
                   -> 打提前量(0.25s后)Az=6.85°, El=28.50° | 下发云台指令: Az=96.85°, El=28.50°
[GimbalAtt] cmd_id=39, elapsed=0.000s, actual_ctrl=(Az=96.00°, El=28.60°), actual_ui=(Az=6.00°, El=28.60°), target_ctrl=(Az=96.24°, El=28.50°), err=(dAz=0.24°, dEl=0.10°)
[GimbalSettled] cmd_id=39, track_id=1, settle_time=0.000s, actual_ctrl=(Az=96.00°, El=28.60°), target_ctrl=(Az=96.24°, El=28.50°), err=(dAz=0.24°, dEl=0.10°)
[Laser] No valid laser distance, use mono distance
[GimbalCmd] cmd_id=41, track_id=1, target_ctrl=(Az=96.85°, El=28.50°)

[Phase 1: 视觉解析] 收到目标 cx=3333.3, cy=1080.0, mono=320.0m -> 解算绝对角度: Az=6.44°, El=28.50°
[Phase 3: 预测控制] 目标当前估算Az=6.45°, 速度=2.28°/s
                   -> 打提前量(0.25s后)Az=7.02°, El=28.50° | 下发云台指令: Az=97.02°, El=28.50°

[Phase 1: 视觉解析] 收到目标 cx=3366.7, cy=1080.0, mono=320.0m -> 解算绝对角度: Az=6.59°, El=28.50°
[Phase 3: 预测控制] 目标当前估算Az=6.60°, 速度=2.27°/s
                   -> 打提前量(0.25s后)Az=7.17°, El=28.50° | 下发云台指令: Az=97.17°, El=28.50°

[Phase 1: 视觉解析] 收到目标 cx=3400.0, cy=1080.0, mono=320.0m -> 解算绝对角度: Az=6.74°, El=28.50°
[Phase 3: 预测控制] 目标当前估算Az=6.73°, 速度=2.28°/s
                   -> 打提前量(0.25s后)Az=7.30°, El=28.50° | 下发云台指令: Az=97.30°, El=28.50°

[Phase 1: 视觉解析] 收到目标 cx=3433.3, cy=1080.0, mono=320.0m -> 解算绝对角度: Az=6.90°, El=28.50°
[Phase 3: 预测控制] 目标当前估算Az=6.90°, 速度=2.28°/s
                   -> 打提前量(0.25s后)Az=7.47°, El=28.50° | 下发云台指令: Az=97.47°, El=28.50°

[Phase 1: 视觉解析] 收到目标 cx=3466.7, cy=1080.0, mono=320.0m -> 解算绝对角度: Az=7.05°, El=28.50°
[Phase 3: 预测控制] 目标当前估算Az=7.04°, 速度=2.28°/s
                   -> 打提前量(0.25s后)Az=7.61°, El=28.50° | 下发云台指令: Az=97.61°, El=28.50°
[GimbalAtt] cmd_id=41, elapsed=0.000s, actual_ctrl=(Az=96.20°, El=28.60°), actual_ui=(Az=6.20°, El=28.60°), target_ctrl=(Az=96.85°, El=28.50°), err=(dAz=0.65°, dEl=0.10°)

[Phase 1: 视觉解析] 收到目标 cx=3500.0, cy=1080.0, mono=320.0m -> 解算绝对角度: Az=7.20°, El=28.50°
[Phase 3: 预测控制] 目标当前估算Az=7.20°, 速度=2.28°/s
                   -> 打提前量(0.25s后)Az=7.77°, El=28.50° | 下发云台指令: Az=97.77°, El=28.50°
[GimbalCmd] preempt cmd_id=44, track_id=1, mode=axis_update, axes=Az, target_ctrl=(Az=97.77°, El=28.50°), delta=(dAz=0.92°, dEl=0.00°, total=0.92°)

[Phase 1: 视觉解析] 收到目标 cx=3533.3, cy=1080.0, mono=320.0m -> 解算绝对角度: Az=7.35°, El=28.50°
[Phase 3: 预测控制] 目标当前估算Az=7.36°, 速度=2.28°/s
                   -> 打提前量(0.25s后)Az=7.93°, El=28.50° | 下发云台指令: Az=97.93°, El=28.50°

[Phase 1: 视觉解析] 收到目标 cx=3566.7, cy=1080.0, mono=320.0m -> 解算绝对角度: Az=7.50°, El=28.50°
[Phase 3: 预测控制] 目标当前估算Az=7.51°, 速度=2.28°/s
                   -> 打提前量(0.25s后)Az=8.08°, El=28.50° | 下发云台指令: Az=98.08°, El=28.50°

[Phase 1: 视觉解析] 收到目标 cx=3600.0, cy=1080.0, mono=320.0m -> 解算绝对角度: Az=7.66°, El=28.50°
[Phase 3: 预测控制] 目标当前估算Az=7.65°, 速度=2.28°/s
                   -> 打提前量(0.25s后)Az=8.22°, El=28.50° | 下发云台指令: Az=98.22°, El=28.50°
[GimbalAtt] cmd_id=44, elapsed=0.000s, actual_ctrl=(Az=96.90°, El=28.60°), actual_ui=(Az=6.90°, El=28.60°), target_ctrl=(Az=97.77°, El=28.50°), err=(dAz=0.87°, dEl=0.10°)

[Phase 1: 视觉解析] 收到目标 cx=3633.3, cy=1080.0, mono=320.0m -> 解算绝对角度: Az=7.81°, El=28.50°
[Phase 3: 预测控制] 目标当前估算Az=7.82°, 速度=2.28°/s
                   -> 打提前量(0.25s后)Az=8.39°, El=28.50° | 下发云台指令: Az=98.39°, El=28.50°

[Phase 1: 视觉解析] 收到目标 cx=3666.7, cy=1080.0, mono=320.0m -> 解算绝对角度: Az=7.96°, El=28.50°
[Phase 3: 预测控制] 目标当前估算Az=7.95°, 速度=2.28°/s
                   -> 打提前量(0.25s后)Az=8.52°, El=28.50° | 下发云台指令: Az=98.52°, El=28.50°
[GimbalAtt] cmd_id=44, elapsed=0.242s, actual_ctrl=(Az=97.60°, El=28.60°), actual_ui=(Az=7.60°, El=28.60°), target_ctrl=(Az=97.77°, El=28.50°), err=(dAz=0.17°, dEl=0.10°)
[GimbalSettled] cmd_id=44, track_id=1, settle_time=0.242s, actual_ctrl=(Az=97.60°, El=28.60°), target_ctrl=(Az=97.77°, El=28.50°), err=(dAz=0.17°, dEl=0.10°)
[Laser] No valid laser distance, use mono distance
[GimbalCmd] cmd_id=46, track_id=1, target_ctrl=(Az=98.39°, El=28.50°)
[GimbalAtt] cmd_id=46, elapsed=0.000s, actual_ctrl=(Az=97.60°, El=28.60°), actual_ui=(Az=7.60°, El=28.60°), target_ctrl=(Az=98.39°, El=28.50°), err=(dAz=0.79°, dEl=0.10°)
[GimbalAtt] cmd_id=46, elapsed=0.182s, actual_ctrl=(Az=98.30°, El=28.60°), actual_ui=(Az=8.30°, El=28.60°), target_ctrl=(Az=98.39°, El=28.50°), err=(dAz=0.09°, dEl=0.10°)
[GimbalSettled] cmd_id=46, track_id=1, settle_time=0.182s, actual_ctrl=(Az=98.30°, El=28.60°), target_ctrl=(Az=98.39°, El=28.50°), err=(dAz=0.09°, dEl=0.10°)
[Laser] No valid laser distance, use mono distance

[Phase 1: 视觉解析] 收到目标 cx=700.0, cy=1080.0, mono=320.0m -> 解算绝对角度: Az=354.44°, El=28.50°
[TargetLost] master_id=1 不再满足锁定条件: valid_ids=[]
[Stats] recv_objs_total=91, recv_unique_boxes=90 | ui_send_total=88, ui_unique_ids=1, ui_id_counts=1:88

[Phase 1: 视觉解析] 收到目标 cx=720.0, cy=1080.0, mono=320.0m -> 解算绝对角度: Az=354.53°, El=28.50°
[TargetLost] master_id=1 不再满足锁定条件: valid_ids=[]

[Phase 1: 视觉解析] 收到目标 cx=740.0, cy=1080.0, mono=320.0m -> 解算绝对角度: Az=354.62°, El=28.50°
[TargetLost] master_id=1 不再满足锁定条件: valid_ids=[2]
[TargetSwitch] reason=master_lost, from=1, to=2, score=-12.44, candidates=id=2, score=-12.44, speed=0.11deg/s, dist=13.76deg, hits=3, stab=1.11
[Phase 3: 预测控制] 目标当前估算Az=354.54°, 速度=0.11°/s
                   -> 打提前量(0.25s后)Az=354.57°, El=28.50° | 下发云台指令: Az=84.57°, El=28.50°

[Phase 1: 视觉解析] 收到目标 cx=760.0, cy=1080.0, mono=320.0m -> 解算绝对角度: Az=354.71°, El=28.50°
[Phase 3: 预测控制] 目标当前估算Az=354.61°, 速度=0.23°/s
                   -> 打提前量(0.25s后)Az=354.67°, El=28.50° | 下发云台指令: Az=84.67°, El=28.50°

[Phase 1: 视觉解析] 收到目标 cx=780.0, cy=1080.0, mono=320.0m -> 解算绝对角度: Az=354.80°, El=28.50°
[Phase 3: 预测控制] 目标当前估算Az=354.69°, 速度=0.39°/s
                   -> 打提前量(0.25s后)Az=354.78°, El=28.50° | 下发云台指令: Az=84.78°, El=28.50°
[GimbalCmd] cmd_id=48, track_id=2, target_ctrl=(Az=84.78°, El=28.50°)

[Phase 1: 视觉解析] 收到目标 cx=800.0, cy=1080.0, mono=320.0m -> 解算绝对角度: Az=354.90°, El=28.50°
[Phase 3: 预测控制] 目标当前估算Az=354.78°, 速度=0.55°/s
                   -> 打提前量(0.25s后)Az=354.92°, El=28.50° | 下发云台指令: Az=84.92°, El=28.50°

[Phase 1: 视觉解析] 收到目标 cx=820.0, cy=1080.0, mono=320.0m -> 解算绝对角度: Az=354.99°, El=28.50°
[Phase 3: 预测控制] 目标当前估算Az=354.88°, 速度=0.70°/s
                   -> 打提前量(0.25s后)Az=355.05°, El=28.50° | 下发云台指令: Az=85.05°, El=28.50°

[Phase 1: 视觉解析] 收到目标 cx=840.0, cy=1080.0, mono=320.0m -> 解算绝对角度: Az=355.08°, El=28.50°
[Phase 3: 预测控制] 目标当前估算Az=354.98°, 速度=0.82°/s
                   -> 打提前量(0.25s后)Az=355.18°, El=28.50° | 下发云台指令: Az=85.18°, El=28.50°

[Phase 1: 视觉解析] 收到目标 cx=860.0, cy=1080.0, mono=320.0m -> 解算绝对角度: Az=355.17°, El=28.50°
[Phase 3: 预测控制] 目标当前估算Az=355.08°, 速度=0.92°/s
                   -> 打提前量(0.25s后)Az=355.31°, El=28.50° | 下发云台指令: Az=85.31°, El=28.50°
[GimbalAtt] cmd_id=48, elapsed=0.000s, actual_ctrl=(Az=97.50°, El=28.60°), actual_ui=(Az=7.50°, El=28.60°), target_ctrl=(Az=84.78°, El=28.50°), err=(dAz=12.72°, dEl=0.10°)
[GimbalCmd] preempt cmd_id=50, track_id=2, mode=axis_update, axes=Az, target_ctrl=(Az=85.31°, El=28.50°), delta=(dAz=0.53°, dEl=0.00°, total=0.53°)

[Phase 1: 视觉解析] 收到目标 cx=880.0, cy=1080.0, mono=320.0m -> 解算绝对角度: Az=355.26°, El=28.50°
[Phase 3: 预测控制] 目标当前估算Az=355.18°, 速度=1.00°/s
                   -> 打提前量(0.25s后)Az=355.43°, El=28.50° | 下发云台指令: Az=85.43°, El=28.50°

[Phase 1: 视觉解析] 收到目标 cx=900.0, cy=1080.0, mono=320.0m -> 解算绝对角度: Az=355.35°, El=28.50°
[Phase 3: 预测控制] 目标当前估算Az=355.28°, 速度=1.06°/s
                   -> 打提前量(0.25s后)Az=355.55°, El=28.50° | 下发云台指令: Az=85.55°, El=28.50°

[Phase 1: 视觉解析] 收到目标 cx=920.0, cy=1080.0, mono=320.0m -> 解算绝对角度: Az=355.44°, El=28.50°
[Phase 3: 预测控制] 目标当前估算Az=355.38°, 速度=1.11°/s
                   -> 打提前量(0.25s后)Az=355.66°, El=28.50° | 下发云台指令: Az=85.66°, El=28.50°

[Phase 1: 视觉解析] 收到目标 cx=940.0, cy=1080.0, mono=320.0m -> 解算绝对角度: Az=355.53°, El=28.50°
[Phase 3: 预测控制] 目标当前估算Az=355.48°, 速度=1.15°/s
                   -> 打提前量(0.25s后)Az=355.77°, El=28.50° | 下发云台指令: Az=85.77°, El=28.50°
[GimbalAtt] cmd_id=50, elapsed=0.000s, actual_ctrl=(Az=93.70°, El=28.60°), actual_ui=(Az=3.70°, El=28.60°), target_ctrl=(Az=85.31°, El=28.50°), err=(dAz=8.39°, dEl=0.10°)

[Phase 1: 视觉解析] 收到目标 cx=960.0, cy=1080.0, mono=320.0m -> 解算绝对角度: Az=355.62°, El=28.50°
[Phase 3: 预测控制] 目标当前估算Az=355.58°, 速度=1.19°/s
                   -> 打提前量(0.25s后)Az=355.88°, El=28.50° | 下发云台指令: Az=85.88°, El=28.50°

[Phase 1: 视觉解析] 收到目标 cx=980.0, cy=1080.0, mono=320.0m -> 解算绝对角度: Az=355.72°, El=28.50°
[Phase 3: 预测控制] 目标当前估算Az=355.68°, 速度=1.21°/s
                   -> 打提前量(0.25s后)Az=355.98°, El=28.50° | 下发云台指令: Az=85.98°, El=28.50°

[Phase 1: 视觉解析] 收到目标 cx=1000.0, cy=1080.0, mono=320.0m -> 解算绝对角度: Az=355.81°, El=28.50°
[Phase 3: 预测控制] 目标当前估算Az=355.77°, 速度=1.24°/s
                   -> 打提前量(0.25s后)Az=356.08°, El=28.50° | 下发云台指令: Az=86.08°, El=28.50°
[GimbalAtt] cmd_id=50, elapsed=0.262s, actual_ctrl=(Az=87.50°, El=28.60°), actual_ui=(Az=357.50°, El=28.60°), target_ctrl=(Az=85.31°, El=28.50°), err=(dAz=2.19°, dEl=0.10°)

[Phase 1: 视觉解析] 收到目标 cx=1020.0, cy=1080.0, mono=320.0m -> 解算绝对角度: Az=355.90°, El=28.50°
[Phase 3: 预测控制] 目标当前估算Az=355.87°, 速度=1.26°/s
                   -> 打提前量(0.25s后)Az=356.18°, El=28.50° | 下发云台指令: Az=86.18°, El=28.50°
[GimbalCmd] preempt cmd_id=54, track_id=2, mode=axis_update, axes=Az, target_ctrl=(Az=86.18°, El=28.50°), delta=(dAz=0.87°, dEl=0.00°, total=0.87°)

[Phase 1: 视觉解析] 收到目标 cx=1040.0, cy=1080.0, mono=320.0m -> 解算绝对角度: Az=355.99°, El=28.50°
[Phase 3: 预测控制] 目标当前估算Az=355.96°, 速度=1.27°/s
                   -> 打提前量(0.25s后)Az=356.28°, El=28.50° | 下发云台指令: Az=86.28°, El=28.50°

[Phase 1: 视觉解析] 收到目标 cx=1060.0, cy=1080.0, mono=320.0m -> 解算绝对角度: Az=356.08°, El=28.50°
[Phase 3: 预测控制] 目标当前估算Az=356.06°, 速度=1.29°/s
                   -> 打提前量(0.25s后)Az=356.38°, El=28.50° | 下发云台指令: Az=86.38°, El=28.50°

[Phase 1: 视觉解析] 收到目标 cx=1080.0, cy=1080.0, mono=320.0m -> 解算绝对角度: Az=356.17°, El=28.50°
[Phase 3: 预测控制] 目标当前估算Az=356.15°, 速度=1.30°/s
                   -> 打提前量(0.25s后)Az=356.47°, El=28.50° | 下发云台指令: Az=86.47°, El=28.50°

[Phase 1: 视觉解析] 收到目标 cx=1100.0, cy=1080.0, mono=320.0m -> 解算绝对角度: Az=356.26°, El=28.50°
[Phase 3: 预测控制] 目标当前估算Az=356.25°, 速度=1.31°/s
                   -> 打提前量(0.25s后)Az=356.57°, El=28.50° | 下发云台指令: Az=86.57°, El=28.50°

[Phase 1: 视觉解析] 收到目标 cx=1120.0, cy=1080.0, mono=320.0m -> 解算绝对角度: Az=356.35°, El=28.50°
[Phase 3: 预测控制] 目标当前估算Az=356.34°, 速度=1.32°/s
                   -> 打提前量(0.25s后)Az=356.67°, El=28.50° | 下发云台指令: Az=86.67°, El=28.50°
[GimbalAtt] cmd_id=54, elapsed=0.000s, actual_ctrl=(Az=85.30°, El=28.60°), actual_ui=(Az=355.30°, El=28.60°), target_ctrl=(Az=86.18°, El=28.50°), err=(dAz=0.88°, dEl=0.10°)

[Phase 1: 视觉解析] 收到目标 cx=1140.0, cy=1080.0, mono=320.0m -> 解算绝对角度: Az=356.45°, El=28.50°
[Phase 3: 预测控制] 目标当前估算Az=356.43°, 速度=1.33°/s
                   -> 打提前量(0.25s后)Az=356.76°, El=28.50° | 下发云台指令: Az=86.76°, El=28.50°
[GimbalCmd] preempt cmd_id=56, track_id=2, mode=axis_update, axes=Az, target_ctrl=(Az=86.76°, El=28.50°), delta=(dAz=0.58°, dEl=0.00°, total=0.58°)

[Phase 1: 视觉解析] 收到目标 cx=1160.0, cy=1080.0, mono=320.0m -> 解算绝对角度: Az=356.54°, El=28.50°
[Phase 3: 预测控制] 目标当前估算Az=356.52°, 速度=1.33°/s
                   -> 打提前量(0.25s后)Az=356.86°, El=28.50° | 下发云台指令: Az=86.86°, El=28.50°

[Phase 1: 视觉解析] 收到目标 cx=1180.0, cy=1080.0, mono=320.0m -> 解算绝对角度: Az=356.63°, El=28.50°
[Phase 3: 预测控制] 目标当前估算Az=356.62°, 速度=1.34°/s
                   -> 打提前量(0.25s后)Az=356.95°, El=28.50° | 下发云台指令: Az=86.95°, El=28.50°

[Phase 1: 视觉解析] 收到目标 cx=1200.0, cy=1080.0, mono=320.0m -> 解算绝对角度: Az=356.72°, El=28.50°
[TargetKeep] reason=lock_timer_expired, master_id=2, score=4.27, candidates=id=2, score=4.27, speed=1.34deg/s, dist=1.41deg, hits=26, stab=2.44, hold=1.15x
[Phase 3: 预测控制] 目标当前估算Az=356.71°, 速度=1.34°/s
                   -> 打提前量(0.25s后)Az=357.04°, El=28.50° | 下发云台指令: Az=87.04°, El=28.50°
[GimbalAtt] cmd_id=56, elapsed=0.000s, actual_ctrl=(Az=86.10°, El=28.60°), actual_ui=(Az=356.10°, El=28.60°), target_ctrl=(Az=86.76°, El=28.50°), err=(dAz=0.66°, dEl=0.10°)

[Phase 1: 视觉解析] 收到目标 cx=1220.0, cy=1080.0, mono=320.0m -> 解算绝对角度: Az=356.81°, El=28.50°
[Phase 3: 预测控制] 目标当前估算Az=356.80°, 速度=1.35°/s
                   -> 打提前量(0.25s后)Az=357.14°, El=28.50° | 下发云台指令: Az=87.14°, El=28.50°

[Phase 1: 视觉解析] 收到目标 cx=1240.0, cy=1080.0, mono=320.0m -> 解算绝对角度: Az=356.90°, El=28.50°
[Phase 3: 预测控制] 目标当前估算Az=356.89°, 速度=1.35°/s
                   -> 打提前量(0.25s后)Az=357.23°, El=28.50° | 下发云台指令: Az=87.23°, El=28.50°

[Phase 1: 视觉解析] 收到目标 cx=1260.0, cy=1080.0, mono=320.0m -> 解算绝对角度: Az=356.99°, El=28.50°
[Phase 3: 预测控制] 目标当前估算Az=356.99°, 速度=1.35°/s
                   -> 打提前量(0.25s后)Az=357.33°, El=28.50° | 下发云台指令: Az=87.33°, El=28.50°

[Phase 1: 视觉解析] 收到目标 cx=1280.0, cy=1080.0, mono=320.0m -> 解算绝对角度: Az=357.08°, El=28.50°
[Phase 3: 预测控制] 目标当前估算Az=357.08°, 速度=1.35°/s
                   -> 打提前量(0.25s后)Az=357.42°, El=28.50° | 下发云台指令: Az=87.42°, El=28.50°
[GimbalAtt] cmd_id=56, elapsed=0.226s, actual_ctrl=(Az=86.60°, El=28.60°), actual_ui=(Az=356.60°, El=28.60°), target_ctrl=(Az=86.76°, El=28.50°), err=(dAz=0.16°, dEl=0.10°)
[GimbalSettled] cmd_id=56, track_id=2, settle_time=0.226s, actual_ctrl=(Az=86.60°, El=28.60°), target_ctrl=(Az=86.76°, El=28.50°), err=(dAz=0.16°, dEl=0.10°)
[Laser] No valid laser distance, use mono distance
[GimbalCmd] cmd_id=58, track_id=2, target_ctrl=(Az=87.33°, El=28.50°)

[Phase 1: 视觉解析] 收到目标 cx=1300.0, cy=1080.0, mono=320.0m -> 解算绝对角度: Az=357.17°, El=28.50°
[Phase 3: 预测控制] 目标当前估算Az=357.17°, 速度=1.35°/s
                   -> 打提前量(0.25s后)Az=357.51°, El=28.50° | 下发云台指令: Az=87.51°, El=28.50°
[Stats] recv_objs_total=121, recv_unique_boxes=114 | ui_send_total=117, ui_unique_ids=2, ui_id_counts=1:88, 2:29

[Phase 1: 视觉解析] 收到目标 cx=1320.0, cy=1080.0, mono=320.0m -> 解算绝对角度: Az=357.27°, El=28.50°
[Phase 3: 预测控制] 目标当前估算Az=357.26°, 速度=1.35°/s
                   -> 打提前量(0.25s后)Az=357.60°, El=28.50° | 下发云台指令: Az=87.60°, El=28.50°

[Phase 1: 视觉解析] 收到目标 cx=1340.0, cy=1080.0, mono=320.0m -> 解算绝对角度: Az=357.36°, El=28.50°
[Phase 3: 预测控制] 目标当前估算Az=357.35°, 速度=1.36°/s
                   -> 打提前量(0.25s后)Az=357.69°, El=28.50° | 下发云台指令: Az=87.69°, El=28.50°

[Phase 1: 视觉解析] 收到目标 cx=1360.0, cy=1080.0, mono=320.0m -> 解算绝对角度: Az=357.45°, El=28.50°
[Phase 3: 预测控制] 目标当前估算Az=357.45°, 速度=1.36°/s
                   -> 打提前量(0.25s后)Az=357.79°, El=28.50° | 下发云台指令: Az=87.79°, El=28.50°
[GimbalAtt] cmd_id=58, elapsed=0.000s, actual_ctrl=(Az=86.60°, El=28.60°), actual_ui=(Az=356.60°, El=28.60°), target_ctrl=(Az=87.33°, El=28.50°), err=(dAz=0.73°, dEl=0.10°)

[Phase 1: 视觉解析] 收到目标 cx=1380.0, cy=1080.0, mono=320.0m -> 解算绝对角度: Az=357.54°, El=28.50°
[Phase 3: 预测控制] 目标当前估算Az=357.53°, 速度=1.36°/s
                   -> 打提前量(0.25s后)Az=357.87°, El=28.50° | 下发云台指令: Az=87.87°, El=28.50°

[Phase 1: 视觉解析] 收到目标 cx=1400.0, cy=1080.0, mono=320.0m -> 解算绝对角度: Az=357.63°, El=28.50°
[Phase 3: 预测控制] 目标当前估算Az=357.63°, 速度=1.36°/s
                   -> 打提前量(0.25s后)Az=357.97°, El=28.50° | 下发云台指令: Az=87.97°, El=28.50°

[Phase 1: 视觉解析] 收到目标 cx=1420.0, cy=1080.0, mono=320.0m -> 解算绝对角度: Az=357.72°, El=28.50°
[Phase 3: 预测控制] 目标当前估算Az=357.72°, 速度=1.36°/s
                   -> 打提前量(0.25s后)Az=358.06°, El=28.50° | 下发云台指令: Az=88.06°, El=28.50°

[Phase 1: 视觉解析] 收到目标 cx=1440.0, cy=1080.0, mono=320.0m -> 解算绝对角度: Az=357.81°, El=28.50°
[Phase 3: 预测控制] 目标当前估算Az=357.81°, 速度=1.37°/s
                   -> 打提前量(0.25s后)Az=358.15°, El=28.50° | 下发云台指令: Az=88.15°, El=28.50°

[Phase 1: 视觉解析] 收到目标 cx=1460.0, cy=1080.0, mono=320.0m -> 解算绝对角度: Az=357.90°, El=28.50°
[Phase 3: 预测控制] 目标当前估算Az=357.92°, 速度=1.35°/s
                   -> 打提前量(0.25s后)Az=358.26°, El=28.50° | 下发云台指令: Az=88.26°, El=28.50°

[Phase 1: 视觉解析] 收到目标 cx=1480.0, cy=1080.0, mono=320.0m -> 解算绝对角度: Az=357.99°, El=28.50°
[Phase 3: 预测控制] 目标当前估算Az=357.99°, 速度=1.36°/s
                   -> 打提前量(0.25s后)Az=358.33°, El=28.50° | 下发云台指令: Az=88.33°, El=28.50°
[GimbalAtt] cmd_id=58, elapsed=0.282s, actual_ctrl=(Az=87.30°, El=28.60°), actual_ui=(Az=357.30°, El=28.60°), target_ctrl=(Az=87.33°, El=28.50°), err=(dAz=0.03°, dEl=0.10°)
[GimbalSettled] cmd_id=58, track_id=2, settle_time=0.282s, actual_ctrl=(Az=87.30°, El=28.60°), target_ctrl=(Az=87.33°, El=28.50°), err=(dAz=0.03°, dEl=0.10°)
[Laser] No valid laser distance, use mono distance
[GimbalCmd] cmd_id=61, track_id=2, target_ctrl=(Az=88.15°, El=28.50°)

[Phase 1: 视觉解析] 收到目标 cx=1500.0, cy=1080.0, mono=320.0m -> 解算绝对角度: Az=358.09°, El=28.50°
[Phase 3: 预测控制] 目标当前估算Az=358.08°, 速度=1.36°/s
                   -> 打提前量(0.25s后)Az=358.42°, El=28.50° | 下发云台指令: Az=88.42°, El=28.50°

[Phase 1: 视觉解析] 收到目标 cx=1520.0, cy=1080.0, mono=320.0m -> 解算绝对角度: Az=358.18°, El=28.50°
[Phase 3: 预测控制] 目标当前估算Az=358.18°, 速度=1.36°/s
                   -> 打提前量(0.25s后)Az=358.52°, El=28.50° | 下发云台指令: Az=88.52°, El=28.50°
[GimbalAtt] cmd_id=61, elapsed=0.000s, actual_ctrl=(Az=88.00°, El=28.60°), actual_ui=(Az=358.00°, El=28.60°), target_ctrl=(Az=88.15°, El=28.50°), err=(dAz=0.15°, dEl=0.10°)
[GimbalSettled] cmd_id=61, track_id=2, settle_time=0.000s, actual_ctrl=(Az=88.00°, El=28.60°), target_ctrl=(Az=88.15°, El=28.50°), err=(dAz=0.15°, dEl=0.10°)
[Laser] No valid laser distance, use mono distance
[GimbalCmd] cmd_id=62, track_id=2, target_ctrl=(Az=88.42°, El=28.50°)

[Phase 1: 视觉解析] 收到目标 cx=1540.0, cy=1080.0, mono=320.0m -> 解算绝对角度: Az=358.27°, El=28.50°
[Phase 3: 预测控制] 目标当前估算Az=358.26°, 速度=1.37°/s
                   -> 打提前量(0.25s后)Az=358.61°, El=28.50° | 下发云台指令: Az=88.61°, El=28.50°

[Phase 1: 视觉解析] 收到目标 cx=1560.0, cy=1080.0, mono=320.0m -> 解算绝对角度: Az=358.36°, El=28.50°
[Phase 3: 预测控制] 目标当前估算Az=358.35°, 速度=1.37°/s
                   -> 打提前量(0.25s后)Az=358.70°, El=28.50° | 下发云台指令: Az=88.70°, El=28.50°

[Phase 1: 视觉解析] 收到目标 cx=1580.0, cy=1080.0, mono=320.0m -> 解算绝对角度: Az=358.45°, El=28.50°
[Phase 3: 预测控制] 目标当前估算Az=358.45°, 速度=1.37°/s
                   -> 打提前量(0.25s后)Az=358.79°, El=28.50° | 下发云台指令: Az=88.79°, El=28.50°

[Phase 1: 视觉解析] 收到目标 cx=1600.0, cy=1080.0, mono=320.0m -> 解算绝对角度: Az=358.54°, El=28.50°
[Phase 3: 预测控制] 目标当前估算Az=358.54°, 速度=1.37°/s
                   -> 打提前量(0.25s后)Az=358.88°, El=28.50° | 下发云台指令: Az=88.88°, El=28.50°

[Phase 1: 视觉解析] 收到目标 cx=1620.0, cy=1080.0, mono=320.0m -> 解算绝对角度: Az=358.63°, El=28.50°
[Phase 3: 预测控制] 目标当前估算Az=358.63°, 速度=1.37°/s
                   -> 打提前量(0.25s后)Az=358.97°, El=28.50° | 下发云台指令: Az=88.97°, El=28.50°

[Phase 1: 视觉解析] 收到目标 cx=1640.0, cy=1080.0, mono=320.0m -> 解算绝对角度: Az=358.72°, El=28.50°
[Phase 3: 预测控制] 目标当前估算Az=358.72°, 速度=1.37°/s
                   -> 打提前量(0.25s后)Az=359.07°, El=28.50° | 下发云台指令: Az=89.07°, El=28.50°
[GimbalAtt] cmd_id=62, elapsed=0.000s, actual_ctrl=(Az=88.00°, El=28.60°), actual_ui=(Az=358.00°, El=28.60°), target_ctrl=(Az=88.42°, El=28.50°), err=(dAz=0.42°, dEl=0.10°)
[GimbalCmd] preempt cmd_id=64, track_id=2, mode=axis_update, axes=Az, target_ctrl=(Az=88.97°, El=28.50°), delta=(dAz=0.55°, dEl=0.00°, total=0.55°)

[Phase 1: 视觉解析] 收到目标 cx=1660.0, cy=1080.0, mono=320.0m -> 解算绝对角度: Az=358.82°, El=28.50°
[TargetKeep] reason=lock_timer_expired, master_id=2, score=5.00, candidates=id=2, score=5.00, speed=1.37deg/s, dist=0.82deg, hits=49, stab=2.44, hold=1.15x
[Phase 3: 预测控制] 目标当前估算Az=358.82°, 速度=1.37°/s
                   -> 打提前量(0.25s后)Az=359.16°, El=28.50° | 下发云台指令: Az=89.16°, El=28.50°

[Phase 1: 视觉解析] 收到目标 cx=1680.0, cy=1080.0, mono=320.0m -> 解算绝对角度: Az=358.91°, El=28.50°
[Phase 3: 预测控制] 目标当前估算Az=358.91°, 速度=1.37°/s
                   -> 打提前量(0.25s后)Az=359.25°, El=28.50° | 下发云台指令: Az=89.25°, El=28.50°

[Phase 1: 视觉解析] 收到目标 cx=1700.0, cy=1080.0, mono=320.0m -> 解算绝对角度: Az=359.00°, El=28.50°
[Phase 3: 预测控制] 目标当前估算Az=358.99°, 速度=1.37°/s
                   -> 打提前量(0.25s后)Az=359.34°, El=28.50° | 下发云台指令: Az=89.34°, El=28.50°
[GimbalAtt] cmd_id=64, elapsed=0.000s, actual_ctrl=(Az=88.80°, El=28.60°), actual_ui=(Az=358.80°, El=28.60°), target_ctrl=(Az=88.97°, El=28.50°), err=(dAz=0.17°, dEl=0.10°)
[GimbalSettled] cmd_id=64, track_id=2, settle_time=0.000s, actual_ctrl=(Az=88.80°, El=28.60°), target_ctrl=(Az=88.97°, El=28.50°), err=(dAz=0.17°, dEl=0.10°)
[Laser] No valid laser distance, use mono distance
[GimbalCmd] cmd_id=65, track_id=2, target_ctrl=(Az=89.25°, El=28.50°)

[Phase 1: 视觉解析] 收到目标 cx=1720.0, cy=1080.0, mono=320.0m -> 解算绝对角度: Az=359.09°, El=28.50°
[Phase 3: 预测控制] 目标当前估算Az=359.09°, 速度=1.37°/s
                   -> 打提前量(0.25s后)Az=359.43°, El=28.50° | 下发云台指令: Az=89.43°, El=28.50°

[Phase 1: 视觉解析] 收到目标 cx=1740.0, cy=1080.0, mono=320.0m -> 解算绝对角度: Az=359.18°, El=28.50°
[Phase 3: 预测控制] 目标当前估算Az=359.18°, 速度=1.37°/s
                   -> 打提前量(0.25s后)Az=359.52°, El=28.50° | 下发云台指令: Az=89.52°, El=28.50°

[Phase 1: 视觉解析] 收到目标 cx=1760.0, cy=1080.0, mono=320.0m -> 解算绝对角度: Az=359.27°, El=28.50°
[Phase 3: 预测控制] 目标当前估算Az=359.27°, 速度=1.37°/s
                   -> 打提前量(0.25s后)Az=359.61°, El=28.50° | 下发云台指令: Az=89.61°, El=28.50°

[Phase 1: 视觉解析] 收到目标 cx=1780.0, cy=1080.0, mono=320.0m -> 解算绝对角度: Az=359.36°, El=28.50°
[Phase 3: 预测控制] 目标当前估算Az=359.36°, 速度=1.37°/s
                   -> 打提前量(0.25s后)Az=359.70°, El=28.50° | 下发云台指令: Az=89.70°, El=28.50°

[Phase 1: 视觉解析] 收到目标 cx=1800.0, cy=1080.0, mono=320.0m -> 解算绝对角度: Az=359.45°, El=28.50°
[Phase 3: 预测控制] 目标当前估算Az=359.45°, 速度=1.37°/s
                   -> 打提前量(0.25s后)Az=359.80°, El=28.50° | 下发云台指令: Az=89.80°, El=28.50°
[GimbalAtt] cmd_id=65, elapsed=0.000s, actual_ctrl=(Az=88.90°, El=28.60°), actual_ui=(Az=358.90°, El=28.60°), target_ctrl=(Az=89.25°, El=28.50°), err=(dAz=0.35°, dEl=0.10°)
[GimbalCmd] preempt cmd_id=67, track_id=2, mode=axis_update, axes=Az, target_ctrl=(Az=89.80°, El=28.50°), delta=(dAz=0.54°, dEl=0.00°, total=0.54°)

[Phase 1: 视觉解析] 收到目标 cx=1820.0, cy=1080.0, mono=320.0m -> 解算绝对角度: Az=359.54°, El=28.50°
[Phase 3: 预测控制] 目标当前估算Az=359.55°, 速度=1.37°/s
                   -> 打提前量(0.25s后)Az=359.89°, El=28.50° | 下发云台指令: Az=89.89°, El=28.50°

[Phase 1: 视觉解析] 收到目标 cx=1840.0, cy=1080.0, mono=320.0m -> 解算绝对角度: Az=359.64°, El=28.50°
[Phase 3: 预测控制] 目标当前估算Az=359.63°, 速度=1.37°/s
                   -> 打提前量(0.25s后)Az=359.98°, El=28.50° | 下发云台指令: Az=89.98°, El=28.50°

[Phase 1: 视觉解析] 收到目标 cx=1860.0, cy=1080.0, mono=320.0m -> 解算绝对角度: Az=359.73°, El=28.50°
[Phase 3: 预测控制] 目标当前估算Az=359.73°, 速度=1.37°/s
                   -> 打提前量(0.25s后)Az=0.07°, El=28.50° | 下发云台指令: Az=90.07°, El=28.50°
[GimbalAtt] cmd_id=67, elapsed=0.000s, actual_ctrl=(Az=89.60°, El=28.60°), actual_ui=(Az=359.60°, El=28.60°), target_ctrl=(Az=89.80°, El=28.50°), err=(dAz=0.20°, dEl=0.10°)
[GimbalSettled] cmd_id=67, track_id=2, settle_time=0.000s, actual_ctrl=(Az=89.60°, El=28.60°), target_ctrl=(Az=89.80°, El=28.50°), err=(dAz=0.20°, dEl=0.10°)
[Laser] No valid laser distance, use mono distance
[GimbalCmd] cmd_id=68, track_id=2, target_ctrl=(Az=90.07°, El=28.50°)

[Phase 1: 视觉解析] 收到目标 cx=1880.0, cy=1080.0, mono=320.0m -> 解算绝对角度: Az=359.82°, El=28.50°
[Phase 3: 预测控制] 目标当前估算Az=359.83°, 速度=1.36°/s
                   -> 打提前量(0.25s后)Az=0.17°, El=28.50° | 下发云台指令: Az=90.17°, El=28.50°

[Phase 1: 视觉解析] 收到目标 cx=1900.0, cy=1080.0, mono=320.0m -> 解算绝对角度: Az=359.91°, El=28.50°
[Phase 3: 预测控制] 目标当前估算Az=359.91°, 速度=1.36°/s
                   -> 打提前量(0.25s后)Az=0.25°, El=28.50° | 下发云台指令: Az=90.25°, El=28.50°
[Stats] recv_objs_total=151, recv_unique_boxes=138 | ui_send_total=147, ui_unique_ids=2, ui_id_counts=1:88, 2:59

[Phase 1: 视觉解析] 收到目标 cx=1920.0, cy=1080.0, mono=320.0m -> 解算绝对角度: Az=0.00°, El=28.50°
[Phase 3: 预测控制] 目标当前估算Az=0.01°, 速度=1.36°/s
                   -> 打提前量(0.25s后)Az=0.35°, El=28.50° | 下发云台指令: Az=90.35°, El=28.50°

[Phase 1: 视觉解析] 收到目标 cx=1940.0, cy=1080.0, mono=320.0m -> 解算绝对角度: Az=0.09°, El=28.50°
[Phase 3: 预测控制] 目标当前估算Az=0.09°, 速度=1.36°/s
                   -> 打提前量(0.25s后)Az=0.43°, El=28.50° | 下发云台指令: Az=90.43°, El=28.50°

[Phase 1: 视觉解析] 收到目标 cx=1960.0, cy=1080.0, mono=320.0m -> 解算绝对角度: Az=0.18°, El=28.50°
[Phase 3: 预测控制] 目标当前估算Az=0.19°, 速度=1.35°/s
                   -> 打提前量(0.25s后)Az=0.52°, El=28.50° | 下发云台指令: Az=90.52°, El=28.50°
[GimbalAtt] cmd_id=68, elapsed=0.000s, actual_ctrl=(Az=89.70°, El=28.60°), actual_ui=(Az=359.70°, El=28.60°), target_ctrl=(Az=90.07°, El=28.50°), err=(dAz=0.37°, dEl=0.10°)

[Phase 1: 视觉解析] 收到目标 cx=1980.0, cy=1080.0, mono=320.0m -> 解算绝对角度: Az=0.27°, El=28.50°
[Phase 3: 预测控制] 目标当前估算Az=0.28°, 速度=1.35°/s
                   -> 打提前量(0.25s后)Az=0.62°, El=28.50° | 下发云台指令: Az=90.62°, El=28.50°
[GimbalCmd] preempt cmd_id=70, track_id=2, mode=axis_update, axes=Az, target_ctrl=(Az=90.62°, El=28.50°), delta=(dAz=0.55°, dEl=0.00°, total=0.55°)

[Phase 1: 视觉解析] 收到目标 cx=2000.0, cy=1080.0, mono=320.0m -> 解算绝对角度: Az=0.36°, El=28.50°
[Phase 3: 预测控制] 目标当前估算Az=0.38°, 速度=1.34°/s
                   -> 打提前量(0.25s后)Az=0.71°, El=28.50° | 下发云台指令: Az=90.71°, El=28.50°

[Phase 1: 视觉解析] 收到目标 cx=2020.0, cy=1080.0, mono=320.0m -> 解算绝对角度: Az=0.46°, El=28.50°
[Phase 3: 预测控制] 目标当前估算Az=0.46°, 速度=1.34°/s
                   -> 打提前量(0.25s后)Az=0.80°, El=28.50° | 下发云台指令: Az=90.80°, El=28.50°
[GimbalAtt] cmd_id=70, elapsed=0.000s, actual_ctrl=(Az=90.40°, El=28.60°), actual_ui=(Az=0.40°, El=28.60°), target_ctrl=(Az=90.62°, El=28.50°), err=(dAz=0.22°, dEl=0.10°)
[GimbalSettled] cmd_id=70, track_id=2, settle_time=0.000s, actual_ctrl=(Az=90.40°, El=28.60°), target_ctrl=(Az=90.62°, El=28.50°), err=(dAz=0.22°, dEl=0.10°)
[Laser] No valid laser distance, use mono distance

[Phase 1: 视觉解析] 收到目标 cx=2040.0, cy=1080.0, mono=320.0m -> 解算绝对角度: Az=0.55°, El=28.50°
[Phase 3: 预测控制] 目标当前估算Az=0.55°, 速度=1.34°/s
                   -> 打提前量(0.25s后)Az=0.88°, El=28.50° | 下发云台指令: Az=90.88°, El=28.50°
[GimbalCmd] cmd_id=71, track_id=2, target_ctrl=(Az=90.88°, El=28.50°)

[Phase 1: 视觉解析] 收到目标 cx=2060.0, cy=1080.0, mono=320.0m -> 解算绝对角度: Az=0.64°, El=28.50°
[Phase 3: 预测控制] 目标当前估算Az=0.64°, 速度=1.34°/s
                   -> 打提前量(0.25s后)Az=0.98°, El=28.50° | 下发云台指令: Az=90.98°, El=28.50°

[Phase 1: 视觉解析] 收到目标 cx=2080.0, cy=1080.0, mono=320.0m -> 解算绝对角度: Az=0.73°, El=28.50°
[Phase 3: 预测控制] 目标当前估算Az=0.71°, 速度=1.34°/s
                   -> 打提前量(0.25s后)Az=1.05°, El=28.50° | 下发云台指令: Az=91.05°, El=28.50°

[Phase 1: 视觉解析] 收到目标 cx=2100.0, cy=1080.0, mono=320.0m -> 解算绝对角度: Az=0.82°, El=28.50°
[Phase 3: 预测控制] 目标当前估算Az=0.81°, 速度=1.35°/s
                   -> 打提前量(0.25s后)Az=1.15°, El=28.50° | 下发云台指令: Az=91.15°, El=28.50°
[GimbalAtt] cmd_id=71, elapsed=0.000s, actual_ctrl=(Az=90.60°, El=28.60°), actual_ui=(Az=0.60°, El=28.60°), target_ctrl=(Az=90.88°, El=28.50°), err=(dAz=0.28°, dEl=0.10°)
[GimbalSettled] cmd_id=71, track_id=2, settle_time=0.000s, actual_ctrl=(Az=90.60°, El=28.60°), target_ctrl=(Az=90.88°, El=28.50°), err=(dAz=0.28°, dEl=0.10°)
[Laser] No valid laser distance, use mono distance
[GimbalCmd] cmd_id=72, track_id=2, target_ctrl=(Az=91.15°, El=28.50°)

[Phase 1: 视觉解析] 收到目标 cx=2120.0, cy=1080.0, mono=320.0m -> 解算绝对角度: Az=0.91°, El=28.50°
[TargetKeep] reason=lock_timer_expired, master_id=2, score=5.48, candidates=id=2, score=5.48, speed=1.34deg/s, dist=0.35deg, hits=72, stab=2.44, hold=1.15x
[Phase 3: 预测控制] 目标当前估算Az=0.93°, 速度=1.34°/s
                   -> 打提前量(0.25s后)Az=1.27°, El=28.50° | 下发云台指令: Az=91.27°, El=28.50°

[Phase 1: 视觉解析] 收到目标 cx=2140.0, cy=1080.0, mono=320.0m -> 解算绝对角度: Az=1.00°, El=28.50°
[Phase 3: 预测控制] 目标当前估算Az=0.99°, 速度=1.35°/s
                   -> 打提前量(0.25s后)Az=1.32°, El=28.50° | 下发云台指令: Az=91.32°, El=28.50°

[Phase 1: 视觉解析] 收到目标 cx=2160.0, cy=1080.0, mono=320.0m -> 解算绝对角度: Az=1.09°, El=28.50°
[Phase 3: 预测控制] 目标当前估算Az=1.07°, 速度=1.36°/s
                   -> 打提前量(0.25s后)Az=1.41°, El=28.50° | 下发云台指令: Az=91.41°, El=28.50°

[Phase 1: 视觉解析] 收到目标 cx=2180.0, cy=1080.0, mono=320.0m -> 解算绝对角度: Az=1.18°, El=28.50°
[Phase 3: 预测控制] 目标当前估算Az=1.18°, 速度=1.36°/s
                   -> 打提前量(0.25s后)Az=1.52°, El=28.50° | 下发云台指令: Az=91.52°, El=28.50°

[Phase 1: 视觉解析] 收到目标 cx=2200.0, cy=1080.0, mono=320.0m -> 解算绝对角度: Az=1.28°, El=28.50°
[Phase 3: 预测控制] 目标当前估算Az=1.26°, 速度=1.37°/s
                   -> 打提前量(0.25s后)Az=1.61°, El=28.50° | 下发云台指令: Az=91.61°, El=28.50°

[Phase 1: 视觉解析] 收到目标 cx=2220.0, cy=1080.0, mono=320.0m -> 解算绝对角度: Az=1.37°, El=28.50°
[Phase 3: 预测控制] 目标当前估算Az=1.36°, 速度=1.37°/s
                   -> 打提前量(0.25s后)Az=1.70°, El=28.50° | 下发云台指令: Az=91.70°, El=28.50°
[GimbalAtt] cmd_id=72, elapsed=0.000s, actual_ctrl=(Az=90.60°, El=28.60°), actual_ui=(Az=0.60°, El=28.60°), target_ctrl=(Az=91.15°, El=28.50°), err=(dAz=0.55°, dEl=0.10°)
[GimbalCmd] preempt cmd_id=74, track_id=2, mode=axis_update, axes=Az, target_ctrl=(Az=91.70°, El=28.50°), delta=(dAz=0.55°, dEl=0.00°, total=0.55°)

[Phase 1: 视觉解析] 收到目标 cx=2240.0, cy=1080.0, mono=320.0m -> 解算绝对角度: Az=1.46°, El=28.50°
[Phase 3: 预测控制] 目标当前估算Az=1.45°, 速度=1.38°/s
                   -> 打提前量(0.25s后)Az=1.79°, El=28.50° | 下发云台指令: Az=91.79°, El=28.50°

[Phase 1: 视觉解析] 收到目标 cx=2260.0, cy=1080.0, mono=320.0m -> 解算绝对角度: Az=1.55°, El=28.50°
[Phase 3: 预测控制] 目标当前估算Az=1.54°, 速度=1.38°/s
                   -> 打提前量(0.25s后)Az=1.89°, El=28.50° | 下发云台指令: Az=91.89°, El=28.50°

[Phase 1: 视觉解析] 收到目标 cx=2280.0, cy=1080.0, mono=320.0m -> 解算绝对角度: Az=1.64°, El=28.50°
[Phase 3: 预测控制] 目标当前估算Az=1.64°, 速度=1.38°/s
                   -> 打提前量(0.25s后)Az=1.98°, El=28.50° | 下发云台指令: Az=91.98°, El=28.50°

[Phase 1: 视觉解析] 收到目标 cx=2300.0, cy=1080.0, mono=320.0m -> 解算绝对角度: Az=1.73°, El=28.50°
[Phase 3: 预测控制] 目标当前估算Az=1.73°, 速度=1.38°/s
                   -> 打提前量(0.25s后)Az=2.07°, El=28.50° | 下发云台指令: Az=92.07°, El=28.50°

[Phase 1: 视觉解析] 收到目标 cx=2320.0, cy=1080.0, mono=320.0m -> 解算绝对角度: Az=1.82°, El=28.50°
[Phase 3: 预测控制] 目标当前估算Az=1.82°, 速度=1.38°/s
                   -> 打提前量(0.25s后)Az=2.17°, El=28.50° | 下发云台指令: Az=92.17°, El=28.50°

[Phase 1: 视觉解析] 收到目标 cx=2340.0, cy=1080.0, mono=320.0m -> 解算绝对角度: Az=1.91°, El=28.50°
[Phase 3: 预测控制] 目标当前估算Az=1.92°, 速度=1.38°/s
                   -> 打提前量(0.25s后)Az=2.27°, El=28.50° | 下发云台指令: Az=92.27°, El=28.50°
[GimbalAtt] cmd_id=74, elapsed=0.000s, actual_ctrl=(Az=90.60°, El=28.60°), actual_ui=(Az=0.60°, El=28.60°), target_ctrl=(Az=91.70°, El=28.50°), err=(dAz=1.10°, dEl=0.10°)
[GimbalCmd] preempt cmd_id=76, track_id=2, mode=axis_update, axes=Az, target_ctrl=(Az=92.27°, El=28.50°), delta=(dAz=0.57°, dEl=0.00°, total=0.57°)

[Phase 1: 视觉解析] 收到目标 cx=2360.0, cy=1080.0, mono=320.0m -> 解算绝对角度: Az=2.01°, El=28.50°
[Phase 3: 预测控制] 目标当前估算Az=2.00°, 速度=1.38°/s
                   -> 打提前量(0.25s后)Az=2.35°, El=28.50° | 下发云台指令: Az=92.35°, El=28.50°

[Phase 1: 视觉解析] 收到目标 cx=2380.0, cy=1080.0, mono=320.0m -> 解算绝对角度: Az=2.10°, El=28.50°
[Phase 3: 预测控制] 目标当前估算Az=2.10°, 速度=1.38°/s
                   -> 打提前量(0.25s后)Az=2.44°, El=28.50° | 下发云台指令: Az=92.44°, El=28.50°
[GimbalAtt] cmd_id=76, elapsed=0.000s, actual_ctrl=(Az=90.60°, El=28.60°), actual_ui=(Az=0.60°, El=28.60°), target_ctrl=(Az=92.27°, El=28.50°), err=(dAz=1.67°, dEl=0.10°)

[Phase 1: 视觉解析] 收到目标 cx=2400.0, cy=1080.0, mono=320.0m -> 解算绝对角度: Az=2.19°, El=28.50°
[Phase 3: 预测控制] 目标当前估算Az=2.19°, 速度=1.38°/s
                   -> 打提前量(0.25s后)Az=2.53°, El=28.50° | 下发云台指令: Az=92.53°, El=28.50°

[Phase 1: 视觉解析] 收到目标 cx=2420.0, cy=1080.0, mono=320.0m -> 解算绝对角度: Az=2.28°, El=28.50°
[Phase 3: 预测控制] 目标当前估算Az=2.28°, 速度=1.38°/s
                   -> 打提前量(0.25s后)Az=2.62°, El=28.50° | 下发云台指令: Az=92.62°, El=28.50°

[Phase 1: 视觉解析] 收到目标 cx=2440.0, cy=1080.0, mono=320.0m -> 解算绝对角度: Az=2.37°, El=28.50°
[Phase 3: 预测控制] 目标当前估算Az=2.37°, 速度=1.38°/s
                   -> 打提前量(0.25s后)Az=2.72°, El=28.50° | 下发云台指令: Az=92.72°, El=28.50°

[Phase 1: 视觉解析] 收到目标 cx=2460.0, cy=1080.0, mono=320.0m -> 解算绝对角度: Az=2.46°, El=28.50°
[Phase 3: 预测控制] 目标当前估算Az=2.47°, 速度=1.37°/s
                   -> 打提前量(0.25s后)Az=2.81°, El=28.50° | 下发云台指令: Az=92.81°, El=28.50°
[GimbalAtt] cmd_id=76, elapsed=0.182s, actual_ctrl=(Az=92.10°, El=28.60°), actual_ui=(Az=2.10°, El=28.60°), target_ctrl=(Az=92.27°, El=28.50°), err=(dAz=0.17°, dEl=0.10°)
[GimbalSettled] cmd_id=76, track_id=2, settle_time=0.182s, actual_ctrl=(Az=92.10°, El=28.60°), target_ctrl=(Az=92.27°, El=28.50°), err=(dAz=0.17°, dEl=0.10°)
[Laser] No valid laser distance, use mono distance
[GimbalCmd] cmd_id=78, track_id=2, target_ctrl=(Az=92.81°, El=28.50°)

[Phase 1: 视觉解析] 收到目标 cx=2480.0, cy=1080.0, mono=320.0m -> 解算绝对角度: Az=2.55°, El=28.50°
[Phase 3: 预测控制] 目标当前估算Az=2.55°, 速度=1.38°/s
                   -> 打提前量(0.25s后)Az=2.89°, El=28.50° | 下发云台指令: Az=92.89°, El=28.50°
[GimbalAtt] cmd_id=78, elapsed=0.000s, actual_ctrl=(Az=92.10°, El=28.60°), actual_ui=(Az=2.10°, El=28.60°), target_ctrl=(Az=92.81°, El=28.50°), err=(dAz=0.71°, dEl=0.10°)
[GimbalAtt] cmd_id=78, elapsed=0.182s, actual_ctrl=(Az=92.80°, El=28.60°), actual_ui=(Az=2.80°, El=28.60°), target_ctrl=(Az=92.81°, El=28.50°), err=(dAz=0.01°, dEl=0.10°)
[GimbalSettled] cmd_id=78, track_id=2, settle_time=0.182s, actual_ctrl=(Az=92.80°, El=28.60°), target_ctrl=(Az=92.81°, El=28.50°), err=(dAz=0.01°, dEl=0.10°)
[Laser] No valid laser distance, use mono distance
