[Log] stdout/stderr -> logs/main_tracking_v9_20260416_135920.log
[Init] Connecting to Gimbal at /dev/ttyUSB0...
[GT06Z] Driver Ready on /dev/ttyUSB0.
[Adapter] GT06Z 云台已连接: /dev/ttyUSB0
[LaserThread] 激光读取线程已启动
[Laser] start_measurement mode=continuous
[Init] Real laser enabled on /dev/ttyUSB1
[Init] Queue gimbal initial posture: Az=90.00°, El=0.00°
[GimbalThread] 控制线程已启动[Net] Listening RK3588 on 8888...
=== System V9.0 (Predictive Tracking & Scheduling) Running ===

[GimbalCmd] cmd_id=0, track_id=-1, target_ctrl=(Az=90.00°, El=0.00°)
[GimbalAtt] cmd_id=0, elapsed=0.041s, actual_ctrl=(Az=92.00°, El=28.50°), actual_ui=(Az=2.00°, El=28.50°), target_ctrl=(Az=90.00°, El=0.00°), err=(dAz=2.00°, dEl=28.50°)
[GimbalAtt] cmd_id=0, elapsed=0.302s, actual_ctrl=(Az=92.00°, El=27.50°), actual_ui=(Az=2.00°, El=27.50°), target_ctrl=(Az=90.00°, El=0.00°), err=(dAz=2.00°, dEl=27.50°)
[GimbalAtt] cmd_id=0, elapsed=0.623s, actual_ctrl=(Az=90.00°, El=24.80°), actual_ui=(Az=0.00°, El=24.80°), target_ctrl=(Az=90.00°, El=0.00°), err=(dAz=0.00°, dEl=24.80°)
[GimbalAtt] cmd_id=0, elapsed=0.885s, actual_ctrl=(Az=90.00°, El=21.60°), actual_ui=(Az=0.00°, El=21.60°), target_ctrl=(Az=90.00°, El=0.00°), err=(dAz=0.00°, dEl=21.60°)
[GimbalAtt] cmd_id=0, elapsed=1.147s, actual_ctrl=(Az=90.00°, El=17.60°), actual_ui=(Az=0.00°, El=17.60°), target_ctrl=(Az=90.00°, El=0.00°), err=(dAz=0.00°, dEl=17.60°)
[GimbalAtt] cmd_id=0, elapsed=1.408s, actual_ctrl=(Az=90.00°, El=13.60°), actual_ui=(Az=0.00°, El=13.60°), target_ctrl=(Az=90.00°, El=0.00°), err=(dAz=0.00°, dEl=13.60°)
[GimbalAtt] cmd_id=0, elapsed=1.669s, actual_ctrl=(Az=90.00°, El=9.60°), actual_ui=(Az=0.00°, El=9.60°), target_ctrl=(Az=90.00°, El=0.00°), err=(dAz=0.00°, dEl=9.60°)
[GimbalAtt] cmd_id=0, elapsed=1.930s, actual_ctrl=(Az=90.00°, El=5.70°), actual_ui=(Az=0.00°, El=5.70°), target_ctrl=(Az=90.00°, El=0.00°), err=(dAz=0.00°, dEl=5.70°)
[GimbalAtt] cmd_id=0, elapsed=2.191s, actual_ctrl=(Az=90.00°, El=2.10°), actual_ui=(Az=0.00°, El=2.10°), target_ctrl=(Az=90.00°, El=0.00°), err=(dAz=0.00°, dEl=2.10°)
[GimbalAtt] cmd_id=0, elapsed=2.441s, actual_ctrl=(Az=90.00°, El=2.10°), actual_ui=(Az=0.00°, El=2.10°), target_ctrl=(Az=90.00°, El=0.00°), err=(dAz=0.00°, dEl=2.10°)
[GimbalAtt] cmd_id=0, elapsed=2.724s, actual_ctrl=(Az=90.00°, El=-0.00°), actual_ui=(Az=0.00°, El=-0.00°), target_ctrl=(Az=90.00°, El=0.00°), err=(dAz=0.00°, dEl=0.00°)
[GimbalSettled] cmd_id=0, track_id=-1, settle_time=2.724s, actual_ctrl=(Az=90.00°, El=-0.00°), target_ctrl=(Az=90.00°, El=0.00°), err=(dAz=0.00°, dEl=0.00°)
[Laser] Triggered cmd_id=0, track_id=-1, dist=4.50m, interval=first
[Laser] stop_measurement
[GT06Z] Connection Closed.
[Adapter] GT06Z 云台已关闭
[Stats][Final] recv_objs_total=0, recv_unique_boxes=0 | ui_send_total=0, ui_unique_ids=0, ui_id_counts=none
