[Log] stdout/stderr -> logs/main_tracking_v9_20260408_153448.log
[Init] Connecting to Gimbal at /dev/ttyUSB0...
[GT06Z] Driver Ready on /dev/ttyUSB0.
[Adapter] GT06Z 云台已连接: /dev/ttyUSB0
[Net] Listening RK3588 on 8888...
=== System V9.0 (Predictive Tracking & Scheduling) Running ===
[GimbalThread] 控制线程已启动

[Phase 1: 视觉解析] 收到目标 cx=700.0, cy=1080.0, mono=320.0m -> 解算绝对角度: Az=354.44°, El=28.50°
[Stats] recv_objs_total=1, recv_unique_boxes=1 | ui_send_total=0, ui_unique_ids=0, ui_id_counts=none

[Phase 1: 视觉解析] 收到目标 cx=755.0, cy=1080.0, mono=320.0m -> 解算绝对角度: Az=354.69°, El=28.50°

[Phase 1: 视觉解析] 收到目标 cx=810.0, cy=1080.0, mono=320.0m -> 解算绝对角度: Az=354.94°, El=28.50°
[Phase 2: 目标调度] 基于威胁度(v=0.3°/s, dist=52.1°) 成功锁定目标 ID: 1. 准备交由云台跟踪!
[Phase 3: 预测控制] 目标当前估算Az=354.73°, 速度=0.34°/s
                   -> 打提前量(0.25s后)Az=354.81°, El=28.50° | 下发云台指令: Az=84.81°, El=28.50°
[GimbalCmd] cmd_id=1, track_id=1, target_ctrl=(Az=84.81°, El=28.50°)

[Phase 1: 视觉解析] 收到目标 cx=865.0, cy=1080.0, mono=320.0m -> 解算绝对角度: Az=355.19°, El=28.50°
[Phase 3: 预测控制] 目标当前估算Az=354.92°, 速度=0.71°/s
                   -> 打提前量(0.25s后)Az=355.10°, El=28.50° | 下发云台指令: Az=85.10°, El=28.50°

[Phase 1: 视觉解析] 收到目标 cx=920.0, cy=1080.0, mono=320.0m -> 解算绝对角度: Az=355.44°, El=28.50°
[Phase 3: 预测控制] 目标当前估算Az=355.16°, 速度=1.14°/s
                   -> 打提前量(0.25s后)Az=355.44°, El=28.50° | 下发云台指令: Az=85.44°, El=28.50°

[Phase 1: 视觉解析] 收到目标 cx=975.0, cy=1080.0, mono=320.0m -> 解算绝对角度: Az=355.69°, El=28.50°
[Phase 3: 预测控制] 目标当前估算Az=355.42°, 速度=1.55°/s
                   -> 打提前量(0.25s后)Az=355.80°, El=28.50° | 下发云台指令: Az=85.80°, El=28.50°

[Phase 1: 视觉解析] 收到目标 cx=1030.0, cy=1080.0, mono=320.0m -> 解算绝对角度: Az=355.94°, El=28.50°
[Phase 3: 预测控制] 目标当前估算Az=355.69°, 速度=1.88°/s
                   -> 打提前量(0.25s后)Az=356.17°, El=28.50° | 下发云台指令: Az=86.17°, El=28.50°
[GimbalAtt] cmd_id=1, elapsed=0.041s, actual_ctrl=(Az=112.10°, El=-15.20°), actual_ui=(Az=22.10°, El=-15.20°), target_ctrl=(Az=84.81°, El=28.50°), err=(dAz=27.29°, dEl=43.70°)

[Phase 1: 视觉解析] 收到目标 cx=1085.0, cy=1080.0, mono=320.0m -> 解算绝对角度: Az=356.19°, El=28.50°
[Phase 3: 预测控制] 目标当前估算Az=355.98°, 速度=2.15°/s
                   -> 打提前量(0.25s后)Az=356.51°, El=28.50° | 下发云台指令: Az=86.51°, El=28.50°
[GimbalCmd] preempt cmd_id=5, track_id=1, target_ctrl=(Az=86.17°, El=28.50°), delta=1.36°

[Phase 1: 视觉解析] 收到目标 cx=1140.0, cy=1080.0, mono=320.0m -> 解算绝对角度: Az=356.45°, El=28.50°
[Phase 3: 预测控制] 目标当前估算Az=356.26°, 速度=2.36°/s
                   -> 打提前量(0.25s后)Az=356.84°, El=28.50° | 下发云台指令: Az=86.84°, El=28.50°

[Phase 1: 视觉解析] 收到目标 cx=1195.0, cy=1080.0, mono=320.0m -> 解算绝对角度: Az=356.70°, El=28.50°
[Phase 3: 预测控制] 目标当前估算Az=356.53°, 速度=2.51°/s
                   -> 打提前量(0.25s后)Az=357.16°, El=28.50° | 下发云台指令: Az=87.16°, El=28.50°

[Phase 1: 视觉解析] 收到目标 cx=1250.0, cy=1080.0, mono=320.0m -> 解算绝对角度: Az=356.95°, El=28.50°
[Phase 3: 预测控制] 目标当前估算Az=356.81°, 速度=2.64°/s
                   -> 打提前量(0.25s后)Az=357.47°, El=28.50° | 下发云台指令: Az=87.47°, El=28.50°
[GimbalAtt] cmd_id=5, elapsed=0.000s, actual_ctrl=(Az=107.40°, El=-13.90°), actual_ui=(Az=17.40°, El=-13.90°), target_ctrl=(Az=86.17°, El=28.50°), err=(dAz=21.23°, dEl=42.40°)

[Phase 1: 视觉解析] 收到目标 cx=1305.0, cy=1080.0, mono=320.0m -> 解算绝对角度: Az=357.20°, El=28.50°
[Phase 3: 预测控制] 目标当前估算Az=357.08°, 速度=2.73°/s
                   -> 打提前量(0.25s后)Az=357.76°, El=28.50° | 下发云台指令: Az=87.76°, El=28.50°
[GimbalCmd] preempt cmd_id=10, track_id=1, target_ctrl=(Az=87.76°, El=28.50°), delta=1.59°

[Phase 1: 视觉解析] 收到目标 cx=1360.0, cy=1080.0, mono=320.0m -> 解算绝对角度: Az=357.45°, El=28.50°
[Phase 3: 预测控制] 目标当前估算Az=357.35°, 速度=2.80°/s
                   -> 打提前量(0.25s后)Az=358.05°, El=28.50° | 下发云台指令: Az=88.05°, El=28.50°

[Phase 1: 视觉解析] 收到目标 cx=1415.0, cy=1080.0, mono=320.0m -> 解算绝对角度: Az=357.70°, El=28.50°
[Phase 3: 预测控制] 目标当前估算Az=357.61°, 速度=2.86°/s
                   -> 打提前量(0.25s后)Az=358.33°, El=28.50° | 下发云台指令: Az=88.33°, El=28.50°

[Phase 1: 视觉解析] 收到目标 cx=1470.1, cy=1080.0, mono=320.0m -> 解算绝对角度: Az=357.95°, El=28.50°
[Phase 3: 预测控制] 目标当前估算Az=357.87°, 速度=2.91°/s
                   -> 打提前量(0.25s后)Az=358.60°, El=28.50° | 下发云台指令: Az=88.60°, El=28.50°

[Phase 1: 视觉解析] 收到目标 cx=1525.1, cy=1080.0, mono=320.0m -> 解算绝对角度: Az=358.20°, El=28.50°
[Phase 3: 预测控制] 目标当前估算Az=358.14°, 速度=2.95°/s
                   -> 打提前量(0.25s后)Az=358.87°, El=28.50° | 下发云台指令: Az=88.87°, El=28.50°
[GimbalAtt] cmd_id=10, elapsed=0.000s, actual_ctrl=(Az=98.70°, El=-11.20°), actual_ui=(Az=8.70°, El=-11.20°), target_ctrl=(Az=87.76°, El=28.50°), err=(dAz=10.94°, dEl=39.70°)

[Phase 1: 视觉解析] 收到目标 cx=1580.1, cy=1080.0, mono=320.0m -> 解算绝对角度: Az=358.45°, El=28.50°
[Phase 3: 预测控制] 目标当前估算Az=358.40°, 速度=2.98°/s
                   -> 打提前量(0.25s后)Az=359.14°, El=28.50° | 下发云台指令: Az=89.14°, El=28.50°
[GimbalCmd] preempt cmd_id=14, track_id=1, target_ctrl=(Az=88.87°, El=28.50°), delta=1.11°

[Phase 1: 视觉解析] 收到目标 cx=1635.1, cy=1080.0, mono=320.0m -> 解算绝对角度: Az=358.70°, El=28.50°
[Phase 3: 预测控制] 目标当前估算Az=358.65°, 速度=3.01°/s
                   -> 打提前量(0.25s后)Az=359.41°, El=28.50° | 下发云台指令: Az=89.41°, El=28.50°

[Phase 1: 视觉解析] 收到目标 cx=1690.1, cy=1080.0, mono=320.0m -> 解算绝对角度: Az=358.95°, El=28.50°
[Phase 3: 预测控制] 目标当前估算Az=358.91°, 速度=3.03°/s
                   -> 打提前量(0.25s后)Az=359.67°, El=28.50° | 下发云台指令: Az=89.67°, El=28.50°

[Phase 1: 视觉解析] 收到目标 cx=1745.1, cy=1080.0, mono=320.0m -> 解算绝对角度: Az=359.20°, El=28.50°
[GimbalAtt] cmd_id=14, elapsed=0.000s, actual_ctrl=(Az=89.40°, El=-7.30°), actual_ui=(Az=359.40°, El=-7.30°), target_ctrl=(Az=88.87°, El=28.50°), err=(dAz=0.53°, dEl=35.80°)[Phase 3: 预测控制] 目标当前估算Az=359.17°, 速度=3.05°/s
                   -> 打提前量(0.25s后)Az=359.93°, El=28.50° | 下发云台指令: Az=89.93°, El=28.50°

[GimbalCmd] preempt cmd_id=18, track_id=1, target_ctrl=(Az=89.93°, El=28.50°), delta=1.06°

[Phase 1: 视觉解析] 收到目标 cx=1800.1, cy=1080.0, mono=320.0m -> 解算绝对角度: Az=359.45°, El=28.50°
[Phase 3: 预测控制] 目标当前估算Az=359.43°, 速度=3.07°/s
                   -> 打提前量(0.25s后)Az=0.19°, El=28.50° | 下发云台指令: Az=90.19°, El=28.50°

[Phase 1: 视觉解析] 收到目标 cx=1855.1, cy=1080.0, mono=320.0m -> 解算绝对角度: Az=359.70°, El=28.50°
[Phase 3: 预测控制] 目标当前估算Az=359.68°, 速度=3.08°/s
                   -> 打提前量(0.25s后)Az=0.45°, El=28.50° | 下发云台指令: Az=90.45°, El=28.50°

[Phase 1: 视觉解析] 收到目标 cx=1910.1, cy=1080.0, mono=320.0m -> 解算绝对角度: Az=359.95°, El=28.50°
[Phase 3: 预测控制] 目标当前估算Az=359.93°, 速度=3.09°/s
                   -> 打提前量(0.25s后)Az=0.71°, El=28.50° | 下发云台指令: Az=90.71°, El=28.50°
[GimbalAtt] cmd_id=18, elapsed=0.000s, actual_ctrl=(Az=89.50°, El=-3.60°), actual_ui=(Az=359.50°, El=-3.60°), target_ctrl=(Az=89.93°, El=28.50°), err=(dAz=0.43°, dEl=32.10°)

[Phase 1: 视觉解析] 收到目标 cx=1965.1, cy=1080.0, mono=320.0m -> 解算绝对角度: Az=0.21°, El=28.50°
[Phase 3: 预测控制] 目标当前估算Az=0.19°, 速度=3.10°/s
                   -> 打提前量(0.25s后)Az=0.96°, El=28.50° | 下发云台指令: Az=90.96°, El=28.50°
[GimbalCmd] preempt cmd_id=22, track_id=1, target_ctrl=(Az=90.96°, El=28.50°), delta=1.03°

[Phase 1: 视觉解析] 收到目标 cx=2020.1, cy=1080.0, mono=320.0m -> 解算绝对角度: Az=0.46°, El=28.50°
[Phase 3: 预测控制] 目标当前估算Az=0.44°, 速度=3.11°/s
                   -> 打提前量(0.25s后)Az=1.22°, El=28.50° | 下发云台指令: Az=91.22°, El=28.50°

[Phase 1: 视觉解析] 收到目标 cx=2075.1, cy=1080.0, mono=320.0m -> 解算绝对角度: Az=0.71°, El=28.50°
[Phase 2: 目标调度] 基于威胁度(v=3.1°/s, dist=32.1°) 成功锁定目标 ID: 1. 准备交由云台跟踪!
[Phase 3: 预测控制] 目标当前估算Az=0.70°, 速度=3.11°/s
                   -> 打提前量(0.25s后)Az=1.47°, El=28.50° | 下发云台指令: Az=91.47°, El=28.50°

[Phase 1: 视觉解析] 收到目标 cx=2130.1, cy=1080.0, mono=320.0m -> 解算绝对角度: Az=0.96°, El=28.50°
[Phase 3: 预测控制] 目标当前估算Az=0.95°, 速度=3.12°/s
                   -> 打提前量(0.25s后)Az=1.73°, El=28.50° | 下发云台指令: Az=91.73°, El=28.50°
[GimbalAtt] cmd_id=22, elapsed=0.000s, actual_ctrl=(Az=90.60°, El=3.80°), actual_ui=(Az=0.60°, El=3.80°), target_ctrl=(Az=90.96°, El=28.50°), err=(dAz=0.36°, dEl=24.70°)

[Phase 1: 视觉解析] 收到目标 cx=2185.1, cy=1080.0, mono=320.0m -> 解算绝对角度: Az=1.21°, El=28.50°
[Phase 3: 预测控制] 目标当前估算Az=1.20°, 速度=3.12°/s
                   -> 打提前量(0.25s后)Az=1.98°, El=28.50° | 下发云台指令: Az=91.98°, El=28.50°
[GimbalCmd] preempt cmd_id=25, track_id=1, target_ctrl=(Az=91.73°, El=28.50°), delta=0.76°

[Phase 1: 视觉解析] 收到目标 cx=2240.1, cy=1080.0, mono=320.0m -> 解算绝对角度: Az=1.46°, El=28.50°
[Phase 3: 预测控制] 目标当前估算Az=1.45°, 速度=3.12°/s
                   -> 打提前量(0.25s后)Az=2.23°, El=28.50° | 下发云台指令: Az=92.23°, El=28.50°

[Phase 1: 视觉解析] 收到目标 cx=2295.1, cy=1080.0, mono=320.0m -> 解算绝对角度: Az=1.71°, El=28.50°
[Phase 3: 预测控制] 目标当前估算Az=1.70°, 速度=3.13°/s
                   -> 打提前量(0.25s后)Az=2.49°, El=28.50° | 下发云台指令: Az=92.49°, El=28.50°
[GimbalAtt] cmd_id=25, elapsed=0.000s, actual_ctrl=(Az=91.60°, El=7.50°), actual_ui=(Az=1.60°, El=7.50°), target_ctrl=(Az=91.73°, El=28.50°), err=(dAz=0.13°, dEl=21.00°)

[Phase 1: 视觉解析] 收到目标 cx=2350.1, cy=1080.0, mono=320.0m -> 解算绝对角度: Az=1.96°, El=28.50°
[Phase 3: 预测控制] 目标当前估算Az=1.96°, 速度=3.13°/s
                   -> 打提前量(0.25s后)Az=2.74°, El=28.50° | 下发云台指令: Az=92.74°, El=28.50°
[Stats] recv_objs_total=31, recv_unique_boxes=31 | ui_send_total=29, ui_unique_ids=1, ui_id_counts=1:29
[GimbalCmd] preempt cmd_id=29, track_id=1, target_ctrl=(Az=92.74°, El=28.50°), delta=1.01°

[Phase 1: 视觉解析] 收到目标 cx=2405.1, cy=1080.0, mono=320.0m -> 解算绝对角度: Az=2.21°, El=28.50°
[Phase 3: 预测控制] 目标当前估算Az=2.24°, 速度=3.11°/s
                   -> 打提前量(0.25s后)Az=3.02°, El=28.50° | 下发云台指令: Az=93.02°, El=28.50°

[Phase 1: 视觉解析] 收到目标 cx=2460.1, cy=1080.0, mono=320.0m -> 解算绝对角度: Az=2.46°, El=28.50°
[Phase 3: 预测控制] 目标当前估算Az=2.48°, 速度=3.10°/s
                   -> 打提前量(0.25s后)Az=3.26°, El=28.50° | 下发云台指令: Az=93.26°, El=28.50°

[Phase 1: 视觉解析] 收到目标 cx=2515.1, cy=1080.0, mono=320.0m -> 解算绝对角度: Az=2.71°, El=28.50°
[Phase 3: 预测控制] 目标当前估算Az=2.72°, 速度=3.09°/s
                   -> 打提前量(0.25s后)Az=3.50°, El=28.50° | 下发云台指令: Az=93.50°, El=28.50°
[GimbalAtt] cmd_id=29, elapsed=0.000s, actual_ctrl=(Az=92.40°, El=11.20°), actual_ui=(Az=2.40°, El=11.20°), target_ctrl=(Az=92.74°, El=28.50°), err=(dAz=0.34°, dEl=17.30°)

[Phase 1: 视觉解析] 收到目标 cx=2570.1, cy=1080.0, mono=320.0m -> 解算绝对角度: Az=2.96°, El=28.50°
[Phase 3: 预测控制] 目标当前估算Az=2.97°, 速度=3.09°/s
                   -> 打提前量(0.25s后)Az=3.74°, El=28.50° | 下发云台指令: Az=93.74°, El=28.50°
[GimbalCmd] preempt cmd_id=32, track_id=1, target_ctrl=(Az=93.50°, El=28.50°), delta=0.76°

[Phase 1: 视觉解析] 收到目标 cx=2625.1, cy=1080.0, mono=320.0m -> 解算绝对角度: Az=3.21°, El=28.50°
[Phase 3: 预测控制] 目标当前估算Az=3.22°, 速度=3.09°/s
                   -> 打提前量(0.25s后)Az=3.99°, El=28.50° | 下发云台指令: Az=93.99°, El=28.50°

[Phase 1: 视觉解析] 收到目标 cx=2680.1, cy=1080.0, mono=320.0m -> 解算绝对角度: Az=3.46°, El=28.50°
[Phase 3: 预测控制] 目标当前估算Az=3.46°, 速度=3.09°/s
                   -> 打提前量(0.25s后)Az=4.24°, El=28.50° | 下发云台指令: Az=94.24°, El=28.50°

[Phase 1: 视觉解析] 收到目标 cx=2735.2, cy=1080.0, mono=320.0m -> 解算绝对角度: Az=3.71°, El=28.50°
[Phase 3: 预测控制] 目标当前估算Az=3.71°, 速度=3.09°/s
                   -> 打提前量(0.25s后)Az=4.48°, El=28.50° | 下发云台指令: Az=94.48°, El=28.50°

[Phase 1: 视觉解析] 收到目标 cx=2790.2, cy=1080.0, mono=320.0m -> 解算绝对角度: Az=3.97°, El=28.50°
[Phase 3: 预测控制] 目标当前估算Az=3.96°, 速度=3.09°/s
                   -> 打提前量(0.25s后)Az=4.73°, El=28.50° | 下发云台指令: Az=94.73°, El=28.50°
[GimbalAtt] cmd_id=32, elapsed=0.000s, actual_ctrl=(Az=93.50°, El=14.90°), actual_ui=(Az=3.50°, El=14.90°), target_ctrl=(Az=93.50°, El=28.50°), err=(dAz=0.00°, dEl=13.60°)

[Phase 1: 视觉解析] 收到目标 cx=2845.2, cy=1080.0, mono=320.0m -> 解算绝对角度: Az=4.22°, El=28.50°
[Phase 3: 预测控制] 目标当前估算Az=4.21°, 速度=3.10°/s
                   -> 打提前量(0.25s后)Az=4.99°, El=28.50° | 下发云台指令: Az=94.99°, El=28.50°
[GimbalCmd] preempt cmd_id=37, track_id=1, target_ctrl=(Az=94.73°, El=28.50°), delta=1.24°

[Phase 1: 视觉解析] 收到目标 cx=2900.2, cy=1080.0, mono=320.0m -> 解算绝对角度: Az=4.47°, El=28.50°
[Phase 3: 预测控制] 目标当前估算Az=4.46°, 速度=3.10°/s
                   -> 打提前量(0.25s后)Az=5.24°, El=28.50° | 下发云台指令: Az=95.24°, El=28.50°

[Phase 1: 视觉解析] 收到目标 cx=2955.2, cy=1080.0, mono=320.0m -> 解算绝对角度: Az=4.72°, El=28.50°
[Phase 3: 预测控制] 目标当前估算Az=4.71°, 速度=3.10°/s
                   -> 打提前量(0.25s后)Az=5.49°, El=28.50° | 下发云台指令: Az=95.49°, El=28.50°

[Phase 1: 视觉解析] 收到目标 cx=3010.2, cy=1080.0, mono=320.0m -> 解算绝对角度: Az=4.97°, El=28.50°
[Phase 3: 预测控制] 目标当前估算Az=4.96°, 速度=3.11°/s
                   -> 打提前量(0.25s后)Az=5.74°, El=28.50° | 下发云台指令: Az=95.74°, El=28.50°
[GimbalAtt] cmd_id=37, elapsed=0.000s, actual_ctrl=(Az=94.10°, El=19.80°), actual_ui=(Az=4.10°, El=19.80°), target_ctrl=(Az=94.73°, El=28.50°), err=(dAz=0.63°, dEl=8.70°)

[Phase 1: 视觉解析] 收到目标 cx=3065.2, cy=1080.0, mono=320.0m -> 解算绝对角度: Az=5.22°, El=28.50°
[Phase 3: 预测控制] 目标当前估算Az=5.21°, 速度=3.11°/s
                   -> 打提前量(0.25s后)Az=5.99°, El=28.50° | 下发云台指令: Az=95.99°, El=28.50°
[GimbalCmd] preempt cmd_id=41, track_id=1, target_ctrl=(Az=95.74°, El=28.50°), delta=1.00°

[Phase 1: 视觉解析] 收到目标 cx=3120.2, cy=1080.0, mono=320.0m -> 解算绝对角度: Az=5.47°, El=28.50°
[Phase 3: 预测控制] 目标当前估算Az=5.46°, 速度=3.11°/s
                   -> 打提前量(0.25s后)Az=6.24°, El=28.50° | 下发云台指令: Az=96.24°, El=28.50°

[Phase 1: 视觉解析] 收到目标 cx=3175.2, cy=1080.0, mono=320.0m -> 解算绝对角度: Az=5.72°, El=28.50°
[Phase 3: 预测控制] 目标当前估算Az=5.72°, 速度=3.12°/s
                   -> 打提前量(0.25s后)Az=6.49°, El=28.50° | 下发云台指令: Az=96.49°, El=28.50°

[Phase 1: 视觉解析] 收到目标 cx=3230.2, cy=1080.0, mono=320.0m -> 解算绝对角度: Az=5.97°, El=28.50°
[Phase 3: 预测控制] 目标当前估算Az=5.97°, 速度=3.12°/s
                   -> 打提前量(0.25s后)Az=6.75°, El=28.50° | 下发云台指令: Az=96.75°, El=28.50°
[GimbalAtt] cmd_id=41, elapsed=0.000s, actual_ctrl=(Az=95.30°, El=23.80°), actual_ui=(Az=5.30°, El=23.80°), target_ctrl=(Az=95.74°, El=28.50°), err=(dAz=0.44°, dEl=4.70°)
[GimbalCmd] preempt cmd_id=45, track_id=1, target_ctrl=(Az=96.75°, El=28.50°), delta=1.01°

[Phase 1: 视觉解析] 收到目标 cx=3285.2, cy=1080.0, mono=320.0m -> 解算绝对角度: Az=6.22°, El=28.50°
[Phase 3: 预测控制] 目标当前估算Az=6.22°, 速度=3.12°/s
                   -> 打提前量(0.25s后)Az=7.00°, El=28.50° | 下发云台指令: Az=97.00°, El=28.50°

[Phase 1: 视觉解析] 收到目标 cx=3340.2, cy=1080.0, mono=320.0m -> 解算绝对角度: Az=6.47°, El=28.50°
[Phase 2: 目标调度] 基于威胁度(v=3.1°/s, dist=4.8°) 成功锁定目标 ID: 1. 准备交由云台跟踪!
[Phase 3: 预测控制] 目标当前估算Az=6.47°, 速度=3.12°/s
                   -> 打提前量(0.25s后)Az=7.25°, El=28.50° | 下发云台指令: Az=97.25°, El=28.50°

[Phase 1: 视觉解析] 收到目标 cx=3395.2, cy=1080.0, mono=320.0m -> 解算绝对角度: Az=6.72°, El=28.50°
[Phase 3: 预测控制] 目标当前估算Az=6.72°, 速度=3.12°/s
                   -> 打提前量(0.25s后)Az=7.50°, El=28.50° | 下发云台指令: Az=97.50°, El=28.50°
[GimbalAtt] cmd_id=45, elapsed=0.000s, actual_ctrl=(Az=96.50°, El=26.90°), actual_ui=(Az=6.50°, El=26.90°), target_ctrl=(Az=96.75°, El=28.50°), err=(dAz=0.25°, dEl=1.60°)

[Phase 1: 视觉解析] 收到目标 cx=3450.2, cy=1080.0, mono=320.0m -> 解算绝对角度: Az=6.97°, El=28.50°
[Phase 3: 预测控制] 目标当前估算Az=6.97°, 速度=3.12°/s
                   -> 打提前量(0.25s后)Az=7.75°, El=28.50° | 下发云台指令: Az=97.75°, El=28.50°
[GimbalCmd] preempt cmd_id=48, track_id=1, target_ctrl=(Az=97.50°, El=28.50°), delta=0.75°

[Phase 1: 视觉解析] 收到目标 cx=3505.2, cy=1080.0, mono=320.0m -> 解算绝对角度: Az=7.22°, El=28.50°
[Phase 3: 预测控制] 目标当前估算Az=7.22°, 速度=3.13°/s
                   -> 打提前量(0.25s后)Az=8.00°, El=28.50° | 下发云台指令: Az=98.00°, El=28.50°
[GimbalAtt] cmd_id=48, elapsed=0.000s, actual_ctrl=(Az=97.50°, El=28.50°), actual_ui=(Az=7.50°, El=28.50°), target_ctrl=(Az=97.50°, El=28.50°), err=(dAz=0.00°, dEl=0.00°)
[GimbalSettled] cmd_id=48, track_id=1, settle_time=0.000s, actual_ctrl=(Az=97.50°, El=28.50°), target_ctrl=(Az=97.50°, El=28.50°), err=(dAz=0.00°, dEl=0.00°)
[Laser] No valid laser distance, use mono distance
[GimbalCmd] cmd_id=50, track_id=1, target_ctrl=(Az=98.00°, El=28.50°)
[GimbalAtt] cmd_id=50, elapsed=0.000s, actual_ctrl=(Az=97.40°, El=28.60°), actual_ui=(Az=7.40°, El=28.60°), target_ctrl=(Az=98.00°, El=28.50°), err=(dAz=0.60°, dEl=0.10°)
[GimbalSettled] cmd_id=50, track_id=1, settle_time=0.000s, actual_ctrl=(Az=97.40°, El=28.60°), target_ctrl=(Az=98.00°, El=28.50°), err=(dAz=0.60°, dEl=0.10°)
[Laser] No valid laser distance, use mono distance
