[Log] stdout/stderr -> logs/main_tracking_v9_20260331_164211.log
[Init] Connecting to Mock Gimbal at MOCK_PORT...
[MockGimbal] connected (port=MOCK_PORT)
[Net] Listening RK3588 on 8888...
=== System V9.0 (Predictive Tracking & Scheduling) Running ===
[GimbalThread] 控制线程已启动

[Phase 1: 视觉解析] 收到目标 cx=1919.9, cy=1079.4, mono=250.0m -> 解算绝对角度: Az=360.00°, El=28.50°
[Stats] recv_objs_total=1, recv_unique_boxes=1 | ui_send_total=0, ui_unique_ids=0, ui_id_counts=none

[Phase 1: 视觉解析] 收到目标 cx=1944.7, cy=1096.7, mono=251.6m -> 解算绝对角度: Az=0.11°, El=28.42°

[Phase 1: 视觉解析] 收到目标 cx=1968.9, cy=1113.7, mono=253.2m -> 解算绝对角度: Az=0.22°, El=28.35°
[Phase 2: 目标调度] 基于威胁度(v=0.2°/s, dist=28.4°) 成功锁定目标 ID: 1. 准备交由云台跟踪!
[Phase 3: 预测控制] 目标当前估算Az=0.12°, 速度=0.14°/s
                   -> 打提前量(0.25s后)Az=0.15°, El=28.34° | 下发云台指令: Az=90.15°, El=28.34°

[Phase 1: 视觉解析] 收到目标 cx=1993.9, cy=1129.9, mono=254.8m -> 解算绝对角度: Az=0.34°, El=28.27°
[Phase 3: 预测控制] 目标当前估算Az=0.20°, 速度=0.30°/s
                   -> 打提前量(0.25s后)Az=0.28°, El=28.23° | 下发云台指令: Az=90.28°, El=28.23°

[Phase 1: 视觉解析] 收到目标 cx=2017.6, cy=1145.3, mono=256.4m -> 解算绝对角度: Az=0.44°, El=28.20°
[Phase 3: 预测控制] 目标当前估算Az=0.31°, 速度=0.48°/s
                   -> 打提前量(0.25s后)Az=0.43°, El=28.12° | 下发云台指令: Az=90.43°, El=28.12°

[Phase 1: 视觉解析] 收到目标 cx=2041.6, cy=1161.7, mono=258.0m -> 解算绝对角度: Az=0.55°, El=28.13°
[Phase 3: 预测控制] 目标当前估算Az=0.42°, 速度=0.65°/s
                   -> 打提前量(0.25s后)Az=0.58°, El=28.01° | 下发云台指令: Az=90.58°, El=28.01°

[Phase 1: 视觉解析] 收到目标 cx=2066.5, cy=1177.0, mono=259.5m -> 解算绝对角度: Az=0.67°, El=28.06°
[Phase 3: 预测控制] 目标当前估算Az=0.54°, 速度=0.80°/s
                   -> 打提前量(0.25s后)Az=0.74°, El=27.91° | 下发云台指令: Az=90.74°, El=27.91°

[Phase 1: 视觉解析] 收到目标 cx=2090.0, cy=1193.4, mono=261.1m -> 解算绝对角度: Az=0.77°, El=27.98°
[Phase 3: 预测控制] 目标当前估算Az=0.67°, 速度=0.92°/s
                   -> 打提前量(0.25s后)Az=0.90°, El=27.82° | 下发云台指令: Az=90.90°, El=27.82°

[Phase 1: 视觉解析] 收到目标 cx=2113.7, cy=1208.4, mono=262.6m -> 解算绝对角度: Az=0.88°, El=27.91°
[Phase 3: 预测控制] 目标当前估算Az=0.79°, 速度=1.01°/s
                   -> 打提前量(0.25s后)Az=1.04°, El=27.74° | 下发云台指令: Az=91.04°, El=27.74°

[Phase 1: 视觉解析] 收到目标 cx=2136.8, cy=1222.8, mono=264.1m -> 解算绝对角度: Az=0.99°, El=27.85°
[Phase 3: 预测控制] 目标当前估算Az=0.91°, 速度=1.08°/s
                   -> 打提前量(0.25s后)Az=1.18°, El=27.66° | 下发云台指令: Az=91.18°, El=27.66°

[Phase 1: 视觉解析] 收到目标 cx=2160.9, cy=1237.1, mono=265.6m -> 解算绝对角度: Az=1.10°, El=27.78°
[Phase 3: 预测控制] 目标当前估算Az=1.03°, 速度=1.14°/s
                   -> 打提前量(0.25s后)Az=1.32°, El=27.59° | 下发云台指令: Az=91.32°, El=27.59°

[Phase 1: 视觉解析] 收到目标 cx=2183.4, cy=1251.0, mono=267.1m -> 解算绝对角度: Az=1.20°, El=27.72°
[Phase 3: 预测控制] 目标当前估算Az=1.15°, 速度=1.18°/s
                   -> 打提前量(0.25s后)Az=1.44°, El=27.52° | 下发云台指令: Az=91.44°, El=27.52°
[Laser] No valid laser distance, use mono distance

[Phase 1: 视觉解析] 收到目标 cx=2205.8, cy=1263.4, mono=268.5m -> 解算绝对角度: Az=1.30°, El=27.66°
[Phase 3: 预测控制] 目标当前估算Az=1.26°, 速度=1.20°/s
                   -> 打提前量(0.25s后)Az=1.56°, El=27.45° | 下发云台指令: Az=91.56°, El=27.45°
[Laser] No valid laser distance, use mono distance

[Phase 1: 视觉解析] 收到目标 cx=2227.6, cy=1276.3, mono=269.9m -> 解算绝对角度: Az=1.40°, El=27.60°
[Phase 3: 预测控制] 目标当前估算Az=1.37°, 速度=1.22°/s
                   -> 打提前量(0.25s后)Az=1.68°, El=27.39° | 下发云台指令: Az=91.68°, El=27.39°

[Phase 1: 视觉解析] 收到目标 cx=2249.8, cy=1289.5, mono=271.3m -> 解算绝对角度: Az=1.50°, El=27.54°
[Phase 3: 预测控制] 目标当前估算Az=1.48°, 速度=1.24°/s
                   -> 打提前量(0.25s后)Az=1.79°, El=27.34° | 下发云台指令: Az=91.79°, El=27.34°
[Laser] No valid laser distance, use mono distance

[Phase 1: 视觉解析] 收到目标 cx=2271.5, cy=1300.1, mono=272.6m -> 解算绝对角度: Az=1.60°, El=27.49°
[Phase 3: 预测控制] 目标当前估算Az=1.59°, 速度=1.25°/s
                   -> 打提前量(0.25s后)Az=1.90°, El=27.28° | 下发云台指令: Az=91.90°, El=27.28°

[Phase 1: 视觉解析] 收到目标 cx=2292.0, cy=1311.7, mono=273.9m -> 解算绝对角度: Az=1.70°, El=27.44°
[Phase 3: 预测控制] 目标当前估算Az=1.69°, 速度=1.25°/s
                   -> 打提前量(0.25s后)Az=2.00°, El=27.23° | 下发云台指令: Az=92.00°, El=27.23°
[Laser] No valid laser distance, use mono distance

[Phase 1: 视觉解析] 收到目标 cx=2313.2, cy=1322.1, mono=275.2m -> 解算绝对角度: Az=1.79°, El=27.39°
[Phase 3: 预测控制] 目标当前估算Az=1.79°, 速度=1.25°/s
                   -> 打提前量(0.25s后)Az=2.10°, El=27.19° | 下发云台指令: Az=92.10°, El=27.19°

[Phase 1: 视觉解析] 收到目标 cx=2332.6, cy=1331.4, mono=276.4m -> 解算绝对角度: Az=1.88°, El=27.35°
[Phase 3: 预测控制] 目标当前估算Az=1.89°, 速度=1.25°/s
                   -> 打提前量(0.25s后)Az=2.20°, El=27.15° | 下发云台指令: Az=92.20°, El=27.15°

[Phase 1: 视觉解析] 收到目标 cx=2351.7, cy=1340.0, mono=277.6m -> 解算绝对角度: Az=1.97°, El=27.31°
[Phase 3: 预测控制] 目标当前估算Az=1.98°, 速度=1.24°/s
                   -> 打提前量(0.25s后)Az=2.29°, El=27.11° | 下发云台指令: Az=92.29°, El=27.11°
[Laser] No valid laser distance, use mono distance

[Phase 1: 视觉解析] 收到目标 cx=2370.5, cy=1347.1, mono=278.7m -> 解算绝对角度: Az=2.05°, El=27.28°
[Phase 3: 预测控制] 目标当前估算Az=2.07°, 速度=1.23°/s
                   -> 打提前量(0.25s后)Az=2.38°, El=27.08° | 下发云台指令: Az=92.38°, El=27.08°

[Phase 1: 视觉解析] 收到目标 cx=2390.2, cy=1355.2, mono=279.8m -> 解算绝对角度: Az=2.14°, El=27.24°
[Phase 3: 预测控制] 目标当前估算Az=2.16°, 速度=1.22°/s
                   -> 打提前量(0.25s后)Az=2.47°, El=27.05° | 下发云台指令: Az=92.47°, El=27.05°

[Phase 1: 视觉解析] 收到目标 cx=2406.9, cy=1361.5, mono=280.8m -> 解算绝对角度: Az=2.22°, El=27.21°
[Phase 3: 预测控制] 目标当前估算Az=2.25°, 速度=1.21°/s
                   -> 打提前量(0.25s后)Az=2.55°, El=27.03° | 下发云台指令: Az=92.55°, El=27.03°
[Laser] No valid laser distance, use mono distance

[Phase 1: 视觉解析] 收到目标 cx=2424.6, cy=1367.0, mono=281.8m -> 解算绝对角度: Az=2.30°, El=27.18°
[Phase 3: 预测控制] 目标当前估算Az=2.33°, 速度=1.19°/s
                   -> 打提前量(0.25s后)Az=2.63°, El=27.01° | 下发云台指令: Az=92.63°, El=27.01°

[Phase 1: 视觉解析] 收到目标 cx=2441.7, cy=1370.5, mono=282.8m -> 解算绝对角度: Az=2.38°, El=27.17°
[Phase 3: 预测控制] 目标当前估算Az=2.41°, 速度=1.17°/s
                   -> 打提前量(0.25s后)Az=2.71°, El=27.00° | 下发云台指令: Az=92.71°, El=27.00°

[Phase 1: 视觉解析] 收到目标 cx=2457.7, cy=1374.4, mono=283.7m -> 解算绝对角度: Az=2.45°, El=27.15°
[Phase 3: 预测控制] 目标当前估算Az=2.49°, 速度=1.15°/s
                   -> 打提前量(0.25s后)Az=2.78°, El=26.99° | 下发云台指令: Az=92.78°, El=26.99°
[Laser] No valid laser distance, use mono distance

[Phase 1: 视觉解析] 收到目标 cx=2472.5, cy=1376.7, mono=284.5m -> 解算绝对角度: Az=2.52°, El=27.14°
[Phase 3: 预测控制] 目标当前估算Az=2.56°, 速度=1.13°/s
                   -> 打提前量(0.25s后)Az=2.85°, El=26.99° | 下发云台指令: Az=92.85°, El=26.99°

[Phase 1: 视觉解析] 收到目标 cx=2487.5, cy=1379.3, mono=285.3m -> 解算绝对角度: Az=2.59°, El=27.13°
[Phase 3: 预测控制] 目标当前估算Az=2.64°, 速度=1.11°/s
                   -> 打提前量(0.25s后)Az=2.91°, El=26.98° | 下发云台指令: Az=92.91°, El=26.98°

[Phase 1: 视觉解析] 收到目标 cx=2500.9, cy=1379.4, mono=286.0m -> 解算绝对角度: Az=2.65°, El=27.13°
[Phase 3: 预测控制] 目标当前估算Az=2.70°, 速度=1.08°/s
                   -> 打提前量(0.25s后)Az=2.97°, El=26.99° | 下发云台指令: Az=92.97°, El=26.99°

[Phase 1: 视觉解析] 收到目标 cx=2514.4, cy=1380.3, mono=286.7m -> 解算绝对角度: Az=2.71°, El=27.12°
[Phase 3: 预测控制] 目标当前估算Az=2.77°, 速度=1.05°/s
                   -> 打提前量(0.25s后)Az=3.03°, El=27.00° | 下发云台指令: Az=93.03°, El=27.00°
[Laser] No valid laser distance, use mono distance

[Phase 1: 视觉解析] 收到目标 cx=2527.9, cy=1379.7, mono=287.3m -> 解算绝对角度: Az=2.77°, El=27.13°
[Phase 3: 预测控制] 目标当前估算Az=2.83°, 速度=1.02°/s
                   -> 打提前量(0.25s后)Az=3.08°, El=27.01° | 下发云台指令: Az=93.08°, El=27.01°

[Phase 1: 视觉解析] 收到目标 cx=2539.1, cy=1377.1, mono=287.8m -> 解算绝对角度: Az=2.82°, El=27.14°
[Phase 3: 预测控制] 目标当前估算Az=2.88°, 速度=0.99°/s
                   -> 打提前量(0.25s后)Az=3.13°, El=27.03° | 下发云台指令: Az=93.13°, El=27.03°

[Phase 1: 视觉解析] 收到目标 cx=2550.1, cy=1375.2, mono=288.3m -> 解算绝对角度: Az=2.87°, El=27.15°
[Phase 3: 预测控制] 目标当前估算Az=2.94°, 速度=0.96°/s
                   -> 打提前量(0.25s后)Az=3.18°, El=27.05° | 下发云台指令: Az=93.18°, El=27.05°

[Phase 1: 视觉解析] 收到目标 cx=2560.6, cy=1370.9, mono=288.8m -> 解算绝对角度: Az=2.92°, El=27.17°
[Phase 2: 目标调度] 基于威胁度(v=0.9°/s, dist=0.1°) 成功锁定目标 ID: 1. 准备交由云台跟踪!
[Phase 3: 预测控制] 目标当前估算Az=2.99°, 速度=0.92°/s
                   -> 打提前量(0.25s后)Az=3.22°, El=27.08° | 下发云台指令: Az=93.22°, El=27.08°

[Phase 1: 视觉解析] 收到目标 cx=2570.5, cy=1366.9, mono=289.1m -> 解算绝对角度: Az=2.96°, El=27.18°
[Phase 3: 预测控制] 目标当前估算Az=3.03°, 速度=0.89°/s
                   -> 打提前量(0.25s后)Az=3.26°, El=27.11° | 下发云台指令: Az=93.26°, El=27.11°
[Laser] No valid laser distance, use mono distance

[Phase 1: 视觉解析] 收到目标 cx=2578.6, cy=1361.4, mono=289.4m -> 解算绝对角度: Az=3.00°, El=27.21°
[Phase 3: 预测控制] 目标当前估算Az=3.08°, 速度=0.85°/s
                   -> 打提前量(0.25s后)Az=3.29°, El=27.15° | 下发云台指令: Az=93.29°, El=27.15°

[Phase 1: 视觉解析] 收到目标 cx=2587.1, cy=1355.0, mono=289.7m -> 解算绝对角度: Az=3.04°, El=27.24°
[Phase 3: 预测控制] 目标当前估算Az=3.11°, 速度=0.82°/s
                   -> 打提前量(0.25s后)Az=3.32°, El=27.19° | 下发云台指令: Az=93.32°, El=27.19°

[Phase 1: 视觉解析] 收到目标 cx=2593.3, cy=1347.6, mono=289.8m -> 解算绝对角度: Az=3.07°, El=27.27°
[Phase 3: 预测控制] 目标当前估算Az=3.15°, 速度=0.78°/s
                   -> 打提前量(0.25s后)Az=3.34°, El=27.24° | 下发云台指令: Az=93.34°, El=27.24°
[Laser] No valid laser distance, use mono distance

[Phase 1: 视觉解析] 收到目标 cx=2599.0, cy=1340.8, mono=289.9m -> 解算绝对角度: Az=3.09°, El=27.30°
[Phase 3: 预测控制] 目标当前估算Az=3.18°, 速度=0.74°/s
                   -> 打提前量(0.25s后)Az=3.36°, El=27.28° | 下发云台指令: Az=93.36°, El=27.28°

[Phase 1: 视觉解析] 收到目标 cx=2605.7, cy=1331.7, mono=290.0m -> 解算绝对角度: Az=3.13°, El=27.35°
[Phase 3: 预测控制] 目标当前估算Az=3.20°, 速度=0.70°/s
                   -> 打提前量(0.25s后)Az=3.38°, El=27.34° | 下发云台指令: Az=93.38°, El=27.34°

[Phase 1: 视觉解析] 收到目标 cx=2610.0, cy=1322.5, mono=290.0m -> 解算绝对角度: Az=3.14°, El=27.39°
[Phase 3: 预测控制] 目标当前估算Az=3.23°, 速度=0.65°/s
                   -> 打提前量(0.25s后)Az=3.39°, El=27.39° | 下发云台指令: Az=93.39°, El=27.39°
[Laser] No valid laser distance, use mono distance
[Stats] recv_objs_total=41, recv_unique_boxes=41 | ui_send_total=39, ui_unique_ids=1, ui_id_counts=1:39

[Phase 1: 视觉解析] 收到目标 cx=2613.8, cy=1312.4, mono=289.9m -> 解算绝对角度: Az=3.16°, El=27.43°
[Phase 3: 预测控制] 目标当前估算Az=3.25°, 速度=0.61°/s
                   -> 打提前量(0.25s后)Az=3.40°, El=27.45° | 下发云台指令: Az=93.40°, El=27.45°

[Phase 1: 视觉解析] 收到目标 cx=2616.0, cy=1301.4, mono=289.8m -> 解算绝对角度: Az=3.17°, El=27.49°
[Phase 3: 预测控制] 目标当前估算Az=3.26°, 速度=0.57°/s
                   -> 打提前量(0.25s后)Az=3.40°, El=27.51° | 下发云台指令: Az=93.40°, El=27.51°
[Laser] No valid laser distance, use mono distance

[Phase 1: 视觉解析] 收到目标 cx=2619.1, cy=1290.8, mono=289.6m -> 解算绝对角度: Az=3.19°, El=27.53°
[Phase 3: 预测控制] 目标当前估算Az=3.27°, 速度=0.53°/s
                   -> 打提前量(0.25s后)Az=3.40°, El=27.58° | 下发云台指令: Az=93.40°, El=27.58°

[Phase 1: 视觉解析] 收到目标 cx=2618.8, cy=1277.6, mono=289.3m -> 解算绝对角度: Az=3.18°, El=27.59°
[Phase 3: 预测控制] 目标当前估算Az=3.28°, 速度=0.48°/s
                   -> 打提前量(0.25s后)Az=3.40°, El=27.64° | 下发云台指令: Az=93.40°, El=27.64°
[Laser] No valid laser distance, use mono distance

[Phase 1: 视觉解析] 收到目标 cx=2620.6, cy=1265.4, mono=289.0m -> 解算绝对角度: Az=3.19°, El=27.65°
[Phase 3: 预测控制] 目标当前估算Az=3.28°, 速度=0.44°/s
                   -> 打提前量(0.25s后)Az=3.39°, El=27.71° | 下发云台指令: Az=93.39°, El=27.71°

[Phase 1: 视觉解析] 收到目标 cx=2619.0, cy=1252.1, mono=288.6m -> 解算绝对角度: Az=3.19°, El=27.71°
[Phase 3: 预测控制] 目标当前估算Az=3.28°, 速度=0.39°/s
                   -> 打提前量(0.25s后)Az=3.38°, El=27.79° | 下发云台指令: Az=93.38°, El=27.79°
[Laser] No valid laser distance, use mono distance

[Phase 1: 视觉解析] 收到目标 cx=2617.9, cy=1239.2, mono=288.1m -> 解算绝对角度: Az=3.18°, El=27.77°
[Phase 3: 预测控制] 目标当前估算Az=3.27°, 速度=0.34°/s
                   -> 打提前量(0.25s后)Az=3.36°, El=27.86° | 下发云台指令: Az=93.36°, El=27.86°

[Phase 1: 视觉解析] 收到目标 cx=2616.1, cy=1224.4, mono=287.6m -> 解算绝对角度: Az=3.17°, El=27.84°
[Phase 3: 预测控制] 目标当前估算Az=3.26°, 速度=0.30°/s
                   -> 打提前量(0.25s后)Az=3.34°, El=27.94° | 下发云台指令: Az=93.34°, El=27.94°
[Laser] No valid laser distance, use mono distance

[Phase 1: 视觉解析] 收到目标 cx=2612.4, cy=1209.2, mono=287.0m -> 解算绝对角度: Az=3.16°, El=27.91°
[Phase 3: 预测控制] 目标当前估算Az=3.25°, 速度=0.25°/s
                   -> 打提前量(0.25s后)Az=3.31°, El=28.02° | 下发云台指令: Az=93.31°, El=28.02°

[Phase 1: 视觉解析] 收到目标 cx=2609.3, cy=1195.0, mono=286.4m -> 解算绝对角度: Az=3.14°, El=27.97°
[Phase 3: 预测控制] 目标当前估算Az=3.23°, 速度=0.21°/s
                   -> 打提前量(0.25s后)Az=3.29°, El=28.09° | 下发云台指令: Az=93.29°, El=28.09°
[Laser] No valid laser distance, use mono distance

[Phase 1: 视觉解析] 收到目标 cx=2603.8, cy=1178.4, mono=285.7m -> 解算绝对角度: Az=3.12°, El=28.05°
[Phase 3: 预测控制] 目标当前估算Az=3.21°, 速度=0.16°/s
                   -> 打提前量(0.25s后)Az=3.25°, El=28.18° | 下发云台指令: Az=93.25°, El=28.18°

[Phase 1: 视觉解析] 收到目标 cx=2597.7, cy=1163.5, mono=284.9m -> 解算绝对角度: Az=3.09°, El=28.12°
[Phase 3: 预测控制] 目标当前估算Az=3.19°, 速度=0.11°/s
                   -> 打提前量(0.25s后)Az=3.21°, El=28.26° | 下发云台指令: Az=93.21°, El=28.26°
[Laser] No valid laser distance, use mono distance

[Phase 1: 视觉解析] 收到目标 cx=2591.8, cy=1147.5, mono=284.1m -> 解算绝对角度: Az=3.06°, El=28.19°
[Phase 3: 预测控制] 目标当前估算Az=3.16°, 速度=0.06°/s
                   -> 打提前量(0.25s后)Az=3.17°, El=28.34° | 下发云台指令: Az=93.17°, El=28.34°

[Phase 1: 视觉解析] 收到目标 cx=2585.1, cy=1130.6, mono=283.2m -> 解算绝对角度: Az=3.03°, El=28.27°
[Phase 3: 预测控制] 目标当前估算Az=3.13°, 速度=0.01°/s
                   -> 打提前量(0.25s后)Az=3.13°, El=28.43° | 下发云台指令: Az=93.13°, El=28.43°
[Laser] No valid laser distance, use mono distance

[Phase 1: 视觉解析] 收到目标 cx=2576.8, cy=1114.4, mono=282.3m -> 解算绝对角度: Az=2.99°, El=28.34°
[Phase 3: 预测控制] 目标当前估算Az=3.09°, 速度=-0.03°/s
                   -> 打提前量(0.25s后)Az=3.08°, El=28.51° | 下发云台指令: Az=93.08°, El=28.51°

[Phase 1: 视觉解析] 收到目标 cx=2568.1, cy=1098.9, mono=281.4m -> 解算绝对角度: Az=2.95°, El=28.41°
[Phase 3: 预测控制] 目标当前估算Az=3.05°, 速度=-0.08°/s
                   -> 打提前量(0.25s后)Az=3.03°, El=28.59° | 下发云台指令: Az=93.03°, El=28.59°
[Laser] No valid laser distance, use mono distance

[Phase 1: 视觉解析] 收到目标 cx=2557.8, cy=1081.7, mono=280.3m -> 解算绝对角度: Az=2.91°, El=28.49°
[Phase 3: 预测控制] 目标当前估算Az=3.00°, 速度=-0.13°/s
                   -> 打提前量(0.25s后)Az=2.97°, El=28.67° | 下发云台指令: Az=92.97°, El=28.67°

[Phase 1: 视觉解析] 收到目标 cx=2546.6, cy=1065.3, mono=279.3m -> 解算绝对角度: Az=2.86°, El=28.57°
[Phase 3: 预测控制] 目标当前估算Az=2.96°, 速度=-0.18°/s
                   -> 打提前量(0.25s后)Az=2.91°, El=28.76° | 下发云台指令: Az=92.91°, El=28.76°
[Laser] No valid laser distance, use mono distance

[Phase 1: 视觉解析] 收到目标 cx=2535.7, cy=1048.6, mono=278.2m -> 解算绝对角度: Az=2.81°, El=28.64°
[Phase 3: 预测控制] 目标当前估算Az=2.90°, 速度=-0.22°/s
                   -> 打提前量(0.25s后)Az=2.85°, El=28.84° | 下发云台指令: Az=92.85°, El=28.84°

[Phase 1: 视觉解析] 收到目标 cx=2524.7, cy=1032.4, mono=277.0m -> 解算绝对角度: Az=2.76°, El=28.72°
[Phase 3: 预测控制] 目标当前估算Az=2.85°, 速度=-0.27°/s
                   -> 打提前量(0.25s后)Az=2.78°, El=28.92° | 下发云台指令: Az=92.78°, El=28.92°
[Laser] No valid laser distance, use mono distance

[Phase 1: 视觉解析] 收到目标 cx=2511.3, cy=1016.2, mono=275.8m -> 解算绝对角度: Az=2.69°, El=28.79°
[Phase 3: 预测控制] 目标当前估算Az=2.79°, 速度=-0.31°/s
                   -> 打提前量(0.25s后)Az=2.71°, El=29.00° | 下发云台指令: Az=92.71°, El=29.00°

[Phase 1: 视觉解析] 收到目标 cx=2497.3, cy=1000.1, mono=274.6m -> 解算绝对角度: Az=2.63°, El=28.87°
[Phase 3: 预测控制] 目标当前估算Az=2.73°, 速度=-0.36°/s
                   -> 打提前量(0.25s后)Az=2.64°, El=29.08° | 下发云台指令: Az=92.64°, El=29.08°
[Laser] No valid laser distance, use mono distance

[Phase 1: 视觉解析] 收到目标 cx=2480.7, cy=981.6, mono=273.0m -> 解算绝对角度: Az=2.56°, El=28.95°
[Phase 3: 预测控制] 目标当前估算Az=2.66°, 速度=-0.41°/s
                   -> 打提前量(0.25s后)Az=2.56°, El=29.16° | 下发云台指令: Az=92.56°, El=29.16°

[Phase 1: 视觉解析] 收到目标 cx=2468.5, cy=969.1, mono=271.9m -> 解算绝对角度: Az=2.50°, El=29.01°
[Phase 2: 目标调度] 基于威胁度(v=1.0°/s, dist=0.1°) 成功锁定目标 ID: 1. 准备交由云台跟踪!
[Phase 3: 预测控制] 目标当前估算Az=2.59°, 速度=-0.45°/s
                   -> 打提前量(0.25s后)Az=2.48°, El=29.23° | 下发云台指令: Az=92.48°, El=29.23°
[Laser] No valid laser distance, use mono distance

[Phase 1: 视觉解析] 收到目标 cx=2453.6, cy=954.3, mono=270.6m -> 解算绝对角度: Az=2.43°, El=29.08°
[Phase 3: 预测控制] 目标当前估算Az=2.52°, 速度=-0.50°/s
                   -> 打提前量(0.25s后)Az=2.40°, El=29.30° | 下发云台指令: Az=92.40°, El=29.30°

[Phase 1: 视觉解析] 收到目标 cx=2436.7, cy=938.8, mono=269.2m -> 解算绝对角度: Az=2.35°, El=29.15°
[Phase 3: 预测控制] 目标当前估算Az=2.45°, 速度=-0.54°/s
                   -> 打提前量(0.25s后)Az=2.31°, El=29.37° | 下发云台指令: Az=92.31°, El=29.37°
[Laser] No valid laser distance, use mono distance

[Phase 1: 视觉解析] 收到目标 cx=2420.2, cy=924.6, mono=267.8m -> 解算绝对角度: Az=2.28°, El=29.21°
[Phase 3: 预测控制] 目标当前估算Az=2.37°, 速度=-0.58°/s
                   -> 打提前量(0.25s后)Az=2.22°, El=29.44° | 下发云台指令: Az=92.22°, El=29.44°

[Phase 1: 视觉解析] 收到目标 cx=2403.6, cy=910.9, mono=266.4m -> 解算绝对角度: Az=2.20°, El=29.27°
[Phase 3: 预测控制] 目标当前估算Az=2.29°, 速度=-0.62°/s
                   -> 打提前量(0.25s后)Az=2.13°, El=29.50° | 下发云台指令: Az=92.13°, El=29.50°
[Laser] No valid laser distance, use mono distance

[Phase 1: 视觉解析] 收到目标 cx=2384.2, cy=897.6, mono=264.9m -> 解算绝对角度: Az=2.12°, El=29.34°
[Phase 3: 预测控制] 目标当前估算Az=2.20°, 速度=-0.67°/s
                   -> 打提前量(0.25s后)Az=2.04°, El=29.56° | 下发云台指令: Az=92.04°, El=29.56°

[Phase 1: 视觉解析] 收到目标 cx=2366.2, cy=884.0, mono=263.4m -> 解算绝对角度: Az=2.03°, El=29.40°
[Phase 3: 预测控制] 目标当前估算Az=2.12°, 速度=-0.71°/s
                   -> 打提前量(0.25s后)Az=1.94°, El=29.62° | 下发云台指令: Az=91.94°, El=29.62°
[Laser] No valid laser distance, use mono distance

[Phase 1: 视觉解析] 收到目标 cx=2346.9, cy=873.1, mono=261.9m -> 解算绝对角度: Az=1.95°, El=29.45°
[Phase 3: 预测控制] 目标当前估算Az=2.03°, 速度=-0.75°/s
                   -> 打提前量(0.25s后)Az=1.84°, El=29.67° | 下发云台指令: Az=91.84°, El=29.67°

[Phase 1: 视觉解析] 收到目标 cx=2326.8, cy=860.7, mono=260.3m -> 解算绝对角度: Az=1.85°, El=29.51°
[Phase 3: 预测控制] 目标当前估算Az=1.94°, 速度=-0.79°/s
                   -> 打提前量(0.25s后)Az=1.74°, El=29.73° | 下发云台指令: Az=91.74°, El=29.73°
[Laser] No valid laser distance, use mono distance

[Phase 1: 视觉解析] 收到目标 cx=2306.6, cy=849.3, mono=258.8m -> 解算绝对角度: Az=1.76°, El=29.56°
[Phase 3: 预测控制] 目标当前估算Az=1.84°, 速度=-0.83°/s
                   -> 打提前量(0.25s后)Az=1.64°, El=29.78° | 下发云台指令: Az=91.64°, El=29.78°

[Phase 1: 视觉解析] 收到目标 cx=2286.4, cy=839.6, mono=257.2m -> 解算绝对角度: Az=1.67°, El=29.60°
[Phase 3: 预测控制] 目标当前估算Az=1.75°, 速度=-0.86°/s
                   -> 打提前量(0.25s后)Az=1.53°, El=29.82° | 下发云台指令: Az=91.53°, El=29.82°
[Laser] No valid laser distance, use mono distance

[Phase 1: 视觉解析] 收到目标 cx=2265.3, cy=829.8, mono=255.6m -> 解算绝对角度: Az=1.57°, El=29.65°
[Phase 3: 预测控制] 目标当前估算Az=1.65°, 速度=-0.90°/s
                   -> 打提前量(0.25s后)Az=1.43°, El=29.86° | 下发云台指令: Az=91.43°, El=29.86°

[Phase 1: 视觉解析] 收到目标 cx=2243.9, cy=821.1, mono=254.0m -> 解算绝对角度: Az=1.48°, El=29.69°
[Phase 3: 预测控制] 目标当前估算Az=1.55°, 速度=-0.93°/s
                   -> 打提前量(0.25s后)Az=1.32°, El=29.90° | 下发云台指令: Az=91.32°, El=29.90°
[Laser] No valid laser distance, use mono distance

[Phase 1: 视觉解析] 收到目标 cx=2222.3, cy=813.8, mono=252.4m -> 解算绝对角度: Az=1.38°, El=29.72°
[Phase 3: 预测控制] 目标当前估算Az=1.45°, 速度=-0.97°/s
                   -> 打提前量(0.25s后)Az=1.21°, El=29.93° | 下发云台指令: Az=91.21°, El=29.93°

[Phase 1: 视觉解析] 收到目标 cx=2200.3, cy=807.0, mono=250.8m -> 解算绝对角度: Az=1.28°, El=29.75°
[Phase 3: 预测控制] 目标当前估算Az=1.35°, 速度=-1.00°/s
                   -> 打提前量(0.25s后)Az=1.10°, El=29.95° | 下发云台指令: Az=91.10°, El=29.95°
[Laser] No valid laser distance, use mono distance

[Phase 1: 视觉解析] 收到目标 cx=2177.3, cy=799.9, mono=249.2m -> 解算绝对角度: Az=1.17°, El=29.78°
[Phase 3: 预测控制] 目标当前估算Az=1.24°, 速度=-1.03°/s
                   -> 打提前量(0.25s后)Az=0.98°, El=29.97° | 下发云台指令: Az=90.98°, El=29.97°

[Phase 1: 视觉解析] 收到目标 cx=2154.8, cy=794.7, mono=247.7m -> 解算绝对角度: Az=1.07°, El=29.81°
[Phase 3: 预测控制] 目标当前估算Az=1.13°, 速度=-1.06°/s
                   -> 打提前量(0.25s后)Az=0.87°, El=29.99° | 下发云台指令: Az=90.87°, El=29.99°
[Laser] No valid laser distance, use mono distance

[Phase 1: 视觉解析] 收到目标 cx=2130.6, cy=790.0, mono=246.1m -> 解算绝对角度: Az=0.96°, El=29.83°
[Phase 3: 预测控制] 目标当前估算Az=1.02°, 速度=-1.09°/s
                   -> 打提前量(0.25s后)Az=0.75°, El=30.01° | 下发云台指令: Az=90.75°, El=30.01°
[Stats] recv_objs_total=82, recv_unique_boxes=82 | ui_send_total=80, ui_unique_ids=1, ui_id_counts=1:80

[Phase 1: 视觉解析] 收到目标 cx=2108.0, cy=785.8, mono=244.5m -> 解算绝对角度: Az=0.86°, El=29.85°
[Phase 3: 预测控制] 目标当前估算Az=0.92°, 速度=-1.12°/s
                   -> 打提前量(0.25s后)Az=0.64°, El=30.02° | 下发云台指令: Az=90.64°, El=30.02°
[Laser] No valid laser distance, use mono distance

[Phase 1: 视觉解析] 收到目标 cx=2083.6, cy=782.8, mono=242.9m -> 解算绝对角度: Az=0.75°, El=29.86°
[Phase 3: 预测控制] 目标当前估算Az=0.80°, 速度=-1.14°/s
                   -> 打提前量(0.25s后)Az=0.52°, El=30.02° | 下发云台指令: Az=90.52°, El=30.02°

[Phase 1: 视觉解析] 收到目标 cx=2059.7, cy=781.7, mono=241.3m -> 解算绝对角度: Az=0.64°, El=29.87°
[Phase 3: 预测控制] 目标当前估算Az=0.69°, 速度=-1.17°/s
                   -> 打提前量(0.25s后)Az=0.40°, El=30.02° | 下发云台指令: Az=90.40°, El=30.02°
[Laser] No valid laser distance, use mono distance

[Phase 1: 视觉解析] 收到目标 cx=2010.8, cy=780.0, mono=238.2m -> 解算绝对角度: Az=0.41°, El=29.87°
[Phase 3: 预测控制] 目标当前估算Az=0.53°, 速度=-1.23°/s
                   -> 打提前量(0.25s后)Az=0.22°, El=30.02° | 下发云台指令: Az=90.22°, El=30.02°

[Phase 1: 视觉解析] 收到目标 cx=1987.5, cy=780.8, mono=236.7m -> 解算绝对角度: Az=0.31°, El=29.87°
[Phase 3: 预测控制] 目标当前估算Az=0.40°, 速度=-1.27°/s
                   -> 打提前量(0.25s后)Az=0.08°, El=30.00° | 下发云台指令: Az=90.08°, El=30.00°
[Laser] No valid laser distance, use mono distance

[Phase 1: 视觉解析] 收到目标 cx=1962.3, cy=783.0, mono=235.2m -> 解算绝对角度: Az=0.19°, El=29.86°
[Phase 3: 预测控制] 目标当前估算Az=0.27°, 速度=-1.30°/s
                   -> 打提前量(0.25s后)Az=359.94°, El=29.98° | 下发云台指令: Az=89.94°, El=29.98°

[Phase 1: 视觉解析] 收到目标 cx=1938.4, cy=785.3, mono=233.7m -> 解算绝对角度: Az=0.08°, El=29.85°
[Phase 3: 预测控制] 目标当前估算Az=0.14°, 速度=-1.33°/s
                   -> 打提前量(0.25s后)Az=359.81°, El=29.96° | 下发云台指令: Az=89.81°, El=29.96°
[Laser] No valid laser distance, use mono distance

[Phase 1: 视觉解析] 收到目标 cx=1913.5, cy=788.8, mono=232.3m -> 解算绝对角度: Az=359.97°, El=29.83°
[Phase 3: 预测控制] 目标当前估算Az=0.02°, 速度=-1.35°/s
                   -> 打提前量(0.25s后)Az=359.68°, El=29.93° | 下发云台指令: Az=89.68°, El=29.93°

[Phase 1: 视觉解析] 收到目标 cx=1889.6, cy=793.3, mono=230.9m -> 解算绝对角度: Az=359.86°, El=29.81°
[Phase 3: 预测控制] 目标当前估算Az=359.90°, 速度=-1.37°/s
                   -> 打提前量(0.25s后)Az=359.56°, El=29.90° | 下发云台指令: Az=89.56°, El=29.90°
[Laser] No valid laser distance, use mono distance

[Phase 1: 视觉解析] 收到目标 cx=1864.3, cy=798.4, mono=229.5m -> 解算绝对角度: Az=359.75°, El=29.79°
[Phase 3: 预测控制] 目标当前估算Az=359.78°, 速度=-1.38°/s
                   -> 打提前量(0.25s后)Az=359.43°, El=29.86° | 下发云台指令: Az=89.43°, El=29.86°

[Phase 1: 视觉解析] 收到目标 cx=1841.3, cy=804.0, mono=228.1m -> 解算绝对角度: Az=359.64°, El=29.76°
[Phase 3: 预测控制] 目标当前估算Az=359.66°, 速度=-1.39°/s
                   -> 打提前量(0.25s后)Az=359.31°, El=29.83° | 下发云台指令: Az=89.31°, El=29.83°
[Laser] No valid laser distance, use mono distance

[Phase 1: 视觉解析] 收到目标 cx=1816.1, cy=811.1, mono=226.8m -> 解算绝对角度: Az=359.53°, El=29.73°
[Phase 3: 预测控制] 目标当前估算Az=359.54°, 速度=-1.40°/s
                   -> 打提前量(0.25s后)Az=359.19°, El=29.78° | 下发云台指令: Az=89.19°, El=29.78°

[Phase 1: 视觉解析] 收到目标 cx=1791.8, cy=818.8, mono=225.5m -> 解算绝对角度: Az=359.42°, El=29.70°
[Phase 2: 目标调度] 基于威胁度(v=1.4°/s, dist=0.1°) 成功锁定目标 ID: 1. 准备交由云台跟踪!
[Phase 3: 预测控制] 目标当前估算Az=359.43°, 速度=-1.40°/s
                   -> 打提前量(0.25s后)Az=359.08°, El=29.73° | 下发云台指令: Az=89.08°, El=29.73°
[Laser] No valid laser distance, use mono distance

[Phase 1: 视觉解析] 收到目标 cx=1768.0, cy=827.2, mono=224.3m -> 解算绝对角度: Az=359.31°, El=29.66°
[Phase 3: 预测控制] 目标当前估算Az=359.31°, 速度=-1.40°/s
                   -> 打提前量(0.25s后)Az=358.96°, El=29.68° | 下发云台指令: Az=88.96°, El=29.68°

[Phase 1: 视觉解析] 收到目标 cx=1744.1, cy=836.5, mono=223.1m -> 解算绝对角度: Az=359.20°, El=29.62°
[Phase 3: 预测控制] 目标当前估算Az=359.20°, 速度=-1.40°/s
                   -> 打提前量(0.25s后)Az=358.85°, El=29.63° | 下发云台指令: Az=88.85°, El=29.63°
[Laser] No valid laser distance, use mono distance

[Phase 1: 视觉解析] 收到目标 cx=1720.1, cy=846.4, mono=221.9m -> 解算绝对角度: Az=359.09°, El=29.57°
[Phase 3: 预测控制] 目标当前估算Az=359.09°, 速度=-1.40°/s
                   -> 打提前量(0.25s后)Az=358.74°, El=29.57° | 下发云台指令: Az=88.74°, El=29.57°

[Phase 1: 视觉解析] 收到目标 cx=1697.1, cy=857.3, mono=220.8m -> 解算绝对角度: Az=358.98°, El=29.52°
[Phase 3: 预测控制] 目标当前估算Az=358.98°, 速度=-1.40°/s
                   -> 打提前量(0.25s后)Az=358.63°, El=29.51° | 下发云台指令: Az=88.63°, El=29.51°
[Laser] No valid laser distance, use mono distance

[Phase 1: 视觉解析] 收到目标 cx=1674.4, cy=868.1, mono=219.7m -> 解算绝对角度: Az=358.88°, El=29.47°
[Phase 3: 预测控制] 目标当前估算Az=358.87°, 速度=-1.40°/s
                   -> 打提前量(0.25s后)Az=358.52°, El=29.44° | 下发云台指令: Az=88.52°, El=29.44°

[Phase 1: 视觉解析] 收到目标 cx=1651.3, cy=880.6, mono=218.7m -> 解算绝对角度: Az=358.78°, El=29.41°
[Phase 3: 预测控制] 目标当前估算Az=358.76°, 速度=-1.39°/s
                   -> 打提前量(0.25s后)Az=358.42°, El=29.37° | 下发云台指令: Az=88.42°, El=29.37°
[Laser] No valid laser distance, use mono distance

[Phase 1: 视觉解析] 收到目标 cx=1628.9, cy=893.1, mono=217.7m -> 解算绝对角度: Az=358.67°, El=29.36°
[Phase 3: 预测控制] 目标当前估算Az=358.66°, 速度=-1.38°/s
                   -> 打提前量(0.25s后)Az=358.31°, El=29.30° | 下发云台指令: Az=88.31°, El=29.30°

[Phase 1: 视觉解析] 收到目标 cx=1606.7, cy=906.1, mono=216.8m -> 解算绝对角度: Az=358.57°, El=29.30°
[Phase 3: 预测控制] 目标当前估算Az=358.55°, 速度=-1.37°/s
                   -> 打提前量(0.25s后)Az=358.21°, El=29.23° | 下发云台指令: Az=88.21°, El=29.23°
[Laser] No valid laser distance, use mono distance

[Phase 1: 视觉解析] 收到目标 cx=1585.2, cy=919.7, mono=215.9m -> 解算绝对角度: Az=358.47°, El=29.23°
[Phase 3: 预测控制] 目标当前估算Az=358.45°, 速度=-1.36°/s
                   -> 打提前量(0.25s后)Az=358.11°, El=29.16° | 下发云台指令: Az=88.11°, El=29.16°

[Phase 1: 视觉解析] 收到目标 cx=1562.9, cy=933.6, mono=215.1m -> 解算绝对角度: Az=358.37°, El=29.17°
[Phase 3: 预测控制] 目标当前估算Az=358.35°, 速度=-1.35°/s
                   -> 打提前量(0.25s后)Az=358.01°, El=29.08° | 下发云台指令: Az=88.01°, El=29.08°
[Laser] No valid laser distance, use mono distance

[Phase 1: 视觉解析] 收到目标 cx=1542.7, cy=949.3, mono=214.4m -> 解算绝对角度: Az=358.28°, El=29.10°
[Phase 3: 预测控制] 目标当前估算Az=358.25°, 速度=-1.34°/s
                   -> 打提前量(0.25s后)Az=357.92°, El=29.00° | 下发云台指令: Az=87.92°, El=29.00°

[Phase 1: 视觉解析] 收到目标 cx=1522.8, cy=964.2, mono=213.7m -> 解算绝对角度: Az=358.19°, El=29.03°
[Phase 3: 预测控制] 目标当前估算Az=358.16°, 速度=-1.33°/s
                   -> 打提前量(0.25s后)Az=357.83°, El=28.92° | 下发云台指令: Az=87.83°, El=28.92°
[Laser] No valid laser distance, use mono distance

[Phase 1: 视觉解析] 收到目标 cx=1502.9, cy=979.9, mono=213.0m -> 解算绝对角度: Az=358.10°, El=28.96°
[Phase 3: 预测控制] 目标当前估算Az=358.06°, 速度=-1.31°/s
                   -> 打提前量(0.25s后)Az=357.74°, El=28.84° | 下发云台指令: Az=87.74°, El=28.84°

[Phase 1: 视觉解析] 收到目标 cx=1482.8, cy=994.5, mono=212.4m -> 解算绝对角度: Az=358.01°, El=28.89°
[Phase 3: 预测控制] 目标当前估算Az=357.97°, 速度=-1.30°/s
                   -> 打提前量(0.25s后)Az=357.65°, El=28.76° | 下发云台指令: Az=87.65°, El=28.76°
[Laser] No valid laser distance, use mono distance

[Phase 1: 视觉解析] 收到目标 cx=1465.0, cy=1011.4, mono=211.9m -> 解算绝对角度: Az=357.93°, El=28.81°
[Phase 3: 预测控制] 目标当前估算Az=357.88°, 速度=-1.28°/s
                   -> 打提前量(0.25s后)Az=357.56°, El=28.67° | 下发云台指令: Az=87.56°, El=28.67°

[Phase 1: 视觉解析] 收到目标 cx=1445.2, cy=1026.3, mono=211.5m -> 解算绝对角度: Az=357.84°, El=28.75°
[Phase 3: 预测控制] 目标当前估算Az=357.80°, 速度=-1.26°/s
                   -> 打提前量(0.25s后)Az=357.48°, El=28.59° | 下发云台指令: Az=87.48°, El=28.59°
[Laser] No valid laser distance, use mono distance

[Phase 1: 视觉解析] 收到目标 cx=1428.5, cy=1043.2, mono=211.1m -> 解算绝对角度: Az=357.76°, El=28.67°
[Phase 3: 预测控制] 目标当前估算Az=357.71°, 速度=-1.24°/s
                   -> 打提前量(0.25s后)Az=357.40°, El=28.51° | 下发云台指令: Az=87.40°, El=28.51°

[Phase 1: 视觉解析] 收到目标 cx=1411.1, cy=1059.7, mono=210.7m -> 解算绝对角度: Az=357.68°, El=28.59°
[Phase 3: 预测控制] 目标当前估算Az=357.63°, 速度=-1.22°/s
                   -> 打提前量(0.25s后)Az=357.33°, El=28.42° | 下发云台指令: Az=87.33°, El=28.42°
[Laser] No valid laser distance, use mono distance

[Phase 1: 视觉解析] 收到目标 cx=1394.3, cy=1077.0, mono=210.5m -> 解算绝对角度: Az=357.60°, El=28.51°
[Phase 3: 预测控制] 目标当前估算Az=357.55°, 速度=-1.19°/s
                   -> 打提前量(0.25s后)Az=357.25°, El=28.34° | 下发云台指令: Az=87.25°, El=28.34°

[Phase 1: 视觉解析] 收到目标 cx=1378.1, cy=1093.8, mono=210.2m -> 解算绝对角度: Az=357.53°, El=28.44°
[Phase 3: 预测控制] 目标当前估算Az=357.48°, 速度=-1.17°/s
                   -> 打提前量(0.25s后)Az=357.18°, El=28.25° | 下发云台指令: Az=87.18°, El=28.25°
[Laser] No valid laser distance, use mono distance

[Phase 1: 视觉解析] 收到目标 cx=1363.4, cy=1109.4, mono=210.1m -> 解算绝对角度: Az=357.46°, El=28.37°
[Phase 3: 预测控制] 目标当前估算Az=357.40°, 速度=-1.14°/s
                   -> 打提前量(0.25s后)Az=357.12°, El=28.17° | 下发云台指令: Az=87.12°, El=28.17°

[Phase 1: 视觉解析] 收到目标 cx=1349.1, cy=1126.1, mono=210.0m -> 解算绝对角度: Az=357.40°, El=28.29°
[Phase 3: 预测控制] 目标当前估算Az=357.34°, 速度=-1.12°/s
                   -> 打提前量(0.25s后)Az=357.06°, El=28.09° | 下发云台指令: Az=87.06°, El=28.09°
[Laser] No valid laser distance, use mono distance

[Phase 1: 视觉解析] 收到目标 cx=1335.3, cy=1142.0, mono=210.0m -> 解算绝对角度: Az=357.34°, El=28.22°
[Phase 3: 预测控制] 目标当前估算Az=357.27°, 速度=-1.09°/s
                   -> 打提前量(0.25s后)Az=357.00°, El=28.01° | 下发云台指令: Az=87.00°, El=28.01°

[Phase 1: 视觉解析] 收到目标 cx=1322.0, cy=1157.4, mono=210.0m -> 解算绝对角度: Az=357.27°, El=28.15°
[Phase 3: 预测控制] 目标当前估算Az=357.21°, 速度=-1.06°/s
                   -> 打提前量(0.25s后)Az=356.94°, El=27.93° | 下发云台指令: Az=86.94°, El=27.93°
[Laser] No valid laser distance, use mono distance

[Phase 1: 视觉解析] 收到目标 cx=1310.0, cy=1174.0, mono=210.2m -> 解算绝对角度: Az=357.22°, El=28.07°
[Phase 3: 预测控制] 目标当前估算Az=357.15°, 速度=-1.03°/s
                   -> 打提前量(0.25s后)Az=356.89°, El=27.86° | 下发云台指令: Az=86.89°, El=27.86°

[Phase 1: 视觉解析] 收到目标 cx=1298.2, cy=1189.1, mono=210.3m -> 解算绝对角度: Az=357.17°, El=28.00°
[Phase 3: 预测控制] 目标当前估算Az=357.09°, 速度=-0.99°/s
                   -> 打提前量(0.25s后)Az=356.84°, El=27.78° | 下发云台指令: Az=86.84°, El=27.78°
[Laser] No valid laser distance, use mono distance

[Phase 1: 视觉解析] 收到目标 cx=1286.5, cy=1203.6, mono=210.6m -> 解算绝对角度: Az=357.11°, El=27.93°
[Phase 3: 预测控制] 目标当前估算Az=357.04°, 速度=-0.96°/s
                   -> 打提前量(0.25s后)Az=356.80°, El=27.71° | 下发云台指令: Az=86.80°, El=27.71°
[Stats] recv_objs_total=122, recv_unique_boxes=122 | ui_send_total=120, ui_unique_ids=1, ui_id_counts=1:120

[Phase 1: 视觉解析] 收到目标 cx=1276.8, cy=1219.8, mono=210.9m -> 解算绝对角度: Az=357.07°, El=27.86°
[Phase 3: 预测控制] 目标当前估算Az=356.99°, 速度=-0.93°/s
                   -> 打提前量(0.25s后)Az=356.76°, El=27.64° | 下发云台指令: Az=86.76°, El=27.64°
[Laser] No valid laser distance, use mono distance

[Phase 1: 视觉解析] 收到目标 cx=1267.8, cy=1233.7, mono=211.2m -> 解算绝对角度: Az=357.03°, El=27.80°
[Phase 3: 预测控制] 目标当前估算Az=356.95°, 速度=-0.89°/s
                   -> 打提前量(0.25s后)Az=356.72°, El=27.57° | 下发云台指令: Az=86.72°, El=27.57°

[Phase 1: 视觉解析] 收到目标 cx=1259.7, cy=1247.5, mono=211.6m -> 解算绝对角度: Az=356.99°, El=27.73°
[Phase 3: 预测控制] 目标当前估算Az=356.91°, 速度=-0.85°/s
                   -> 打提前量(0.25s后)Az=356.69°, El=27.51° | 下发云台指令: Az=86.69°, El=27.51°
[Laser] No valid laser distance, use mono distance

[Phase 1: 视觉解析] 收到目标 cx=1251.1, cy=1261.0, mono=212.1m -> 解算绝对角度: Az=356.95°, El=27.67°
[Phase 2: 目标调度] 基于威胁度(v=1.2°/s, dist=0.2°) 成功锁定目标 ID: 1. 准备交由云台跟踪!
[Phase 3: 预测控制] 目标当前估算Az=356.87°, 速度=-0.82°/s
                   -> 打提前量(0.25s后)Az=356.66°, El=27.44° | 下发云台指令: Az=86.66°, El=27.44°

[Phase 1: 视觉解析] 收到目标 cx=1245.1, cy=1273.4, mono=212.7m -> 解算绝对角度: Az=356.92°, El=27.61°
[Phase 3: 预测控制] 目标当前估算Az=356.84°, 速度=-0.78°/s
                   -> 打提前量(0.25s后)Az=356.64°, El=27.39° | 下发云台指令: Az=86.64°, El=27.39°

[Phase 1: 视觉解析] 收到目标 cx=1238.6, cy=1285.8, mono=213.3m -> 解算绝对角度: Az=356.89°, El=27.56°
[Phase 3: 预测控制] 目标当前估算Az=356.81°, 速度=-0.74°/s
                   -> 打提前量(0.25s后)Az=356.62°, El=27.33° | 下发云台指令: Az=86.62°, El=27.33°
[Laser] No valid laser distance, use mono distance

[Phase 1: 视觉解析] 收到目标 cx=1233.5, cy=1298.2, mono=213.9m -> 解算绝对角度: Az=356.87°, El=27.50°
[Phase 3: 预测控制] 目标当前估算Az=356.78°, 速度=-0.70°/s
                   -> 打提前量(0.25s后)Az=356.61°, El=27.28° | 下发云台指令: Az=86.61°, El=27.28°

[Phase 1: 视觉解析] 收到目标 cx=1229.0, cy=1309.2, mono=214.7m -> 解算绝对角度: Az=356.85°, El=27.45°
[Phase 3: 预测控制] 目标当前估算Az=356.76°, 速度=-0.66°/s
                   -> 打提前量(0.25s后)Az=356.59°, El=27.23° | 下发云台指令: Az=86.59°, El=27.23°

[Phase 1: 视觉解析] 收到目标 cx=1225.9, cy=1318.7, mono=215.5m -> 解算绝对角度: Az=356.84°, El=27.41°
[Phase 3: 预测控制] 目标当前估算Az=356.74°, 速度=-0.61°/s
                   -> 打提前量(0.25s后)Az=356.59°, El=27.19° | 下发云台指令: Az=86.59°, El=27.19°
[Laser] No valid laser distance, use mono distance

[Phase 1: 视觉解析] 收到目标 cx=1222.0, cy=1328.6, mono=216.3m -> 解算绝对角度: Az=356.82°, El=27.36°
[Phase 3: 预测控制] 目标当前估算Az=356.73°, 速度=-0.57°/s
                   -> 打提前量(0.25s后)Az=356.58°, El=27.15° | 下发云台指令: Az=86.58°, El=27.15°

[Phase 1: 视觉解析] 收到目标 cx=1220.8, cy=1336.8, mono=217.2m -> 解算绝对角度: Az=356.81°, El=27.32°
[Phase 3: 预测控制] 目标当前估算Az=356.72°, 速度=-0.53°/s
                   -> 打提前量(0.25s后)Az=356.58°, El=27.11° | 下发云台指令: Az=86.58°, El=27.11°

[Phase 1: 视觉解析] 收到目标 cx=1219.9, cy=1345.7, mono=218.1m -> 解算绝对角度: Az=356.81°, El=27.28°
[Phase 3: 预测控制] 目标当前估算Az=356.71°, 速度=-0.48°/s
                   -> 打提前量(0.25s后)Az=356.59°, El=27.08° | 下发云台指令: Az=86.59°, El=27.08°

[Phase 1: 视觉解析] 收到目标 cx=1219.9, cy=1353.0, mono=219.1m -> 解算绝对角度: Az=356.81°, El=27.25°
[Phase 3: 预测控制] 目标当前估算Az=356.71°, 速度=-0.44°/s
                   -> 打提前量(0.25s后)Az=356.60°, El=27.05° | 下发云台指令: Az=86.60°, El=27.05°
[Laser] No valid laser distance, use mono distance

[Phase 1: 视觉解析] 收到目标 cx=1221.0, cy=1360.0, mono=220.1m -> 解算绝对角度: Az=356.81°, El=27.22°
[Phase 3: 预测控制] 目标当前估算Az=356.71°, 速度=-0.39°/s
                   -> 打提前量(0.25s后)Az=356.61°, El=27.02° | 下发云台指令: Az=86.61°, El=27.02°

[Phase 1: 视觉解析] 收到目标 cx=1222.0, cy=1364.5, mono=221.2m -> 解算绝对角度: Az=356.82°, El=27.20°
[Phase 3: 预测控制] 目标当前估算Az=356.72°, 速度=-0.35°/s
                   -> 打提前量(0.25s后)Az=356.63°, El=27.01° | 下发云台指令: Az=86.63°, El=27.01°

[Phase 1: 视觉解析] 收到目标 cx=1225.6, cy=1369.8, mono=222.4m -> 解算绝对角度: Az=356.84°, El=27.17°
[Phase 3: 预测控制] 目标当前估算Az=356.73°, 速度=-0.30°/s
                   -> 打提前量(0.25s后)Az=356.65°, El=26.99° | 下发云台指令: Az=86.65°, El=26.99°

[Phase 1: 视觉解析] 收到目标 cx=1227.4, cy=1374.4, mono=223.5m -> 解算绝对角度: Az=356.84°, El=27.15°
[Phase 3: 预测控制] 目标当前估算Az=356.74°, 速度=-0.25°/s
                   -> 打提前量(0.25s后)Az=356.68°, El=26.98° | 下发云台指令: Az=86.68°, El=26.98°

[Phase 1: 视觉解析] 收到目标 cx=1232.8, cy=1376.8, mono=224.8m -> 解算绝对角度: Az=356.87°, El=27.14°
[Phase 3: 预测控制] 目标当前估算Az=356.76°, 速度=-0.21°/s
                   -> 打提前量(0.25s后)Az=356.71°, El=26.98° | 下发云台指令: Az=86.71°, El=26.98°

[Phase 1: 视觉解析] 收到目标 cx=1237.4, cy=1378.7, mono=226.1m -> 解算绝对角度: Az=356.89°, El=27.13°
[Phase 3: 预测控制] 目标当前估算Az=356.78°, 速度=-0.16°/s
                   -> 打提前量(0.25s后)Az=356.74°, El=26.98° | 下发云台指令: Az=86.74°, El=26.98°

[Phase 1: 视觉解析] 收到目标 cx=1243.6, cy=1380.1, mono=227.3m -> 解算绝对角度: Az=356.92°, El=27.12°
[Phase 3: 预测控制] 目标当前估算Az=356.81°, 速度=-0.11°/s
                   -> 打提前量(0.25s后)Az=356.78°, El=26.98° | 下发云台指令: Az=86.78°, El=26.98°

[Phase 1: 视觉解析] 收到目标 cx=1249.6, cy=1380.7, mono=228.7m -> 解算绝对角度: Az=356.94°, El=27.12°
[Phase 3: 预测控制] 目标当前估算Az=356.84°, 速度=-0.06°/s
                   -> 打提前量(0.25s后)Az=356.82°, El=26.99° | 下发云台指令: Az=86.82°, El=26.99°
[Laser] No valid laser distance, use mono distance

[Phase 1: 视觉解析] 收到目标 cx=1257.5, cy=1378.9, mono=230.1m -> 解算绝对角度: Az=356.98°, El=27.13°
[Phase 3: 预测控制] 目标当前估算Az=356.87°, 速度=-0.02°/s
                   -> 打提前量(0.25s后)Az=356.87°, El=27.00° | 下发云台指令: Az=86.87°, El=27.00°

[Phase 1: 视觉解析] 收到目标 cx=1265.6, cy=1378.2, mono=231.4m -> 解算绝对角度: Az=357.02°, El=27.13°
[Phase 3: 预测控制] 目标当前估算Az=356.91°, 速度=0.03°/s
                   -> 打提前量(0.25s后)Az=356.92°, El=27.02° | 下发云台指令: Az=86.92°, El=27.02°

[Phase 1: 视觉解析] 收到目标 cx=1274.4, cy=1374.9, mono=232.9m -> 解算绝对角度: Az=357.06°, El=27.15°
[Phase 3: 预测控制] 目标当前估算Az=356.95°, 速度=0.08°/s
                   -> 打提前量(0.25s后)Az=356.97°, El=27.04° | 下发云台指令: Az=86.97°, El=27.04°

[Phase 1: 视觉解析] 收到目标 cx=1285.5, cy=1371.9, mono=234.4m -> 解算绝对角度: Az=357.11°, El=27.16°
[Phase 3: 预测控制] 目标当前估算Az=357.00°, 速度=0.13°/s
                   -> 打提前量(0.25s后)Az=357.03°, El=27.07° | 下发云台指令: Az=87.03°, El=27.07°
[Laser] No valid laser distance, use mono distance

[Phase 1: 视觉解析] 收到目标 cx=1295.1, cy=1367.4, mono=235.8m -> 解算绝对角度: Az=357.15°, El=27.18°
[Phase 3: 预测控制] 目标当前估算Az=357.05°, 速度=0.18°/s
                   -> 打提前量(0.25s后)Az=357.09°, El=27.10° | 下发云台指令: Az=87.09°, El=27.10°

[Phase 1: 视觉解析] 收到目标 cx=1307.4, cy=1363.1, mono=237.3m -> 解算绝对角度: Az=357.21°, El=27.20°
[Phase 3: 预测控制] 目标当前估算Az=357.10°, 速度=0.22°/s
                   -> 打提前量(0.25s后)Az=357.16°, El=27.14° | 下发云台指令: Az=87.16°, El=27.14°

[Phase 1: 视觉解析] 收到目标 cx=1319.2, cy=1356.6, mono=238.8m -> 解算绝对角度: Az=357.26°, El=27.23°
[Phase 3: 预测控制] 目标当前估算Az=357.16°, 速度=0.27°/s
                   -> 打提前量(0.25s后)Az=357.23°, El=27.18° | 下发云台指令: Az=87.23°, El=27.18°

[Phase 1: 视觉解析] 收到目标 cx=1331.8, cy=1350.2, mono=240.4m -> 解算绝对角度: Az=357.32°, El=27.26°
[Phase 3: 预测控制] 目标当前估算Az=357.22°, 速度=0.32°/s
                   -> 打提前量(0.25s后)Az=357.30°, El=27.22° | 下发云台指令: Az=87.30°, El=27.22°
[Laser] No valid laser distance, use mono distance

[Phase 1: 视觉解析] 收到目标 cx=1345.6, cy=1342.7, mono=241.9m -> 解算绝对角度: Az=357.38°, El=27.30°
[Phase 3: 预测控制] 目标当前估算Az=357.28°, 速度=0.36°/s
                   -> 打提前量(0.25s后)Az=357.37°, El=27.27° | 下发云台指令: Az=87.37°, El=27.27°

[Phase 1: 视觉解析] 收到目标 cx=1360.0, cy=1334.5, mono=243.5m -> 解算绝对角度: Az=357.45°, El=27.33°
[Phase 3: 预测控制] 目标当前估算Az=357.35°, 速度=0.41°/s
                   -> 打提前量(0.25s后)Az=357.45°, El=27.32° | 下发云台指令: Az=87.45°, El=27.32°

[Phase 1: 视觉解析] 收到目标 cx=1375.1, cy=1324.0, mono=245.1m -> 解算绝对角度: Az=357.52°, El=27.38°
[Phase 3: 预测控制] 目标当前估算Az=357.42°, 速度=0.46°/s
                   -> 打提前量(0.25s后)Az=357.53°, El=27.37° | 下发云台指令: Az=87.53°, El=27.37°
[Laser] No valid laser distance, use mono distance

[Phase 1: 视觉解析] 收到目标 cx=1390.5, cy=1314.0, mono=246.7m -> 解算绝对角度: Az=357.59°, El=27.43°
[Phase 3: 预测控制] 目标当前估算Az=357.49°, 速度=0.50°/s
                   -> 打提前量(0.25s后)Az=357.62°, El=27.43° | 下发云台指令: Az=87.62°, El=27.43°

[Phase 1: 视觉解析] 收到目标 cx=1407.1, cy=1304.7, mono=248.3m -> 解算绝对角度: Az=357.66°, El=27.47°
[Phase 2: 目标调度] 基于威胁度(v=0.6°/s, dist=0.1°) 成功锁定目标 ID: 1. 准备交由云台跟踪!
[Phase 3: 预测控制] 目标当前估算Az=357.57°, 速度=0.54°/s
                   -> 打提前量(0.25s后)Az=357.70°, El=27.49° | 下发云台指令: Az=87.70°, El=27.49°

[Phase 1: 视觉解析] 收到目标 cx=1424.3, cy=1292.1, mono=249.9m -> 解算绝对角度: Az=357.74°, El=27.53°
[Phase 3: 预测控制] 目标当前估算Az=357.65°, 速度=0.59°/s
                   -> 打提前量(0.25s后)Az=357.79°, El=27.56° | 下发云台指令: Az=87.79°, El=27.56°
[Laser] No valid laser distance, use mono distance

[Phase 1: 视觉解析] 收到目标 cx=1441.5, cy=1280.5, mono=251.5m -> 解算绝对角度: Az=357.82°, El=27.58°
[Phase 3: 预测控制] 目标当前估算Az=357.73°, 速度=0.63°/s
                   -> 打提前量(0.25s后)Az=357.89°, El=27.63° | 下发云台指令: Az=87.89°, El=27.63°

[Phase 1: 视觉解析] 收到目标 cx=1459.2, cy=1268.4, mono=253.1m -> 解算绝对角度: Az=357.90°, El=27.64°
[Phase 3: 预测控制] 目标当前估算Az=357.81°, 速度=0.67°/s
                   -> 打提前量(0.25s后)Az=357.98°, El=27.70° | 下发云台指令: Az=87.98°, El=27.70°
[Laser] No valid laser distance, use mono distance

[Phase 1: 视觉解析] 收到目标 cx=1479.0, cy=1254.9, mono=254.7m -> 解算绝对角度: Az=357.99°, El=27.70°
[Phase 3: 预测控制] 目标当前估算Az=357.90°, 速度=0.71°/s
                   -> 打提前量(0.25s后)Az=358.08°, El=27.77° | 下发云台指令: Az=88.08°, El=27.77°

[Phase 1: 视觉解析] 收到目标 cx=1497.9, cy=1241.2, mono=256.3m -> 解算绝对角度: Az=358.08°, El=27.76°
[Phase 3: 预测控制] 目标当前估算Az=357.99°, 速度=0.76°/s
                   -> 打提前量(0.25s后)Az=358.18°, El=27.84° | 下发云台指令: Az=88.18°, El=27.84°
[Laser] No valid laser distance, use mono distance

[Phase 1: 视觉解析] 收到目标 cx=1517.6, cy=1227.8, mono=257.8m -> 解算绝对角度: Az=358.17°, El=27.82°
[Phase 3: 预测控制] 目标当前估算Az=358.08°, 速度=0.79°/s
                   -> 打提前量(0.25s后)Az=358.28°, El=27.92° | 下发云台指令: Az=88.28°, El=27.92°
[Stats] recv_objs_total=162, recv_unique_boxes=162 | ui_send_total=160, ui_unique_ids=1, ui_id_counts=1:160

[Phase 1: 视觉解析] 收到目标 cx=1538.5, cy=1213.1, mono=259.4m -> 解算绝对角度: Az=358.26°, El=27.89°
[Phase 3: 预测控制] 目标当前估算Az=358.18°, 速度=0.83°/s
                   -> 打提前量(0.25s后)Az=358.39°, El=27.99° | 下发云台指令: Az=88.39°, El=27.99°
[Laser] No valid laser distance, use mono distance

[Phase 1: 视觉解析] 收到目标 cx=1558.4, cy=1197.5, mono=260.9m -> 解算绝对角度: Az=358.35°, El=27.96°
[Phase 3: 预测控制] 目标当前估算Az=358.27°, 速度=0.87°/s
                   -> 打提前量(0.25s后)Az=358.49°, El=28.08° | 下发云台指令: Az=88.49°, El=28.08°

[Phase 1: 视觉解析] 收到目标 cx=1579.1, cy=1181.7, mono=262.5m -> 解算绝对角度: Az=358.45°, El=28.03°
[Phase 3: 预测控制] 目标当前估算Az=358.37°, 速度=0.91°/s
                   -> 打提前量(0.25s后)Az=358.60°, El=28.16° | 下发云台指令: Az=88.60°, El=28.16°
[Laser] No valid laser distance, use mono distance

[Phase 1: 视觉解析] 收到目标 cx=1601.0, cy=1167.0, mono=264.0m -> 解算绝对角度: Az=358.55°, El=28.10°
[Phase 3: 预测控制] 目标当前估算Az=358.47°, 速度=0.94°/s
                   -> 打提前量(0.25s后)Az=358.71°, El=28.24° | 下发云台指令: Az=88.71°, El=28.24°

[Phase 1: 视觉解析] 收到目标 cx=1623.0, cy=1151.7, mono=265.5m -> 解算绝对角度: Az=358.65°, El=28.17°
[Phase 3: 预测控制] 目标当前估算Az=358.58°, 速度=0.97°/s
                   -> 打提前量(0.25s后)Az=358.82°, El=28.32° | 下发云台指令: Az=88.82°, El=28.32°
[Laser] No valid laser distance, use mono distance

[Phase 1: 视觉解析] 收到目标 cx=1645.6, cy=1134.8, mono=267.0m -> 解算绝对角度: Az=358.75°, El=28.25°
[Phase 3: 预测控制] 目标当前估算Az=358.68°, 速度=1.01°/s
                   -> 打提前量(0.25s后)Az=358.93°, El=28.40° | 下发云台指令: Az=88.93°, El=28.40°

[Phase 1: 视觉解析] 收到目标 cx=1668.7, cy=1117.8, mono=268.4m -> 解算绝对角度: Az=358.85°, El=28.33°
[Phase 3: 预测控制] 目标当前估算Az=358.79°, 速度=1.04°/s
                   -> 打提前量(0.25s后)Az=359.05°, El=28.49° | 下发云台指令: Az=89.05°, El=28.49°
[Laser] No valid laser distance, use mono distance

[Phase 1: 视觉解析] 收到目标 cx=1691.5, cy=1102.7, mono=269.8m -> 解算绝对角度: Az=358.96°, El=28.40°
[Phase 3: 预测控制] 目标当前估算Az=358.90°, 速度=1.07°/s
                   -> 打提前量(0.25s后)Az=359.16°, El=28.57° | 下发云台指令: Az=89.16°, El=28.57°

[Phase 1: 视觉解析] 收到目标 cx=1715.9, cy=1085.4, mono=271.2m -> 解算绝对角度: Az=359.07°, El=28.48°
[Phase 3: 预测控制] 目标当前估算Az=359.01°, 速度=1.10°/s
                   -> 打提前量(0.25s后)Az=359.28°, El=28.66° | 下发云台指令: Az=89.28°, El=28.66°
[Laser] No valid laser distance, use mono distance

[Phase 1: 视觉解析] 收到目标 cx=1738.4, cy=1069.4, mono=272.5m -> 解算绝对角度: Az=359.17°, El=28.55°
[Phase 3: 预测控制] 目标当前估算Az=359.12°, 速度=1.13°/s
                   -> 打提前量(0.25s后)Az=359.40°, El=28.74° | 下发云台指令: Az=89.40°, El=28.74°

[Phase 1: 视觉解析] 收到目标 cx=1762.0, cy=1052.4, mono=273.8m -> 解算绝对角度: Az=359.28°, El=28.63°
[Phase 3: 预测控制] 目标当前估算Az=359.23°, 速度=1.15°/s
                   -> 打提前量(0.25s后)Az=359.52°, El=28.82° | 下发云台指令: Az=89.52°, El=28.82°
[Laser] No valid laser distance, use mono distance

[Phase 1: 视觉解析] 收到目标 cx=1786.1, cy=1036.0, mono=275.1m -> 解算绝对角度: Az=359.39°, El=28.70°
[Phase 3: 预测控制] 目标当前估算Az=359.34°, 速度=1.18°/s
                   -> 打提前量(0.25s后)Az=359.63°, El=28.90° | 下发云台指令: Az=89.63°, El=28.90°

[Phase 1: 视觉解析] 收到目标 cx=1809.9, cy=1020.5, mono=276.3m -> 解算绝对角度: Az=359.50°, El=28.77°
[Phase 3: 预测控制] 目标当前估算Az=359.45°, 速度=1.20°/s
                   -> 打提前量(0.25s后)Az=359.75°, El=28.98° | 下发云台指令: Az=89.75°, El=28.98°
[Laser] No valid laser distance, use mono distance

[Phase 1: 视觉解析] 收到目标 cx=1834.3, cy=1004.5, mono=277.5m -> 解算绝对角度: Az=359.61°, El=28.85°
[Phase 3: 预测控制] 目标当前估算Az=359.57°, 速度=1.22°/s
                   -> 打提前量(0.25s后)Az=359.87°, El=29.06° | 下发云台指令: Az=89.87°, El=29.06°

[Phase 1: 视觉解析] 收到目标 cx=1858.8, cy=988.5, mono=278.6m -> 解算绝对角度: Az=359.72°, El=28.92°
[Phase 3: 预测控制] 目标当前估算Az=359.68°, 速度=1.24°/s
                   -> 打提前量(0.25s后)Az=359.99°, El=29.13° | 下发云台指令: Az=89.99°, El=29.13°
[Laser] No valid laser distance, use mono distance

[Phase 1: 视觉解析] 收到目标 cx=1883.6, cy=972.7, mono=279.7m -> 解算绝对角度: Az=359.83°, El=28.99°
[Phase 3: 预测控制] 目标当前估算Az=359.79°, 速度=1.26°/s
                   -> 打提前量(0.25s后)Az=0.11°, El=29.21° | 下发云台指令: Az=90.11°, El=29.21°

[Phase 1: 视觉解析] 收到目标 cx=1907.1, cy=956.8, mono=280.8m -> 解算绝对角度: Az=359.94°, El=29.06°
[Phase 3: 预测控制] 目标当前估算Az=359.91°, 速度=1.28°/s
                   -> 打提前量(0.25s后)Az=0.23°, El=29.28° | 下发云台指令: Az=90.23°, El=29.28°
[Laser] No valid laser distance, use mono distance

[Phase 1: 视觉解析] 收到目标 cx=1932.7, cy=942.6, mono=281.8m -> 解算绝对角度: Az=0.06°, El=29.13°
[Phase 3: 预测控制] 目标当前估算Az=0.02°, 速度=1.30°/s
                   -> 打提前量(0.25s后)Az=0.35°, El=29.35° | 下发云台指令: Az=90.35°, El=29.35°

[Phase 1: 视觉解析] 收到目标 cx=1955.8, cy=928.4, mono=282.7m -> 解算绝对角度: Az=0.16°, El=29.20°
[Phase 3: 预测控制] 目标当前估算Az=0.14°, 速度=1.31°/s
                   -> 打提前量(0.25s后)Az=0.46°, El=29.42° | 下发云台指令: Az=90.46°, El=29.42°
[Laser] No valid laser distance, use mono distance

[Phase 1: 视觉解析] 收到目标 cx=1981.2, cy=914.5, mono=283.6m -> 解算绝对角度: Az=0.28°, El=29.26°
[Phase 3: 预测控制] 目标当前估算Az=0.25°, 速度=1.32°/s
                   -> 打提前量(0.25s后)Az=0.58°, El=29.49° | 下发云台指令: Az=90.58°, El=29.49°

[Phase 1: 视觉解析] 收到目标 cx=2005.0, cy=900.9, mono=284.4m -> 解算绝对角度: Az=0.39°, El=29.32°
[Phase 3: 预测控制] 目标当前估算Az=0.37°, 速度=1.33°/s
                   -> 打提前量(0.25s后)Az=0.70°, El=29.55° | 下发云台指令: Az=90.70°, El=29.55°
[Laser] No valid laser distance, use mono distance

[Phase 1: 视觉解析] 收到目标 cx=2030.7, cy=887.3, mono=285.2m -> 解算绝对角度: Az=0.50°, El=29.38°
[Phase 3: 预测控制] 目标当前估算Az=0.48°, 速度=1.34°/s
                   -> 打提前量(0.25s后)Az=0.82°, El=29.61° | 下发云台指令: Az=90.82°, El=29.61°

[Phase 1: 视觉解析] 收到目标 cx=2053.7, cy=876.2, mono=286.0m -> 解算绝对角度: Az=0.61°, El=29.43°
[Phase 3: 预测控制] 目标当前估算Az=0.59°, 速度=1.35°/s
                   -> 打提前量(0.25s后)Az=0.93°, El=29.66° | 下发云台指令: Az=90.93°, El=29.66°
[Laser] No valid laser distance, use mono distance

[Phase 1: 视觉解析] 收到目标 cx=2077.5, cy=863.7, mono=286.6m -> 解算绝对角度: Az=0.72°, El=29.49°
[Phase 3: 预测控制] 目标当前估算Az=0.71°, 速度=1.35°/s
                   -> 打提前量(0.25s后)Az=1.05°, El=29.71° | 下发云台指令: Az=91.05°, El=29.71°

[Phase 1: 视觉解析] 收到目标 cx=2101.6, cy=852.5, mono=287.2m -> 解算绝对角度: Az=0.83°, El=29.54°
[Phase 2: 目标调度] 基于威胁度(v=1.6°/s, dist=0.1°) 成功锁定目标 ID: 1. 准备交由云台跟踪!
[Phase 3: 预测控制] 目标当前估算Az=0.82°, 速度=1.36°/s
                   -> 打提前量(0.25s后)Az=1.16°, El=29.76° | 下发云台指令: Az=91.16°, El=29.76°
[Laser] No valid laser distance, use mono distance

[Phase 1: 视觉解析] 收到目标 cx=2124.4, cy=842.2, mono=287.8m -> 解算绝对角度: Az=0.93°, El=29.59°
[Phase 3: 预测控制] 目标当前估算Az=0.93°, 速度=1.36°/s
                   -> 打提前量(0.25s后)Az=1.27°, El=29.81° | 下发云台指令: Az=91.27°, El=29.81°

[Phase 1: 视觉解析] 收到目标 cx=2148.7, cy=832.1, mono=288.3m -> 解算绝对角度: Az=1.04°, El=29.64°
[Phase 3: 预测控制] 目标当前估算Az=1.04°, 速度=1.36°/s
                   -> 打提前量(0.25s后)Az=1.38°, El=29.85° | 下发云台指令: Az=91.38°, El=29.85°
[Laser] No valid laser distance, use mono distance

[Phase 1: 视觉解析] 收到目标 cx=2171.8, cy=822.9, mono=288.7m -> 解算绝对角度: Az=1.15°, El=29.68°
[Phase 3: 预测控制] 目标当前估算Az=1.15°, 速度=1.36°/s
                   -> 打提前量(0.25s后)Az=1.49°, El=29.89° | 下发云台指令: Az=91.49°, El=29.89°

[Phase 1: 视觉解析] 收到目标 cx=2194.0, cy=815.1, mono=289.1m -> 解算绝对角度: Az=1.25°, El=29.71°
[Phase 3: 预测控制] 目标当前估算Az=1.25°, 速度=1.36°/s
                   -> 打提前量(0.25s后)Az=1.59°, El=29.92° | 下发云台指令: Az=91.59°, El=29.92°
[Laser] No valid laser distance, use mono distance

[Phase 1: 视觉解析] 收到目标 cx=2215.8, cy=807.9, mono=289.4m -> 解算绝对角度: Az=1.35°, El=29.75°
[Phase 3: 预测控制] 目标当前估算Az=1.36°, 速度=1.35°/s
                   -> 打提前量(0.25s后)Az=1.70°, El=29.95° | 下发云台指令: Az=91.70°, El=29.95°

[Phase 1: 视觉解析] 收到目标 cx=2238.3, cy=800.8, mono=289.6m -> 解算绝对角度: Az=1.45°, El=29.78°
[Phase 3: 预测控制] 目标当前估算Az=1.46°, 速度=1.35°/s
                   -> 打提前量(0.25s后)Az=1.80°, El=29.97° | 下发云台指令: Az=91.80°, El=29.97°
[Laser] No valid laser distance, use mono distance

[Phase 1: 视觉解析] 收到目标 cx=2259.6, cy=795.7, mono=289.8m -> 解算绝对角度: Az=1.55°, El=29.80°
[Phase 3: 预测控制] 目标当前估算Az=1.56°, 速度=1.34°/s
                   -> 打提前量(0.25s后)Az=1.90°, El=29.99° | 下发云台指令: Az=91.90°, El=29.99°

[Phase 1: 视觉解析] 收到目标 cx=2280.9, cy=790.8, mono=289.9m -> 解算绝对角度: Az=1.64°, El=29.83°
[Phase 3: 预测控制] 目标当前估算Az=1.66°, 速度=1.33°/s
                   -> 打提前量(0.25s后)Az=2.00°, El=30.00° | 下发云台指令: Az=92.00°, El=30.00°

[Phase 1: 视觉解析] 收到目标 cx=2302.2, cy=787.0, mono=290.0m -> 解算绝对角度: Az=1.74°, El=29.84°
[Phase 3: 预测控制] 目标当前估算Az=1.76°, 速度=1.32°/s
                   -> 打提前量(0.25s后)Az=2.09°, El=30.01° | 下发云台指令: Az=92.09°, El=30.01°
[Laser] No valid laser distance, use mono distance

[Phase 1: 视觉解析] 收到目标 cx=2322.7, cy=784.2, mono=290.0m -> 解算绝对角度: Az=1.84°, El=29.86°
[Phase 3: 预测控制] 目标当前估算Az=1.86°, 速度=1.31°/s
                   -> 打提前量(0.25s后)Az=2.19°, El=30.02° | 下发云台指令: Az=92.19°, El=30.02°

[Phase 1: 视觉解析] 收到目标 cx=2343.1, cy=781.2, mono=289.9m -> 解算绝对角度: Az=1.93°, El=29.87°
[Phase 3: 预测控制] 目标当前估算Az=1.95°, 速度=1.30°/s
                   -> 打提前量(0.25s后)Az=2.28°, El=30.02° | 下发云台指令: Az=92.28°, El=30.02°

[Phase 1: 视觉解析] 收到目标 cx=2362.6, cy=780.7, mono=289.8m -> 解算绝对角度: Az=2.02°, El=29.87°
[Phase 3: 预测控制] 目标当前估算Az=2.05°, 速度=1.28°/s
                   -> 打提前量(0.25s后)Az=2.37°, El=30.01° | 下发云台指令: Az=92.37°, El=30.01°
[Laser] No valid laser distance, use mono distance

[Phase 1: 视觉解析] 收到目标 cx=2380.4, cy=780.3, mono=289.6m -> 解算绝对角度: Az=2.10°, El=29.87°
[Phase 3: 预测控制] 目标当前估算Az=2.13°, 速度=1.26°/s
                   -> 打提前量(0.25s后)Az=2.45°, El=30.00° | 下发云台指令: Az=92.45°, El=30.00°

[Phase 1: 视觉解析] 收到目标 cx=2398.3, cy=780.9, mono=289.3m -> 解算绝对角度: Az=2.18°, El=29.87°
[Phase 3: 预测控制] 目标当前估算Az=2.22°, 速度=1.24°/s
                   -> 打提前量(0.25s后)Az=2.53°, El=29.99° | 下发云台指令: Az=92.53°, El=29.99°

[Phase 1: 视觉解析] 收到目标 cx=2416.1, cy=781.6, mono=289.0m -> 解算绝对角度: Az=2.26°, El=29.87°
[Phase 3: 预测控制] 目标当前估算Az=2.30°, 速度=1.22°/s
                   -> 打提前量(0.25s后)Az=2.61°, El=29.97° | 下发云台指令: Az=92.61°, El=29.97°
[Laser] No valid laser distance, use mono distance
[Stats] recv_objs_total=202, recv_unique_boxes=202 | ui_send_total=200, ui_unique_ids=1, ui_id_counts=1:200

[Phase 1: 视觉解析] 收到目标 cx=2433.4, cy=785.0, mono=288.6m -> 解算绝对角度: Az=2.34°, El=29.85°
[Phase 3: 预测控制] 目标当前估算Az=2.38°, 速度=1.20°/s
                   -> 打提前量(0.25s后)Az=2.68°, El=29.95° | 下发云台指令: Az=92.68°, El=29.95°

[Phase 1: 视觉解析] 收到目标 cx=2451.0, cy=788.4, mono=288.1m -> 解算绝对角度: Az=2.42°, El=29.84°
[Phase 3: 预测控制] 目标当前估算Az=2.46°, 速度=1.18°/s
                   -> 打提前量(0.25s后)Az=2.76°, El=29.92° | 下发云台指令: Az=92.76°, El=29.92°

[Phase 1: 视觉解析] 收到目标 cx=2464.7, cy=791.0, mono=287.6m -> 解算绝对角度: Az=2.48°, El=29.82°
[Phase 3: 预测控制] 目标当前估算Az=2.54°, 速度=1.15°/s
                   -> 打提前量(0.25s后)Az=2.82°, El=29.90° | 下发云台指令: Az=92.82°, El=29.90°
[Laser] No valid laser distance, use mono distance

[Phase 1: 视觉解析] 收到目标 cx=2480.0, cy=796.8, mono=287.0m -> 解算绝对角度: Az=2.55°, El=29.80°
[Phase 3: 预测控制] 目标当前估算Az=2.61°, 速度=1.13°/s
                   -> 打提前量(0.25s后)Az=2.89°, El=29.86° | 下发云台指令: Az=92.89°, El=29.86°

[Phase 1: 视觉解析] 收到目标 cx=2494.0, cy=802.1, mono=286.4m -> 解算绝对角度: Az=2.62°, El=29.77°
[Phase 3: 预测控制] 目标当前估算Az=2.67°, 速度=1.10°/s
                   -> 打提前量(0.25s后)Az=2.95°, El=29.82° | 下发云台指令: Az=92.95°, El=29.82°

[Phase 1: 视觉解析] 收到目标 cx=2508.8, cy=809.2, mono=285.7m -> 解算绝对角度: Az=2.68°, El=29.74°
[Phase 3: 预测控制] 目标当前估算Az=2.74°, 速度=1.07°/s
                   -> 打提前量(0.25s后)Az=3.01°, El=29.78° | 下发云台指令: Az=93.01°, El=29.78°

[Phase 1: 视觉解析] 收到目标 cx=2520.4, cy=817.2, mono=285.0m -> 解算绝对角度: Az=2.74°, El=29.70°
[Phase 3: 预测控制] 目标当前估算Az=2.80°, 速度=1.04°/s
                   -> 打提前量(0.25s后)Az=3.06°, El=29.73° | 下发云台指令: Az=93.06°, El=29.73°
[Laser] No valid laser distance, use mono distance

[Phase 1: 视觉解析] 收到目标 cx=2532.9, cy=825.4, mono=284.2m -> 解算绝对角度: Az=2.79°, El=29.67°
[Phase 3: 预测控制] 目标当前估算Az=2.86°, 速度=1.01°/s
                   -> 打提前量(0.25s后)Az=3.11°, El=29.68° | 下发云台指令: Az=93.11°, El=29.68°

[Phase 1: 视觉解析] 收到目标 cx=2544.6, cy=834.0, mono=283.3m -> 解算绝对角度: Az=2.85°, El=29.63°
[Phase 3: 预测控制] 目标当前估算Az=2.91°, 速度=0.98°/s
                   -> 打提前量(0.25s后)Az=3.16°, El=29.63° | 下发云台指令: Az=93.16°, El=29.63°

[Phase 1: 视觉解析] 收到目标 cx=2555.5, cy=843.8, mono=282.4m -> 解算绝对角度: Az=2.90°, El=29.58°
[Phase 3: 预测控制] 目标当前估算Az=2.96°, 速度=0.94°/s
                   -> 打提前量(0.25s后)Az=3.20°, El=29.57° | 下发云台指令: Az=93.20°, El=29.57°
[Laser] No valid laser distance, use mono distance

[Phase 1: 视觉解析] 收到目标 cx=2565.4, cy=854.2, mono=281.4m -> 解算绝对角度: Az=2.94°, El=29.53°
[Phase 3: 预测控制] 目标当前估算Az=3.01°, 速度=0.91°/s
                   -> 打提前量(0.25s后)Az=3.24°, El=29.51° | 下发云台指令: Az=93.24°, El=29.51°

[Phase 1: 视觉解析] 收到目标 cx=2573.8, cy=865.9, mono=280.4m -> 解算绝对角度: Az=2.98°, El=29.48°
[Phase 3: 预测控制] 目标当前估算Az=3.06°, 速度=0.87°/s
                   -> 打提前量(0.25s后)Az=3.27°, El=29.45° | 下发云台指令: Az=93.27°, El=29.45°
[Laser] No valid laser distance, use mono distance

[Phase 1: 视觉解析] 收到目标 cx=2582.2, cy=877.0, mono=279.4m -> 解算绝对角度: Az=3.02°, El=29.43°
[Phase 3: 预测控制] 目标当前估算Az=3.09°, 速度=0.83°/s
                   -> 打提前量(0.25s后)Az=3.30°, El=29.38° | 下发云台指令: Az=93.30°, El=29.38°

[Phase 1: 视觉解析] 收到目标 cx=2589.9, cy=889.8, mono=278.2m -> 解算绝对角度: Az=3.05°, El=29.37°
[Phase 3: 预测控制] 目标当前估算Az=3.13°, 速度=0.80°/s
                   -> 打提前量(0.25s后)Az=3.33°, El=29.31° | 下发云台指令: Az=93.33°, El=29.31°
[Laser] No valid laser distance, use mono distance

[Phase 1: 视觉解析] 收到目标 cx=2596.4, cy=903.1, mono=277.1m -> 解算绝对角度: Az=3.08°, El=29.31°
[Phase 2: 目标调度] 基于威胁度(v=0.9°/s, dist=0.2°) 成功锁定目标 ID: 1. 准备交由云台跟踪!
[Phase 3: 预测控制] 目标当前估算Az=3.16°, 速度=0.76°/s
                   -> 打提前量(0.25s后)Az=3.35°, El=29.24° | 下发云台指令: Az=93.35°, El=29.24°

[Phase 1: 视觉解析] 收到目标 cx=2602.6, cy=915.9, mono=275.9m -> 解算绝对角度: Az=3.11°, El=29.25°
[Phase 3: 预测控制] 目标当前估算Az=3.19°, 速度=0.72°/s
                   -> 打提前量(0.25s后)Az=3.37°, El=29.17° | 下发云台指令: Az=93.37°, El=29.17°
[Laser] No valid laser distance, use mono distance

[Phase 1: 视觉解析] 收到目标 cx=2607.3, cy=931.1, mono=274.7m -> 解算绝对角度: Az=3.13°, El=29.18°
[Phase 3: 预测控制] 目标当前估算Az=3.22°, 速度=0.68°/s
                   -> 打提前量(0.25s后)Az=3.39°, El=29.09° | 下发云台指令: Az=93.39°, El=29.09°

[Phase 1: 视觉解析] 收到目标 cx=2612.1, cy=946.3, mono=273.4m -> 解算绝对角度: Az=3.15°, El=29.11°
[Phase 3: 预测控制] 目标当前估算Az=3.24°, 速度=0.64°/s
                   -> 打提前量(0.25s后)Az=3.40°, El=29.01° | 下发云台指令: Az=93.40°, El=29.01°
[Laser] No valid laser distance, use mono distance

[Phase 1: 视觉解析] 收到目标 cx=2614.9, cy=959.8, mono=272.1m -> 解算绝对角度: Az=3.17°, El=29.05°
[Phase 3: 预测控制] 目标当前估算Az=3.26°, 速度=0.59°/s
                   -> 打提前量(0.25s后)Az=3.40°, El=28.93° | 下发云台指令: Az=93.40°, El=28.93°

[Phase 1: 视觉解析] 收到目标 cx=2617.3, cy=975.4, mono=270.7m -> 解算绝对角度: Az=3.18°, El=28.98°
[Phase 3: 预测控制] 目标当前估算Az=3.27°, 速度=0.55°/s
                   -> 打提前量(0.25s后)Az=3.41°, El=28.85° | 下发云台指令: Az=93.41°, El=28.85°
[Laser] No valid laser distance, use mono distance

[Phase 1: 视觉解析] 收到目标 cx=2619.3, cy=991.5, mono=269.3m -> 解算绝对角度: Az=3.19°, El=28.91°
[Phase 3: 预测控制] 目标当前估算Az=3.28°, 速度=0.51°/s
                   -> 打提前量(0.25s后)Az=3.40°, El=28.77° | 下发云台指令: Az=93.40°, El=28.77°

[Phase 1: 视觉解析] 收到目标 cx=2619.6, cy=1007.8, mono=267.9m -> 解算绝对角度: Az=3.19°, El=28.83°
[Phase 3: 预测控制] 目标当前估算Az=3.28°, 速度=0.46°/s
                   -> 打提前量(0.25s后)Az=3.40°, El=28.69° | 下发云台指令: Az=93.40°, El=28.69°
[Laser] No valid laser distance, use mono distance

[Phase 1: 视觉解析] 收到目标 cx=2619.8, cy=1022.7, mono=266.5m -> 解算绝对角度: Az=3.19°, El=28.76°
[Phase 3: 预测控制] 目标当前估算Az=3.28°, 速度=0.42°/s
                   -> 打提前量(0.25s后)Az=3.39°, El=28.61° | 下发云台指令: Az=93.39°, El=28.61°

[Phase 1: 视觉解析] 收到目标 cx=2619.1, cy=1038.7, mono=265.0m -> 解算绝对角度: Az=3.19°, El=28.69°
[Phase 3: 预测控制] 目标当前估算Az=3.28°, 速度=0.37°/s
                   -> 打提前量(0.25s后)Az=3.37°, El=28.52° | 下发云台指令: Az=93.37°, El=28.52°
[Laser] No valid laser distance, use mono distance

[Phase 1: 视觉解析] 收到目标 cx=2616.4, cy=1055.9, mono=263.5m -> 解算绝对角度: Az=3.17°, El=28.61°
[Phase 3: 预测控制] 目标当前估算Az=3.27°, 速度=0.33°/s
                   -> 打提前量(0.25s后)Az=3.35°, El=28.44° | 下发云台指令: Az=93.35°, El=28.44°

[Phase 1: 视觉解析] 收到目标 cx=2613.7, cy=1072.0, mono=262.0m -> 解算绝对角度: Az=3.16°, El=28.54°
[Phase 3: 预测控制] 目标当前估算Az=3.26°, 速度=0.28°/s
                   -> 打提前量(0.25s后)Az=3.33°, El=28.36° | 下发云台指令: Az=93.33°, El=28.36°
[Laser] No valid laser distance, use mono distance

[Phase 1: 视觉解析] 收到目标 cx=2611.2, cy=1088.3, mono=260.5m -> 解算绝对角度: Az=3.15°, El=28.46°
[Phase 3: 预测控制] 目标当前估算Az=3.25°, 速度=0.23°/s
                   -> 打提前量(0.25s后)Az=3.30°, El=28.27° | 下发云台指令: Az=93.30°, El=28.27°

[Phase 1: 视觉解析] 收到目标 cx=2606.6, cy=1105.6, mono=258.9m -> 解算绝对角度: Az=3.13°, El=28.38°
[Phase 3: 预测控制] 目标当前估算Az=3.23°, 速度=0.19°/s
                   -> 打提前量(0.25s后)Az=3.27°, El=28.19° | 下发云台指令: Az=93.27°, El=28.19°
[Laser] No valid laser distance, use mono distance

[Phase 1: 视觉解析] 收到目标 cx=2601.3, cy=1121.6, mono=257.3m -> 解算绝对角度: Az=3.10°, El=28.31°
[Phase 3: 预测控制] 目标当前估算Az=3.20°, 速度=0.14°/s
                   -> 打提前量(0.25s后)Az=3.24°, El=28.11° | 下发云台指令: Az=93.24°, El=28.11°

[Phase 1: 视觉解析] 收到目标 cx=2595.0, cy=1138.5, mono=255.7m -> 解算绝对角度: Az=3.08°, El=28.23°
[Phase 3: 预测控制] 目标当前估算Az=3.18°, 速度=0.09°/s
                   -> 打提前量(0.25s后)Az=3.20°, El=28.03° | 下发云台指令: Az=93.20°, El=28.03°
[Laser] No valid laser distance, use mono distance

[Phase 1: 视觉解析] 收到目标 cx=2588.9, cy=1153.1, mono=254.2m -> 解算绝对角度: Az=3.05°, El=28.17°
[Phase 3: 预测控制] 目标当前估算Az=3.15°, 速度=0.05°/s
                   -> 打提前量(0.25s后)Az=3.16°, El=27.95° | 下发云台指令: Az=93.16°, El=27.95°

[Phase 1: 视觉解析] 收到目标 cx=2580.9, cy=1169.3, mono=252.6m -> 解算绝对角度: Az=3.01°, El=28.09°
[Phase 3: 预测控制] 目标当前估算Az=3.11°, 速度=-0.00°/s
                   -> 打提前量(0.25s后)Az=3.11°, El=27.88° | 下发云台指令: Az=93.11°, El=27.88°
[Laser] No valid laser distance, use mono distance

[Phase 1: 视觉解析] 收到目标 cx=2572.6, cy=1186.1, mono=251.0m -> 解算绝对角度: Az=2.97°, El=28.01°
[Phase 3: 预测控制] 目标当前估算Az=3.07°, 速度=-0.05°/s
                   -> 打提前量(0.25s后)Az=3.06°, El=27.80° | 下发云台指令: Az=93.06°, El=27.80°

[Phase 1: 视觉解析] 收到目标 cx=2562.7, cy=1200.8, mono=249.4m -> 解算绝对角度: Az=2.93°, El=27.95°
[Phase 3: 预测控制] 目标当前估算Az=3.03°, 速度=-0.10°/s
                   -> 打提前量(0.25s后)Az=3.01°, El=27.72° | 下发云台指令: Az=93.01°, El=27.72°
[Laser] No valid laser distance, use mono distance

[Phase 1: 视觉解析] 收到目标 cx=2553.0, cy=1215.9, mono=247.8m -> 解算绝对角度: Az=2.88°, El=27.88°
[Phase 3: 预测控制] 目标当前估算Az=2.99°, 速度=-0.14°/s
                   -> 打提前量(0.25s后)Az=2.95°, El=27.65° | 下发云台指令: Az=92.95°, El=27.65°

[Phase 1: 视觉解析] 收到目标 cx=2541.6, cy=1230.0, mono=246.2m -> 解算绝对角度: Az=2.83°, El=27.81°
[Phase 3: 预测控制] 目标当前估算Az=2.94°, 速度=-0.19°/s
                   -> 打提前量(0.25s后)Az=2.89°, El=27.59° | 下发云台指令: Az=92.89°, El=27.59°
[Laser] No valid laser distance, use mono distance

[Phase 1: 视觉解析] 收到目标 cx=2530.4, cy=1244.1, mono=244.6m -> 解算绝对角度: Az=2.78°, El=27.75°
[Phase 3: 预测控制] 目标当前估算Az=2.88°, 速度=-0.24°/s
                   -> 打提前量(0.25s后)Az=2.82°, El=27.52° | 下发云台指令: Az=92.82°, El=27.52°

[Phase 1: 视觉解析] 收到目标 cx=2517.1, cy=1258.1, mono=243.0m -> 解算绝对角度: Az=2.72°, El=27.68°
[Phase 3: 预测控制] 目标当前估算Az=2.82°, 速度=-0.29°/s
                   -> 打提前量(0.25s后)Az=2.75°, El=27.46° | 下发云台指令: Az=92.75°, El=27.46°
[Laser] No valid laser distance, use mono distance

[Phase 1: 视觉解析] 收到目标 cx=2504.7, cy=1270.9, mono=241.4m -> 解算绝对角度: Az=2.66°, El=27.62°
[Phase 3: 预测控制] 目标当前估算Az=2.76°, 速度=-0.33°/s
                   -> 打提前量(0.25s后)Az=2.68°, El=27.40° | 下发云台指令: Az=92.68°, El=27.40°

[Phase 1: 视觉解析] 收到目标 cx=2490.4, cy=1282.9, mono=239.9m -> 解算绝对角度: Az=2.60°, El=27.57°
[Phase 3: 预测控制] 目标当前估算Az=2.70°, 速度=-0.38°/s
                   -> 打提前量(0.25s后)Az=2.61°, El=27.34° | 下发云台指令: Az=92.61°, El=27.34°

[Phase 1: 视觉解析] 收到目标 cx=2476.1, cy=1294.5, mono=238.3m -> 解算绝对角度: Az=2.53°, El=27.52°
[Phase 3: 预测控制] 目标当前估算Az=2.63°, 速度=-0.42°/s
                   -> 打提前量(0.25s后)Az=2.53°, El=27.29° | 下发云台指令: Az=92.53°, El=27.29°
[Laser] No valid laser distance, use mono distance[Stats] recv_objs_total=243, recv_unique_boxes=243 | ui_send_total=241, ui_unique_ids=1, ui_id_counts=1:241


[Phase 1: 视觉解析] 收到目标 cx=2461.3, cy=1306.9, mono=236.8m -> 解算绝对角度: Az=2.47°, El=27.46°
[Phase 3: 预测控制] 目标当前估算Az=2.56°, 速度=-0.47°/s
                   -> 打提前量(0.25s后)Az=2.45°, El=27.24° | 下发云台指令: Az=92.45°, El=27.24°

[Phase 1: 视觉解析] 收到目标 cx=2446.0, cy=1316.9, mono=235.3m -> 解算绝对角度: Az=2.40°, El=27.41°
[Phase 3: 预测控制] 目标当前估算Az=2.49°, 速度=-0.51°/s
                   -> 打提前量(0.25s后)Az=2.36°, El=27.20° | 下发云台指令: Az=92.36°, El=27.20°

[Phase 1: 视觉解析] 收到目标 cx=2429.1, cy=1326.1, mono=233.8m -> 解算绝对角度: Az=2.32°, El=27.37°
[Phase 3: 预测控制] 目标当前估算Az=2.42°, 速度=-0.55°/s
                   -> 打提前量(0.25s后)Az=2.28°, El=27.16° | 下发云台指令: Az=92.28°, El=27.16°
[Laser] No valid laser distance, use mono distance

[Phase 1: 视觉解析] 收到目标 cx=2411.9, cy=1335.3, mono=232.4m -> 解算绝对角度: Az=2.24°, El=27.33°
[Phase 3: 预测控制] 目标当前估算Az=2.34°, 速度=-0.60°/s
                   -> 打提前量(0.25s后)Az=2.19°, El=27.12° | 下发云台指令: Az=92.19°, El=27.12°

[Phase 1: 视觉解析] 收到目标 cx=2393.9, cy=1344.2, mono=231.0m -> 解算绝对角度: Az=2.16°, El=27.29°
[Phase 2: 目标调度] 基于威胁度(v=1.0°/s, dist=0.1°) 成功锁定目标 ID: 1. 准备交由云台跟踪!
[Phase 3: 预测控制] 目标当前估算Az=2.25°, 速度=-0.64°/s
                   -> 打提前量(0.25s后)Az=2.09°, El=27.08° | 下发云台指令: Az=92.09°, El=27.08°

[Phase 1: 视觉解析] 收到目标 cx=2376.1, cy=1351.9, mono=229.6m -> 解算绝对角度: Az=2.08°, El=27.25°
[Phase 3: 预测控制] 目标当前估算Az=2.17°, 速度=-0.68°/s
                   -> 打提前量(0.25s后)Az=2.00°, El=27.05° | 下发云台指令: Az=92.00°, El=27.05°
[Laser] No valid laser distance, use mono distance

[Phase 1: 视觉解析] 收到目标 cx=2357.3, cy=1357.1, mono=228.2m -> 解算绝对角度: Az=1.99°, El=27.23°
[Phase 3: 预测控制] 目标当前估算Az=2.08°, 速度=-0.72°/s
                   -> 打提前量(0.25s后)Az=1.90°, El=27.03° | 下发云台指令: Az=91.90°, El=27.03°

[Phase 1: 视觉解析] 收到目标 cx=2337.3, cy=1363.1, mono=226.9m -> 解算绝对角度: Az=1.90°, El=27.20°
[Phase 3: 预测控制] 目标当前估算Az=1.99°, 速度=-0.76°/s
                   -> 打提前量(0.25s后)Az=1.80°, El=27.01° | 下发云台指令: Az=91.80°, El=27.01°

[Phase 1: 视觉解析] 收到目标 cx=2317.5, cy=1368.2, mono=225.6m -> 解算绝对角度: Az=1.81°, El=27.18°
[Phase 3: 预测控制] 目标当前估算Az=1.90°, 速度=-0.80°/s
                   -> 打提前量(0.25s后)Az=1.70°, El=27.00° | 下发云台指令: Az=91.70°, El=27.00°
[Laser] No valid laser distance, use mono distance

[Phase 1: 视觉解析] 收到目标 cx=2297.4, cy=1373.2, mono=224.4m -> 解算绝对角度: Az=1.72°, El=27.16°
[Phase 3: 预测控制] 目标当前估算Az=1.80°, 速度=-0.84°/s
                   -> 打提前量(0.25s后)Az=1.59°, El=26.99° | 下发云台指令: Az=91.59°, El=26.99°

[Phase 1: 视觉解析] 收到目标 cx=2276.9, cy=1375.9, mono=223.2m -> 解算绝对角度: Az=1.63°, El=27.14°
[Phase 3: 预测控制] 目标当前估算Az=1.71°, 速度=-0.87°/s
                   -> 打提前量(0.25s后)Az=1.49°, El=26.98° | 下发云台指令: Az=91.49°, El=26.98°
[Laser] No valid laser distance, use mono distance

[Phase 1: 视觉解析] 收到目标 cx=2255.6, cy=1377.9, mono=222.0m -> 解算绝对角度: Az=1.53°, El=27.13°
[Phase 3: 预测控制] 目标当前估算Az=1.61°, 速度=-0.91°/s
                   -> 打提前量(0.25s后)Az=1.38°, El=26.98° | 下发云台指令: Az=91.38°, El=26.98°

[Phase 1: 视觉解析] 收到目标 cx=2232.5, cy=1379.7, mono=220.9m -> 解算绝对角度: Az=1.42°, El=27.13°
[Phase 3: 预测控制] 目标当前估算Az=1.51°, 速度=-0.95°/s
                   -> 打提前量(0.25s后)Az=1.27°, El=26.98° | 下发云台指令: Az=91.27°, El=26.98°
[Laser] No valid laser distance, use mono distance

[Phase 1: 视觉解析] 收到目标 cx=2211.9, cy=1379.3, mono=219.8m -> 解算绝对角度: Az=1.33°, El=27.13°
[Phase 3: 预测控制] 目标当前估算Az=1.40°, 速度=-0.98°/s
                   -> 打提前量(0.25s后)Az=1.16°, El=26.99° | 下发云台指令: Az=91.16°, El=26.99°

[Phase 1: 视觉解析] 收到目标 cx=2189.0, cy=1379.7, mono=218.8m -> 解算绝对角度: Az=1.23°, El=27.13°
[Phase 3: 预测控制] 目标当前估算Az=1.30°, 速度=-1.01°/s
                   -> 打提前量(0.25s后)Az=1.05°, El=27.00° | 下发云台指令: Az=91.05°, El=27.00°
[Laser] No valid laser distance, use mono distance

[Phase 1: 视觉解析] 收到目标 cx=2165.6, cy=1377.7, mono=217.8m -> 解算绝对角度: Az=1.12°, El=27.14°
[Phase 3: 预测控制] 目标当前估算Az=1.19°, 速度=-1.04°/s
                   -> 打提前量(0.25s后)Az=0.93°, El=27.02° | 下发云台指令: Az=90.93°, El=27.02°

[Phase 1: 视觉解析] 收到目标 cx=2142.7, cy=1376.1, mono=216.9m -> 解算绝对角度: Az=1.02°, El=27.14°
[Phase 3: 预测控制] 目标当前估算Az=1.08°, 速度=-1.07°/s
                   -> 打提前量(0.25s后)Az=0.81°, El=27.04° | 下发云台指令: Az=90.81°, El=27.04°
[Laser] No valid laser distance, use mono distance

[Phase 1: 视觉解析] 收到目标 cx=2119.1, cy=1373.0, mono=216.0m -> 解算绝对角度: Az=0.91°, El=27.16°
[Phase 3: 预测控制] 目标当前估算Az=0.97°, 速度=-1.10°/s
                   -> 打提前量(0.25s后)Az=0.70°, El=27.06° | 下发云台指令: Az=90.70°, El=27.06°

[Phase 1: 视觉解析] 收到目标 cx=2096.1, cy=1368.7, mono=215.2m -> 解算绝对角度: Az=0.80°, El=27.18°
[Phase 3: 预测控制] 目标当前估算Az=0.86°, 速度=-1.13°/s
                   -> 打提前量(0.25s后)Az=0.58°, El=27.09° | 下发云台指令: Az=90.58°, El=27.09°
[Laser] No valid laser distance, use mono distance

[Phase 1: 视觉解析] 收到目标 cx=2072.2, cy=1363.9, mono=214.4m -> 解算绝对角度: Az=0.69°, El=27.20°
[Phase 3: 预测控制] 目标当前估算Az=0.75°, 速度=-1.15°/s
                   -> 打提前量(0.25s后)Az=0.46°, El=27.13° | 下发云台指令: Az=90.46°, El=27.13°

[Phase 1: 视觉解析] 收到目标 cx=2047.9, cy=1357.9, mono=213.7m -> 解算绝对角度: Az=0.58°, El=27.23°
[Phase 3: 预测控制] 目标当前估算Az=0.64°, 速度=-1.18°/s
                   -> 打提前量(0.25s后)Az=0.34°, El=27.16° | 下发云台指令: Az=90.34°, El=27.16°
[Laser] No valid laser distance, use mono distance

[Phase 1: 视觉解析] 收到目标 cx=2023.8, cy=1351.7, mono=213.1m -> 解算绝对角度: Az=0.47°, El=27.25°
[Phase 3: 预测控制] 目标当前估算Az=0.53°, 速度=-1.20°/s
                   -> 打提前量(0.25s后)Az=0.22°, El=27.21° | 下发云台指令: Az=90.22°, El=27.21°

[Phase 1: 视觉解析] 收到目标 cx=2000.4, cy=1343.6, mono=212.5m -> 解算绝对角度: Az=0.37°, El=27.29°
[Phase 3: 预测控制] 目标当前估算Az=0.41°, 速度=-1.22°/s
                   -> 打提前量(0.25s后)Az=0.11°, El=27.25° | 下发云台指令: Az=90.11°, El=27.25°
[Laser] No valid laser distance, use mono distance

[Phase 1: 视觉解析] 收到目标 cx=1975.4, cy=1335.4, mono=212.0m -> 解算绝对角度: Az=0.25°, El=27.33°
[Phase 3: 预测控制] 目标当前估算Az=0.30°, 速度=-1.24°/s
                   -> 打提前量(0.25s后)Az=359.99°, El=27.31° | 下发云台指令: Az=89.99°, El=27.31°

[Phase 1: 视觉解析] 收到目标 cx=1951.1, cy=1327.2, mono=211.5m -> 解算绝对角度: Az=0.14°, El=27.37°
[Phase 3: 预测控制] 目标当前估算Az=0.18°, 速度=-1.26°/s
                   -> 打提前量(0.25s后)Az=359.87°, El=27.36° | 下发云台指令: Az=89.87°, El=27.36°
[Laser] No valid laser distance, use mono distance

[Phase 1: 视觉解析] 收到目标 cx=1925.9, cy=1316.5, mono=211.1m -> 解算绝对角度: Az=0.03°, El=27.42°
[Phase 3: 预测控制] 目标当前估算Az=0.07°, 速度=-1.28°/s
                   -> 打提前量(0.25s后)Az=359.75°, El=27.42° | 下发云台指令: Az=89.75°, El=27.42°

[Phase 1: 视觉解析] 收到目标 cx=1902.5, cy=1306.2, mono=210.8m -> 解算绝对角度: Az=359.92°, El=27.46°
[Phase 3: 预测控制] 目标当前估算Az=359.95°, 速度=-1.29°/s
                   -> 打提前量(0.25s后)Az=359.63°, El=27.48° | 下发云台指令: Az=89.63°, El=27.48°
[Laser] No valid laser distance, use mono distance

[Phase 1: 视觉解析] 收到目标 cx=1878.0, cy=1295.6, mono=210.5m -> 解算绝对角度: Az=359.81°, El=27.51°
[Phase 3: 预测控制] 目标当前估算Az=359.84°, 速度=-1.31°/s
                   -> 打提前量(0.25s后)Az=359.51°, El=27.54° | 下发云台指令: Az=89.51°, El=27.54°

[Phase 1: 视觉解析] 收到目标 cx=1853.4, cy=1283.3, mono=210.3m -> 解算绝对角度: Az=359.70°, El=27.57°
[Phase 3: 预测控制] 目标当前估算Az=359.72°, 速度=-1.32°/s
                   -> 打提前量(0.25s后)Az=359.39°, El=27.61° | 下发云台指令: Az=89.39°, El=27.61°
[Laser] No valid laser distance, use mono distance

[Phase 1: 视觉解析] 收到目标 cx=1828.7, cy=1272.1, mono=210.1m -> 解算绝对角度: Az=359.58°, El=27.62°
[Phase 3: 预测控制] 目标当前估算Az=359.61°, 速度=-1.33°/s
                   -> 打提前量(0.25s后)Az=359.28°, El=27.67° | 下发云台指令: Az=89.28°, El=27.67°

[Phase 1: 视觉解析] 收到目标 cx=1804.2, cy=1258.8, mono=210.0m -> 解算绝对角度: Az=359.47°, El=27.68°
[Phase 3: 预测控制] 目标当前估算Az=359.49°, 速度=-1.34°/s
                   -> 打提前量(0.25s后)Az=359.16°, El=27.74° | 下发云台指令: Az=89.16°, El=27.74°
[Laser] No valid laser distance, use mono distance

[Phase 1: 视觉解析] 收到目标 cx=1780.7, cy=1245.4, mono=210.0m -> 解算绝对角度: Az=359.37°, El=27.74°
[Phase 3: 预测控制] 目标当前估算Az=359.38°, 速度=-1.35°/s
                   -> 打提前量(0.25s后)Az=359.04°, El=27.82° | 下发云台指令: Az=89.04°, El=27.82°

[Phase 1: 视觉解析] 收到目标 cx=1756.4, cy=1231.0, mono=210.0m -> 解算绝对角度: Az=359.25°, El=27.81°
[Phase 3: 预测控制] 目标当前估算Az=359.27°, 速度=-1.35°/s
                   -> 打提前量(0.25s后)Az=358.93°, El=27.89° | 下发云台指令: Az=88.93°, El=27.89°
[Laser] No valid laser distance, use mono distance

[Phase 1: 视觉解析] 收到目标 cx=1733.0, cy=1217.0, mono=210.1m -> 解算绝对角度: Az=359.15°, El=27.87°
[Phase 3: 预测控制] 目标当前估算Az=359.16°, 速度=-1.36°/s
                   -> 打提前量(0.25s后)Az=358.82°, El=27.97° | 下发云台指令: Az=88.82°, El=27.97°

[Phase 1: 视觉解析] 收到目标 cx=1709.3, cy=1201.3, mono=210.3m -> 解算绝对角度: Az=359.04°, El=27.94°
[Phase 3: 预测控制] 目标当前估算Az=359.05°, 速度=-1.36°/s
                   -> 打提前量(0.25s后)Az=358.71°, El=28.05° | 下发云台指令: Az=88.71°, El=28.05°
[Laser] No valid laser distance, use mono distance

[Phase 1: 视觉解析] 收到目标 cx=1687.0, cy=1186.4, mono=210.5m -> 解算绝对角度: Az=358.94°, El=28.01°
[Phase 2: 目标调度] 基于威胁度(v=1.5°/s, dist=0.2°) 成功锁定目标 ID: 1. 准备交由云台跟踪!
[Phase 3: 预测控制] 目标当前估算Az=358.94°, 速度=-1.36°/s
                   -> 打提前量(0.25s后)Az=358.60°, El=28.13° | 下发云台指令: Az=88.60°, El=28.13°

[Phase 1: 视觉解析] 收到目标 cx=1662.9, cy=1170.7, mono=210.8m -> 解算绝对角度: Az=358.83°, El=28.08°
[Phase 3: 预测控制] 目标当前估算Az=358.83°, 速度=-1.36°/s
                   -> 打提前量(0.25s后)Az=358.49°, El=28.21° | 下发云台指令: Az=88.49°, El=28.21°
[Laser] No valid laser distance, use mono distance

[Phase 1: 视觉解析] 收到目标 cx=1640.4, cy=1155.5, mono=211.2m -> 解算绝对角度: Az=358.73°, El=28.15°
[Phase 3: 预测控制] 目标当前估算Az=358.72°, 速度=-1.36°/s
                   -> 打提前量(0.25s后)Az=358.38°, El=28.29° | 下发云台指令: Az=88.38°, El=28.29°

[Phase 1: 视觉解析] 收到目标 cx=1618.1, cy=1138.7, mono=211.6m -> 解算绝对角度: Az=358.62°, El=28.23°
[Phase 3: 预测控制] 目标当前估算Az=358.62°, 速度=-1.36°/s
                   -> 打提前量(0.25s后)Az=358.28°, El=28.38° | 下发云台指令: Az=88.28°, El=28.38°
[Laser] No valid laser distance, use mono distance

[Phase 1: 视觉解析] 收到目标 cx=1596.3, cy=1122.7, mono=212.1m -> 解算绝对角度: Az=358.52°, El=28.30°
[Phase 3: 预测控制] 目标当前估算Az=358.51°, 速度=-1.35°/s
                   -> 打提前量(0.25s后)Az=358.17°, El=28.46° | 下发云台指令: Az=88.17°, El=28.46°

[Phase 1: 视觉解析] 收到目标 cx=1574.7, cy=1106.1, mono=212.6m -> 解算绝对角度: Az=358.43°, El=28.38°
[Phase 3: 预测控制] 目标当前估算Az=358.41°, 速度=-1.34°/s
                   -> 打提前量(0.25s后)Az=358.07°, El=28.55° | 下发云台指令: Az=88.07°, El=28.55°
[Laser] No valid laser distance, use mono distance[Stats] recv_objs_total=284, recv_unique_boxes=284 | ui_send_total=282, ui_unique_ids=1, ui_id_counts=1:282


[Phase 1: 视觉解析] 收到目标 cx=1553.6, cy=1089.7, mono=213.2m -> 解算绝对角度: Az=358.33°, El=28.46°
[Phase 3: 预测控制] 目标当前估算Az=358.31°, 速度=-1.33°/s
                   -> 打提前量(0.25s后)Az=357.98°, El=28.63° | 下发云台指令: Az=87.98°, El=28.63°

[Phase 1: 视觉解析] 收到目标 cx=1533.2, cy=1072.8, mono=213.9m -> 解算绝对角度: Az=358.24°, El=28.53°
[Phase 3: 预测控制] 目标当前估算Az=358.21°, 速度=-1.32°/s
                   -> 打提前量(0.25s后)Az=357.88°, El=28.72° | 下发云台指令: Az=87.88°, El=28.72°
[Laser] No valid laser distance, use mono distance

[Phase 1: 视觉解析] 收到目标 cx=1513.3, cy=1056.4, mono=214.6m -> 解算绝对角度: Az=358.15°, El=28.61°
[Phase 3: 预测控制] 目标当前估算Az=358.12°, 速度=-1.31°/s
                   -> 打提前量(0.25s后)Az=357.79°, El=28.80° | 下发云台指令: Az=87.79°, El=28.80°

[Phase 1: 视觉解析] 收到目标 cx=1493.2, cy=1040.1, mono=215.4m -> 解算绝对角度: Az=358.05°, El=28.68°
[Phase 3: 预测控制] 目标当前估算Az=358.02°, 速度=-1.30°/s
                   -> 打提前量(0.25s后)Az=357.70°, El=28.88° | 下发云台指令: Az=87.70°, El=28.88°
[Laser] No valid laser distance, use mono distance

[Phase 1: 视觉解析] 收到目标 cx=1473.6, cy=1024.2, mono=216.2m -> 解算绝对角度: Az=357.97°, El=28.76°
[Phase 3: 预测控制] 目标当前估算Az=357.93°, 速度=-1.28°/s
                   -> 打提前量(0.25s后)Az=357.61°, El=28.96° | 下发云台指令: Az=87.61°, El=28.96°

[Phase 1: 视觉解析] 收到目标 cx=1455.4, cy=1007.5, mono=217.1m -> 解算绝对角度: Az=357.88°, El=28.83°
[Phase 3: 预测控制] 目标当前估算Az=357.84°, 速度=-1.26°/s
                   -> 打提前量(0.25s后)Az=357.53°, El=29.04° | 下发云台指令: Az=87.53°, El=29.04°
[Laser] No valid laser distance, use mono distance

[Phase 1: 视觉解析] 收到目标 cx=1437.2, cy=992.5, mono=218.0m -> 解算绝对角度: Az=357.80°, El=28.90°
[Phase 3: 预测控制] 目标当前估算Az=357.76°, 速度=-1.24°/s
                   -> 打提前量(0.25s后)Az=357.45°, El=29.12° | 下发云台指令: Az=87.45°, El=29.12°

[Phase 1: 视觉解析] 收到目标 cx=1420.4, cy=977.1, mono=219.0m -> 解算绝对角度: Az=357.72°, El=28.97°
[Phase 3: 预测控制] 目标当前估算Az=357.68°, 速度=-1.22°/s
                   -> 打提前量(0.25s后)Az=357.37°, El=29.19° | 下发云台指令: Az=87.37°, El=29.19°
[Laser] No valid laser distance, use mono distance

[Phase 1: 视觉解析] 收到目标 cx=1403.4, cy=961.2, mono=220.1m -> 解算绝对角度: Az=357.65°, El=29.04°
[Phase 3: 预测控制] 目标当前估算Az=357.60°, 速度=-1.20°/s
                   -> 打提前量(0.25s后)Az=357.30°, El=29.26° | 下发云台指令: Az=87.30°, El=29.26°

[Phase 1: 视觉解析] 收到目标 cx=1386.4, cy=946.1, mono=221.1m -> 解算绝对角度: Az=357.57°, El=29.11°
[Phase 3: 预测控制] 目标当前估算Az=357.52°, 速度=-1.18°/s
                   -> 打提前量(0.25s后)Az=357.22°, El=29.34° | 下发云台指令: Az=87.22°, El=29.34°
[Laser] No valid laser distance, use mono distance

[Phase 1: 视觉解析] 收到目标 cx=1371.4, cy=930.9, mono=222.3m -> 解算绝对角度: Az=357.50°, El=29.18°
[Phase 3: 预测控制] 目标当前估算Az=357.44°, 速度=-1.15°/s
                   -> 打提前量(0.25s后)Az=357.16°, El=29.41° | 下发云台指令: Az=87.16°, El=29.41°

[Phase 1: 视觉解析] 收到目标 cx=1356.7, cy=917.3, mono=223.4m -> 解算绝对角度: Az=357.43°, El=29.25°
[Phase 3: 预测控制] 目标当前估算Az=357.37°, 速度=-1.13°/s
                   -> 打提前量(0.25s后)Az=357.09°, El=29.47° | 下发云台指令: Az=87.09°, El=29.47°
[Laser] No valid laser distance, use mono distance

[Phase 1: 视觉解析] 收到目标 cx=1342.3, cy=903.8, mono=224.7m -> 解算绝对角度: Az=357.37°, El=29.31°
[Phase 3: 预测控制] 目标当前估算Az=357.31°, 速度=-1.10°/s
                   -> 打提前量(0.25s后)Az=357.03°, El=29.54° | 下发云台指令: Az=87.03°, El=29.54°

[Phase 1: 视觉解析] 收到目标 cx=1328.6, cy=890.4, mono=225.9m -> 解算绝对角度: Az=357.30°, El=29.37°
[Phase 3: 预测控制] 目标当前估算Az=357.24°, 速度=-1.07°/s
                   -> 打提前量(0.25s后)Az=356.97°, El=29.60° | 下发云台指令: Az=86.97°, El=29.60°
[Laser] No valid laser distance, use mono distance

[Phase 1: 视觉解析] 收到目标 cx=1316.2, cy=878.0, mono=227.2m -> 解算绝对角度: Az=357.25°, El=29.43°
[Phase 3: 预测控制] 目标当前估算Az=357.18°, 速度=-1.04°/s
                   -> 打提前量(0.25s后)Az=356.92°, El=29.65° | 下发云台指令: Az=86.92°, El=29.65°
