[Log] stdout/stderr -> logs/main_tracking_v9_20260416_122543.log
[Init] Connecting to Gimbal at /dev/ttyUSB0...
[GT06Z] Driver Ready on /dev/ttyUSB0.
[Adapter] GT06Z 云台已连接: /dev/ttyUSB0
[Init] Real laser enabled on /dev/ttyUSB1
[Init] Queue gimbal initial posture: Az=90.00°, El=0.00°
[GimbalThread] 控制线程已启动
[LaserThread] 激光读取线程已启动
=== System V9.0 (Predictive Tracking & Scheduling) Running ===[Net] Listening RK3588 on 8888...

[Laser] start_measurement mode=continuous
[GimbalCmd] cmd_id=0, track_id=-1, target_ctrl=(Az=90.00°, El=0.00°)
[GimbalAtt] cmd_id=0, elapsed=0.801s, actual_ctrl=(Az=89.90°, El=-0.00°), actual_ui=(Az=359.90°, El=-0.00°), target_ctrl=(Az=90.00°, El=0.00°), err=(dAz=0.10°, dEl=0.00°)
[GimbalSettled] cmd_id=0, track_id=-1, settle_time=0.801s, actual_ctrl=(Az=89.90°, El=-0.00°), target_ctrl=(Az=90.00°, El=0.00°), err=(dAz=0.10°, dEl=0.00°)
[Laser] Triggered cmd_id=0, track_id=-1, dist=4.50m, interval=first

[Phase 1: 视觉解析] 收到目标 cx=700.0, cy=1080.0, mono=320.0m -> 解算绝对角度: Az=354.44°, El=28.50°
[Stats] recv_objs_total=1, recv_unique_boxes=1 | ui_send_total=0, ui_unique_ids=0, ui_id_counts=none

[Phase 1: 视觉解析] 收到目标 cx=754.9, cy=1080.0, mono=320.0m -> 解算绝对角度: Az=354.69°, El=28.50°

[Phase 1: 视觉解析] 收到目标 cx=809.8, cy=1080.0, mono=320.0m -> 解算绝对角度: Az=354.94°, El=28.50°
[TargetAcquire] reason=initial_acquire, master_id=1, score=-27.28, candidates=id=1, score=-27.28, speed=0.29deg/s, dist=28.97deg, hits=3, stab=1.11
[Phase 3: 预测控制] 目标当前估算Az=354.72°, 速度=0.29°/s
                   -> 打提前量(0.25s后)Az=354.79°, El=28.50° | 下发云台指令: Az=84.79°, El=28.50°

[Phase 1: 视觉解析] 收到目标 cx=864.7, cy=1080.0, mono=320.0m -> 解算绝对角度: Az=355.19°, El=28.50°
[Phase 3: 预测控制] 目标当前估算Az=354.91°, 速度=0.67°/s
                   -> 打提前量(0.25s后)Az=355.08°, El=28.50° | 下发云台指令: Az=85.08°, El=28.50°

[Phase 1: 视觉解析] 收到目标 cx=919.6, cy=1080.0, mono=320.0m -> 解算绝对角度: Az=355.44°, El=28.50°
[Phase 3: 预测控制] 目标当前估算Az=355.12°, 速度=1.08°/s
                   -> 打提前量(0.25s后)Az=355.39°, El=28.50° | 下发云台指令: Az=85.39°, El=28.50°

[Phase 1: 视觉解析] 收到目标 cx=974.5, cy=1080.0, mono=320.0m -> 解算绝对角度: Az=355.69°, El=28.50°
[Phase 3: 预测控制] 目标当前估算Az=355.36°, 速度=1.51°/s
                   -> 打提前量(0.25s后)Az=355.73°, El=28.50° | 下发云台指令: Az=85.73°, El=28.50°

[Phase 1: 视觉解析] 收到目标 cx=1029.4, cy=1080.0, mono=320.0m -> 解算绝对角度: Az=355.94°, El=28.50°
[GimbalCmd] cmd_id=4, track_id=1, target_ctrl=(Az=85.73°, El=28.50°)[Phase 3: 预测控制] 目标当前估算Az=355.63°, 速度=1.91°/s

                   -> 打提前量(0.25s后)Az=356.11°, El=28.50° | 下发云台指令: Az=86.11°, El=28.50°

[Phase 1: 视觉解析] 收到目标 cx=1084.3, cy=1080.0, mono=320.0m -> 解算绝对角度: Az=356.19°, El=28.50°
[Phase 3: 预测控制] 目标当前估算Az=355.91°, 速度=2.26°/s
                   -> 打提前量(0.25s后)Az=356.47°, El=28.50° | 下发云台指令: Az=86.47°, El=28.50°

[Phase 1: 视觉解析] 收到目标 cx=1139.2, cy=1080.0, mono=320.0m -> 解算绝对角度: Az=356.44°, El=28.50°
[Phase 3: 预测控制] 目标当前估算Az=356.20°, 速度=2.53°/s
                   -> 打提前量(0.25s后)Az=356.84°, El=28.50° | 下发云台指令: Az=86.84°, El=28.50°

[Phase 1: 视觉解析] 收到目标 cx=1194.1, cy=1080.0, mono=320.0m -> 解算绝对角度: Az=356.69°, El=28.50°
[Phase 3: 预测控制] 目标当前估算Az=356.47°, 速度=2.75°/s
                   -> 打提前量(0.25s后)Az=357.16°, El=28.50° | 下发云台指令: Az=87.16°, El=28.50°
[GimbalAtt] cmd_id=4, elapsed=0.043s, actual_ctrl=(Az=89.20°, El=0.10°), actual_ui=(Az=359.20°, El=0.10°), target_ctrl=(Az=85.73°, El=28.50°), err=(dAz=3.47°, dEl=28.40°)
[GimbalCmd] preempt cmd_id=8, track_id=1, mode=axis_update, axes=Az, target_ctrl=(Az=87.16°, El=28.50°), delta=(dAz=1.43°, dEl=0.00°, total=1.43°)

[Phase 1: 视觉解析] 收到目标 cx=1249.0, cy=1080.0, mono=320.0m -> 解算绝对角度: Az=356.94°, El=28.50°
[Phase 3: 预测控制] 目标当前估算Az=356.75°, 速度=2.93°/s
                   -> 打提前量(0.25s后)Az=357.48°, El=28.50° | 下发云台指令: Az=87.48°, El=28.50°

[Phase 1: 视觉解析] 收到目标 cx=1303.9, cy=1080.0, mono=320.0m -> 解算绝对角度: Az=357.19°, El=28.50°
[Phase 3: 预测控制] 目标当前估算Az=357.03°, 速度=3.07°/s
                   -> 打提前量(0.25s后)Az=357.79°, El=28.50° | 下发云台指令: Az=87.79°, El=28.50°

[Phase 1: 视觉解析] 收到目标 cx=1358.8, cy=1080.0, mono=320.0m -> 解算绝对角度: Az=357.44°, El=28.50°
[Phase 3: 预测控制] 目标当前估算Az=357.29°, 速度=3.19°/s
                   -> 打提前量(0.25s后)Az=358.09°, El=28.50° | 下发云台指令: Az=88.09°, El=28.50°

[Phase 1: 视觉解析] 收到目标 cx=1413.7, cy=1080.0, mono=320.0m -> 解算绝对角度: Az=357.69°, El=28.50°
[Phase 3: 预测控制] 目标当前估算Az=357.58°, 速度=3.27°/s
                   -> 打提前量(0.25s后)Az=358.40°, El=28.50° | 下发云台指令: Az=88.40°, El=28.50°

[Phase 1: 视觉解析] 收到目标 cx=1468.6, cy=1080.0, mono=320.0m -> 解算绝对角度: Az=357.94°, El=28.50°
[Phase 3: 预测控制] 目标当前估算Az=357.84°, 速度=3.35°/s
                   -> 打提前量(0.25s后)Az=358.67°, El=28.50° | 下发云台指令: Az=88.67°, El=28.50°
[GimbalAtt] cmd_id=8, elapsed=0.000s, actual_ctrl=(Az=89.20°, El=1.20°), actual_ui=(Az=359.20°, El=1.20°), target_ctrl=(Az=87.16°, El=28.50°), err=(dAz=2.04°, dEl=27.30°)
[GimbalCmd] preempt cmd_id=13, track_id=1, mode=axis_update, axes=Az, target_ctrl=(Az=88.67°, El=28.50°), delta=(dAz=1.51°, dEl=0.00°, total=1.51°)

[Phase 1: 视觉解析] 收到目标 cx=1523.5, cy=1080.0, mono=320.0m -> 解算绝对角度: Az=358.19°, El=28.50°
[Phase 3: 预测控制] 目标当前估算Az=358.08°, 速度=3.42°/s
                   -> 打提前量(0.25s后)Az=358.93°, El=28.50° | 下发云台指令: Az=88.93°, El=28.50°

[Phase 1: 视觉解析] 收到目标 cx=1578.4, cy=1080.0, mono=320.0m -> 解算绝对角度: Az=358.44°, El=28.50°
[Phase 3: 预测控制] 目标当前估算Az=358.36°, 速度=3.47°/s
                   -> 打提前量(0.25s后)Az=359.23°, El=28.50° | 下发云台指令: Az=89.23°, El=28.50°

[Phase 1: 视觉解析] 收到目标 cx=1633.3, cy=1080.0, mono=320.0m -> 解算绝对角度: Az=358.69°, El=28.50°
[Phase 3: 预测控制] 目标当前估算Az=358.62°, 速度=3.51°/s
                   -> 打提前量(0.25s后)Az=359.50°, El=28.50° | 下发云台指令: Az=89.50°, El=28.50°

[Phase 1: 视觉解析] 收到目标 cx=1688.2, cy=1080.0, mono=320.0m -> 解算绝对角度: Az=358.94°, El=28.50°
[Phase 3: 预测控制] 目标当前估算Az=358.87°, 速度=3.55°/s
                   -> 打提前量(0.25s后)Az=359.76°, El=28.50° | 下发云台指令: Az=89.76°, El=28.50°
[GimbalAtt] cmd_id=13, elapsed=0.000s, actual_ctrl=(Az=87.80°, El=4.00°), actual_ui=(Az=357.80°, El=4.00°), target_ctrl=(Az=88.67°, El=28.50°), err=(dAz=0.87°, dEl=24.50°)
[GimbalCmd] preempt cmd_id=17, track_id=1, mode=axis_update, axes=Az, target_ctrl=(Az=89.76°, El=28.50°), delta=(dAz=1.09°, dEl=0.00°, total=1.09°)

[Phase 1: 视觉解析] 收到目标 cx=1743.1, cy=1080.0, mono=320.0m -> 解算绝对角度: Az=359.19°, El=28.50°
[Phase 3: 预测控制] 目标当前估算Az=359.14°, 速度=3.58°/s
                   -> 打提前量(0.25s后)Az=0.03°, El=28.50° | 下发云台指令: Az=90.03°, El=28.50°

[Phase 1: 视觉解析] 收到目标 cx=1798.0, cy=1080.0, mono=320.0m -> 解算绝对角度: Az=359.44°, El=28.50°
[Phase 3: 预测控制] 目标当前估算Az=359.39°, 速度=3.61°/s
                   -> 打提前量(0.25s后)Az=0.29°, El=28.50° | 下发云台指令: Az=90.29°, El=28.50°

[Phase 1: 视觉解析] 收到目标 cx=1852.9, cy=1080.0, mono=320.0m -> 解算绝对角度: Az=359.69°, El=28.50°
[Phase 3: 预测控制] 目标当前估算Az=359.65°, 速度=3.63°/s
                   -> 打提前量(0.25s后)Az=0.56°, El=28.50° | 下发云台指令: Az=90.56°, El=28.50°

[Phase 1: 视觉解析] 收到目标 cx=1907.8, cy=1080.0, mono=320.0m -> 解算绝对角度: Az=359.94°, El=28.50°
[Phase 3: 预测控制] 目标当前估算Az=359.90°, 速度=3.66°/s
                   -> 打提前量(0.25s后)Az=0.82°, El=28.50° | 下发云台指令: Az=90.82°, El=28.50°
[GimbalAtt] cmd_id=17, elapsed=0.000s, actual_ctrl=(Az=88.50°, El=4.00°), actual_ui=(Az=358.50°, El=4.00°), target_ctrl=(Az=89.76°, El=28.50°), err=(dAz=1.26°, dEl=24.50°)
[GimbalCmd] preempt cmd_id=21, track_id=1, mode=axis_update, axes=Az, target_ctrl=(Az=90.82°, El=28.50°), delta=(dAz=1.06°, dEl=0.00°, total=1.06°)

[Phase 1: 视觉解析] 收到目标 cx=1962.7, cy=1080.0, mono=320.0m -> 解算绝对角度: Az=0.19°, El=28.50°
[Phase 3: 预测控制] 目标当前估算Az=0.19°, 速度=3.66°/s
                   -> 打提前量(0.25s后)Az=1.11°, El=28.50° | 下发云台指令: Az=91.11°, El=28.50°

[Phase 1: 视觉解析] 收到目标 cx=2017.6, cy=1080.0, mono=320.0m -> 解算绝对角度: Az=0.44°, El=28.50°
[Phase 3: 预测控制] 目标当前估算Az=0.42°, 速度=3.67°/s
                   -> 打提前量(0.25s后)Az=1.34°, El=28.50° | 下发云台指令: Az=91.34°, El=28.50°

[Phase 1: 视觉解析] 收到目标 cx=2072.5, cy=1080.0, mono=320.0m -> 解算绝对角度: Az=0.69°, El=28.50°
[TargetKeep] reason=lock_timer_expired, master_id=1, score=-17.02, candidates=id=1, score=-17.02, speed=3.68deg/s, dist=24.60deg, hits=26, stab=2.44, hold=1.15x
[Phase 3: 预测控制] 目标当前估算Az=0.68°, 速度=3.68°/s
                   -> 打提前量(0.25s后)Az=1.60°, El=28.50° | 下发云台指令: Az=91.60°, El=28.50°

[Phase 1: 视觉解析] 收到目标 cx=2127.4, cy=1080.0, mono=320.0m -> 解算绝对角度: Az=0.95°, El=28.50°
[Phase 3: 预测控制] 目标当前估算Az=0.92°, 速度=3.69°/s
                   -> 打提前量(0.25s后)Az=1.85°, El=28.50° | 下发云台指令: Az=91.85°, El=28.50°
[GimbalAtt] cmd_id=21, elapsed=0.000s, actual_ctrl=(Az=89.30°, El=11.30°), actual_ui=(Az=359.30°, El=11.30°), target_ctrl=(Az=90.82°, El=28.50°), err=(dAz=1.52°, dEl=17.20°)
[GimbalCmd] preempt cmd_id=25, track_id=1, mode=axis_update, axes=Az, target_ctrl=(Az=91.85°, El=28.50°), delta=(dAz=1.03°, dEl=0.00°, total=1.03°)

[Phase 1: 视觉解析] 收到目标 cx=2182.3, cy=1080.0, mono=320.0m -> 解算绝对角度: Az=1.20°, El=28.50°
[Phase 3: 预测控制] 目标当前估算Az=1.17°, 速度=3.70°/s
                   -> 打提前量(0.25s后)Az=2.09°, El=28.50° | 下发云台指令: Az=92.09°, El=28.50°

[Phase 1: 视觉解析] 收到目标 cx=2237.2, cy=1080.0, mono=320.0m -> 解算绝对角度: Az=1.45°, El=28.50°
[Phase 3: 预测控制] 目标当前估算Az=1.43°, 速度=3.71°/s
                   -> 打提前量(0.25s后)Az=2.36°, El=28.50° | 下发云台指令: Az=92.36°, El=28.50°

[Phase 1: 视觉解析] 收到目标 cx=2292.1, cy=1080.0, mono=320.0m -> 解算绝对角度: Az=1.70°, El=28.50°
[Phase 3: 预测控制] 目标当前估算Az=1.68°, 速度=3.72°/s
                   -> 打提前量(0.25s后)Az=2.61°, El=28.50° | 下发云台指令: Az=92.61°, El=28.50°

[Phase 1: 视觉解析] 收到目标 cx=2347.0, cy=1080.0, mono=320.0m -> 解算绝对角度: Az=1.95°, El=28.50°
[Phase 3: 预测控制] 目标当前估算Az=1.94°, 速度=3.73°/s
                   -> 打提前量(0.25s后)Az=2.87°, El=28.50° | 下发云台指令: Az=92.87°, El=28.50°

[Phase 1: 视觉解析] 收到目标 cx=2401.9, cy=1080.0, mono=320.0m -> 解算绝对角度: Az=2.20°, El=28.50°
[Phase 3: 预测控制] 目标当前估算Az=2.20°, 速度=3.73°/s
                   -> 打提前量(0.25s后)Az=3.13°, El=28.50° | 下发云台指令: Az=93.13°, El=28.50°
[Stats] recv_objs_total=32, recv_unique_boxes=32 | ui_send_total=30, ui_unique_ids=1, ui_id_counts=1:30

[Phase 1: 视觉解析] 收到目标 cx=2456.8, cy=1080.0, mono=320.0m -> 解算绝对角度: Az=2.45°, El=28.50°
[Phase 3: 预测控制] 目标当前估算Az=2.47°, 速度=3.72°/s
                   -> 打提前量(0.25s后)Az=3.40°, El=28.50° | 下发云台指令: Az=93.40°, El=28.50°
[GimbalAtt] cmd_id=25, elapsed=0.000s, actual_ctrl=(Az=89.30°, El=11.30°), actual_ui=(Az=359.30°, El=11.30°), target_ctrl=(Az=91.85°, El=28.50°), err=(dAz=2.55°, dEl=17.20°)
[GimbalCmd] preempt cmd_id=31, track_id=1, mode=axis_update, axes=Az, target_ctrl=(Az=93.40°, El=28.50°), delta=(dAz=1.55°, dEl=0.00°, total=1.55°)

[Phase 1: 视觉解析] 收到目标 cx=2511.7, cy=1080.0, mono=320.0m -> 解算绝对角度: Az=2.70°, El=28.50°
[Phase 3: 预测控制] 目标当前估算Az=2.67°, 速度=3.73°/s
                   -> 打提前量(0.25s后)Az=3.61°, El=28.50° | 下发云台指令: Az=93.61°, El=28.50°

[Phase 1: 视觉解析] 收到目标 cx=2566.6, cy=1080.0, mono=320.0m -> 解算绝对角度: Az=2.95°, El=28.50°
[Phase 3: 预测控制] 目标当前估算Az=2.94°, 速度=3.73°/s
                   -> 打提前量(0.25s后)Az=3.87°, El=28.50° | 下发云台指令: Az=93.87°, El=28.50°

[Phase 1: 视觉解析] 收到目标 cx=2621.5, cy=1080.0, mono=320.0m -> 解算绝对角度: Az=3.20°, El=28.50°
[Phase 3: 预测控制] 目标当前估算Az=3.18°, 速度=3.74°/s
                   -> 打提前量(0.25s后)Az=4.12°, El=28.50° | 下发云台指令: Az=94.12°, El=28.50°

[Phase 1: 视觉解析] 收到目标 cx=2676.4, cy=1080.0, mono=320.0m -> 解算绝对角度: Az=3.45°, El=28.50°
[Phase 3: 预测控制] 目标当前估算Az=3.44°, 速度=3.74°/s
                   -> 打提前量(0.25s后)Az=4.38°, El=28.50° | 下发云台指令: Az=94.38°, El=28.50°
[GimbalAtt] cmd_id=31, elapsed=0.000s, actual_ctrl=(Az=91.50°, El=21.50°), actual_ui=(Az=1.50°, El=21.50°), target_ctrl=(Az=93.40°, El=28.50°), err=(dAz=1.90°, dEl=7.00°)
[GimbalCmd] preempt cmd_id=35, track_id=1, mode=axis_update, axes=Az, target_ctrl=(Az=94.38°, El=28.50°), delta=(dAz=0.98°, dEl=0.00°, total=0.98°)

[Phase 1: 视觉解析] 收到目标 cx=2731.3, cy=1080.0, mono=320.0m -> 解算绝对角度: Az=3.70°, El=28.50°
[Phase 3: 预测控制] 目标当前估算Az=3.68°, 速度=3.75°/s
                   -> 打提前量(0.25s后)Az=4.62°, El=28.50° | 下发云台指令: Az=94.62°, El=28.50°

[Phase 1: 视觉解析] 收到目标 cx=2786.2, cy=1080.0, mono=320.0m -> 解算绝对角度: Az=3.95°, El=28.50°
[Phase 3: 预测控制] 目标当前估算Az=3.94°, 速度=3.75°/s
                   -> 打提前量(0.25s后)Az=4.88°, El=28.50° | 下发云台指令: Az=94.88°, El=28.50°

[Phase 1: 视觉解析] 收到目标 cx=2841.1, cy=1080.0, mono=320.0m -> 解算绝对角度: Az=4.20°, El=28.50°
[Phase 3: 预测控制] 目标当前估算Az=4.20°, 速度=3.75°/s
                   -> 打提前量(0.25s后)Az=5.14°, El=28.50° | 下发云台指令: Az=95.14°, El=28.50°
[GimbalAtt] cmd_id=35, elapsed=0.000s, actual_ctrl=(Az=91.50°, El=25.30°), actual_ui=(Az=1.50°, El=25.30°), target_ctrl=(Az=94.38°, El=28.50°), err=(dAz=2.88°, dEl=3.20°)
[GimbalCmd] preempt cmd_id=38, track_id=1, mode=axis_update, axes=Az, target_ctrl=(Az=95.14°, El=28.50°), delta=(dAz=0.76°, dEl=0.00°, total=0.76°)

[Phase 1: 视觉解析] 收到目标 cx=2896.0, cy=1080.0, mono=320.0m -> 解算绝对角度: Az=4.45°, El=28.50°
[Phase 3: 预测控制] 目标当前估算Az=4.44°, 速度=3.75°/s
                   -> 打提前量(0.25s后)Az=5.38°, El=28.50° | 下发云台指令: Az=95.38°, El=28.50°

[Phase 1: 视觉解析] 收到目标 cx=2950.9, cy=1080.0, mono=320.0m -> 解算绝对角度: Az=4.70°, El=28.50°
[Phase 3: 预测控制] 目标当前估算Az=4.69°, 速度=3.76°/s
                   -> 打提前量(0.25s后)Az=5.63°, El=28.50° | 下发云台指令: Az=95.63°, El=28.50°

[Phase 1: 视觉解析] 收到目标 cx=3005.8, cy=1080.0, mono=320.0m -> 解算绝对角度: Az=4.95°, El=28.50°
[Phase 3: 预测控制] 目标当前估算Az=4.95°, 速度=3.76°/s
                   -> 打提前量(0.25s后)Az=5.89°, El=28.50° | 下发云台指令: Az=95.89°, El=28.50°
[GimbalAtt] cmd_id=38, elapsed=0.000s, actual_ctrl=(Az=95.00°, El=27.40°), actual_ui=(Az=5.00°, El=27.40°), target_ctrl=(Az=95.14°, El=28.50°), err=(dAz=0.14°, dEl=1.10°)
[GimbalCmd] preempt cmd_id=41, track_id=1, mode=axis_update, axes=Az, target_ctrl=(Az=95.89°, El=28.50°), delta=(dAz=0.75°, dEl=0.00°, total=0.75°)

[Phase 1: 视觉解析] 收到目标 cx=3060.7, cy=1080.0, mono=320.0m -> 解算绝对角度: Az=5.20°, El=28.50°
[Phase 3: 预测控制] 目标当前估算Az=5.19°, 速度=3.76°/s
                   -> 打提前量(0.25s后)Az=6.13°, El=28.50° | 下发云台指令: Az=96.13°, El=28.50°

[Phase 1: 视觉解析] 收到目标 cx=3115.6, cy=1080.0, mono=320.0m -> 解算绝对角度: Az=5.45°, El=28.50°
[Phase 3: 预测控制] 目标当前估算Az=5.45°, 速度=3.76°/s
                   -> 打提前量(0.25s后)Az=6.39°, El=28.50° | 下发云台指令: Az=96.39°, El=28.50°

[Phase 1: 视觉解析] 收到目标 cx=3170.5, cy=1080.0, mono=320.0m -> 解算绝对角度: Az=5.70°, El=28.50°
[Phase 3: 预测控制] 目标当前估算Az=5.71°, 速度=3.76°/s
                   -> 打提前量(0.25s后)Az=6.64°, El=28.50° | 下发云台指令: Az=96.64°, El=28.50°

[Phase 1: 视觉解析] 收到目标 cx=3225.4, cy=1080.0, mono=320.0m -> 解算绝对角度: Az=5.95°, El=28.50°
[Phase 3: 预测控制] 目标当前估算Az=5.95°, 速度=3.76°/s
                   -> 打提前量(0.25s后)Az=6.89°, El=28.50° | 下发云台指令: Az=96.89°, El=28.50°
[GimbalAtt] cmd_id=41, elapsed=0.000s, actual_ctrl=(Az=95.00°, El=27.40°), actual_ui=(Az=5.00°, El=27.40°), target_ctrl=(Az=95.89°, El=28.50°), err=(dAz=0.89°, dEl=1.10°)
[GimbalCmd] preempt cmd_id=45, track_id=1, mode=axis_update, axes=Az, target_ctrl=(Az=96.89°, El=28.50°), delta=(dAz=1.00°, dEl=0.00°, total=1.00°)

[Phase 1: 视觉解析] 收到目标 cx=3280.3, cy=1080.0, mono=320.0m -> 解算绝对角度: Az=6.20°, El=28.50°
[Phase 3: 预测控制] 目标当前估算Az=6.20°, 速度=3.76°/s
                   -> 打提前量(0.25s后)Az=7.14°, El=28.50° | 下发云台指令: Az=97.14°, El=28.50°

[Phase 1: 视觉解析] 收到目标 cx=3335.2, cy=1080.0, mono=320.0m -> 解算绝对角度: Az=6.45°, El=28.50°
[TargetKeep] reason=lock_timer_expired, master_id=1, score=9.36, candidates=id=1, score=9.36, speed=3.76deg/s, dist=1.82deg, hits=49, stab=2.44, hold=1.15x
[Phase 3: 预测控制] 目标当前估算Az=6.45°, 速度=3.76°/s
                   -> 打提前量(0.25s后)Az=7.39°, El=28.50° | 下发云台指令: Az=97.39°, El=28.50°

[Phase 1: 视觉解析] 收到目标 cx=3390.1, cy=1080.0, mono=320.0m -> 解算绝对角度: Az=6.70°, El=28.50°
[Phase 3: 预测控制] 目标当前估算Az=6.70°, 速度=3.76°/s
                   -> 打提前量(0.25s后)Az=7.64°, El=28.50° | 下发云台指令: Az=97.64°, El=28.50°

[Phase 1: 视觉解析] 收到目标 cx=3445.0, cy=1080.0, mono=320.0m -> 解算绝对角度: Az=6.95°, El=28.50°
[Phase 3: 预测控制] 目标当前估算Az=6.96°, 速度=3.75°/s
                   -> 打提前量(0.25s后)Az=7.90°, El=28.50° | 下发云台指令: Az=97.90°, El=28.50°
[GimbalAtt] cmd_id=45, elapsed=0.000s, actual_ctrl=(Az=95.80°, El=28.60°), actual_ui=(Az=5.80°, El=28.60°), target_ctrl=(Az=96.89°, El=28.50°), err=(dAz=1.09°, dEl=0.10°)
[GimbalCmd] preempt cmd_id=49, track_id=1, mode=axis_update, axes=Az, target_ctrl=(Az=97.90°, El=28.50°), delta=(dAz=1.01°, dEl=0.00°, total=1.01°)

[Phase 1: 视觉解析] 收到目标 cx=3499.9, cy=1080.0, mono=320.0m -> 解算绝对角度: Az=7.20°, El=28.50°
[Phase 3: 预测控制] 目标当前估算Az=7.21°, 速度=3.75°/s
                   -> 打提前量(0.25s后)Az=8.15°, El=28.50° | 下发云台指令: Az=98.15°, El=28.50°

[Phase 1: 视觉解析] 收到目标 cx=3554.8, cy=1080.0, mono=320.0m -> 解算绝对角度: Az=7.45°, El=28.50°
[Phase 3: 预测控制] 目标当前估算Az=7.44°, 速度=3.75°/s
                   -> 打提前量(0.25s后)Az=8.38°, El=28.50° | 下发云台指令: Az=98.38°, El=28.50°

[Phase 1: 视觉解析] 收到目标 cx=3609.7, cy=1080.0, mono=320.0m -> 解算绝对角度: Az=7.70°, El=28.50°
[Phase 3: 预测控制] 目标当前估算Az=7.70°, 速度=3.75°/s
                   -> 打提前量(0.25s后)Az=8.64°, El=28.50° | 下发云台指令: Az=98.64°, El=28.50°

[Phase 1: 视觉解析] 收到目标 cx=3664.6, cy=1080.0, mono=320.0m -> 解算绝对角度: Az=7.95°, El=28.50°
[Phase 3: 预测控制] 目标当前估算Az=7.94°, 速度=3.76°/s
                   -> 打提前量(0.25s后)Az=8.88°, El=28.50° | 下发云台指令: Az=98.88°, El=28.50°
[GimbalAtt] cmd_id=49, elapsed=0.000s, actual_ctrl=(Az=96.70°, El=28.60°), actual_ui=(Az=6.70°, El=28.60°), target_ctrl=(Az=97.90°, El=28.50°), err=(dAz=1.20°, dEl=0.10°)
[GimbalCmd] preempt cmd_id=53, track_id=1, mode=axis_update, axes=Az, target_ctrl=(Az=98.88°, El=28.50°), delta=(dAz=0.98°, dEl=0.00°, total=0.98°)

[Phase 1: 视觉解析] 收到目标 cx=3719.5, cy=1080.0, mono=320.0m -> 解算绝对角度: Az=8.20°, El=28.50°
[Phase 3: 预测控制] 目标当前估算Az=8.20°, 速度=3.76°/s
                   -> 打提前量(0.25s后)Az=9.14°, El=28.50° | 下发云台指令: Az=99.14°, El=28.50°
[GimbalAtt] cmd_id=53, elapsed=0.000s, actual_ctrl=(Az=97.50°, El=28.60°), actual_ui=(Az=7.50°, El=28.60°), target_ctrl=(Az=98.88°, El=28.50°), err=(dAz=1.38°, dEl=0.10°)
[GimbalAtt] cmd_id=53, elapsed=0.262s, actual_ctrl=(Az=98.80°, El=28.60°), actual_ui=(Az=8.80°, El=28.60°), target_ctrl=(Az=98.88°, El=28.50°), err=(dAz=0.08°, dEl=0.10°)
[GimbalSettled] cmd_id=53, track_id=1, settle_time=0.262s, actual_ctrl=(Az=98.80°, El=28.60°), target_ctrl=(Az=98.88°, El=28.50°), err=(dAz=0.08°, dEl=0.10°)
[Laser] No valid laser distance, use mono distance
