[Log] stdout/stderr -> logs/main_tracking_v9_20260425_173025.log
[Init] Connecting to Gimbal at /dev/serial/by-path/platform-xhci-hcd.4.auto-usb-0:1.4.3:1.0-port0...
[GPS] Thread started, waiting for one valid fix on /dev/serial/by-path/platform-xhci-hcd.4.auto-usb-0:1.2:1.0-port0@115200, timeout=5s
[GT06Z] Driver Ready on /dev/serial/by-path/platform-xhci-hcd.4.auto-usb-0:1.4.3:1.0-port0.
[GPS] Searching satellites and waiting for valid latitude/longitude...[Adapter] GT06Z 云台已连接: /dev/serial/by-path/platform-xhci-hcd.4.auto-usb-0:1.4.3:1.0-port0

[GPS] GGA fix_quality=0, num_sats=00, hdop=9999.0, lat=0.0, lon=0.0
[Init] Real laser enabled on /dev/serial/by-path/platform-xhci-hcd.4.auto-usb-0:1.1:1.0-port0
[LaserThread] 激光读取线程已启动[Init] Queue gimbal initial posture: Az=90.00°, El=0.00°

[GimbalThread] 控制线程已启动
[Laser] start_measurement mode=continuous
=== System V9.0 (Predictive Tracking & Scheduling) Running ===[Net] Listening RK3588 on 8888...

[GimbalCmd] cmd_id=0, track_id=-1, target_ctrl=(Az=90.00°, El=0.00°)
[GimbalAtt] cmd_id=0, elapsed=0.322s, actual_ctrl=(Az=90.00°, El=-0.00°), actual_ui=(Az=0.00°, El=-0.00°), target_ctrl=(Az=90.00°, El=0.00°), err=(dAz=0.00°, dEl=0.00°)
[GimbalSettled] cmd_id=0, track_id=-1, settle_time=0.322s, actual_ctrl=(Az=90.00°, El=-0.00°), target_ctrl=(Az=90.00°, El=0.00°), err=(dAz=0.00°, dEl=0.00°)
[Laser] Triggered cmd_id=0, track_id=-1, dist=6.10m, interval=first
[GPS] GGA fix_quality=0, num_sats=00, hdop=9999.0, lat=0.0, lon=0.0
[GPS] GGA fix_quality=0, num_sats=00, hdop=9999.0, lat=0.0, lon=0.0
[GPS] GGA fix_quality=0, num_sats=00, hdop=9999.0, lat=0.0, lon=0.0
[GPS] GGA fix_quality=0, num_sats=00, hdop=9999.0, lat=0.0, lon=0.0
[GPS] GGA fix_quality=0, num_sats=00, hdop=9999.0, lat=0.0, lon=0.0
[GPS] Fix timeout/no valid location, sent default location to UI: source=no_fix, latitude=30.949700, longitude=104.307000
