[Log] stdout/stderr -> logs/main_tracking_v9_20260404_144937.log
[Init] Connecting to Gimbal at /dev/ttyUSB0...
[GT06Z] Driver Ready on /dev/ttyUSB0.
[Adapter] GT06Z 云台已连接: /dev/ttyUSB0
[Net] Listening RK3588 on 8888...
=== System V9.0 (Predictive Tracking & Scheduling) Running ===
[GimbalThread] 控制线程已启动

[Phase 1: 视觉解析] 收到目标 cx=1920.0, cy=1080.0, mono=320.0m -> 解算绝对角度: Az=0.00°, El=28.50°
[Stats] recv_objs_total=1, recv_unique_boxes=1 | ui_send_total=0, ui_unique_ids=0, ui_id_counts=none

[Phase 1: 视觉解析] 收到目标 cx=1920.0, cy=1080.0, mono=320.0m -> 解算绝对角度: Az=0.00°, El=28.50°

[Phase 1: 视觉解析] 收到目标 cx=1920.0, cy=1080.0, mono=320.0m -> 解算绝对角度: Az=0.00°, El=28.50°
[Phase 2: 目标调度] 基于威胁度(v=0.0°/s, dist=30.6°) 成功锁定目标 ID: 1. 准备交由云台跟踪!
[Phase 3: 预测控制] 目标当前估算Az=0.00°, 速度=0.00°/s
                   -> 打提前量(0.25s后)Az=0.00°, El=28.50° | 下发云台指令: Az=90.00°, El=28.50°
[GimbalCmd] cmd_id=1, track_id=1, target_ctrl=(Az=90.00°, El=28.50°)

[Phase 1: 视觉解析] 收到目标 cx=1920.0, cy=1080.0, mono=320.0m -> 解算绝对角度: Az=0.00°, El=28.50°
[Phase 3: 预测控制] 目标当前估算Az=0.00°, 速度=0.00°/s
                   -> 打提前量(0.25s后)Az=0.00°, El=28.50° | 下发云台指令: Az=90.00°, El=28.50°

[Phase 1: 视觉解析] 收到目标 cx=1920.0, cy=1080.0, mono=320.0m -> 解算绝对角度: Az=0.00°, El=28.50°
[Phase 3: 预测控制] 目标当前估算Az=0.00°, 速度=0.00°/s
                   -> 打提前量(0.25s后)Az=0.00°, El=28.50° | 下发云台指令: Az=90.00°, El=28.50°
[GimbalAtt] cmd_id=1, elapsed=0.001s, actual_ctrl=(Az=89.90°, El=-2.10°), actual_ui=(Az=359.90°, El=-2.10°), target_ctrl=(Az=90.00°, El=28.50°), err=(dAz=0.10°, dEl=30.60°)

[Phase 1: 视觉解析] 收到目标 cx=1920.0, cy=1080.0, mono=320.0m -> 解算绝对角度: Az=0.00°, El=28.50°
[Phase 3: 预测控制] 目标当前估算Az=0.00°, 速度=0.00°/s
                   -> 打提前量(0.25s后)Az=0.00°, El=28.50° | 下发云台指令: Az=90.00°, El=28.50°

[Phase 1: 视觉解析] 收到目标 cx=1920.0, cy=1080.0, mono=320.0m -> 解算绝对角度: Az=0.00°, El=28.50°
[Phase 3: 预测控制] 目标当前估算Az=0.00°, 速度=0.00°/s
                   -> 打提前量(0.25s后)Az=0.00°, El=28.50° | 下发云台指令: Az=90.00°, El=28.50°

[Phase 1: 视觉解析] 收到目标 cx=1920.0, cy=1080.0, mono=320.0m -> 解算绝对角度: Az=0.00°, El=28.50°
[Phase 3: 预测控制] 目标当前估算Az=0.00°, 速度=0.00°/s
                   -> 打提前量(0.25s后)Az=0.00°, El=28.50° | 下发云台指令: Az=90.00°, El=28.50°
[GimbalAtt] cmd_id=1, elapsed=0.263s, actual_ctrl=(Az=89.90°, El=-1.20°), actual_ui=(Az=359.90°, El=-1.20°), target_ctrl=(Az=90.00°, El=28.50°), err=(dAz=0.10°, dEl=29.70°)

[Phase 1: 视觉解析] 收到目标 cx=1920.0, cy=1080.0, mono=320.0m -> 解算绝对角度: Az=0.00°, El=28.50°
[Phase 3: 预测控制] 目标当前估算Az=0.00°, 速度=0.00°/s
                   -> 打提前量(0.25s后)Az=0.00°, El=28.50° | 下发云台指令: Az=90.00°, El=28.50°

[Phase 1: 视觉解析] 收到目标 cx=1920.0, cy=1080.0, mono=320.0m -> 解算绝对角度: Az=0.00°, El=28.50°
[Phase 3: 预测控制] 目标当前估算Az=0.00°, 速度=0.00°/s
                   -> 打提前量(0.25s后)Az=0.00°, El=28.50° | 下发云台指令: Az=90.00°, El=28.50°
[GimbalAtt] cmd_id=1, elapsed=0.524s, actual_ctrl=(Az=89.90°, El=0.60°), actual_ui=(Az=359.90°, El=0.60°), target_ctrl=(Az=90.00°, El=28.50°), err=(dAz=0.10°, dEl=27.90°)

[Phase 1: 视觉解析] 收到目标 cx=1920.0, cy=1080.0, mono=320.0m -> 解算绝对角度: Az=0.00°, El=28.50°
[Phase 3: 预测控制] 目标当前估算Az=0.00°, 速度=0.00°/s
                   -> 打提前量(0.25s后)Az=0.00°, El=28.50° | 下发云台指令: Az=90.00°, El=28.50°

[Phase 1: 视觉解析] 收到目标 cx=1920.0, cy=1080.0, mono=320.0m -> 解算绝对角度: Az=0.00°, El=28.50°
[Phase 3: 预测控制] 目标当前估算Az=0.00°, 速度=0.00°/s
                   -> 打提前量(0.25s后)Az=0.00°, El=28.50° | 下发云台指令: Az=90.00°, El=28.50°

[Phase 1: 视觉解析] 收到目标 cx=1920.0, cy=1080.0, mono=320.0m -> 解算绝对角度: Az=0.00°, El=28.50°
[Phase 3: 预测控制] 目标当前估算Az=0.00°, 速度=0.00°/s
                   -> 打提前量(0.25s后)Az=0.00°, El=28.50° | 下发云台指令: Az=90.00°, El=28.50°
[GimbalAtt] cmd_id=1, elapsed=0.786s, actual_ctrl=(Az=89.90°, El=3.20°), actual_ui=(Az=359.90°, El=3.20°), target_ctrl=(Az=90.00°, El=28.50°), err=(dAz=0.10°, dEl=25.30°)

[Phase 1: 视觉解析] 收到目标 cx=1920.0, cy=1080.0, mono=320.0m -> 解算绝对角度: Az=0.00°, El=28.50°
[Phase 3: 预测控制] 目标当前估算Az=0.00°, 速度=0.00°/s
                   -> 打提前量(0.25s后)Az=0.00°, El=28.50° | 下发云台指令: Az=90.00°, El=28.50°

[Phase 1: 视觉解析] 收到目标 cx=1920.0, cy=1080.0, mono=320.0m -> 解算绝对角度: Az=0.00°, El=28.50°
[Phase 3: 预测控制] 目标当前估算Az=0.00°, 速度=0.00°/s
                   -> 打提前量(0.25s后)Az=0.00°, El=28.50° | 下发云台指令: Az=90.00°, El=28.50°
[GimbalAtt] cmd_id=1, elapsed=1.048s, actual_ctrl=(Az=89.90°, El=5.90°), actual_ui=(Az=359.90°, El=5.90°), target_ctrl=(Az=90.00°, El=28.50°), err=(dAz=0.10°, dEl=22.60°)
[GimbalTimeout] cmd_id=1, track_id=1, elapsed=1.048s, actual_ctrl=(Az=89.90°, El=5.90°), target_ctrl=(Az=90.00°, El=28.50°), err=(dAz=0.10°, dEl=22.60°)

[Phase 1: 视觉解析] 收到目标 cx=1920.0, cy=1080.0, mono=320.0m -> 解算绝对角度: Az=0.00°, El=28.50°
[Phase 3: 预测控制] 目标当前估算Az=0.00°, 速度=0.00°/s
                   -> 打提前量(0.25s后)Az=0.00°, El=28.50° | 下发云台指令: Az=90.00°, El=28.50°

[Phase 1: 视觉解析] 收到目标 cx=1920.0, cy=1080.0, mono=320.0m -> 解算绝对角度: Az=0.00°, El=28.50°
[Phase 3: 预测控制] 目标当前估算Az=0.00°, 速度=0.00°/s
                   -> 打提前量(0.25s后)Az=0.00°, El=28.50° | 下发云台指令: Az=90.00°, El=28.50°

[Phase 1: 视觉解析] 收到目标 cx=1920.0, cy=1080.0, mono=320.0m -> 解算绝对角度: Az=0.00°, El=28.50°
[Phase 3: 预测控制] 目标当前估算Az=0.00°, 速度=0.00°/s
                   -> 打提前量(0.25s后)Az=0.00°, El=28.50° | 下发云台指令: Az=90.00°, El=28.50°

[Phase 1: 视觉解析] 收到目标 cx=1920.0, cy=1080.0, mono=320.0m -> 解算绝对角度: Az=0.00°, El=28.50°
[Phase 2: 目标调度] 基于威胁度(v=0.0°/s, dist=22.6°) 成功锁定目标 ID: 1. 准备交由云台跟踪!
[Phase 3: 预测控制] 目标当前估算Az=0.00°, 速度=0.00°/s
                   -> 打提前量(0.25s后)Az=0.00°, El=28.50° | 下发云台指令: Az=90.00°, El=28.50°

[Phase 1: 视觉解析] 收到目标 cx=1920.0, cy=1080.0, mono=320.0m -> 解算绝对角度: Az=0.00°, El=28.50°
[Phase 3: 预测控制] 目标当前估算Az=0.00°, 速度=0.00°/s
                   -> 打提前量(0.25s后)Az=0.00°, El=28.50° | 下发云台指令: Az=90.00°, El=28.50°

[Phase 1: 视觉解析] 收到目标 cx=2520.0, cy=1080.0, mono=320.0m -> 解算绝对角度: Az=2.73°, El=28.50°
[Phase 3: 预测控制] 目标当前估算Az=0.85°, 速度=1.01°/s
                   -> 打提前量(0.25s后)Az=1.11°, El=28.50° | 下发云台指令: Az=91.11°, El=28.50°
[Stats] recv_objs_total=21, recv_unique_boxes=2 | ui_send_total=19, ui_unique_ids=1, ui_id_counts=1:19

[Phase 1: 视觉解析] 收到目标 cx=2520.0, cy=1080.0, mono=320.0m -> 解算绝对角度: Az=2.73°, El=28.50°
[Phase 3: 预测控制] 目标当前估算Az=1.55°, 速度=1.70°/s
                   -> 打提前量(0.25s后)Az=1.98°, El=28.50° | 下发云台指令: Az=91.98°, El=28.50°

[Phase 1: 视觉解析] 收到目标 cx=2520.0, cy=1080.0, mono=320.0m -> 解算绝对角度: Az=2.73°, El=28.50°
[Phase 3: 预测控制] 目标当前估算Az=2.01°, 速度=2.07°/s
                   -> 打提前量(0.25s后)Az=2.53°, El=28.50° | 下发云台指令: Az=92.53°, El=28.50°
[GimbalCmd] cmd_id=3, track_id=1, target_ctrl=(Az=91.98°, El=28.50°)

[Phase 1: 视觉解析] 收到目标 cx=2520.0, cy=1080.0, mono=320.0m -> 解算绝对角度: Az=2.73°, El=28.50°
[Phase 3: 预测控制] 目标当前估算Az=2.38°, 速度=2.26°/s
                   -> 打提前量(0.25s后)Az=2.94°, El=28.50° | 下发云台指令: Az=92.94°, El=28.50°

[Phase 1: 视觉解析] 收到目标 cx=2520.0, cy=1080.0, mono=320.0m -> 解算绝对角度: Az=2.73°, El=28.50°
[Phase 3: 预测控制] 目标当前估算Az=2.65°, 速度=2.30°/s
                   -> 打提前量(0.25s后)Az=3.22°, El=28.50° | 下发云台指令: Az=93.22°, El=28.50°
[GimbalAtt] cmd_id=3, elapsed=0.041s, actual_ctrl=(Az=90.60°, El=15.70°), actual_ui=(Az=0.60°, El=15.70°), target_ctrl=(Az=91.98°, El=28.50°), err=(dAz=1.38°, dEl=12.80°)

[Phase 1: 视觉解析] 收到目标 cx=2520.0, cy=1080.0, mono=320.0m -> 解算绝对角度: Az=2.73°, El=28.50°
[Phase 3: 预测控制] 目标当前估算Az=2.83°, 速度=2.25°/s
                   -> 打提前量(0.25s后)Az=3.40°, El=28.50° | 下发云台指令: Az=93.40°, El=28.50°
[GimbalCmd] preempt cmd_id=6, track_id=1, target_ctrl=(Az=93.22°, El=28.50°), delta=1.25°

[Phase 1: 视觉解析] 收到目标 cx=2520.0, cy=1080.0, mono=320.0m -> 解算绝对角度: Az=2.73°, El=28.50°
[Phase 3: 预测控制] 目标当前估算Az=2.96°, 速度=2.13°/s
                   -> 打提前量(0.25s后)Az=3.49°, El=28.50° | 下发云台指令: Az=93.49°, El=28.50°

[Phase 1: 视觉解析] 收到目标 cx=2520.0, cy=1080.0, mono=320.0m -> 解算绝对角度: Az=2.73°, El=28.50°
[Phase 3: 预测控制] 目标当前估算Az=3.04°, 速度=1.98°/s
                   -> 打提前量(0.25s后)Az=3.53°, El=28.50° | 下发云台指令: Az=93.53°, El=28.50°

[Phase 1: 视觉解析] 收到目标 cx=2520.0, cy=1080.0, mono=320.0m -> 解算绝对角度: Az=2.73°, El=28.50°
[Phase 3: 预测控制] 目标当前估算Az=3.09°, 速度=1.79°/s
                   -> 打提前量(0.25s后)Az=3.53°, El=28.50° | 下发云台指令: Az=93.53°, El=28.50°
[GimbalAtt] cmd_id=6, elapsed=0.000s, actual_ctrl=(Az=91.90°, El=28.50°), actual_ui=(Az=1.90°, El=28.50°), target_ctrl=(Az=93.22°, El=28.50°), err=(dAz=1.32°, dEl=0.00°)

[Phase 1: 视觉解析] 收到目标 cx=2520.0, cy=1080.0, mono=320.0m -> 解算绝对角度: Az=2.73°, El=28.50°
[Phase 3: 预测控制] 目标当前估算Az=3.10°, 速度=1.60°/s
                   -> 打提前量(0.25s后)Az=3.50°, El=28.50° | 下发云台指令: Az=93.50°, El=28.50°

[Phase 1: 视觉解析] 收到目标 cx=2520.0, cy=1080.0, mono=320.0m -> 解算绝对角度: Az=2.73°, El=28.50°
[Phase 3: 预测控制] 目标当前估算Az=3.10°, 速度=1.41°/s
                   -> 打提前量(0.25s后)Az=3.45°, El=28.50° | 下发云台指令: Az=93.45°, El=28.50°

[Phase 1: 视觉解析] 收到目标 cx=2520.0, cy=1080.0, mono=320.0m -> 解算绝对角度: Az=2.73°, El=28.50°
[Phase 3: 预测控制] 目标当前估算Az=3.09°, 速度=1.22°/s
                   -> 打提前量(0.25s后)Az=3.39°, El=28.50° | 下发云台指令: Az=93.39°, El=28.50°
[GimbalAtt] cmd_id=6, elapsed=0.423s, actual_ctrl=(Az=91.90°, El=22.60°), actual_ui=(Az=1.90°, El=22.60°), target_ctrl=(Az=93.22°, El=28.50°), err=(dAz=1.32°, dEl=5.90°)

[Phase 1: 视觉解析] 收到目标 cx=2520.0, cy=1080.0, mono=320.0m -> 解算绝对角度: Az=2.73°, El=28.50°
[Phase 3: 预测控制] 目标当前估算Az=3.06°, 速度=1.05°/s
                   -> 打提前量(0.25s后)Az=3.32°, El=28.50° | 下发云台指令: Az=93.32°, El=28.50°

[Phase 1: 视觉解析] 收到目标 cx=2520.0, cy=1080.0, mono=320.0m -> 解算绝对角度: Az=2.73°, El=28.50°
[Phase 2: 目标调度] 基于威胁度(v=0.9°/s, dist=6.0°) 成功锁定目标 ID: 1. 准备交由云台跟踪!
[Phase 3: 预测控制] 目标当前估算Az=3.03°, 速度=0.89°/s
                   -> 打提前量(0.25s后)Az=3.26°, El=28.50° | 下发云台指令: Az=93.26°, El=28.50°
[GimbalAtt] cmd_id=6, elapsed=0.685s, actual_ctrl=(Az=91.90°, El=25.20°), actual_ui=(Az=1.90°, El=25.20°), target_ctrl=(Az=93.22°, El=28.50°), err=(dAz=1.32°, dEl=3.30°)

[Phase 1: 视觉解析] 收到目标 cx=2520.0, cy=1080.0, mono=320.0m -> 解算绝对角度: Az=2.73°, El=28.50°
[Phase 3: 预测控制] 目标当前估算Az=3.02°, 速度=0.72°/s
                   -> 打提前量(0.25s后)Az=3.20°, El=28.50° | 下发云台指令: Az=93.20°, El=28.50°

[Phase 1: 视觉解析] 收到目标 cx=2520.0, cy=1080.0, mono=320.0m -> 解算绝对角度: Az=2.73°, El=28.50°
[Phase 3: 预测控制] 目标当前估算Az=2.97°, 速度=0.60°/s
                   -> 打提前量(0.25s后)Az=3.12°, El=28.50° | 下发云台指令: Az=93.12°, El=28.50°

[Phase 1: 视觉解析] 收到目标 cx=2520.0, cy=1080.0, mono=320.0m -> 解算绝对角度: Az=2.73°, El=28.50°
[GimbalAtt] cmd_id=6, elapsed=0.946s, actual_ctrl=(Az=91.90°, El=27.70°), actual_ui=(Az=1.90°, El=27.70°), target_ctrl=(Az=93.22°, El=28.50°), err=(dAz=1.32°, dEl=0.80°)
[Phase 3: 预测控制] 目标当前估算Az=2.94°, 速度=0.49°/s
                   -> 打提前量(0.25s后)Az=3.06°, El=28.50° | 下发云台指令: Az=93.06°, El=28.50°

[Phase 1: 视觉解析] 收到目标 cx=2520.0, cy=1080.0, mono=320.0m -> 解算绝对角度: Az=2.73°, El=28.50°
[Phase 3: 预测控制] 目标当前估算Az=2.91°, 速度=0.40°/s
                   -> 打提前量(0.25s后)Az=3.01°, El=28.50° | 下发云台指令: Az=93.01°, El=28.50°

[Phase 1: 视觉解析] 收到目标 cx=2520.0, cy=1080.0, mono=320.0m -> 解算绝对角度: Az=2.73°, El=28.50°
[Phase 3: 预测控制] 目标当前估算Az=2.89°, 速度=0.32°/s
                   -> 打提前量(0.25s后)Az=2.97°, El=28.50° | 下发云台指令: Az=92.97°, El=28.50°
[GimbalAtt] cmd_id=6, elapsed=1.149s, actual_ctrl=(Az=91.90°, El=27.70°), actual_ui=(Az=1.90°, El=27.70°), target_ctrl=(Az=93.22°, El=28.50°), err=(dAz=1.32°, dEl=0.80°)
[GimbalTimeout] cmd_id=6, track_id=1, elapsed=1.149s, actual_ctrl=(Az=91.90°, El=27.70°), target_ctrl=(Az=93.22°, El=28.50°), err=(dAz=1.32°, dEl=0.80°)

[Phase 1: 视觉解析] 收到目标 cx=2520.0, cy=1080.0, mono=320.0m -> 解算绝对角度: Az=2.73°, El=28.50°
[Phase 3: 预测控制] 目标当前估算Az=2.86°, 速度=0.26°/s
                   -> 打提前量(0.25s后)Az=2.93°, El=28.50° | 下发云台指令: Az=92.93°, El=28.50°
[GimbalCmd] cmd_id=9, track_id=1, target_ctrl=(Az=93.01°, El=28.50°)

[Phase 1: 视觉解析] 收到目标 cx=1320.0, cy=1080.0, mono=320.0m -> 解算绝对角度: Az=357.27°, El=28.50°
[Stats] recv_objs_total=41, recv_unique_boxes=3 | ui_send_total=38, ui_unique_ids=1, ui_id_counts=1:38

[Phase 1: 视觉解析] 收到目标 cx=1320.0, cy=1080.0, mono=320.0m -> 解算绝对角度: Az=357.27°, El=28.50°

[Phase 1: 视觉解析] 收到目标 cx=1320.0, cy=1080.0, mono=320.0m -> 解算绝对角度: Az=357.27°, El=28.50°
[Phase 2: 目标调度] 基于威胁度(v=0.0°/s, dist=4.7°) 成功锁定目标 ID: 2. 准备交由云台跟踪!
[Phase 3: 预测控制] 目标当前估算Az=357.27°, 速度=0.00°/s
                   -> 打提前量(0.25s后)Az=357.27°, El=28.50° | 下发云台指令: Az=87.27°, El=28.50°
[GimbalAtt] cmd_id=9, elapsed=0.041s, actual_ctrl=(Az=93.01°, El=28.60°), actual_ui=(Az=3.01°, El=28.60°), target_ctrl=(Az=93.01°, El=28.50°), err=(dAz=0.00°, dEl=0.10°)
[GimbalSettled] cmd_id=9, track_id=1, settle_time=0.041s, actual_ctrl=(Az=93.01°, El=28.60°), target_ctrl=(Az=93.01°, El=28.50°), err=(dAz=0.00°, dEl=0.10°)
[Laser] No valid laser distance, use mono distance
[GimbalCmd] cmd_id=10, track_id=2, target_ctrl=(Az=87.27°, El=28.50°)

[Phase 1: 视觉解析] 收到目标 cx=1320.0, cy=1080.0, mono=320.0m -> 解算绝对角度: Az=357.27°, El=28.50°
[Phase 3: 预测控制] 目标当前估算Az=357.27°, 速度=0.00°/s
                   -> 打提前量(0.25s后)Az=357.27°, El=28.50° | 下发云台指令: Az=87.27°, El=28.50°

[Phase 1: 视觉解析] 收到目标 cx=1320.0, cy=1080.0, mono=320.0m -> 解算绝对角度: Az=357.27°, El=28.50°
[Phase 3: 预测控制] 目标当前估算Az=357.27°, 速度=0.00°/s
                   -> 打提前量(0.25s后)Az=357.27°, El=28.50° | 下发云台指令: Az=87.27°, El=28.50°
[GimbalAtt] cmd_id=10, elapsed=0.000s, actual_ctrl=(Az=92.20°, El=28.60°), actual_ui=(Az=2.20°, El=28.60°), target_ctrl=(Az=87.27°, El=28.50°), err=(dAz=4.93°, dEl=0.10°)

[Phase 1: 视觉解析] 收到目标 cx=1320.0, cy=1080.0, mono=320.0m -> 解算绝对角度: Az=357.27°, El=28.50°
[Phase 3: 预测控制] 目标当前估算Az=357.27°, 速度=0.00°/s
                   -> 打提前量(0.25s后)Az=357.27°, El=28.50° | 下发云台指令: Az=87.27°, El=28.50°

[Phase 1: 视觉解析] 收到目标 cx=1320.0, cy=1080.0, mono=320.0m -> 解算绝对角度: Az=357.27°, El=28.50°
[Phase 3: 预测控制] 目标当前估算Az=357.27°, 速度=0.00°/s
                   -> 打提前量(0.25s后)Az=357.27°, El=28.50° | 下发云台指令: Az=87.27°, El=28.50°
[GimbalAtt] cmd_id=10, elapsed=0.262s, actual_ctrl=(Az=88.40°, El=28.60°), actual_ui=(Az=358.40°, El=28.60°), target_ctrl=(Az=87.27°, El=28.50°), err=(dAz=1.13°, dEl=0.10°)

[Phase 1: 视觉解析] 收到目标 cx=1320.0, cy=1080.0, mono=320.0m -> 解算绝对角度: Az=357.27°, El=28.50°
[Phase 3: 预测控制] 目标当前估算Az=357.27°, 速度=0.00°/s
                   -> 打提前量(0.25s后)Az=357.27°, El=28.50° | 下发云台指令: Az=87.27°, El=28.50°

[Phase 1: 视觉解析] 收到目标 cx=1320.0, cy=1080.0, mono=320.0m -> 解算绝对角度: Az=357.27°, El=28.50°
[Phase 3: 预测控制] 目标当前估算Az=357.27°, 速度=0.00°/s
                   -> 打提前量(0.25s后)Az=357.27°, El=28.50° | 下发云台指令: Az=87.27°, El=28.50°

[Phase 1: 视觉解析] 收到目标 cx=1320.0, cy=1080.0, mono=320.0m -> 解算绝对角度: Az=357.27°, El=28.50°
[Phase 3: 预测控制] 目标当前估算Az=357.27°, 速度=0.00°/s
                   -> 打提前量(0.25s后)Az=357.27°, El=28.50° | 下发云台指令: Az=87.27°, El=28.50°
[GimbalAtt] cmd_id=10, elapsed=0.512s, actual_ctrl=(Az=87.20°, El=28.60°), actual_ui=(Az=357.20°, El=28.60°), target_ctrl=(Az=87.27°, El=28.50°), err=(dAz=0.07°, dEl=0.10°)
[GimbalSettled] cmd_id=10, track_id=2, settle_time=0.512s, actual_ctrl=(Az=87.20°, El=28.60°), target_ctrl=(Az=87.27°, El=28.50°), err=(dAz=0.07°, dEl=0.10°)
[Laser] No valid laser distance, use mono distance

[Phase 1: 视觉解析] 收到目标 cx=1320.0, cy=1080.0, mono=320.0m -> 解算绝对角度: Az=357.27°, El=28.50°
[Phase 3: 预测控制] 目标当前估算Az=357.27°, 速度=0.00°/s
                   -> 打提前量(0.25s后)Az=357.27°, El=28.50° | 下发云台指令: Az=87.27°, El=28.50°

[Phase 1: 视觉解析] 收到目标 cx=1320.0, cy=1080.0, mono=320.0m -> 解算绝对角度: Az=357.27°, El=28.50°
[Phase 3: 预测控制] 目标当前估算Az=357.27°, 速度=0.00°/s
                   -> 打提前量(0.25s后)Az=357.27°, El=28.50° | 下发云台指令: Az=87.27°, El=28.50°

[Phase 1: 视觉解析] 收到目标 cx=1320.0, cy=1080.0, mono=320.0m -> 解算绝对角度: Az=357.27°, El=28.50°
[Phase 3: 预测控制] 目标当前估算Az=357.27°, 速度=0.00°/s
                   -> 打提前量(0.25s后)Az=357.27°, El=28.50° | 下发云台指令: Az=87.27°, El=28.50°

[Phase 1: 视觉解析] 收到目标 cx=1320.0, cy=1080.0, mono=320.0m -> 解算绝对角度: Az=357.27°, El=28.50°
[Phase 3: 预测控制] 目标当前估算Az=357.27°, 速度=0.00°/s
                   -> 打提前量(0.25s后)Az=357.27°, El=28.50° | 下发云台指令: Az=87.27°, El=28.50°

[Phase 1: 视觉解析] 收到目标 cx=1320.0, cy=1080.0, mono=320.0m -> 解算绝对角度: Az=357.27°, El=28.50°
[Phase 3: 预测控制] 目标当前估算Az=357.27°, 速度=0.00°/s
                   -> 打提前量(0.25s后)Az=357.27°, El=28.50° | 下发云台指令: Az=87.27°, El=28.50°

[Phase 1: 视觉解析] 收到目标 cx=1320.0, cy=1080.0, mono=320.0m -> 解算绝对角度: Az=357.27°, El=28.50°
[Phase 3: 预测控制] 目标当前估算Az=357.27°, 速度=0.00°/s
                   -> 打提前量(0.25s后)Az=357.27°, El=28.50° | 下发云台指令: Az=87.27°, El=28.50°

[Phase 1: 视觉解析] 收到目标 cx=1320.0, cy=1080.0, mono=320.0m -> 解算绝对角度: Az=357.27°, El=28.50°
[Phase 3: 预测控制] 目标当前估算Az=357.27°, 速度=0.00°/s
                   -> 打提前量(0.25s后)Az=357.27°, El=28.50° | 下发云台指令: Az=87.27°, El=28.50°

[Phase 1: 视觉解析] 收到目标 cx=1320.0, cy=1080.0, mono=320.0m -> 解算绝对角度: Az=357.27°, El=28.50°
[Phase 2: 目标调度] 基于威胁度(v=0.0°/s, dist=0.1°) 成功锁定目标 ID: 2. 准备交由云台跟踪!
[Phase 3: 预测控制] 目标当前估算Az=357.27°, 速度=0.00°/s
                   -> 打提前量(0.25s后)Az=357.27°, El=28.50° | 下发云台指令: Az=87.27°, El=28.50°

[Phase 1: 视觉解析] 收到目标 cx=1320.0, cy=1080.0, mono=320.0m -> 解算绝对角度: Az=357.27°, El=28.50°
[Phase 3: 预测控制] 目标当前估算Az=357.27°, 速度=0.00°/s
                   -> 打提前量(0.25s后)Az=357.27°, El=28.50° | 下发云台指令: Az=87.27°, El=28.50°

[Phase 1: 视觉解析] 收到目标 cx=1320.0, cy=1080.0, mono=320.0m -> 解算绝对角度: Az=357.27°, El=28.50°
[Phase 3: 预测控制] 目标当前估算Az=357.27°, 速度=0.00°/s
                   -> 打提前量(0.25s后)Az=357.27°, El=28.50° | 下发云台指令: Az=87.27°, El=28.50°

[Phase 1: 视觉解析] 收到目标 cx=1920.0, cy=760.0, mono=320.0m -> 解算绝对角度: Az=0.00°, El=29.97°
[Stats] recv_objs_total=61, recv_unique_boxes=4 | ui_send_total=56, ui_unique_ids=2, ui_id_counts=1:38, 2:18

[Phase 1: 视觉解析] 收到目标 cx=1920.0, cy=760.0, mono=320.0m -> 解算绝对角度: Az=0.00°, El=29.97°

[Phase 1: 视觉解析] 收到目标 cx=1920.0, cy=760.0, mono=320.0m -> 解算绝对角度: Az=0.00°, El=29.97°
[Phase 2: 目标调度] 基于威胁度(v=0.0°/s, dist=3.1°) 成功锁定目标 ID: 3. 准备交由云台跟踪!
[Phase 3: 预测控制] 目标当前估算Az=0.00°, 速度=0.00°/s
                   -> 打提前量(0.25s后)Az=0.00°, El=29.97° | 下发云台指令: Az=90.00°, El=29.97°

[Phase 1: 视觉解析] 收到目标 cx=1920.0, cy=760.0, mono=320.0m -> 解算绝对角度: Az=0.00°, El=29.97°
[Phase 3: 预测控制] 目标当前估算Az=0.00°, 速度=0.00°/s
                   -> 打提前量(0.25s后)Az=0.00°, El=29.97° | 下发云台指令: Az=90.00°, El=29.97°
[GimbalCmd] cmd_id=11, track_id=3, target_ctrl=(Az=90.00°, El=29.97°)

[Phase 1: 视觉解析] 收到目标 cx=1920.0, cy=760.0, mono=320.0m -> 解算绝对角度: Az=0.00°, El=29.97°
[Phase 3: 预测控制] 目标当前估算Az=0.00°, 速度=0.00°/s
                   -> 打提前量(0.25s后)Az=0.00°, El=29.97° | 下发云台指令: Az=90.00°, El=29.97°

[Phase 1: 视觉解析] 收到目标 cx=1920.0, cy=760.0, mono=320.0m -> 解算绝对角度: Az=0.00°, El=29.97°
[Phase 3: 预测控制] 目标当前估算Az=0.00°, 速度=0.00°/s
                   -> 打提前量(0.25s后)Az=0.00°, El=29.97° | 下发云台指令: Az=90.00°, El=29.97°

[Phase 1: 视觉解析] 收到目标 cx=1920.0, cy=760.0, mono=320.0m -> 解算绝对角度: Az=0.00°, El=29.97°
[Phase 3: 预测控制] 目标当前估算Az=0.00°, 速度=0.00°/s
                   -> 打提前量(0.25s后)Az=0.00°, El=29.97° | 下发云台指令: Az=90.00°, El=29.97°
[GimbalAtt] cmd_id=11, elapsed=0.041s, actual_ctrl=(Az=88.00°, El=28.60°), actual_ui=(Az=358.00°, El=28.60°), target_ctrl=(Az=90.00°, El=29.97°), err=(dAz=2.00°, dEl=1.37°)

[Phase 1: 视觉解析] 收到目标 cx=1920.0, cy=760.0, mono=320.0m -> 解算绝对角度: Az=0.00°, El=29.97°
[Phase 3: 预测控制] 目标当前估算Az=0.00°, 速度=0.00°/s
                   -> 打提前量(0.25s后)Az=0.00°, El=29.97° | 下发云台指令: Az=90.00°, El=29.97°

[Phase 1: 视觉解析] 收到目标 cx=1920.0, cy=760.0, mono=320.0m -> 解算绝对角度: Az=0.00°, El=29.97°
[Phase 3: 预测控制] 目标当前估算Az=0.00°, 速度=0.00°/s
                   -> 打提前量(0.25s后)Az=0.00°, El=29.97° | 下发云台指令: Az=90.00°, El=29.97°
[GimbalAtt] cmd_id=11, elapsed=0.303s, actual_ctrl=(Az=88.00°, El=29.60°), actual_ui=(Az=358.00°, El=29.60°), target_ctrl=(Az=90.00°, El=29.97°), err=(dAz=2.00°, dEl=0.37°)

[Phase 1: 视觉解析] 收到目标 cx=1920.0, cy=760.0, mono=320.0m -> 解算绝对角度: Az=0.00°, El=29.97°
[Phase 3: 预测控制] 目标当前估算Az=0.00°, 速度=0.00°/s
                   -> 打提前量(0.25s后)Az=0.00°, El=29.97° | 下发云台指令: Az=90.00°, El=29.97°

[Phase 1: 视觉解析] 收到目标 cx=1920.0, cy=760.0, mono=320.0m -> 解算绝对角度: Az=0.00°, El=29.97°
[Phase 3: 预测控制] 目标当前估算Az=0.00°, 速度=0.00°/s
                   -> 打提前量(0.25s后)Az=0.00°, El=29.97° | 下发云台指令: Az=90.00°, El=29.97°

[Phase 1: 视觉解析] 收到目标 cx=1920.0, cy=760.0, mono=320.0m -> 解算绝对角度: Az=0.00°, El=29.97°
[Phase 3: 预测控制] 目标当前估算Az=0.00°, 速度=0.00°/s
                   -> 打提前量(0.25s后)Az=0.00°, El=29.97° | 下发云台指令: Az=90.00°, El=29.97°
[GimbalAtt] cmd_id=11, elapsed=0.575s, actual_ctrl=(Az=89.90°, El=29.90°), actual_ui=(Az=359.90°, El=29.90°), target_ctrl=(Az=90.00°, El=29.97°), err=(dAz=0.10°, dEl=0.07°)
[GimbalSettled] cmd_id=11, track_id=3, settle_time=0.575s, actual_ctrl=(Az=89.90°, El=29.90°), target_ctrl=(Az=90.00°, El=29.97°), err=(dAz=0.10°, dEl=0.07°)
[Laser] No valid laser distance, use mono distance

[Phase 1: 视觉解析] 收到目标 cx=1920.0, cy=760.0, mono=320.0m -> 解算绝对角度: Az=0.00°, El=29.97°
[Phase 3: 预测控制] 目标当前估算Az=0.00°, 速度=0.00°/s
                   -> 打提前量(0.25s后)Az=0.00°, El=29.97° | 下发云台指令: Az=90.00°, El=29.97°

[Phase 1: 视觉解析] 收到目标 cx=1920.0, cy=760.0, mono=320.0m -> 解算绝对角度: Az=0.00°, El=29.97°
[Phase 3: 预测控制] 目标当前估算Az=0.00°, 速度=0.00°/s
                   -> 打提前量(0.25s后)Az=0.00°, El=29.97° | 下发云台指令: Az=90.00°, El=29.97°

[Phase 1: 视觉解析] 收到目标 cx=1920.0, cy=760.0, mono=320.0m -> 解算绝对角度: Az=0.00°, El=29.97°
[Phase 3: 预测控制] 目标当前估算Az=0.00°, 速度=0.00°/s
                   -> 打提前量(0.25s后)Az=0.00°, El=29.97° | 下发云台指令: Az=90.00°, El=29.97°

[Phase 1: 视觉解析] 收到目标 cx=1920.0, cy=760.0, mono=320.0m -> 解算绝对角度: Az=0.00°, El=29.97°
[Phase 3: 预测控制] 目标当前估算Az=0.00°, 速度=0.00°/s
                   -> 打提前量(0.25s后)Az=0.00°, El=29.97° | 下发云台指令: Az=90.00°, El=29.97°

[Phase 1: 视觉解析] 收到目标 cx=1920.0, cy=760.0, mono=320.0m -> 解算绝对角度: Az=0.00°, El=29.97°
[Phase 3: 预测控制] 目标当前估算Az=0.00°, 速度=0.00°/s
                   -> 打提前量(0.25s后)Az=0.00°, El=29.97° | 下发云台指令: Az=90.00°, El=29.97°

[Phase 1: 视觉解析] 收到目标 cx=1920.0, cy=760.0, mono=320.0m -> 解算绝对角度: Az=0.00°, El=29.97°
[Phase 2: 目标调度] 基于威胁度(v=0.0°/s, dist=0.1°) 成功锁定目标 ID: 3. 准备交由云台跟踪!
[Phase 3: 预测控制] 目标当前估算Az=0.00°, 速度=0.00°/s
                   -> 打提前量(0.25s后)Az=0.00°, El=29.97° | 下发云台指令: Az=90.00°, El=29.97°

[Phase 1: 视觉解析] 收到目标 cx=1920.0, cy=760.0, mono=320.0m -> 解算绝对角度: Az=0.00°, El=29.97°
[Phase 3: 预测控制] 目标当前估算Az=0.00°, 速度=0.00°/s
                   -> 打提前量(0.25s后)Az=0.00°, El=29.97° | 下发云台指令: Az=90.00°, El=29.97°

[Phase 1: 视觉解析] 收到目标 cx=1920.0, cy=760.0, mono=320.0m -> 解算绝对角度: Az=0.00°, El=29.97°
[Phase 3: 预测控制] 目标当前估算Az=0.00°, 速度=0.00°/s
                   -> 打提前量(0.25s后)Az=0.00°, El=29.97° | 下发云台指令: Az=90.00°, El=29.97°

[Phase 1: 视觉解析] 收到目标 cx=1920.0, cy=1400.0, mono=320.0m -> 解算绝对角度: Az=0.00°, El=27.03°

[Phase 1: 视觉解析] 收到目标 cx=1920.0, cy=1400.0, mono=320.0m -> 解算绝对角度: Az=0.00°, El=27.03°
[Stats] recv_objs_total=82, recv_unique_boxes=5 | ui_send_total=74, ui_unique_ids=3, ui_id_counts=1:38, 2:18, 3:18

[Phase 1: 视觉解析] 收到目标 cx=1920.0, cy=1400.0, mono=320.0m -> 解算绝对角度: Az=0.00°, El=27.03°
[Phase 2: 目标调度] 基于威胁度(v=0.0°/s, dist=2.9°) 成功锁定目标 ID: 4. 准备交由云台跟踪!
[Phase 3: 预测控制] 目标当前估算Az=0.00°, 速度=0.00°/s
                   -> 打提前量(0.25s后)Az=0.00°, El=27.03° | 下发云台指令: Az=90.00°, El=27.03°
[GimbalCmd] cmd_id=12, track_id=4, target_ctrl=(Az=90.00°, El=27.03°)

[Phase 1: 视觉解析] 收到目标 cx=1920.0, cy=1400.0, mono=320.0m -> 解算绝对角度: Az=0.00°, El=27.03°
[Phase 3: 预测控制] 目标当前估算Az=0.00°, 速度=0.00°/s
                   -> 打提前量(0.25s后)Az=0.00°, El=27.03° | 下发云台指令: Az=90.00°, El=27.03°

[Phase 1: 视觉解析] 收到目标 cx=1920.0, cy=1400.0, mono=320.0m -> 解算绝对角度: Az=0.00°, El=27.03°
[Phase 3: 预测控制] 目标当前估算Az=0.00°, 速度=0.00°/s
                   -> 打提前量(0.25s后)Az=0.00°, El=27.03° | 下发云台指令: Az=90.00°, El=27.03°
[GimbalAtt] cmd_id=12, elapsed=0.001s, actual_ctrl=(Az=89.90°, El=29.90°), actual_ui=(Az=359.90°, El=29.90°), target_ctrl=(Az=90.00°, El=27.03°), err=(dAz=0.10°, dEl=2.87°)

[Phase 1: 视觉解析] 收到目标 cx=1920.0, cy=1400.0, mono=320.0m -> 解算绝对角度: Az=0.00°, El=27.03°
[Phase 3: 预测控制] 目标当前估算Az=0.00°, 速度=0.00°/s
                   -> 打提前量(0.25s后)Az=0.00°, El=27.03° | 下发云台指令: Az=90.00°, El=27.03°

[Phase 1: 视觉解析] 收到目标 cx=1920.0, cy=1400.0, mono=320.0m -> 解算绝对角度: Az=0.00°, El=27.03°
[Phase 3: 预测控制] 目标当前估算Az=0.00°, 速度=0.00°/s
                   -> 打提前量(0.25s后)Az=0.00°, El=27.03° | 下发云台指令: Az=90.00°, El=27.03°
[GimbalAtt] cmd_id=12, elapsed=0.262s, actual_ctrl=(Az=89.90°, El=29.10°), actual_ui=(Az=359.90°, El=29.10°), target_ctrl=(Az=90.00°, El=27.03°), err=(dAz=0.10°, dEl=2.07°)

[Phase 1: 视觉解析] 收到目标 cx=1920.0, cy=1400.0, mono=320.0m -> 解算绝对角度: Az=0.00°, El=27.03°
[Phase 3: 预测控制] 目标当前估算Az=0.00°, 速度=0.00°/s
                   -> 打提前量(0.25s后)Az=0.00°, El=27.03° | 下发云台指令: Az=90.00°, El=27.03°

[Phase 1: 视觉解析] 收到目标 cx=1920.0, cy=1400.0, mono=320.0m -> 解算绝对角度: Az=0.00°, El=27.03°
[Phase 3: 预测控制] 目标当前估算Az=0.00°, 速度=0.00°/s
                   -> 打提前量(0.25s后)Az=0.00°, El=27.03° | 下发云台指令: Az=90.00°, El=27.03°

[Phase 1: 视觉解析] 收到目标 cx=1920.0, cy=1400.0, mono=320.0m -> 解算绝对角度: Az=0.00°, El=27.03°
[Phase 3: 预测控制] 目标当前估算Az=0.00°, 速度=0.00°/s
                   -> 打提前量(0.25s后)Az=0.00°, El=27.03° | 下发云台指令: Az=90.00°, El=27.03°

[Phase 1: 视觉解析] 收到目标 cx=1920.0, cy=1400.0, mono=320.0m -> 解算绝对角度: Az=0.00°, El=27.03°
[Phase 3: 预测控制] 目标当前估算Az=0.00°, 速度=0.00°/s
                   -> 打提前量(0.25s后)Az=0.00°, El=27.03° | 下发云台指令: Az=90.00°, El=27.03°
[GimbalAtt] cmd_id=12, elapsed=0.524s, actual_ctrl=(Az=89.90°, El=27.40°), actual_ui=(Az=359.90°, El=27.40°), target_ctrl=(Az=90.00°, El=27.03°), err=(dAz=0.10°, dEl=0.37°)
[GimbalSettled] cmd_id=12, track_id=4, settle_time=0.524s, actual_ctrl=(Az=89.90°, El=27.40°), target_ctrl=(Az=90.00°, El=27.03°), err=(dAz=0.10°, dEl=0.37°)
[Laser] No valid laser distance, use mono distance

[Phase 1: 视觉解析] 收到目标 cx=1920.0, cy=1400.0, mono=320.0m -> 解算绝对角度: Az=0.00°, El=27.03°
[Phase 3: 预测控制] 目标当前估算Az=0.00°, 速度=0.00°/s
                   -> 打提前量(0.25s后)Az=0.00°, El=27.03° | 下发云台指令: Az=90.00°, El=27.03°

[Phase 1: 视觉解析] 收到目标 cx=1920.0, cy=1400.0, mono=320.0m -> 解算绝对角度: Az=0.00°, El=27.03°
[Phase 3: 预测控制] 目标当前估算Az=0.00°, 速度=0.00°/s
                   -> 打提前量(0.25s后)Az=0.00°, El=27.03° | 下发云台指令: Az=90.00°, El=27.03°

[Phase 1: 视觉解析] 收到目标 cx=1920.0, cy=1400.0, mono=320.0m -> 解算绝对角度: Az=0.00°, El=27.03°
[Phase 3: 预测控制] 目标当前估算Az=0.00°, 速度=0.00°/s
                   -> 打提前量(0.25s后)Az=0.00°, El=27.03° | 下发云台指令: Az=90.00°, El=27.03°

[Phase 1: 视觉解析] 收到目标 cx=1920.0, cy=1400.0, mono=320.0m -> 解算绝对角度: Az=0.00°, El=27.03°
[Phase 3: 预测控制] 目标当前估算Az=0.00°, 速度=0.00°/s
                   -> 打提前量(0.25s后)Az=0.00°, El=27.03° | 下发云台指令: Az=90.00°, El=27.03°

[Phase 1: 视觉解析] 收到目标 cx=1920.0, cy=1400.0, mono=320.0m -> 解算绝对角度: Az=0.00°, El=27.03°
[Phase 3: 预测控制] 目标当前估算Az=0.00°, 速度=0.00°/s
                   -> 打提前量(0.25s后)Az=0.00°, El=27.03° | 下发云台指令: Az=90.00°, El=27.03°

[Phase 1: 视觉解析] 收到目标 cx=1920.0, cy=1400.0, mono=320.0m -> 解算绝对角度: Az=0.00°, El=27.03°
[Phase 3: 预测控制] 目标当前估算Az=0.00°, 速度=0.00°/s
                   -> 打提前量(0.25s后)Az=0.00°, El=27.03° | 下发云台指令: Az=90.00°, El=27.03°

[Phase 1: 视觉解析] 收到目标 cx=1920.0, cy=1400.0, mono=320.0m -> 解算绝对角度: Az=0.00°, El=27.03°
[Phase 2: 目标调度] 基于威胁度(v=0.0°/s, dist=0.1°) 成功锁定目标 ID: 4. 准备交由云台跟踪!
[Phase 3: 预测控制] 目标当前估算Az=0.00°, 速度=0.00°/s
                   -> 打提前量(0.25s后)Az=0.00°, El=27.03° | 下发云台指令: Az=90.00°, El=27.03°

[Phase 1: 视觉解析] 收到目标 cx=1920.0, cy=1400.0, mono=320.0m -> 解算绝对角度: Az=0.00°, El=27.03°
[Phase 3: 预测控制] 目标当前估算Az=0.00°, 速度=0.00°/s
                   -> 打提前量(0.25s后)Az=0.00°, El=27.03° | 下发云台指令: Az=90.00°, El=27.03°

[Phase 1: 视觉解析] 收到目标 cx=1920.0, cy=1400.0, mono=320.0m -> 解算绝对角度: Az=0.00°, El=27.03°
[Phase 3: 预测控制] 目标当前估算Az=0.00°, 速度=0.00°/s
                   -> 打提前量(0.25s后)Az=0.00°, El=27.03° | 下发云台指令: Az=90.00°, El=27.03°
