[Log] stdout/stderr -> logs/main_tracking_v9_20260420_222019.log
[Init] Connecting to Gimbal at /dev/ttyUSB0...
[GT06Z] Driver Ready on /dev/ttyUSB0.
[Adapter] GT06Z 云台已连接: /dev/ttyUSB0
[Init] Real laser enabled on /dev/ttyUSB1
[Init] Queue gimbal initial posture: Az=90.00°, El=0.00°
=== System V9.0 (Predictive Tracking & Scheduling) Running ===
[Net] Listening RK3588 on 8888...
[LaserThread] 激光读取线程已启动
[GimbalThread] 控制线程已启动
[Laser] start_measurement mode=continuous
[GimbalCmd] cmd_id=0, track_id=-1, target_ctrl=(Az=90.00°, El=0.00°)
[GimbalAtt] cmd_id=0, elapsed=0.041s, actual_ctrl=(Az=96.50°, El=6.10°), actual_ui=(Az=6.50°, El=6.10°), target_ctrl=(Az=90.00°, El=0.00°), err=(dAz=6.50°, dEl=6.10°)
[GimbalAtt] cmd_id=0, elapsed=0.304s, actual_ctrl=(Az=92.70°, El=5.10°), actual_ui=(Az=2.70°, El=5.10°), target_ctrl=(Az=90.00°, El=0.00°), err=(dAz=2.70°, dEl=5.10°)
[GimbalAtt] cmd_id=0, elapsed=0.566s, actual_ctrl=(Az=92.70°, El=3.10°), actual_ui=(Az=2.70°, El=3.10°), target_ctrl=(Az=90.00°, El=0.00°), err=(dAz=2.70°, dEl=3.10°)
[GimbalAtt] cmd_id=0, elapsed=0.886s, actual_ctrl=(Az=92.70°, El=0.20°), actual_ui=(Az=2.70°, El=0.20°), target_ctrl=(Az=90.00°, El=0.00°), err=(dAz=2.70°, dEl=0.20°)
[GimbalAtt] cmd_id=0, elapsed=1.207s, actual_ctrl=(Az=89.90°, El=-0.00°), actual_ui=(Az=359.90°, El=-0.00°), target_ctrl=(Az=90.00°, El=0.00°), err=(dAz=0.10°, dEl=0.00°)
[GimbalSettled] cmd_id=0, track_id=-1, settle_time=1.207s, actual_ctrl=(Az=89.90°, El=-0.00°), target_ctrl=(Az=90.00°, El=0.00°), err=(dAz=0.10°, dEl=0.00°)
[Laser] Triggered cmd_id=0, track_id=-1, dist=4.60m, interval=first

[Phase 1: 视觉解析] 收到目标 cx=700.0, cy=1080.0, mono=320.0m -> 解算绝对角度: Az=354.44°, El=28.50°
[Stats] recv_objs_total=1, recv_unique_boxes=1 | ui_send_total=0, ui_unique_ids=0, ui_id_counts=none

[Phase 1: 视觉解析] 收到目标 cx=726.1, cy=1080.0, mono=320.0m -> 解算绝对角度: Az=354.56°, El=28.50°

[Phase 1: 视觉解析] 收到目标 cx=752.3, cy=1080.0, mono=320.0m -> 解算绝对角度: Az=354.68°, El=28.50°
[TargetAcquire] reason=initial_acquire, master_id=1, score=-27.62, candidates=id=1, score=-27.62, speed=0.13deg/s, dist=28.99deg, hits=3, stab=1.11
[Phase 3: 预测控制] 目标当前估算Az=354.57°, 速度=0.13°/s
                   -> 打提前量(0.25s后)Az=354.61°, El=28.50° | 下发云台指令: Az=84.61°, El=28.50°

[Phase 1: 视觉解析] 收到目标 cx=778.4, cy=1080.0, mono=320.0m -> 解算绝对角度: Az=354.80°, El=28.50°
[Phase 3: 预测控制] 目标当前估算Az=354.66°, 速度=0.30°/s
                   -> 打提前量(0.25s后)Az=354.73°, El=28.50° | 下发云台指令: Az=84.73°, El=28.50°

[Phase 1: 视觉解析] 收到目标 cx=804.6, cy=1080.0, mono=320.0m -> 解算绝对角度: Az=354.92°, El=28.50°
[Phase 3: 预测控制] 目标当前估算Az=354.76°, 速度=0.51°/s
                   -> 打提前量(0.25s后)Az=354.89°, El=28.50° | 下发云台指令: Az=84.89°, El=28.50°
[GimbalCmd] cmd_id=2, track_id=1, target_ctrl=(Az=84.89°, El=28.50°)

[Phase 1: 视觉解析] 收到目标 cx=856.9, cy=1080.0, mono=320.0m -> 解算绝对角度: Az=355.16°, El=28.50°
[Phase 3: 预测控制] 目标当前估算Az=354.99°, 速度=0.85°/s
                   -> 打提前量(0.25s后)Az=355.20°, El=28.50° | 下发云台指令: Az=85.20°, El=28.50°

[Phase 1: 视觉解析] 收到目标 cx=883.0, cy=1080.0, mono=320.0m -> 解算绝对角度: Az=355.27°, El=28.50°
[Phase 3: 预测控制] 目标当前估算Az=355.12°, 速度=1.06°/s
                   -> 打提前量(0.25s后)Az=355.38°, El=28.50° | 下发云台指令: Az=85.38°, El=28.50°

[Phase 1: 视觉解析] 收到目标 cx=909.2, cy=1080.0, mono=320.0m -> 解算绝对角度: Az=355.39°, El=28.50°
[Phase 3: 预测控制] 目标当前估算Az=355.27°, 速度=1.21°/s
                   -> 打提前量(0.25s后)Az=355.57°, El=28.50° | 下发云台指令: Az=85.57°, El=28.50°

[Phase 1: 视觉解析] 收到目标 cx=935.3, cy=1080.0, mono=320.0m -> 解算绝对角度: Az=355.51°, El=28.50°
[Phase 3: 预测控制] 目标当前估算Az=355.40°, 速度=1.32°/s
                   -> 打提前量(0.25s后)Az=355.73°, El=28.50° | 下发云台指令: Az=85.73°, El=28.50°
[GimbalAtt] cmd_id=2, elapsed=0.041s, actual_ctrl=(Az=89.20°, El=0.10°), actual_ui=(Az=359.20°, El=0.10°), target_ctrl=(Az=84.89°, El=28.50°), err=(dAz=4.31°, dEl=28.40°)

[Phase 1: 视觉解析] 收到目标 cx=961.5, cy=1080.0, mono=320.0m -> 解算绝对角度: Az=355.63°, El=28.50°
[GimbalCmd] preempt cmd_id=4, track_id=1, mode=axis_update, axes=Az, target_ctrl=(Az=85.57°, El=28.50°), delta=(dAz=0.68°, dEl=0.00°, total=0.68°)[Phase 3: 预测控制] 目标当前估算Az=355.53°, 速度=1.40°/s

                   -> 打提前量(0.25s后)Az=355.88°, El=28.50° | 下发云台指令: Az=85.88°, El=28.50°

[Phase 1: 视觉解析] 收到目标 cx=987.6, cy=1080.0, mono=320.0m -> 解算绝对角度: Az=355.75°, El=28.50°
[Phase 3: 预测控制] 目标当前估算Az=355.66°, 速度=1.47°/s
                   -> 打提前量(0.25s后)Az=356.03°, El=28.50° | 下发云台指令: Az=86.03°, El=28.50°

[Phase 1: 视觉解析] 收到目标 cx=1013.8, cy=1080.0, mono=320.0m -> 解算绝对角度: Az=355.87°, El=28.50°
[Phase 3: 预测控制] 目标当前估算Az=355.80°, 速度=1.53°/s
                   -> 打提前量(0.25s后)Az=356.18°, El=28.50° | 下发云台指令: Az=86.18°, El=28.50°
[GimbalAtt] cmd_id=4, elapsed=0.000s, actual_ctrl=(Az=85.70°, El=1.20°), actual_ui=(Az=355.70°, El=1.20°), target_ctrl=(Az=85.57°, El=28.50°), err=(dAz=0.13°, dEl=27.30°)

[Phase 1: 视觉解析] 收到目标 cx=1039.9, cy=1080.0, mono=320.0m -> 解算绝对角度: Az=355.99°, El=28.50°
[Phase 3: 预测控制] 目标当前估算Az=355.92°, 速度=1.57°/s
                   -> 打提前量(0.25s后)Az=356.32°, El=28.50° | 下发云台指令: Az=86.32°, El=28.50°
[GimbalCmd] preempt cmd_id=6, track_id=1, mode=axis_update, axes=Az, target_ctrl=(Az=86.18°, El=28.50°), delta=(dAz=0.61°, dEl=0.00°, total=0.61°)

[Phase 1: 视觉解析] 收到目标 cx=1066.0, cy=1080.0, mono=320.0m -> 解算绝对角度: Az=356.11°, El=28.50°
[Phase 3: 预测控制] 目标当前估算Az=356.06°, 速度=1.61°/s
                   -> 打提前量(0.25s后)Az=356.46°, El=28.50° | 下发云台指令: Az=86.46°, El=28.50°

[Phase 1: 视觉解析] 收到目标 cx=1092.2, cy=1080.0, mono=320.0m -> 解算绝对角度: Az=356.23°, El=28.50°
[Phase 3: 预测控制] 目标当前估算Az=356.18°, 速度=1.63°/s
                   -> 打提前量(0.25s后)Az=356.59°, El=28.50° | 下发云台指令: Az=86.59°, El=28.50°

[Phase 1: 视觉解析] 收到目标 cx=1118.3, cy=1080.0, mono=320.0m -> 解算绝对角度: Az=356.35°, El=28.50°
[Phase 3: 预测控制] 目标当前估算Az=356.37°, 速度=1.61°/s
                   -> 打提前量(0.25s后)Az=356.78°, El=28.50° | 下发云台指令: Az=86.78°, El=28.50°
[GimbalAtt] cmd_id=6, elapsed=0.000s, actual_ctrl=(Az=85.40°, El=1.20°), actual_ui=(Az=355.40°, El=1.20°), target_ctrl=(Az=86.18°, El=28.50°), err=(dAz=0.78°, dEl=27.30°)

[Phase 1: 视觉解析] 收到目标 cx=1144.5, cy=1080.0, mono=320.0m -> 解算绝对角度: Az=356.47°, El=28.50°
[Phase 3: 预测控制] 目标当前估算Az=356.41°, 速度=1.64°/s
                   -> 打提前量(0.25s后)Az=356.82°, El=28.50° | 下发云台指令: Az=86.82°, El=28.50°
[GimbalCmd] preempt cmd_id=8, track_id=1, mode=axis_update, axes=Az, target_ctrl=(Az=86.78°, El=28.50°), delta=(dAz=0.60°, dEl=0.00°, total=0.60°)

[Phase 1: 视觉解析] 收到目标 cx=1170.6, cy=1080.0, mono=320.0m -> 解算绝对角度: Az=356.58°, El=28.50°
[Phase 3: 预测控制] 目标当前估算Az=356.53°, 速度=1.67°/s
                   -> 打提前量(0.25s后)Az=356.95°, El=28.50° | 下发云台指令: Az=86.95°, El=28.50°

[Phase 1: 视觉解析] 收到目标 cx=1196.8, cy=1080.0, mono=320.0m -> 解算绝对角度: Az=356.70°, El=28.50°
[Phase 3: 预测控制] 目标当前估算Az=356.66°, 速度=1.69°/s
                   -> 打提前量(0.25s后)Az=357.09°, El=28.50° | 下发云台指令: Az=87.09°, El=28.50°

[Phase 1: 视觉解析] 收到目标 cx=1222.9, cy=1080.0, mono=320.0m -> 解算绝对角度: Az=356.82°, El=28.50°
[Phase 3: 预测控制] 目标当前估算Az=356.79°, 速度=1.71°/s
                   -> 打提前量(0.25s后)Az=357.21°, El=28.50° | 下发云台指令: Az=87.21°, El=28.50°
[GimbalAtt] cmd_id=8, elapsed=0.000s, actual_ctrl=(Az=86.20°, El=5.80°), actual_ui=(Az=356.20°, El=5.80°), target_ctrl=(Az=86.78°, El=28.50°), err=(dAz=0.58°, dEl=22.70°)

[Phase 1: 视觉解析] 收到目标 cx=1249.1, cy=1080.0, mono=320.0m -> 解算绝对角度: Az=356.94°, El=28.50°
[Phase 3: 预测控制] 目标当前估算Az=356.91°, 速度=1.72°/s
                   -> 打提前量(0.25s后)Az=357.35°, El=28.50° | 下发云台指令: Az=87.35°, El=28.50°

[Phase 1: 视觉解析] 收到目标 cx=1275.2, cy=1080.0, mono=320.0m -> 解算绝对角度: Az=357.06°, El=28.50°
[Phase 3: 预测控制] 目标当前估算Az=357.04°, 速度=1.74°/s
                   -> 打提前量(0.25s后)Az=357.47°, El=28.50° | 下发云台指令: Az=87.47°, El=28.50°

[Phase 1: 视觉解析] 收到目标 cx=1301.4, cy=1080.0, mono=320.0m -> 解算绝对角度: Az=357.18°, El=28.50°
[Phase 3: 预测控制] 目标当前估算Az=357.16°, 速度=1.75°/s
                   -> 打提前量(0.25s后)Az=357.60°, El=28.50° | 下发云台指令: Az=87.60°, El=28.50°

[Phase 1: 视觉解析] 收到目标 cx=1327.5, cy=1080.0, mono=320.0m -> 解算绝对角度: Az=357.30°, El=28.50°
[Phase 3: 预测控制] 目标当前估算Az=357.29°, 速度=1.75°/s
                   -> 打提前量(0.25s后)Az=357.73°, El=28.50° | 下发云台指令: Az=87.73°, El=28.50°
[GimbalAtt] cmd_id=8, elapsed=0.216s, actual_ctrl=(Az=86.60°, El=5.80°), actual_ui=(Az=356.60°, El=5.80°), target_ctrl=(Az=86.78°, El=28.50°), err=(dAz=0.18°, dEl=22.70°)
[GimbalCmd] preempt cmd_id=11, track_id=1, mode=axis_update, axes=Az, target_ctrl=(Az=87.60°, El=28.50°), delta=(dAz=0.82°, dEl=0.00°, total=0.82°)

[Phase 1: 视觉解析] 收到目标 cx=1379.8, cy=1080.0, mono=320.0m -> 解算绝对角度: Az=357.54°, El=28.50°
[TargetKeep] reason=lock_timer_expired, master_id=1, score=-19.32, candidates=id=1, score=-19.32, speed=1.74deg/s, dist=22.72deg, hits=25, stab=2.44, hold=1.15x
[Phase 3: 预测控制] 目标当前估算Az=357.55°, 速度=1.74°/s
                   -> 打提前量(0.25s后)Az=357.99°, El=28.50° | 下发云台指令: Az=87.99°, El=28.50°

[Phase 1: 视觉解析] 收到目标 cx=1406.0, cy=1080.0, mono=320.0m -> 解算绝对角度: Az=357.66°, El=28.50°
[Phase 3: 预测控制] 目标当前估算Az=357.64°, 速度=1.75°/s
                   -> 打提前量(0.25s后)Az=358.08°, El=28.50° | 下发云台指令: Az=88.08°, El=28.50°
[GimbalAtt] cmd_id=11, elapsed=0.000s, actual_ctrl=(Az=87.30°, El=13.30°), actual_ui=(Az=357.30°, El=13.30°), target_ctrl=(Az=87.60°, El=28.50°), err=(dAz=0.30°, dEl=15.20°)

[Phase 1: 视觉解析] 收到目标 cx=1432.1, cy=1080.0, mono=320.0m -> 解算绝对角度: Az=357.78°, El=28.50°
[Phase 3: 预测控制] 目标当前估算Az=357.76°, 速度=1.76°/s
                   -> 打提前量(0.25s后)Az=358.20°, El=28.50° | 下发云台指令: Az=88.20°, El=28.50°

[Phase 1: 视觉解析] 收到目标 cx=1458.2, cy=1080.0, mono=320.0m -> 解算绝对角度: Az=357.90°, El=28.50°
[Phase 3: 预测控制] 目标当前估算Az=357.88°, 速度=1.77°/s
                   -> 打提前量(0.25s后)Az=358.32°, El=28.50° | 下发云台指令: Az=88.32°, El=28.50°

[Phase 1: 视觉解析] 收到目标 cx=1484.4, cy=1080.0, mono=320.0m -> 解算绝对角度: Az=358.01°, El=28.50°
[Phase 3: 预测控制] 目标当前估算Az=358.00°, 速度=1.78°/s
                   -> 打提前量(0.25s后)Az=358.45°, El=28.50° | 下发云台指令: Az=88.45°, El=28.50°

[Phase 1: 视觉解析] 收到目标 cx=1510.5, cy=1080.0, mono=320.0m -> 解算绝对角度: Az=358.13°, El=28.50°
[Phase 3: 预测控制] 目标当前估算Az=358.13°, 速度=1.78°/s
                   -> 打提前量(0.25s后)Az=358.57°, El=28.50° | 下发云台指令: Az=88.57°, El=28.50°
[Stats] recv_objs_total=30, recv_unique_boxes=30 | ui_send_total=28, ui_unique_ids=1, ui_id_counts=1:28
[GimbalAtt] cmd_id=11, elapsed=0.201s, actual_ctrl=(Az=87.50°, El=13.30°), actual_ui=(Az=357.50°, El=13.30°), target_ctrl=(Az=87.60°, El=28.50°), err=(dAz=0.10°, dEl=15.20°)
[GimbalCmd] preempt cmd_id=14, track_id=1, mode=axis_update, axes=Az, target_ctrl=(Az=88.45°, El=28.50°), delta=(dAz=0.85°, dEl=0.00°, total=0.85°)

[Phase 1: 视觉解析] 收到目标 cx=1536.7, cy=1080.0, mono=320.0m -> 解算绝对角度: Az=358.25°, El=28.50°
[Phase 3: 预测控制] 目标当前估算Az=358.25°, 速度=1.78°/s
                   -> 打提前量(0.25s后)Az=358.70°, El=28.50° | 下发云台指令: Az=88.70°, El=28.50°

[Phase 1: 视觉解析] 收到目标 cx=1562.8, cy=1080.0, mono=320.0m -> 解算绝对角度: Az=358.37°, El=28.50°
[Phase 3: 预测控制] 目标当前估算Az=358.37°, 速度=1.78°/s
                   -> 打提前量(0.25s后)Az=358.81°, El=28.50° | 下发云台指令: Az=88.81°, El=28.50°

[Phase 1: 视觉解析] 收到目标 cx=1589.0, cy=1080.0, mono=320.0m -> 解算绝对角度: Az=358.49°, El=28.50°
[Phase 3: 预测控制] 目标当前估算Az=358.48°, 速度=1.79°/s
                   -> 打提前量(0.25s后)Az=358.93°, El=28.50° | 下发云台指令: Az=88.93°, El=28.50°
[GimbalAtt] cmd_id=14, elapsed=0.000s, actual_ctrl=(Az=88.20°, El=20.60°), actual_ui=(Az=358.20°, El=20.60°), target_ctrl=(Az=88.45°, El=28.50°), err=(dAz=0.25°, dEl=7.90°)

[Phase 1: 视觉解析] 收到目标 cx=1615.1, cy=1080.0, mono=320.0m -> 解算绝对角度: Az=358.61°, El=28.50°
[Phase 3: 预测控制] 目标当前估算Az=358.61°, 速度=1.79°/s
                   -> 打提前量(0.25s后)Az=359.06°, El=28.50° | 下发云台指令: Az=89.06°, El=28.50°

[Phase 1: 视觉解析] 收到目标 cx=1667.4, cy=1080.0, mono=320.0m -> 解算绝对角度: Az=358.85°, El=28.50°
[Phase 3: 预测控制] 目标当前估算Az=358.85°, 速度=1.79°/s
                   -> 打提前量(0.25s后)Az=359.30°, El=28.50° | 下发云台指令: Az=89.30°, El=28.50°

[Phase 1: 视觉解析] 收到目标 cx=1693.6, cy=1080.0, mono=320.0m -> 解算绝对角度: Az=358.97°, El=28.50°
[Phase 3: 预测控制] 目标当前估算Az=358.97°, 速度=1.79°/s
                   -> 打提前量(0.25s后)Az=359.41°, El=28.50° | 下发云台指令: Az=89.41°, El=28.50°
[GimbalAtt] cmd_id=14, elapsed=0.203s, actual_ctrl=(Az=88.40°, El=20.60°), actual_ui=(Az=358.40°, El=20.60°), target_ctrl=(Az=88.45°, El=28.50°), err=(dAz=0.05°, dEl=7.90°)

[Phase 1: 视觉解析] 收到目标 cx=1719.7, cy=1080.0, mono=320.0m -> 解算绝对角度: Az=359.09°, El=28.50°
[Phase 3: 预测控制] 目标当前估算Az=359.09°, 速度=1.79°/s
                   -> 打提前量(0.25s后)Az=359.53°, El=28.50° | 下发云台指令: Az=89.53°, El=28.50°
[GimbalCmd] preempt cmd_id=18, track_id=1, mode=axis_update, axes=Az, target_ctrl=(Az=89.53°, El=28.50°), delta=(dAz=1.09°, dEl=0.00°, total=1.09°)

[Phase 1: 视觉解析] 收到目标 cx=1745.9, cy=1080.0, mono=320.0m -> 解算绝对角度: Az=359.21°, El=28.50°
[Phase 3: 预测控制] 目标当前估算Az=359.21°, 速度=1.78°/s
                   -> 打提前量(0.25s后)Az=359.66°, El=28.50° | 下发云台指令: Az=89.66°, El=28.50°

[Phase 1: 视觉解析] 收到目标 cx=1772.0, cy=1080.0, mono=320.0m -> 解算绝对角度: Az=359.33°, El=28.50°
[Phase 3: 预测控制] 目标当前估算Az=359.33°, 速度=1.78°/s
                   -> 打提前量(0.25s后)Az=359.78°, El=28.50° | 下发云台指令: Az=89.78°, El=28.50°
[GimbalAtt] cmd_id=18, elapsed=0.000s, actual_ctrl=(Az=89.10°, El=27.30°), actual_ui=(Az=359.10°, El=27.30°), target_ctrl=(Az=89.53°, El=28.50°), err=(dAz=0.43°, dEl=1.20°)

[Phase 1: 视觉解析] 收到目标 cx=1798.2, cy=1080.0, mono=320.0m -> 解算绝对角度: Az=359.44°, El=28.50°
[Phase 3: 预测控制] 目标当前估算Az=359.44°, 速度=1.78°/s
                   -> 打提前量(0.25s后)Az=359.88°, El=28.50° | 下发云台指令: Az=89.88°, El=28.50°

[Phase 1: 视觉解析] 收到目标 cx=1824.3, cy=1080.0, mono=320.0m -> 解算绝对角度: Az=359.56°, El=28.50°
[Phase 3: 预测控制] 目标当前估算Az=359.56°, 速度=1.79°/s
                   -> 打提前量(0.25s后)Az=0.00°, El=28.50° | 下发云台指令: Az=90.00°, El=28.50°

[Phase 1: 视觉解析] 收到目标 cx=1850.5, cy=1080.0, mono=320.0m -> 解算绝对角度: Az=359.68°, El=28.50°
[Phase 3: 预测控制] 目标当前估算Az=359.68°, 速度=1.79°/s
                   -> 打提前量(0.25s后)Az=0.13°, El=28.50° | 下发云台指令: Az=90.13°, El=28.50°

[Phase 1: 视觉解析] 收到目标 cx=1876.6, cy=1080.0, mono=320.0m -> 解算绝对角度: Az=359.80°, El=28.50°
[Phase 3: 预测控制] 目标当前估算Az=359.84°, 速度=1.77°/s
                   -> 打提前量(0.25s后)Az=0.28°, El=28.50° | 下发云台指令: Az=90.28°, El=28.50°

[Phase 1: 视觉解析] 收到目标 cx=1902.8, cy=1080.0, mono=320.0m -> 解算绝对角度: Az=359.92°, El=28.50°
[Phase 3: 预测控制] 目标当前估算Az=359.91°, 速度=1.77°/s
                   -> 打提前量(0.25s后)Az=0.36°, El=28.50° | 下发云台指令: Az=90.36°, El=28.50°

[Phase 1: 视觉解析] 收到目标 cx=1928.9, cy=1080.0, mono=320.0m -> 解算绝对角度: Az=0.04°, El=28.50°
[Phase 3: 预测控制] 目标当前估算Az=0.03°, 速度=1.78°/s
                   -> 打提前量(0.25s后)Az=0.47°, El=28.50° | 下发云台指令: Az=90.47°, El=28.50°
[GimbalAtt] cmd_id=18, elapsed=0.201s, actual_ctrl=(Az=89.10°, El=27.30°), actual_ui=(Az=359.10°, El=27.30°), target_ctrl=(Az=89.53°, El=28.50°), err=(dAz=0.43°, dEl=1.20°)
[GimbalCmd] preempt cmd_id=21, track_id=1, mode=axis_update, axes=Az, target_ctrl=(Az=90.28°, El=28.50°), delta=(dAz=0.75°, dEl=0.00°, total=0.75°)

[Phase 1: 视觉解析] 收到目标 cx=1955.0, cy=1080.0, mono=320.0m -> 解算绝对角度: Az=0.16°, El=28.50°
[TargetKeep] reason=lock_timer_expired, master_id=1, score=5.07, candidates=id=1, score=5.07, speed=1.78deg/s, dist=1.59deg, hits=46, stab=2.44, hold=1.15x
[Phase 3: 预测控制] 目标当前估算Az=0.15°, 速度=1.78°/s
                   -> 打提前量(0.25s后)Az=0.59°, El=28.50° | 下发云台指令: Az=90.59°, El=28.50°

[Phase 1: 视觉解析] 收到目标 cx=1981.2, cy=1080.0, mono=320.0m -> 解算绝对角度: Az=0.28°, El=28.50°
[Phase 3: 预测控制] 目标当前估算Az=0.27°, 速度=1.79°/s
                   -> 打提前量(0.25s后)Az=0.72°, El=28.50° | 下发云台指令: Az=90.72°, El=28.50°

[Phase 1: 视觉解析] 收到目标 cx=2007.3, cy=1080.0, mono=320.0m -> 解算绝对角度: Az=0.40°, El=28.50°
[Phase 3: 预测控制] 目标当前估算Az=0.39°, 速度=1.79°/s
                   -> 打提前量(0.25s后)Az=0.84°, El=28.50° | 下发云台指令: Az=90.84°, El=28.50°

[Phase 1: 视觉解析] 收到目标 cx=2033.5, cy=1080.0, mono=320.0m -> 解算绝对角度: Az=0.52°, El=28.50°
[Phase 3: 预测控制] 目标当前估算Az=0.52°, 速度=1.79°/s
                   -> 打提前量(0.25s后)Az=0.97°, El=28.50° | 下发云台指令: Az=90.97°, El=28.50°
[GimbalAtt] cmd_id=21, elapsed=0.000s, actual_ctrl=(Az=89.10°, El=28.60°), actual_ui=(Az=359.10°, El=28.60°), target_ctrl=(Az=90.28°, El=28.50°), err=(dAz=1.18°, dEl=0.10°)
[GimbalCmd] preempt cmd_id=23, track_id=1, mode=axis_update, axes=Az, target_ctrl=(Az=90.84°, El=28.50°), delta=(dAz=0.55°, dEl=0.00°, total=0.55°)

[Phase 1: 视觉解析] 收到目标 cx=2059.6, cy=1080.0, mono=320.0m -> 解算绝对角度: Az=0.64°, El=28.50°
[Phase 3: 预测控制] 目标当前估算Az=0.64°, 速度=1.79°/s
                   -> 打提前量(0.25s后)Az=1.08°, El=28.50° | 下发云台指令: Az=91.08°, El=28.50°

[Phase 1: 视觉解析] 收到目标 cx=2085.8, cy=1080.0, mono=320.0m -> 解算绝对角度: Az=0.76°, El=28.50°
[Phase 3: 预测控制] 目标当前估算Az=0.75°, 速度=1.79°/s
                   -> 打提前量(0.25s后)Az=1.20°, El=28.50° | 下发云台指令: Az=91.20°, El=28.50°

[Phase 1: 视觉解析] 收到目标 cx=2111.9, cy=1080.0, mono=320.0m -> 解算绝对角度: Az=0.87°, El=28.50°
[Phase 3: 预测控制] 目标当前估算Az=0.87°, 速度=1.79°/s
                   -> 打提前量(0.25s后)Az=1.32°, El=28.50° | 下发云台指令: Az=91.32°, El=28.50°
[GimbalAtt] cmd_id=23, elapsed=0.000s, actual_ctrl=(Az=90.20°, El=28.60°), actual_ui=(Az=0.20°, El=28.60°), target_ctrl=(Az=90.84°, El=28.50°), err=(dAz=0.64°, dEl=0.10°)

[Phase 1: 视觉解析] 收到目标 cx=2164.2, cy=1080.0, mono=320.0m -> 解算绝对角度: Az=1.11°, El=28.50°
[Phase 3: 预测控制] 目标当前估算Az=1.11°, 速度=1.79°/s
                   -> 打提前量(0.25s后)Az=1.56°, El=28.50° | 下发云台指令: Az=91.56°, El=28.50°

[Phase 1: 视觉解析] 收到目标 cx=2190.4, cy=1080.0, mono=320.0m -> 解算绝对角度: Az=1.23°, El=28.50°
[Phase 3: 预测控制] 目标当前估算Az=1.23°, 速度=1.79°/s
                   -> 打提前量(0.25s后)Az=1.68°, El=28.50° | 下发云台指令: Az=91.68°, El=28.50°

[Phase 1: 视觉解析] 收到目标 cx=2216.5, cy=1080.0, mono=320.0m -> 解算绝对角度: Az=1.35°, El=28.50°
[Phase 3: 预测控制] 目标当前估算Az=1.35°, 速度=1.79°/s
                   -> 打提前量(0.25s后)Az=1.80°, El=28.50° | 下发云台指令: Az=91.80°, El=28.50°

[Phase 1: 视觉解析] 收到目标 cx=2242.7, cy=1080.0, mono=320.0m -> 解算绝对角度: Az=1.47°, El=28.50°
[Phase 3: 预测控制] 目标当前估算Az=1.47°, 速度=1.79°/s
                   -> 打提前量(0.25s后)Az=1.92°, El=28.50° | 下发云台指令: Az=91.92°, El=28.50°
[GimbalAtt] cmd_id=23, elapsed=0.262s, actual_ctrl=(Az=90.20°, El=28.60°), actual_ui=(Az=0.20°, El=28.60°), target_ctrl=(Az=90.84°, El=28.50°), err=(dAz=0.64°, dEl=0.10°)
[GimbalCmd] preempt cmd_id=27, track_id=1, mode=axis_update, axes=Az, target_ctrl=(Az=91.80°, El=28.50°), delta=(dAz=0.96°, dEl=0.00°, total=0.96°)

[Phase 1: 视觉解析] 收到目标 cx=2268.8, cy=1080.0, mono=320.0m -> 解算绝对角度: Az=1.59°, El=28.50°
[Phase 3: 预测控制] 目标当前估算Az=1.59°, 速度=1.79°/s
                   -> 打提前量(0.25s后)Az=2.04°, El=28.50° | 下发云台指令: Az=92.04°, El=28.50°

[Phase 1: 视觉解析] 收到目标 cx=2294.9, cy=1080.0, mono=320.0m -> 解算绝对角度: Az=1.71°, El=28.50°
[Phase 3: 预测控制] 目标当前估算Az=1.71°, 速度=1.79°/s
                   -> 打提前量(0.25s后)Az=2.16°, El=28.50° | 下发云台指令: Az=92.16°, El=28.50°
[Stats] recv_objs_total=58, recv_unique_boxes=58 | ui_send_total=56, ui_unique_ids=1, ui_id_counts=1:56

[Phase 1: 视觉解析] 收到目标 cx=2321.1, cy=1080.0, mono=320.0m -> 解算绝对角度: Az=1.83°, El=28.50°
[Phase 3: 预测控制] 目标当前估算Az=1.83°, 速度=1.79°/s
                   -> 打提前量(0.25s后)Az=2.27°, El=28.50° | 下发云台指令: Az=92.27°, El=28.50°
[GimbalAtt] cmd_id=27, elapsed=0.000s, actual_ctrl=(Az=90.90°, El=28.60°), actual_ui=(Az=0.90°, El=28.60°), target_ctrl=(Az=91.80°, El=28.50°), err=(dAz=0.90°, dEl=0.10°)

[Phase 1: 视觉解析] 收到目标 cx=2347.2, cy=1080.0, mono=320.0m -> 解算绝对角度: Az=1.95°, El=28.50°
[Phase 3: 预测控制] 目标当前估算Az=1.94°, 速度=1.79°/s
                   -> 打提前量(0.25s后)Az=2.39°, El=28.50° | 下发云台指令: Az=92.39°, El=28.50°

[Phase 1: 视觉解析] 收到目标 cx=2373.4, cy=1080.0, mono=320.0m -> 解算绝对角度: Az=2.07°, El=28.50°
[Phase 3: 预测控制] 目标当前估算Az=2.07°, 速度=1.79°/s
                   -> 打提前量(0.25s后)Az=2.51°, El=28.50° | 下发云台指令: Az=92.51°, El=28.50°

[Phase 1: 视觉解析] 收到目标 cx=2399.5, cy=1080.0, mono=320.0m -> 解算绝对角度: Az=2.19°, El=28.50°
[Phase 3: 预测控制] 目标当前估算Az=2.23°, 速度=1.77°/s
                   -> 打提前量(0.25s后)Az=2.67°, El=28.50° | 下发云台指令: Az=92.67°, El=28.50°

[Phase 1: 视觉解析] 收到目标 cx=2425.7, cy=1080.0, mono=320.0m -> 解算绝对角度: Az=2.30°, El=28.50°
[Phase 3: 预测控制] 目标当前估算Az=2.29°, 速度=1.77°/s
                   -> 打提前量(0.25s后)Az=2.73°, El=28.50° | 下发云台指令: Az=92.73°, El=28.50°

[Phase 1: 视觉解析] 收到目标 cx=2451.8, cy=1080.0, mono=320.0m -> 解算绝对角度: Az=2.42°, El=28.50°
[Phase 3: 预测控制] 目标当前估算Az=2.42°, 速度=1.78°/s
                   -> 打提前量(0.25s后)Az=2.86°, El=28.50° | 下发云台指令: Az=92.86°, El=28.50°
[GimbalAtt] cmd_id=27, elapsed=0.250s, actual_ctrl=(Az=91.80°, El=28.60°), actual_ui=(Az=1.80°, El=28.60°), target_ctrl=(Az=91.80°, El=28.50°), err=(dAz=0.00°, dEl=0.10°)
[GimbalSettled] cmd_id=27, track_id=1, settle_time=0.250s, actual_ctrl=(Az=91.80°, El=28.60°), target_ctrl=(Az=91.80°, El=28.50°), err=(dAz=0.00°, dEl=0.10°)
[Laser] No valid laser distance, use mono distance
[GimbalCmd] cmd_id=31, track_id=1, target_ctrl=(Az=92.73°, El=28.50°)

[Phase 1: 视觉解析] 收到目标 cx=2478.0, cy=1080.0, mono=320.0m -> 解算绝对角度: Az=2.54°, El=28.50°
[Phase 3: 预测控制] 目标当前估算Az=2.53°, 速度=1.78°/s
                   -> 打提前量(0.25s后)Az=2.98°, El=28.50° | 下发云台指令: Az=92.98°, El=28.50°

[Phase 1: 视觉解析] 收到目标 cx=2504.1, cy=1080.0, mono=320.0m -> 解算绝对角度: Az=2.66°, El=28.50°
[Phase 3: 预测控制] 目标当前估算Az=2.65°, 速度=1.79°/s
                   -> 打提前量(0.25s后)Az=3.10°, El=28.50° | 下发云台指令: Az=93.10°, El=28.50°
[GimbalAtt] cmd_id=31, elapsed=0.000s, actual_ctrl=(Az=92.50°, El=28.60°), actual_ui=(Az=2.50°, El=28.60°), target_ctrl=(Az=92.73°, El=28.50°), err=(dAz=0.23°, dEl=0.10°)
[GimbalSettled] cmd_id=31, track_id=1, settle_time=0.000s, actual_ctrl=(Az=92.50°, El=28.60°), target_ctrl=(Az=92.73°, El=28.50°), err=(dAz=0.23°, dEl=0.10°)
[Laser] No valid laser distance, use mono distance
[GimbalCmd] cmd_id=32, track_id=1, target_ctrl=(Az=92.98°, El=28.50°)

[Phase 1: 视觉解析] 收到目标 cx=2530.3, cy=1080.0, mono=320.0m -> 解算绝对角度: Az=2.78°, El=28.50°
[Phase 3: 预测控制] 目标当前估算Az=2.78°, 速度=1.79°/s
                   -> 打提前量(0.25s后)Az=3.22°, El=28.50° | 下发云台指令: Az=93.22°, El=28.50°

[Phase 1: 视觉解析] 收到目标 cx=2556.4, cy=1080.0, mono=320.0m -> 解算绝对角度: Az=2.90°, El=28.50°
[TargetKeep] reason=lock_timer_expired, master_id=1, score=6.44, candidates=id=1, score=6.44, speed=1.79deg/s, dist=0.41deg, hits=68, stab=2.44, hold=1.15x
[Phase 3: 预测控制] 目标当前估算Az=2.90°, 速度=1.79°/s
                   -> 打提前量(0.25s后)Az=3.35°, El=28.50° | 下发云台指令: Az=93.35°, El=28.50°

[Phase 1: 视觉解析] 收到目标 cx=2582.6, cy=1080.0, mono=320.0m -> 解算绝对角度: Az=3.02°, El=28.50°
[Phase 3: 预测控制] 目标当前估算Az=3.02°, 速度=1.79°/s
                   -> 打提前量(0.25s后)Az=3.46°, El=28.50° | 下发云台指令: Az=93.46°, El=28.50°

[Phase 1: 视觉解析] 收到目标 cx=2608.7, cy=1080.0, mono=320.0m -> 解算绝对角度: Az=3.14°, El=28.50°
[Phase 3: 预测控制] 目标当前估算Az=3.14°, 速度=1.79°/s
                   -> 打提前量(0.25s后)Az=3.59°, El=28.50° | 下发云台指令: Az=93.59°, El=28.50°

[Phase 1: 视觉解析] 收到目标 cx=2661.0, cy=1080.0, mono=320.0m -> 解算绝对角度: Az=3.38°, El=28.50°
[Phase 3: 预测控制] 目标当前估算Az=3.38°, 速度=1.79°/s
                   -> 打提前量(0.25s后)Az=3.83°, El=28.50° | 下发云台指令: Az=93.83°, El=28.50°
[GimbalAtt] cmd_id=32, elapsed=0.001s, actual_ctrl=(Az=92.60°, El=28.60°), actual_ui=(Az=2.60°, El=28.60°), target_ctrl=(Az=92.98°, El=28.50°), err=(dAz=0.38°, dEl=0.10°)
[GimbalCmd] preempt cmd_id=35, track_id=1, mode=axis_update, axes=Az, target_ctrl=(Az=93.83°, El=28.50°), delta=(dAz=0.85°, dEl=0.00°, total=0.85°)

[Phase 1: 视觉解析] 收到目标 cx=2687.2, cy=1080.0, mono=320.0m -> 解算绝对角度: Az=3.50°, El=28.50°
[Phase 3: 预测控制] 目标当前估算Az=3.50°, 速度=1.79°/s
                   -> 打提前量(0.25s后)Az=3.94°, El=28.50° | 下发云台指令: Az=93.94°, El=28.50°

[Phase 1: 视觉解析] 收到目标 cx=2713.3, cy=1080.0, mono=320.0m -> 解算绝对角度: Az=3.62°, El=28.50°
[Phase 3: 预测控制] 目标当前估算Az=3.61°, 速度=1.79°/s
                   -> 打提前量(0.25s后)Az=4.06°, El=28.50° | 下发云台指令: Az=94.06°, El=28.50°

[Phase 1: 视觉解析] 收到目标 cx=2739.4, cy=1080.0, mono=320.0m -> 解算绝对角度: Az=3.73°, El=28.50°
[Phase 3: 预测控制] 目标当前估算Az=3.73°, 速度=1.79°/s
                   -> 打提前量(0.25s后)Az=4.18°, El=28.50° | 下发云台指令: Az=94.18°, El=28.50°
[GimbalAtt] cmd_id=35, elapsed=0.000s, actual_ctrl=(Az=93.40°, El=28.60°), actual_ui=(Az=3.40°, El=28.60°), target_ctrl=(Az=93.83°, El=28.50°), err=(dAz=0.43°, dEl=0.10°)

[Phase 1: 视觉解析] 收到目标 cx=2765.6, cy=1080.0, mono=320.0m -> 解算绝对角度: Az=3.85°, El=28.50°
[Phase 3: 预测控制] 目标当前估算Az=3.86°, 速度=1.79°/s
                   -> 打提前量(0.25s后)Az=4.30°, El=28.50° | 下发云台指令: Az=94.30°, El=28.50°

[Phase 1: 视觉解析] 收到目标 cx=2791.7, cy=1080.0, mono=320.0m -> 解算绝对角度: Az=3.97°, El=28.50°
[Phase 3: 预测控制] 目标当前估算Az=3.97°, 速度=1.79°/s
                   -> 打提前量(0.25s后)Az=4.42°, El=28.50° | 下发云台指令: Az=94.42°, El=28.50°

[Phase 1: 视觉解析] 收到目标 cx=2817.9, cy=1080.0, mono=320.0m -> 解算绝对角度: Az=4.09°, El=28.50°
[Phase 3: 预测控制] 目标当前估算Az=4.09°, 速度=1.79°/s
                   -> 打提前量(0.25s后)Az=4.53°, El=28.50° | 下发云台指令: Az=94.53°, El=28.50°

[Phase 1: 视觉解析] 收到目标 cx=2844.0, cy=1080.0, mono=320.0m -> 解算绝对角度: Az=4.21°, El=28.50°
[Phase 3: 预测控制] 目标当前估算Az=4.21°, 速度=1.79°/s
                   -> 打提前量(0.25s后)Az=4.66°, El=28.50° | 下发云台指令: Az=94.66°, El=28.50°
[GimbalAtt] cmd_id=35, elapsed=0.204s, actual_ctrl=(Az=93.70°, El=28.60°), actual_ui=(Az=3.70°, El=28.60°), target_ctrl=(Az=93.83°, El=28.50°), err=(dAz=0.13°, dEl=0.10°)
[GimbalSettled] cmd_id=35, track_id=1, settle_time=0.204s, actual_ctrl=(Az=93.70°, El=28.60°), target_ctrl=(Az=93.83°, El=28.50°), err=(dAz=0.13°, dEl=0.10°)
[Laser] No valid laser distance, use mono distance
[GimbalCmd] cmd_id=38, track_id=1, target_ctrl=(Az=94.53°, El=28.50°)

[Phase 1: 视觉解析] 收到目标 cx=2870.2, cy=1080.0, mono=320.0m -> 解算绝对角度: Az=4.33°, El=28.50°
[Phase 3: 预测控制] 目标当前估算Az=4.33°, 速度=1.79°/s
                   -> 打提前量(0.25s后)Az=4.78°, El=28.50° | 下发云台指令: Az=94.78°, El=28.50°

[Phase 1: 视觉解析] 收到目标 cx=2896.3, cy=1080.0, mono=320.0m -> 解算绝对角度: Az=4.45°, El=28.50°
[Phase 3: 预测控制] 目标当前估算Az=4.45°, 速度=1.79°/s
                   -> 打提前量(0.25s后)Az=4.90°, El=28.50° | 下发云台指令: Az=94.90°, El=28.50°

[Phase 1: 视觉解析] 收到目标 cx=2922.5, cy=1080.0, mono=320.0m -> 解算绝对角度: Az=4.57°, El=28.50°
[Phase 3: 预测控制] 目标当前估算Az=4.57°, 速度=1.79°/s
                   -> 打提前量(0.25s后)Az=5.02°, El=28.50° | 下发云台指令: Az=95.02°, El=28.50°

[Phase 1: 视觉解析] 收到目标 cx=2948.6, cy=1080.0, mono=320.0m -> 解算绝对角度: Az=4.69°, El=28.50°
[Phase 3: 预测控制] 目标当前估算Az=4.72°, 速度=1.77°/s
                   -> 打提前量(0.25s后)Az=5.17°, El=28.50° | 下发云台指令: Az=95.17°, El=28.50°

[Phase 1: 视觉解析] 收到目标 cx=2974.8, cy=1080.0, mono=320.0m -> 解算绝对角度: Az=4.81°, El=28.50°
[GimbalAtt] cmd_id=38, elapsed=0.000s, actual_ctrl=(Az=93.70°, El=28.60°), actual_ui=(Az=3.70°, El=28.60°), target_ctrl=(Az=94.53°, El=28.50°), err=(dAz=0.83°, dEl=0.10°)[Phase 3: 预测控制] 目标当前估算Az=4.80°, 速度=1.77°/s

                   -> 打提前量(0.25s后)Az=5.24°, El=28.50° | 下发云台指令: Az=95.24°, El=28.50°
[GimbalCmd] preempt cmd_id=41, track_id=1, mode=axis_update, axes=Az, target_ctrl=(Az=95.24°, El=28.50°), delta=(dAz=0.70°, dEl=0.00°, total=0.70°)

[Phase 1: 视觉解析] 收到目标 cx=3000.9, cy=1080.0, mono=320.0m -> 解算绝对角度: Az=4.93°, El=28.50°
[Phase 3: 预测控制] 目标当前估算Az=4.91°, 速度=1.78°/s
                   -> 打提前量(0.25s后)Az=5.36°, El=28.50° | 下发云台指令: Az=95.36°, El=28.50°

[Phase 1: 视觉解析] 收到目标 cx=3027.1, cy=1080.0, mono=320.0m -> 解算绝对角度: Az=5.05°, El=28.50°
[Phase 3: 预测控制] 目标当前估算Az=5.04°, 速度=1.78°/s
                   -> 打提前量(0.25s后)Az=5.48°, El=28.50° | 下发云台指令: Az=95.48°, El=28.50°

[Phase 1: 视觉解析] 收到目标 cx=3053.2, cy=1080.0, mono=320.0m -> 解算绝对角度: Az=5.16°, El=28.50°
[Phase 3: 预测控制] 目标当前估算Az=5.16°, 速度=1.78°/s
                   -> 打提前量(0.25s后)Az=5.60°, El=28.50° | 下发云台指令: Az=95.60°, El=28.50°

[Phase 1: 视觉解析] 收到目标 cx=3079.3, cy=1080.0, mono=320.0m -> 解算绝对角度: Az=5.28°, El=28.50°
[Phase 3: 预测控制] 目标当前估算Az=5.27°, 速度=1.79°/s
                   -> 打提前量(0.25s后)Az=5.72°, El=28.50° | 下发云台指令: Az=95.72°, El=28.50°
[GimbalAtt] cmd_id=41, elapsed=0.000s, actual_ctrl=(Az=93.70°, El=28.60°), actual_ui=(Az=3.70°, El=28.60°), target_ctrl=(Az=95.24°, El=28.50°), err=(dAz=1.54°, dEl=0.10°)

[Phase 1: 视觉解析] 收到目标 cx=3105.5, cy=1080.0, mono=320.0m -> 解算绝对角度: Az=5.40°, El=28.50°
[Phase 3: 预测控制] 目标当前估算Az=5.40°, 速度=1.79°/s
                   -> 打提前量(0.25s后)Az=5.85°, El=28.50° | 下发云台指令: Az=95.85°, El=28.50°
[Stats] recv_objs_total=88, recv_unique_boxes=88 | ui_send_total=86, ui_unique_ids=1, ui_id_counts=1:86

[Phase 1: 视觉解析] 收到目标 cx=3131.6, cy=1080.0, mono=320.0m -> 解算绝对角度: Az=5.52°, El=28.50°
[Phase 3: 预测控制] 目标当前估算Az=5.53°, 速度=1.79°/s
                   -> 打提前量(0.25s后)Az=5.98°, El=28.50° | 下发云台指令: Az=95.98°, El=28.50°

[Phase 1: 视觉解析] 收到目标 cx=3183.9, cy=1080.0, mono=320.0m -> 解算绝对角度: Az=5.76°, El=28.50°
[TargetKeep] reason=lock_timer_expired, master_id=1, score=4.55, candidates=id=1, score=4.55, speed=1.79deg/s, dist=2.06deg, hits=90, stab=2.44, hold=1.15x
[Phase 3: 预测控制] 目标当前估算Az=5.76°, 速度=1.79°/s
                   -> 打提前量(0.25s后)Az=6.20°, El=28.50° | 下发云台指令: Az=96.20°, El=28.50°

[Phase 1: 视觉解析] 收到目标 cx=3210.1, cy=1080.0, mono=320.0m -> 解算绝对角度: Az=5.88°, El=28.50°
[Phase 3: 预测控制] 目标当前估算Az=5.87°, 速度=1.79°/s
                   -> 打提前量(0.25s后)Az=6.32°, El=28.50° | 下发云台指令: Az=96.32°, El=28.50°

[Phase 1: 视觉解析] 收到目标 cx=3236.2, cy=1080.0, mono=320.0m -> 解算绝对角度: Az=6.00°, El=28.50°
[Phase 3: 预测控制] 目标当前估算Az=6.00°, 速度=1.79°/s
                   -> 打提前量(0.25s后)Az=6.45°, El=28.50° | 下发云台指令: Az=96.45°, El=28.50°
[GimbalAtt] cmd_id=41, elapsed=0.282s, actual_ctrl=(Az=95.20°, El=28.60°), actual_ui=(Az=5.20°, El=28.60°), target_ctrl=(Az=95.24°, El=28.50°), err=(dAz=0.04°, dEl=0.10°)
[GimbalSettled] cmd_id=41, track_id=1, settle_time=0.282s, actual_ctrl=(Az=95.20°, El=28.60°), target_ctrl=(Az=95.24°, El=28.50°), err=(dAz=0.04°, dEl=0.10°)
[Laser] No valid laser distance, use mono distance
[GimbalCmd] cmd_id=46, track_id=1, target_ctrl=(Az=96.45°, El=28.50°)

[Phase 1: 视觉解析] 收到目标 cx=3262.4, cy=1080.0, mono=320.0m -> 解算绝对角度: Az=6.12°, El=28.50°
[Phase 3: 预测控制] 目标当前估算Az=6.11°, 速度=1.79°/s
                   -> 打提前量(0.25s后)Az=6.56°, El=28.50° | 下发云台指令: Az=96.56°, El=28.50°

[Phase 1: 视觉解析] 收到目标 cx=3288.5, cy=1080.0, mono=320.0m -> 解算绝对角度: Az=6.24°, El=28.50°
[Phase 3: 预测控制] 目标当前估算Az=6.24°, 速度=1.79°/s
                   -> 打提前量(0.25s后)Az=6.69°, El=28.50° | 下发云台指令: Az=96.69°, El=28.50°
[GimbalAtt] cmd_id=46, elapsed=0.000s, actual_ctrl=(Az=95.90°, El=28.60°), actual_ui=(Az=5.90°, El=28.60°), target_ctrl=(Az=96.45°, El=28.50°), err=(dAz=0.55°, dEl=0.10°)

[Phase 1: 视觉解析] 收到目标 cx=3314.7, cy=1080.0, mono=320.0m -> 解算绝对角度: Az=6.36°, El=28.50°
[Phase 3: 预测控制] 目标当前估算Az=6.35°, 速度=1.80°/s
                   -> 打提前量(0.25s后)Az=6.80°, El=28.50° | 下发云台指令: Az=96.80°, El=28.50°

[Phase 1: 视觉解析] 收到目标 cx=3340.8, cy=1080.0, mono=320.0m -> 解算绝对角度: Az=6.48°, El=28.50°
[Phase 3: 预测控制] 目标当前估算Az=6.48°, 速度=1.79°/s
                   -> 打提前量(0.25s后)Az=6.93°, El=28.50° | 下发云台指令: Az=96.93°, El=28.50°

[Phase 1: 视觉解析] 收到目标 cx=3367.0, cy=1080.0, mono=320.0m -> 解算绝对角度: Az=6.59°, El=28.50°
[Phase 3: 预测控制] 目标当前估算Az=6.59°, 速度=1.79°/s
                   -> 打提前量(0.25s后)Az=7.04°, El=28.50° | 下发云台指令: Az=97.04°, El=28.50°

[Phase 1: 视觉解析] 收到目标 cx=3393.1, cy=1080.0, mono=320.0m -> 解算绝对角度: Az=6.71°, El=28.50°
[Phase 3: 预测控制] 目标当前估算Az=6.72°, 速度=1.79°/s
                   -> 打提前量(0.25s后)Az=7.16°, El=28.50° | 下发云台指令: Az=97.16°, El=28.50°
[GimbalAtt] cmd_id=46, elapsed=0.213s, actual_ctrl=(Az=96.40°, El=28.60°), actual_ui=(Az=6.40°, El=28.60°), target_ctrl=(Az=96.45°, El=28.50°), err=(dAz=0.05°, dEl=0.10°)
[GimbalSettled] cmd_id=46, track_id=1, settle_time=0.213s, actual_ctrl=(Az=96.40°, El=28.60°), target_ctrl=(Az=96.45°, El=28.50°), err=(dAz=0.05°, dEl=0.10°)
[Laser] No valid laser distance, use mono distance
[GimbalCmd] cmd_id=49, track_id=1, target_ctrl=(Az=97.16°, El=28.50°)

[Phase 1: 视觉解析] 收到目标 cx=3445.4, cy=1080.0, mono=320.0m -> 解算绝对角度: Az=6.95°, El=28.50°
[Phase 3: 预测控制] 目标当前估算Az=6.98°, 速度=1.77°/s
                   -> 打提前量(0.25s后)Az=7.43°, El=28.50° | 下发云台指令: Az=97.43°, El=28.50°

[Phase 1: 视觉解析] 收到目标 cx=3471.6, cy=1080.0, mono=320.0m -> 解算绝对角度: Az=7.07°, El=28.50°
[Phase 3: 预测控制] 目标当前估算Az=7.06°, 速度=1.78°/s
                   -> 打提前量(0.25s后)Az=7.50°, El=28.50° | 下发云台指令: Az=97.50°, El=28.50°

[Phase 1: 视觉解析] 收到目标 cx=3497.7, cy=1080.0, mono=320.0m -> 解算绝对角度: Az=7.19°, El=28.50°
[Phase 3: 预测控制] 目标当前估算Az=7.18°, 速度=1.78°/s
                   -> 打提前量(0.25s后)Az=7.63°, El=28.50° | 下发云台指令: Az=97.63°, El=28.50°

[Phase 1: 视觉解析] 收到目标 cx=3523.8, cy=1080.0, mono=320.0m -> 解算绝对角度: Az=7.31°, El=28.50°
[Phase 3: 预测控制] 目标当前估算Az=7.30°, 速度=1.78°/s
                   -> 打提前量(0.25s后)Az=7.75°, El=28.50° | 下发云台指令: Az=97.75°, El=28.50°
[GimbalAtt] cmd_id=49, elapsed=0.000s, actual_ctrl=(Az=96.40°, El=28.60°), actual_ui=(Az=6.40°, El=28.60°), target_ctrl=(Az=97.16°, El=28.50°), err=(dAz=0.76°, dEl=0.10°)

[Phase 1: 视觉解析] 收到目标 cx=3550.0, cy=1080.0, mono=320.0m -> 解算绝对角度: Az=7.43°, El=28.50°
[Phase 3: 预测控制] 目标当前估算Az=7.43°, 速度=1.79°/s
                   -> 打提前量(0.25s后)Az=7.87°, El=28.50° | 下发云台指令: Az=97.87°, El=28.50°

[Phase 1: 视觉解析] 收到目标 cx=3576.1, cy=1080.0, mono=320.0m -> 解算绝对角度: Az=7.55°, El=28.50°
[Phase 3: 预测控制] 目标当前估算Az=7.55°, 速度=1.79°/s
                   -> 打提前量(0.25s后)Az=8.00°, El=28.50° | 下发云台指令: Az=98.00°, El=28.50°

[Phase 1: 视觉解析] 收到目标 cx=3602.3, cy=1080.0, mono=320.0m -> 解算绝对角度: Az=7.67°, El=28.50°
[Phase 3: 预测控制] 目标当前估算Az=7.66°, 速度=1.79°/s
                   -> 打提前量(0.25s后)Az=8.11°, El=28.50° | 下发云台指令: Az=98.11°, El=28.50°
[GimbalAtt] cmd_id=49, elapsed=0.283s, actual_ctrl=(Az=97.10°, El=28.60°), actual_ui=(Az=7.10°, El=28.60°), target_ctrl=(Az=97.16°, El=28.50°), err=(dAz=0.06°, dEl=0.10°)
[GimbalSettled] cmd_id=49, track_id=1, settle_time=0.283s, actual_ctrl=(Az=97.10°, El=28.60°), target_ctrl=(Az=97.16°, El=28.50°), err=(dAz=0.06°, dEl=0.10°)
[Laser] No valid laser distance, use mono distance
[GimbalCmd] cmd_id=53, track_id=1, target_ctrl=(Az=98.11°, El=28.50°)
[GimbalAtt] cmd_id=53, elapsed=0.000s, actual_ctrl=(Az=97.80°, El=28.60°), actual_ui=(Az=7.80°, El=28.60°), target_ctrl=(Az=98.11°, El=28.50°), err=(dAz=0.31°, dEl=0.10°)
[GimbalAtt] cmd_id=53, elapsed=0.201s, actual_ctrl=(Az=98.10°, El=28.60°), actual_ui=(Az=8.10°, El=28.60°), target_ctrl=(Az=98.11°, El=28.50°), err=(dAz=0.01°, dEl=0.10°)
[GimbalSettled] cmd_id=53, track_id=1, settle_time=0.201s, actual_ctrl=(Az=98.10°, El=28.60°), target_ctrl=(Az=98.11°, El=28.50°), err=(dAz=0.01°, dEl=0.10°)
[Laser] No valid laser distance, use mono distance
