[Log] stdout/stderr -> logs/main_tracking_v9_20260422_134941.log
[Init] Connecting to Gimbal at /dev/ttyUSB0...
[GT06Z] Driver Ready on /dev/ttyUSB0.
[Adapter] GT06Z 云台已连接: /dev/ttyUSB0
[Init] Real laser enabled on /dev/ttyUSB1
[Init] Queue gimbal initial posture: Az=90.00°, El=0.00°
[GimbalThread] 控制线程已启动
[LaserThread] 激光读取线程已启动=== System V9.0 (Predictive Tracking & Scheduling) Running ===

[Net] Listening RK3588 on 8888...[Laser] start_measurement mode=continuous

[GimbalCmd] cmd_id=0, track_id=-1, target_ctrl=(Az=90.00°, El=0.00°)
[GimbalAtt] cmd_id=0, elapsed=0.322s, actual_ctrl=(Az=90.00°, El=-0.00°), actual_ui=(Az=0.00°, El=-0.00°), target_ctrl=(Az=90.00°, El=0.00°), err=(dAz=0.00°, dEl=0.00°)
[GimbalSettled] cmd_id=0, track_id=-1, settle_time=0.322s, actual_ctrl=(Az=90.00°, El=-0.00°), target_ctrl=(Az=90.00°, El=0.00°), err=(dAz=0.00°, dEl=0.00°)
[Laser] No valid laser distance, use mono distance

[Phase 1: 视觉解析] 收到目标 cx=700.0, cy=1080.0, mono=320.0m -> 解算绝对角度: Az=354.44°, El=28.50°
[Stats] recv_objs_total=1, recv_unique_boxes=1 | ui_send_total=0, ui_unique_ids=0, ui_id_counts=none

[Phase 1: 视觉解析] 收到目标 cx=726.1, cy=1080.0, mono=320.0m -> 解算绝对角度: Az=354.56°, El=28.50°

[Phase 1: 视觉解析] 收到目标 cx=752.3, cy=1080.0, mono=320.0m -> 解算绝对角度: Az=354.68°, El=28.50°
[TargetAcquire] reason=initial_acquire, master_id=1, score=-27.63, candidates=id=1, score=-27.63, speed=0.14deg/s, dist=29.01deg, hits=3, stab=1.11
[Phase 3: 预测控制] 目标当前估算Az=354.57°, 速度=0.14°/s
                   -> 打提前量(0.2s后)Az=354.60°, El=28.50° | 下发云台指令: Az=84.60°, El=28.50°

[Phase 1: 视觉解析] 收到目标 cx=778.4, cy=1080.0, mono=320.0m -> 解算绝对角度: Az=354.80°, El=28.50°
[Phase 3: 预测控制] 目标当前估算Az=354.66°, 速度=0.30°/s
                   -> 打提前量(0.2s后)Az=354.72°, El=28.50° | 下发云台指令: Az=84.72°, El=28.50°

[Phase 1: 视觉解析] 收到目标 cx=804.6, cy=1080.0, mono=320.0m -> 解算绝对角度: Az=354.92°, El=28.50°
[Phase 3: 预测控制] 目标当前估算Az=354.76°, 速度=0.51°/s
                   -> 打提前量(0.2s后)Az=354.86°, El=28.50° | 下发云台指令: Az=84.86°, El=28.50°
[GimbalCmd] cmd_id=1, track_id=1, target_ctrl=(Az=84.60°, El=28.50°)

[Phase 1: 视觉解析] 收到目标 cx=830.7, cy=1080.0, mono=320.0m -> 解算绝对角度: Az=355.04°, El=28.50°
[Phase 3: 预测控制] 目标当前估算Az=354.88°, 速度=0.72°/s
                   -> 打提前量(0.2s后)Az=355.03°, El=28.50° | 下发云台指令: Az=85.03°, El=28.50°

[Phase 1: 视觉解析] 收到目标 cx=856.9, cy=1080.0, mono=320.0m -> 解算绝对角度: Az=355.16°, El=28.50°
[Phase 3: 预测控制] 目标当前估算Az=355.01°, 速度=0.91°/s
                   -> 打提前量(0.2s后)Az=355.19°, El=28.50° | 下发云台指令: Az=85.19°, El=28.50°

[Phase 1: 视觉解析] 收到目标 cx=883.0, cy=1080.0, mono=320.0m -> 解算绝对角度: Az=355.27°, El=28.50°
[Phase 3: 预测控制] 目标当前估算Az=355.14°, 速度=1.07°/s
                   -> 打提前量(0.2s后)Az=355.36°, El=28.50° | 下发云台指令: Az=85.36°, El=28.50°
[GimbalAtt] cmd_id=1, elapsed=0.041s, actual_ctrl=(Az=89.30°, El=0.10°), actual_ui=(Az=359.30°, El=0.10°), target_ctrl=(Az=84.60°, El=28.50°), err=(dAz=4.70°, dEl=28.40°)

[Phase 1: 视觉解析] 收到目标 cx=909.2, cy=1080.0, mono=320.0m -> 解算绝对角度: Az=355.39°, El=28.50°
[Phase 3: 预测控制] 目标当前估算Az=355.27°, 速度=1.21°/s
                   -> 打提前量(0.2s后)Az=355.51°, El=28.50° | 下发云台指令: Az=85.51°, El=28.50°
[GimbalCmd] preempt cmd_id=4, track_id=1, mode=axis_update, axes=Az, target_ctrl=(Az=85.51°, El=28.50°), delta=(dAz=0.92°, dEl=0.00°, total=0.92°)

[Phase 1: 视觉解析] 收到目标 cx=935.3, cy=1080.0, mono=320.0m -> 解算绝对角度: Az=355.51°, El=28.50°
[Phase 3: 预测控制] 目标当前估算Az=355.41°, 速度=1.31°/s
                   -> 打提前量(0.2s后)Az=355.67°, El=28.50° | 下发云台指令: Az=85.67°, El=28.50°

[Phase 1: 视觉解析] 收到目标 cx=961.5, cy=1080.0, mono=320.0m -> 解算绝对角度: Az=355.63°, El=28.50°
[Phase 3: 预测控制] 目标当前估算Az=355.54°, 速度=1.39°/s
                   -> 打提前量(0.2s后)Az=355.82°, El=28.50° | 下发云台指令: Az=85.82°, El=28.50°
[GimbalAtt] cmd_id=4, elapsed=0.000s, actual_ctrl=(Az=85.70°, El=1.20°), actual_ui=(Az=355.70°, El=1.20°), target_ctrl=(Az=85.51°, El=28.50°), err=(dAz=0.19°, dEl=27.30°)

[Phase 1: 视觉解析] 收到目标 cx=987.6, cy=1080.0, mono=320.0m -> 解算绝对角度: Az=355.75°, El=28.50°
[Phase 3: 预测控制] 目标当前估算Az=355.67°, 速度=1.46°/s
                   -> 打提前量(0.2s后)Az=355.96°, El=28.50° | 下发云台指令: Az=85.96°, El=28.50°
[GimbalCmd] preempt cmd_id=5, track_id=1, mode=axis_update, axes=Az, target_ctrl=(Az=85.82°, El=28.50°), delta=(dAz=0.31°, dEl=0.00°, total=0.31°)

[Phase 1: 视觉解析] 收到目标 cx=1013.8, cy=1080.0, mono=320.0m -> 解算绝对角度: Az=355.87°, El=28.50°
[Phase 3: 预测控制] 目标当前估算Az=355.80°, 速度=1.51°/s
                   -> 打提前量(0.2s后)Az=356.10°, El=28.50° | 下发云台指令: Az=86.10°, El=28.50°

[Phase 1: 视觉解析] 收到目标 cx=1039.9, cy=1080.0, mono=320.0m -> 解算绝对角度: Az=355.99°, El=28.50°
[Phase 3: 预测控制] 目标当前估算Az=355.93°, 速度=1.56°/s
                   -> 打提前量(0.2s后)Az=356.24°, El=28.50° | 下发云台指令: Az=86.24°, El=28.50°

[Phase 1: 视觉解析] 收到目标 cx=1066.0, cy=1080.0, mono=320.0m -> 解算绝对角度: Az=356.11°, El=28.50°
[Phase 3: 预测控制] 目标当前估算Az=356.05°, 速度=1.59°/s
                   -> 打提前量(0.2s后)Az=356.37°, El=28.50° | 下发云台指令: Az=86.37°, El=28.50°

[Phase 1: 视觉解析] 收到目标 cx=1092.2, cy=1080.0, mono=320.0m -> 解算绝对角度: Az=356.23°, El=28.50°
[Phase 3: 预测控制] 目标当前估算Az=356.18°, 速度=1.62°/s
                   -> 打提前量(0.2s后)Az=356.51°, El=28.50° | 下发云台指令: Az=86.51°, El=28.50°
[GimbalAtt] cmd_id=5, elapsed=0.000s, actual_ctrl=(Az=85.40°, El=1.20°), actual_ui=(Az=355.40°, El=1.20°), target_ctrl=(Az=85.82°, El=28.50°), err=(dAz=0.42°, dEl=27.30°)
[GimbalCmd] preempt cmd_id=7, track_id=1, mode=axis_update, axes=Az, target_ctrl=(Az=86.37°, El=28.50°), delta=(dAz=0.55°, dEl=0.00°, total=0.55°)

[Phase 1: 视觉解析] 收到目标 cx=1118.3, cy=1080.0, mono=320.0m -> 解算绝对角度: Az=356.35°, El=28.50°
[Phase 3: 预测控制] 目标当前估算Az=356.31°, 速度=1.65°/s
                   -> 打提前量(0.2s后)Az=356.63°, El=28.50° | 下发云台指令: Az=86.63°, El=28.50°

[Phase 1: 视觉解析] 收到目标 cx=1144.5, cy=1080.0, mono=320.0m -> 解算绝对角度: Az=356.47°, El=28.50°
[Phase 3: 预测控制] 目标当前估算Az=356.43°, 速度=1.67°/s
                   -> 打提前量(0.2s后)Az=356.77°, El=28.50° | 下发云台指令: Az=86.77°, El=28.50°

[Phase 1: 视觉解析] 收到目标 cx=1170.6, cy=1080.0, mono=320.0m -> 解算绝对角度: Az=356.58°, El=28.50°
[Phase 3: 预测控制] 目标当前估算Az=356.55°, 速度=1.68°/s
                   -> 打提前量(0.2s后)Az=356.89°, El=28.50° | 下发云台指令: Az=86.89°, El=28.50°
[GimbalAtt] cmd_id=7, elapsed=0.000s, actual_ctrl=(Az=86.20°, El=5.80°), actual_ui=(Az=356.20°, El=5.80°), target_ctrl=(Az=86.37°, El=28.50°), err=(dAz=0.17°, dEl=22.70°)
[GimbalCmd] preempt cmd_id=9, track_id=1, mode=axis_update, axes=Az, target_ctrl=(Az=86.89°, El=28.50°), delta=(dAz=0.52°, dEl=0.00°, total=0.52°)

[Phase 1: 视觉解析] 收到目标 cx=1196.8, cy=1080.0, mono=320.0m -> 解算绝对角度: Az=356.70°, El=28.50°
[Phase 3: 预测控制] 目标当前估算Az=356.68°, 速度=1.70°/s
                   -> 打提前量(0.2s后)Az=357.02°, El=28.50° | 下发云台指令: Az=87.02°, El=28.50°

[Phase 1: 视觉解析] 收到目标 cx=1222.9, cy=1080.0, mono=320.0m -> 解算绝对角度: Az=356.82°, El=28.50°
[Phase 3: 预测控制] 目标当前估算Az=356.80°, 速度=1.71°/s
                   -> 打提前量(0.2s后)Az=357.14°, El=28.50° | 下发云台指令: Az=87.14°, El=28.50°

[Phase 1: 视觉解析] 收到目标 cx=1249.1, cy=1080.0, mono=320.0m -> 解算绝对角度: Az=356.94°, El=28.50°
[Phase 3: 预测控制] 目标当前估算Az=356.92°, 速度=1.72°/s
                   -> 打提前量(0.2s后)Az=357.27°, El=28.50° | 下发云台指令: Az=87.27°, El=28.50°

[Phase 1: 视觉解析] 收到目标 cx=1275.2, cy=1080.0, mono=320.0m -> 解算绝对角度: Az=357.06°, El=28.50°
[Phase 3: 预测控制] 目标当前估算Az=357.04°, 速度=1.73°/s
                   -> 打提前量(0.2s后)Az=357.39°, El=28.50° | 下发云台指令: Az=87.39°, El=28.50°
[GimbalAtt] cmd_id=9, elapsed=0.000s, actual_ctrl=(Az=86.20°, El=5.80°), actual_ui=(Az=356.20°, El=5.80°), target_ctrl=(Az=86.89°, El=28.50°), err=(dAz=0.69°, dEl=22.70°)
[GimbalCmd] preempt cmd_id=11, track_id=1, mode=axis_update, axes=Az, target_ctrl=(Az=87.39°, El=28.50°), delta=(dAz=0.50°, dEl=0.00°, total=0.50°)

[Phase 1: 视觉解析] 收到目标 cx=1301.4, cy=1080.0, mono=320.0m -> 解算绝对角度: Az=357.18°, El=28.50°
[Phase 3: 预测控制] 目标当前估算Az=357.16°, 速度=1.74°/s
                   -> 打提前量(0.2s后)Az=357.51°, El=28.50° | 下发云台指令: Az=87.51°, El=28.50°

[Phase 1: 视觉解析] 收到目标 cx=1327.5, cy=1080.0, mono=320.0m -> 解算绝对角度: Az=357.30°, El=28.50°
[Phase 3: 预测控制] 目标当前估算Az=357.29°, 速度=1.75°/s
                   -> 打提前量(0.2s后)Az=357.64°, El=28.50° | 下发云台指令: Az=87.64°, El=28.50°

[Phase 1: 视觉解析] 收到目标 cx=1353.7, cy=1080.0, mono=320.0m -> 解算绝对角度: Az=357.42°, El=28.50°
[TargetKeep] reason=lock_timer_expired, master_id=1, score=-19.31, candidates=id=1, score=-19.31, speed=1.75deg/s, dist=22.73deg, hits=26, stab=2.44, hold=1.15x
[Phase 3: 预测控制] 目标当前估算Az=357.41°, 速度=1.75°/s
                   -> 打提前量(0.2s后)Az=357.76°, El=28.50° | 下发云台指令: Az=87.76°, El=28.50°
[GimbalAtt] cmd_id=11, elapsed=0.000s, actual_ctrl=(Az=86.90°, El=13.00°), actual_ui=(Az=356.90°, El=13.00°), target_ctrl=(Az=87.39°, El=28.50°), err=(dAz=0.49°, dEl=15.50°)

[Phase 1: 视觉解析] 收到目标 cx=1379.8, cy=1080.0, mono=320.0m -> 解算绝对角度: Az=357.54°, El=28.50°
[Phase 3: 预测控制] 目标当前估算Az=357.53°, 速度=1.76°/s
                   -> 打提前量(0.2s后)Az=357.88°, El=28.50° | 下发云台指令: Az=87.88°, El=28.50°

[Phase 1: 视觉解析] 收到目标 cx=1406.0, cy=1080.0, mono=320.0m -> 解算绝对角度: Az=357.66°, El=28.50°
[Phase 3: 预测控制] 目标当前估算Az=357.65°, 速度=1.76°/s
                   -> 打提前量(0.2s后)Az=358.00°, El=28.50° | 下发云台指令: Az=88.00°, El=28.50°

[Phase 1: 视觉解析] 收到目标 cx=1432.1, cy=1080.0, mono=320.0m -> 解算绝对角度: Az=357.78°, El=28.50°
[Phase 3: 预测控制] 目标当前估算Az=357.77°, 速度=1.77°/s
                   -> 打提前量(0.2s后)Az=358.12°, El=28.50° | 下发云台指令: Az=88.12°, El=28.50°

[Phase 1: 视觉解析] 收到目标 cx=1458.2, cy=1080.0, mono=320.0m -> 解算绝对角度: Az=357.90°, El=28.50°
[Phase 3: 预测控制] 目标当前估算Az=357.89°, 速度=1.77°/s
                   -> 打提前量(0.2s后)Az=358.24°, El=28.50° | 下发云台指令: Az=88.24°, El=28.50°
[GimbalAtt] cmd_id=11, elapsed=0.202s, actual_ctrl=(Az=87.30°, El=13.00°), actual_ui=(Az=357.30°, El=13.00°), target_ctrl=(Az=87.39°, El=28.50°), err=(dAz=0.09°, dEl=15.50°)

[Phase 1: 视觉解析] 收到目标 cx=1484.4, cy=1080.0, mono=320.0m -> 解算绝对角度: Az=358.01°, El=28.50°
[Phase 3: 预测控制] 目标当前估算Az=358.01°, 速度=1.77°/s
                   -> 打提前量(0.2s后)Az=358.36°, El=28.50° | 下发云台指令: Az=88.36°, El=28.50°
[GimbalCmd] preempt cmd_id=15, track_id=1, mode=axis_update, axes=Az, target_ctrl=(Az=88.36°, El=28.50°), delta=(dAz=0.97°, dEl=0.00°, total=0.97°)

[Phase 1: 视觉解析] 收到目标 cx=1510.5, cy=1080.0, mono=320.0m -> 解算绝对角度: Az=358.13°, El=28.50°
[Phase 3: 预测控制] 目标当前估算Az=358.13°, 速度=1.78°/s
                   -> 打提前量(0.2s后)Az=358.48°, El=28.50° | 下发云台指令: Az=88.48°, El=28.50°
[Stats] recv_objs_total=32, recv_unique_boxes=32 | ui_send_total=30, ui_unique_ids=1, ui_id_counts=1:30

[Phase 1: 视觉解析] 收到目标 cx=1536.7, cy=1080.0, mono=320.0m -> 解算绝对角度: Az=358.25°, El=28.50°
[Phase 3: 预测控制] 目标当前估算Az=358.25°, 速度=1.78°/s
                   -> 打提前量(0.2s后)Az=358.61°, El=28.50° | 下发云台指令: Az=88.61°, El=28.50°
[GimbalAtt] cmd_id=15, elapsed=0.000s, actual_ctrl=(Az=88.00°, El=20.40°), actual_ui=(Az=358.00°, El=20.40°), target_ctrl=(Az=88.36°, El=28.50°), err=(dAz=0.36°, dEl=8.10°)

[Phase 1: 视觉解析] 收到目标 cx=1562.8, cy=1080.0, mono=320.0m -> 解算绝对角度: Az=358.37°, El=28.50°
[Phase 3: 预测控制] 目标当前估算Az=358.39°, 速度=1.77°/s
                   -> 打提前量(0.2s后)Az=358.74°, El=28.50° | 下发云台指令: Az=88.74°, El=28.50°

[Phase 1: 视觉解析] 收到目标 cx=1589.0, cy=1080.0, mono=320.0m -> 解算绝对角度: Az=358.49°, El=28.50°
[Phase 3: 预测控制] 目标当前估算Az=358.48°, 速度=1.78°/s
                   -> 打提前量(0.2s后)Az=358.84°, El=28.50° | 下发云台指令: Az=88.84°, El=28.50°

[Phase 1: 视觉解析] 收到目标 cx=1615.1, cy=1080.0, mono=320.0m -> 解算绝对角度: Az=358.61°, El=28.50°
[Phase 3: 预测控制] 目标当前估算Az=358.60°, 速度=1.78°/s
                   -> 打提前量(0.2s后)Az=358.96°, El=28.50° | 下发云台指令: Az=88.96°, El=28.50°

[Phase 1: 视觉解析] 收到目标 cx=1641.3, cy=1080.0, mono=320.0m -> 解算绝对角度: Az=358.73°, El=28.50°
[Phase 3: 预测控制] 目标当前估算Az=358.73°, 速度=1.78°/s
                   -> 打提前量(0.2s后)Az=359.09°, El=28.50° | 下发云台指令: Az=89.09°, El=28.50°
[GimbalAtt] cmd_id=15, elapsed=0.201s, actual_ctrl=(Az=88.30°, El=20.40°), actual_ui=(Az=358.30°, El=20.40°), target_ctrl=(Az=88.36°, El=28.50°), err=(dAz=0.06°, dEl=8.10°)

[Phase 1: 视觉解析] 收到目标 cx=1667.4, cy=1080.0, mono=320.0m -> 解算绝对角度: Az=358.85°, El=28.50°
[Phase 3: 预测控制] 目标当前估算Az=358.85°, 速度=1.78°/s
                   -> 打提前量(0.2s后)Az=359.20°, El=28.50° | 下发云台指令: Az=89.20°, El=28.50°
[GimbalCmd] preempt cmd_id=18, track_id=1, mode=axis_update, axes=Az, target_ctrl=(Az=89.09°, El=28.50°), delta=(dAz=0.73°, dEl=0.00°, total=0.73°)

[Phase 1: 视觉解析] 收到目标 cx=1693.6, cy=1080.0, mono=320.0m -> 解算绝对角度: Az=358.97°, El=28.50°
[Phase 3: 预测控制] 目标当前估算Az=358.96°, 速度=1.78°/s
                   -> 打提前量(0.2s后)Az=359.32°, El=28.50° | 下发云台指令: Az=89.32°, El=28.50°

[Phase 1: 视觉解析] 收到目标 cx=1719.7, cy=1080.0, mono=320.0m -> 解算绝对角度: Az=359.09°, El=28.50°
[Phase 3: 预测控制] 目标当前估算Az=359.09°, 速度=1.78°/s
                   -> 打提前量(0.2s后)Az=359.44°, El=28.50° | 下发云台指令: Az=89.44°, El=28.50°

[Phase 1: 视觉解析] 收到目标 cx=1745.9, cy=1080.0, mono=320.0m -> 解算绝对角度: Az=359.21°, El=28.50°
[Phase 3: 预测控制] 目标当前估算Az=359.20°, 速度=1.79°/s
                   -> 打提前量(0.2s后)Az=359.56°, El=28.50° | 下发云台指令: Az=89.56°, El=28.50°
[GimbalAtt] cmd_id=18, elapsed=0.000s, actual_ctrl=(Az=88.30°, El=27.10°), actual_ui=(Az=358.30°, El=27.10°), target_ctrl=(Az=89.09°, El=28.50°), err=(dAz=0.79°, dEl=1.40°)
[GimbalCmd] preempt cmd_id=20, track_id=1, mode=axis_update, axes=Az, target_ctrl=(Az=89.56°, El=28.50°), delta=(dAz=0.47°, dEl=0.00°, total=0.47°)

[Phase 1: 视觉解析] 收到目标 cx=1772.0, cy=1080.0, mono=320.0m -> 解算绝对角度: Az=359.33°, El=28.50°
[Phase 3: 预测控制] 目标当前估算Az=359.32°, 速度=1.79°/s
                   -> 打提前量(0.2s后)Az=359.68°, El=28.50° | 下发云台指令: Az=89.68°, El=28.50°

[Phase 1: 视觉解析] 收到目标 cx=1798.2, cy=1080.0, mono=320.0m -> 解算绝对角度: Az=359.44°, El=28.50°
[Phase 3: 预测控制] 目标当前估算Az=359.44°, 速度=1.79°/s
                   -> 打提前量(0.2s后)Az=359.80°, El=28.50° | 下发云台指令: Az=89.80°, El=28.50°

[Phase 1: 视觉解析] 收到目标 cx=1824.3, cy=1080.0, mono=320.0m -> 解算绝对角度: Az=359.56°, El=28.50°
[Phase 3: 预测控制] 目标当前估算Az=359.57°, 速度=1.79°/s
                   -> 打提前量(0.2s后)Az=359.92°, El=28.50° | 下发云台指令: Az=89.92°, El=28.50°

[Phase 1: 视觉解析] 收到目标 cx=1850.5, cy=1080.0, mono=320.0m -> 解算绝对角度: Az=359.68°, El=28.50°
[Phase 3: 预测控制] 目标当前估算Az=359.69°, 速度=1.79°/s
                   -> 打提前量(0.2s后)Az=0.05°, El=28.50° | 下发云台指令: Az=90.05°, El=28.50°

[Phase 1: 视觉解析] 收到目标 cx=1876.6, cy=1080.0, mono=320.0m -> 解算绝对角度: Az=359.80°, El=28.50°
[Phase 3: 预测控制] 目标当前估算Az=359.80°, 速度=1.79°/s
                   -> 打提前量(0.2s后)Az=0.16°, El=28.50° | 下发云台指令: Az=90.16°, El=28.50°

[Phase 1: 视觉解析] 收到目标 cx=1902.8, cy=1080.0, mono=320.0m -> 解算绝对角度: Az=359.92°, El=28.50°
[Phase 3: 预测控制] 目标当前估算Az=359.92°, 速度=1.79°/s
                   -> 打提前量(0.2s后)Az=0.28°, El=28.50° | 下发云台指令: Az=90.28°, El=28.50°
[GimbalAtt] cmd_id=20, elapsed=0.000s, actual_ctrl=(Az=88.30°, El=27.10°), actual_ui=(Az=358.30°, El=27.10°), target_ctrl=(Az=89.56°, El=28.50°), err=(dAz=1.26°, dEl=1.40°)
[GimbalCmd] preempt cmd_id=23, track_id=1, mode=axis_update, axes=Az, target_ctrl=(Az=90.28°, El=28.50°), delta=(dAz=0.72°, dEl=0.00°, total=0.72°)

[Phase 1: 视觉解析] 收到目标 cx=1928.9, cy=1080.0, mono=320.0m -> 解算绝对角度: Az=0.04°, El=28.50°
[Phase 3: 预测控制] 目标当前估算Az=0.04°, 速度=1.79°/s
                   -> 打提前量(0.2s后)Az=0.40°, El=28.50° | 下发云台指令: Az=90.40°, El=28.50°

[Phase 1: 视觉解析] 收到目标 cx=1955.0, cy=1080.0, mono=320.0m -> 解算绝对角度: Az=0.16°, El=28.50°
[TargetKeep] reason=lock_timer_expired, master_id=1, score=4.23, candidates=id=1, score=4.23, speed=1.79deg/s, dist=2.33deg, hits=49, stab=2.44, hold=1.15x
[Phase 3: 预测控制] 目标当前估算Az=0.16°, 速度=1.79°/s
                   -> 打提前量(0.2s后)Az=0.52°, El=28.50° | 下发云台指令: Az=90.52°, El=28.50°

[Phase 1: 视觉解析] 收到目标 cx=1981.2, cy=1080.0, mono=320.0m -> 解算绝对角度: Az=0.28°, El=28.50°
[Phase 3: 预测控制] 目标当前估算Az=0.28°, 速度=1.79°/s
                   -> 打提前量(0.2s后)Az=0.64°, El=28.50° | 下发云台指令: Az=90.64°, El=28.50°
[GimbalAtt] cmd_id=23, elapsed=0.000s, actual_ctrl=(Az=89.70°, El=28.60°), actual_ui=(Az=359.70°, El=28.60°), target_ctrl=(Az=90.28°, El=28.50°), err=(dAz=0.58°, dEl=0.10°)

[Phase 1: 视觉解析] 收到目标 cx=2007.3, cy=1080.0, mono=320.0m -> 解算绝对角度: Az=0.40°, El=28.50°
[Phase 3: 预测控制] 目标当前估算Az=0.40°, 速度=1.79°/s
                   -> 打提前量(0.2s后)Az=0.76°, El=28.50° | 下发云台指令: Az=90.76°, El=28.50°

[Phase 1: 视觉解析] 收到目标 cx=2033.5, cy=1080.0, mono=320.0m -> 解算绝对角度: Az=0.52°, El=28.50°
[Phase 3: 预测控制] 目标当前估算Az=0.51°, 速度=1.79°/s
                   -> 打提前量(0.2s后)Az=0.87°, El=28.50° | 下发云台指令: Az=90.87°, El=28.50°

[Phase 1: 视觉解析] 收到目标 cx=2059.6, cy=1080.0, mono=320.0m -> 解算绝对角度: Az=0.64°, El=28.50°
[Phase 3: 预测控制] 目标当前估算Az=0.64°, 速度=1.79°/s
                   -> 打提前量(0.2s后)Az=1.00°, El=28.50° | 下发云台指令: Az=91.00°, El=28.50°

[Phase 1: 视觉解析] 收到目标 cx=2085.8, cy=1080.0, mono=320.0m -> 解算绝对角度: Az=0.76°, El=28.50°
[Phase 3: 预测控制] 目标当前估算Az=0.75°, 速度=1.79°/s
                   -> 打提前量(0.2s后)Az=1.11°, El=28.50° | 下发云台指令: Az=91.11°, El=28.50°
[GimbalAtt] cmd_id=23, elapsed=0.212s, actual_ctrl=(Az=90.20°, El=28.60°), actual_ui=(Az=0.20°, El=28.60°), target_ctrl=(Az=90.28°, El=28.50°), err=(dAz=0.08°, dEl=0.10°)
[GimbalSettled] cmd_id=23, track_id=1, settle_time=0.212s, actual_ctrl=(Az=90.20°, El=28.60°), target_ctrl=(Az=90.28°, El=28.50°), err=(dAz=0.08°, dEl=0.10°)
[Laser] No valid laser distance, use mono distance
[GimbalCmd] cmd_id=26, track_id=1, target_ctrl=(Az=91.00°, El=28.50°)

[Phase 1: 视觉解析] 收到目标 cx=2111.9, cy=1080.0, mono=320.0m -> 解算绝对角度: Az=0.87°, El=28.50°
[Phase 3: 预测控制] 目标当前估算Az=0.88°, 速度=1.79°/s
                   -> 打提前量(0.2s后)Az=1.23°, El=28.50° | 下发云台指令: Az=91.23°, El=28.50°

[Phase 1: 视觉解析] 收到目标 cx=2138.1, cy=1080.0, mono=320.0m -> 解算绝对角度: Az=0.99°, El=28.50°
[Phase 3: 预测控制] 目标当前估算Az=1.00°, 速度=1.79°/s
                   -> 打提前量(0.2s后)Az=1.36°, El=28.50° | 下发云台指令: Az=91.36°, El=28.50°

[Phase 1: 视觉解析] 收到目标 cx=2164.2, cy=1080.0, mono=320.0m -> 解算绝对角度: Az=1.11°, El=28.50°
[Phase 3: 预测控制] 目标当前估算Az=1.11°, 速度=1.79°/s
                   -> 打提前量(0.2s后)Az=1.47°, El=28.50° | 下发云台指令: Az=91.47°, El=28.50°

[Phase 1: 视觉解析] 收到目标 cx=2190.4, cy=1080.0, mono=320.0m -> 解算绝对角度: Az=1.23°, El=28.50°
[Phase 3: 预测控制] 目标当前估算Az=1.24°, 速度=1.79°/s
                   -> 打提前量(0.2s后)Az=1.59°, El=28.50° | 下发云台指令: Az=91.59°, El=28.50°
[GimbalAtt] cmd_id=26, elapsed=0.000s, actual_ctrl=(Az=90.20°, El=28.60°), actual_ui=(Az=0.20°, El=28.60°), target_ctrl=(Az=91.00°, El=28.50°), err=(dAz=0.80°, dEl=0.10°)

[Phase 1: 视觉解析] 收到目标 cx=2216.5, cy=1080.0, mono=320.0m -> 解算绝对角度: Az=1.35°, El=28.50°
[Phase 3: 预测控制] 目标当前估算Az=1.35°, 速度=1.79°/s
                   -> 打提前量(0.2s后)Az=1.71°, El=28.50° | 下发云台指令: Az=91.71°, El=28.50°
[GimbalCmd] preempt cmd_id=29, track_id=1, mode=axis_update, axes=Az, target_ctrl=(Az=91.71°, El=28.50°), delta=(dAz=0.71°, dEl=0.00°, total=0.71°)

[Phase 1: 视觉解析] 收到目标 cx=2242.7, cy=1080.0, mono=320.0m -> 解算绝对角度: Az=1.47°, El=28.50°
[Phase 3: 预测控制] 目标当前估算Az=1.47°, 速度=1.79°/s
                   -> 打提前量(0.2s后)Az=1.83°, El=28.50° | 下发云台指令: Az=91.83°, El=28.50°

[Phase 1: 视觉解析] 收到目标 cx=2268.8, cy=1080.0, mono=320.0m -> 解算绝对角度: Az=1.59°, El=28.50°
[Phase 3: 预测控制] 目标当前估算Az=1.59°, 速度=1.79°/s
                   -> 打提前量(0.2s后)Az=1.94°, El=28.50° | 下发云台指令: Az=91.94°, El=28.50°

[Phase 1: 视觉解析] 收到目标 cx=2294.9, cy=1080.0, mono=320.0m -> 解算绝对角度: Az=1.71°, El=28.50°
[Phase 3: 预测控制] 目标当前估算Az=1.71°, 速度=1.79°/s
                   -> 打提前量(0.2s后)Az=2.07°, El=28.50° | 下发云台指令: Az=92.07°, El=28.50°
[Stats] recv_objs_total=62, recv_unique_boxes=62 | ui_send_total=60, ui_unique_ids=1, ui_id_counts=1:60
[GimbalAtt] cmd_id=29, elapsed=0.000s, actual_ctrl=(Az=90.90°, El=28.60°), actual_ui=(Az=0.90°, El=28.60°), target_ctrl=(Az=91.71°, El=28.50°), err=(dAz=0.81°, dEl=0.10°)

[Phase 1: 视觉解析] 收到目标 cx=2321.1, cy=1080.0, mono=320.0m -> 解算绝对角度: Az=1.83°, El=28.50°
[Phase 3: 预测控制] 目标当前估算Az=1.83°, 速度=1.78°/s
                   -> 打提前量(0.2s后)Az=2.19°, El=28.50° | 下发云台指令: Az=92.19°, El=28.50°

[Phase 1: 视觉解析] 收到目标 cx=2347.2, cy=1080.0, mono=320.0m -> 解算绝对角度: Az=1.95°, El=28.50°
[Phase 3: 预测控制] 目标当前估算Az=1.95°, 速度=1.78°/s
                   -> 打提前量(0.2s后)Az=2.30°, El=28.50° | 下发云台指令: Az=92.30°, El=28.50°

[Phase 1: 视觉解析] 收到目标 cx=2373.4, cy=1080.0, mono=320.0m -> 解算绝对角度: Az=2.07°, El=28.50°
[Phase 3: 预测控制] 目标当前估算Az=2.07°, 速度=1.78°/s
                   -> 打提前量(0.2s后)Az=2.43°, El=28.50° | 下发云台指令: Az=92.43°, El=28.50°

[Phase 1: 视觉解析] 收到目标 cx=2399.5, cy=1080.0, mono=320.0m -> 解算绝对角度: Az=2.19°, El=28.50°
[Phase 3: 预测控制] 目标当前估算Az=2.18°, 速度=1.78°/s
                   -> 打提前量(0.2s后)Az=2.54°, El=28.50° | 下发云台指令: Az=92.54°, El=28.50°
[GimbalAtt] cmd_id=29, elapsed=0.262s, actual_ctrl=(Az=90.90°, El=28.60°), actual_ui=(Az=0.90°, El=28.60°), target_ctrl=(Az=91.71°, El=28.50°), err=(dAz=0.81°, dEl=0.10°)

[Phase 1: 视觉解析] 收到目标 cx=2425.7, cy=1080.0, mono=320.0m -> 解算绝对角度: Az=2.30°, El=28.50°
[Phase 3: 预测控制] 目标当前估算Az=2.30°, 速度=1.79°/s
                   -> 打提前量(0.2s后)Az=2.66°, El=28.50° | 下发云台指令: Az=92.66°, El=28.50°
[GimbalCmd] preempt cmd_id=33, track_id=1, mode=axis_update, axes=Az, target_ctrl=(Az=92.66°, El=28.50°), delta=(dAz=0.95°, dEl=0.00°, total=0.95°)

[Phase 1: 视觉解析] 收到目标 cx=2451.8, cy=1080.0, mono=320.0m -> 解算绝对角度: Az=2.42°, El=28.50°
[Phase 3: 预测控制] 目标当前估算Az=2.42°, 速度=1.79°/s
                   -> 打提前量(0.2s后)Az=2.78°, El=28.50° | 下发云台指令: Az=92.78°, El=28.50°

[Phase 1: 视觉解析] 收到目标 cx=2478.0, cy=1080.0, mono=320.0m -> 解算绝对角度: Az=2.54°, El=28.50°
[Phase 3: 预测控制] 目标当前估算Az=2.55°, 速度=1.79°/s
                   -> 打提前量(0.2s后)Az=2.90°, El=28.50° | 下发云台指令: Az=92.90°, El=28.50°

[Phase 1: 视觉解析] 收到目标 cx=2504.1, cy=1080.0, mono=320.0m -> 解算绝对角度: Az=2.66°, El=28.50°
[Phase 3: 预测控制] 目标当前估算Az=2.66°, 速度=1.79°/s
                   -> 打提前量(0.2s后)Az=3.02°, El=28.50° | 下发云台指令: Az=93.02°, El=28.50°
[GimbalAtt] cmd_id=33, elapsed=0.000s, actual_ctrl=(Az=91.60°, El=28.60°), actual_ui=(Az=1.60°, El=28.60°), target_ctrl=(Az=92.66°, El=28.50°), err=(dAz=1.06°, dEl=0.10°)

[Phase 1: 视觉解析] 收到目标 cx=2530.3, cy=1080.0, mono=320.0m -> 解算绝对角度: Az=2.78°, El=28.50°
[Phase 3: 预测控制] 目标当前估算Az=2.78°, 速度=1.79°/s
                   -> 打提前量(0.2s后)Az=3.14°, El=28.50° | 下发云台指令: Az=93.14°, El=28.50°

[Phase 1: 视觉解析] 收到目标 cx=2556.4, cy=1080.0, mono=320.0m -> 解算绝对角度: Az=2.90°, El=28.50°
[TargetKeep] reason=lock_timer_expired, master_id=1, score=5.42, candidates=id=1, score=5.42, speed=1.79deg/s, dist=1.30deg, hits=72, stab=2.44, hold=1.15x
[Phase 3: 预测控制] 目标当前估算Az=2.90°, 速度=1.79°/s
                   -> 打提前量(0.2s后)Az=3.25°, El=28.50° | 下发云台指令: Az=93.25°, El=28.50°

[Phase 1: 视觉解析] 收到目标 cx=2582.6, cy=1080.0, mono=320.0m -> 解算绝对角度: Az=3.02°, El=28.50°
[Phase 3: 预测控制] 目标当前估算Az=3.02°, 速度=1.79°/s
                   -> 打提前量(0.2s后)Az=3.38°, El=28.50° | 下发云台指令: Az=93.38°, El=28.50°

[Phase 1: 视觉解析] 收到目标 cx=2608.7, cy=1080.0, mono=320.0m -> 解算绝对角度: Az=3.14°, El=28.50°
[Phase 3: 预测控制] 目标当前估算Az=3.14°, 速度=1.79°/s
                   -> 打提前量(0.2s后)Az=3.49°, El=28.50° | 下发云台指令: Az=93.49°, El=28.50°
[GimbalAtt] cmd_id=33, elapsed=0.258s, actual_ctrl=(Az=92.50°, El=28.60°), actual_ui=(Az=2.50°, El=28.60°), target_ctrl=(Az=92.66°, El=28.50°), err=(dAz=0.16°, dEl=0.10°)
[GimbalSettled] cmd_id=33, track_id=1, settle_time=0.258s, actual_ctrl=(Az=92.50°, El=28.60°), target_ctrl=(Az=92.66°, El=28.50°), err=(dAz=0.16°, dEl=0.10°)
[Laser] No valid laser distance, use mono distance
[GimbalCmd] cmd_id=36, track_id=1, target_ctrl=(Az=93.38°, El=28.50°)

[Phase 1: 视觉解析] 收到目标 cx=2634.8, cy=1080.0, mono=320.0m -> 解算绝对角度: Az=3.26°, El=28.50°
[Phase 3: 预测控制] 目标当前估算Az=3.26°, 速度=1.79°/s
                   -> 打提前量(0.2s后)Az=3.62°, El=28.50° | 下发云台指令: Az=93.62°, El=28.50°

[Phase 1: 视觉解析] 收到目标 cx=2661.0, cy=1080.0, mono=320.0m -> 解算绝对角度: Az=3.38°, El=28.50°
[Phase 3: 预测控制] 目标当前估算Az=3.37°, 速度=1.79°/s
                   -> 打提前量(0.2s后)Az=3.73°, El=28.50° | 下发云台指令: Az=93.73°, El=28.50°

[Phase 1: 视觉解析] 收到目标 cx=2687.2, cy=1080.0, mono=320.0m -> 解算绝对角度: Az=3.50°, El=28.50°
[Phase 3: 预测控制] 目标当前估算Az=3.50°, 速度=1.79°/s
                   -> 打提前量(0.2s后)Az=3.85°, El=28.50° | 下发云台指令: Az=93.85°, El=28.50°

[Phase 1: 视觉解析] 收到目标 cx=2713.3, cy=1080.0, mono=320.0m -> 解算绝对角度: Az=3.62°, El=28.50°
[Phase 3: 预测控制] 目标当前估算Az=3.61°, 速度=1.79°/s
                   -> 打提前量(0.2s后)Az=3.97°, El=28.50° | 下发云台指令: Az=93.97°, El=28.50°
[GimbalAtt] cmd_id=36, elapsed=0.000s, actual_ctrl=(Az=92.50°, El=28.60°), actual_ui=(Az=2.50°, El=28.60°), target_ctrl=(Az=93.38°, El=28.50°), err=(dAz=0.88°, dEl=0.10°)

[Phase 1: 视觉解析] 收到目标 cx=2739.4, cy=1080.0, mono=320.0m -> 解算绝对角度: Az=3.73°, El=28.50°
[Phase 3: 预测控制] 目标当前估算Az=3.74°, 速度=1.79°/s
                   -> 打提前量(0.2s后)Az=4.09°, El=28.50° | 下发云台指令: Az=94.09°, El=28.50°
[GimbalCmd] preempt cmd_id=39, track_id=1, mode=axis_update, axes=Az, target_ctrl=(Az=94.09°, El=28.50°), delta=(dAz=0.72°, dEl=0.00°, total=0.72°)

[Phase 1: 视觉解析] 收到目标 cx=2765.6, cy=1080.0, mono=320.0m -> 解算绝对角度: Az=3.85°, El=28.50°
[Phase 3: 预测控制] 目标当前估算Az=3.86°, 速度=1.79°/s
                   -> 打提前量(0.2s后)Az=4.22°, El=28.50° | 下发云台指令: Az=94.22°, El=28.50°

[Phase 1: 视觉解析] 收到目标 cx=2791.7, cy=1080.0, mono=320.0m -> 解算绝对角度: Az=3.97°, El=28.50°
[Phase 3: 预测控制] 目标当前估算Az=3.97°, 速度=1.79°/s
                   -> 打提前量(0.2s后)Az=4.33°, El=28.50° | 下发云台指令: Az=94.33°, El=28.50°

[Phase 1: 视觉解析] 收到目标 cx=2817.9, cy=1080.0, mono=320.0m -> 解算绝对角度: Az=4.09°, El=28.50°
[Phase 3: 预测控制] 目标当前估算Az=4.09°, 速度=1.79°/s
                   -> 打提前量(0.2s后)Az=4.45°, El=28.50° | 下发云台指令: Az=94.45°, El=28.50°
[GimbalAtt] cmd_id=39, elapsed=0.000s, actual_ctrl=(Az=93.20°, El=28.60°), actual_ui=(Az=3.20°, El=28.60°), target_ctrl=(Az=94.09°, El=28.50°), err=(dAz=0.89°, dEl=0.10°)

[Phase 1: 视觉解析] 收到目标 cx=2844.0, cy=1080.0, mono=320.0m -> 解算绝对角度: Az=4.21°, El=28.50°
[Phase 3: 预测控制] 目标当前估算Az=4.21°, 速度=1.79°/s
                   -> 打提前量(0.2s后)Az=4.57°, El=28.50° | 下发云台指令: Az=94.57°, El=28.50°

[Phase 1: 视觉解析] 收到目标 cx=2870.2, cy=1080.0, mono=320.0m -> 解算绝对角度: Az=4.33°, El=28.50°
[Phase 3: 预测控制] 目标当前估算Az=4.34°, 速度=1.78°/s
                   -> 打提前量(0.2s后)Az=4.70°, El=28.50° | 下发云台指令: Az=94.70°, El=28.50°

[Phase 1: 视觉解析] 收到目标 cx=2896.3, cy=1080.0, mono=320.0m -> 解算绝对角度: Az=4.45°, El=28.50°
[Phase 3: 预测控制] 目标当前估算Az=4.45°, 速度=1.79°/s
                   -> 打提前量(0.2s后)Az=4.80°, El=28.50° | 下发云台指令: Az=94.80°, El=28.50°

[Phase 1: 视觉解析] 收到目标 cx=2922.5, cy=1080.0, mono=320.0m -> 解算绝对角度: Az=4.57°, El=28.50°
[Phase 3: 预测控制] 目标当前估算Az=4.57°, 速度=1.78°/s
                   -> 打提前量(0.2s后)Az=4.93°, El=28.50° | 下发云台指令: Az=94.93°, El=28.50°
[GimbalAtt] cmd_id=39, elapsed=0.262s, actual_ctrl=(Az=93.20°, El=28.60°), actual_ui=(Az=3.20°, El=28.60°), target_ctrl=(Az=94.09°, El=28.50°), err=(dAz=0.89°, dEl=0.10°)
[GimbalCmd] preempt cmd_id=42, track_id=1, mode=axis_update, axes=Az, target_ctrl=(Az=94.80°, El=28.50°), delta=(dAz=0.71°, dEl=0.00°, total=0.71°)

[Phase 1: 视觉解析] 收到目标 cx=2948.6, cy=1080.0, mono=320.0m -> 解算绝对角度: Az=4.69°, El=28.50°
[Phase 3: 预测控制] 目标当前估算Az=4.69°, 速度=1.79°/s
                   -> 打提前量(0.2s后)Az=5.04°, El=28.50° | 下发云台指令: Az=95.04°, El=28.50°

[Phase 1: 视觉解析] 收到目标 cx=2974.8, cy=1080.0, mono=320.0m -> 解算绝对角度: Az=4.81°, El=28.50°
[Phase 3: 预测控制] 目标当前估算Az=4.81°, 速度=1.79°/s
                   -> 打提前量(0.2s后)Az=5.17°, El=28.50° | 下发云台指令: Az=95.17°, El=28.50°

[Phase 1: 视觉解析] 收到目标 cx=3000.9, cy=1080.0, mono=320.0m -> 解算绝对角度: Az=4.93°, El=28.50°
[Phase 3: 预测控制] 目标当前估算Az=4.92°, 速度=1.79°/s
                   -> 打提前量(0.2s后)Az=5.28°, El=28.50° | 下发云台指令: Az=95.28°, El=28.50°

[Phase 1: 视觉解析] 收到目标 cx=3027.1, cy=1080.0, mono=320.0m -> 解算绝对角度: Az=5.05°, El=28.50°
[Phase 3: 预测控制] 目标当前估算Az=5.05°, 速度=1.79°/s
                   -> 打提前量(0.2s后)Az=5.40°, El=28.50° | 下发云台指令: Az=95.40°, El=28.50°
[GimbalAtt] cmd_id=42, elapsed=0.000s, actual_ctrl=(Az=94.00°, El=28.60°), actual_ui=(Az=4.00°, El=28.60°), target_ctrl=(Az=94.80°, El=28.50°), err=(dAz=0.80°, dEl=0.10°)
[GimbalCmd] preempt cmd_id=44, track_id=1, mode=axis_update, axes=Az, target_ctrl=(Az=95.28°, El=28.50°), delta=(dAz=0.48°, dEl=0.00°, total=0.48°)

[Phase 1: 视觉解析] 收到目标 cx=3053.2, cy=1080.0, mono=320.0m -> 解算绝对角度: Az=5.16°, El=28.50°
[Phase 3: 预测控制] 目标当前估算Az=5.16°, 速度=1.79°/s
                   -> 打提前量(0.2s后)Az=5.52°, El=28.50° | 下发云台指令: Az=95.52°, El=28.50°

[Phase 1: 视觉解析] 收到目标 cx=3079.3, cy=1080.0, mono=320.0m -> 解算绝对角度: Az=5.28°, El=28.50°
[Phase 3: 预测控制] 目标当前估算Az=5.28°, 速度=1.79°/s
                   -> 打提前量(0.2s后)Az=5.64°, El=28.50° | 下发云台指令: Az=95.64°, El=28.50°
[Stats] recv_objs_total=92, recv_unique_boxes=92 | ui_send_total=90, ui_unique_ids=1, ui_id_counts=1:90

[Phase 1: 视觉解析] 收到目标 cx=3105.5, cy=1080.0, mono=320.0m -> 解算绝对角度: Az=5.40°, El=28.50°
[Phase 3: 预测控制] 目标当前估算Az=5.40°, 速度=1.79°/s
                   -> 打提前量(0.2s后)Az=5.76°, El=28.50° | 下发云台指令: Az=95.76°, El=28.50°

[Phase 1: 视觉解析] 收到目标 cx=3131.6, cy=1080.0, mono=320.0m -> 解算绝对角度: Az=5.52°, El=28.50°
[Phase 3: 预测控制] 目标当前估算Az=5.52°, 速度=1.79°/s
                   -> 打提前量(0.2s后)Az=5.88°, El=28.50° | 下发云台指令: Az=95.88°, El=28.50°
[GimbalAtt] cmd_id=44, elapsed=0.000s, actual_ctrl=(Az=94.80°, El=28.60°), actual_ui=(Az=4.80°, El=28.60°), target_ctrl=(Az=95.28°, El=28.50°), err=(dAz=0.48°, dEl=0.10°)
[GimbalCmd] preempt cmd_id=46, track_id=1, mode=axis_update, axes=Az, target_ctrl=(Az=95.76°, El=28.50°), delta=(dAz=0.48°, dEl=0.00°, total=0.48°)

[Phase 1: 视觉解析] 收到目标 cx=3157.8, cy=1080.0, mono=320.0m -> 解算绝对角度: Az=5.64°, El=28.50°
[TargetKeep] reason=lock_timer_expired, master_id=1, score=5.93, candidates=id=1, score=5.93, speed=1.79deg/s, dist=0.85deg, hits=95, stab=2.44, hold=1.15x
[Phase 3: 预测控制] 目标当前估算Az=5.64°, 速度=1.79°/s
                   -> 打提前量(0.2s后)Az=6.00°, El=28.50° | 下发云台指令: Az=96.00°, El=28.50°

[Phase 1: 视觉解析] 收到目标 cx=3183.9, cy=1080.0, mono=320.0m -> 解算绝对角度: Az=5.76°, El=28.50°
[Phase 3: 预测控制] 目标当前估算Az=5.76°, 速度=1.79°/s
                   -> 打提前量(0.2s后)Az=6.12°, El=28.50° | 下发云台指令: Az=96.12°, El=28.50°

[Phase 1: 视觉解析] 收到目标 cx=3210.1, cy=1080.0, mono=320.0m -> 解算绝对角度: Az=5.88°, El=28.50°
[Phase 3: 预测控制] 目标当前估算Az=5.88°, 速度=1.79°/s
                   -> 打提前量(0.2s后)Az=6.23°, El=28.50° | 下发云台指令: Az=96.23°, El=28.50°
[GimbalAtt] cmd_id=46, elapsed=0.000s, actual_ctrl=(Az=95.50°, El=28.60°), actual_ui=(Az=5.50°, El=28.60°), target_ctrl=(Az=95.76°, El=28.50°), err=(dAz=0.26°, dEl=0.10°)
[GimbalSettled] cmd_id=46, track_id=1, settle_time=0.000s, actual_ctrl=(Az=95.50°, El=28.60°), target_ctrl=(Az=95.76°, El=28.50°), err=(dAz=0.26°, dEl=0.10°)
[Laser] No valid laser distance, use mono distance
[GimbalCmd] cmd_id=48, track_id=1, target_ctrl=(Az=96.23°, El=28.50°)

[Phase 1: 视觉解析] 收到目标 cx=3236.2, cy=1080.0, mono=320.0m -> 解算绝对角度: Az=6.00°, El=28.50°
[Phase 3: 预测控制] 目标当前估算Az=6.00°, 速度=1.79°/s
                   -> 打提前量(0.2s后)Az=6.36°, El=28.50° | 下发云台指令: Az=96.36°, El=28.50°

[Phase 1: 视觉解析] 收到目标 cx=3262.4, cy=1080.0, mono=320.0m -> 解算绝对角度: Az=6.12°, El=28.50°
[Phase 3: 预测控制] 目标当前估算Az=6.11°, 速度=1.79°/s
                   -> 打提前量(0.2s后)Az=6.47°, El=28.50° | 下发云台指令: Az=96.47°, El=28.50°

[Phase 1: 视觉解析] 收到目标 cx=3288.5, cy=1080.0, mono=320.0m -> 解算绝对角度: Az=6.24°, El=28.50°
[Phase 3: 预测控制] 目标当前估算Az=6.24°, 速度=1.79°/s
                   -> 打提前量(0.2s后)Az=6.60°, El=28.50° | 下发云台指令: Az=96.60°, El=28.50°

[Phase 1: 视觉解析] 收到目标 cx=3314.7, cy=1080.0, mono=320.0m -> 解算绝对角度: Az=6.36°, El=28.50°
[Phase 3: 预测控制] 目标当前估算Az=6.36°, 速度=1.79°/s
                   -> 打提前量(0.2s后)Az=6.72°, El=28.50° | 下发云台指令: Az=96.72°, El=28.50°

[Phase 1: 视觉解析] 收到目标 cx=3340.8, cy=1080.0, mono=320.0m -> 解算绝对角度: Az=6.48°, El=28.50°
[Phase 3: 预测控制] 目标当前估算Az=6.47°, 速度=1.79°/s
                   -> 打提前量(0.2s后)Az=6.83°, El=28.50° | 下发云台指令: Az=96.83°, El=28.50°
[GimbalAtt] cmd_id=48, elapsed=0.000s, actual_ctrl=(Az=95.70°, El=28.60°), actual_ui=(Az=5.70°, El=28.60°), target_ctrl=(Az=96.23°, El=28.50°), err=(dAz=0.53°, dEl=0.10°)

[Phase 1: 视觉解析] 收到目标 cx=3367.0, cy=1080.0, mono=320.0m -> 解算绝对角度: Az=6.59°, El=28.50°
[Phase 3: 预测控制] 目标当前估算Az=6.60°, 速度=1.78°/s
                   -> 打提前量(0.2s后)Az=6.95°, El=28.50° | 下发云台指令: Az=96.95°, El=28.50°
[GimbalCmd] preempt cmd_id=51, track_id=1, mode=axis_update, axes=Az, target_ctrl=(Az=96.95°, El=28.50°), delta=(dAz=0.72°, dEl=0.00°, total=0.72°)

[Phase 1: 视觉解析] 收到目标 cx=3393.1, cy=1080.0, mono=320.0m -> 解算绝对角度: Az=6.71°, El=28.50°
[Phase 3: 预测控制] 目标当前估算Az=6.71°, 速度=1.79°/s
                   -> 打提前量(0.2s后)Az=7.07°, El=28.50° | 下发云台指令: Az=97.07°, El=28.50°

[Phase 1: 视觉解析] 收到目标 cx=3419.2, cy=1080.0, mono=320.0m -> 解算绝对角度: Az=6.83°, El=28.50°
[Phase 3: 预测控制] 目标当前估算Az=6.83°, 速度=1.79°/s
                   -> 打提前量(0.2s后)Az=7.19°, El=28.50° | 下发云台指令: Az=97.19°, El=28.50°

[Phase 1: 视觉解析] 收到目标 cx=3445.4, cy=1080.0, mono=320.0m -> 解算绝对角度: Az=6.95°, El=28.50°
[Phase 3: 预测控制] 目标当前估算Az=6.96°, 速度=1.78°/s
                   -> 打提前量(0.2s后)Az=7.31°, El=28.50° | 下发云台指令: Az=97.31°, El=28.50°
[GimbalAtt] cmd_id=51, elapsed=0.000s, actual_ctrl=(Az=96.40°, El=28.60°), actual_ui=(Az=6.40°, El=28.60°), target_ctrl=(Az=96.95°, El=28.50°), err=(dAz=0.55°, dEl=0.10°)

[Phase 1: 视觉解析] 收到目标 cx=3471.6, cy=1080.0, mono=320.0m -> 解算绝对角度: Az=7.07°, El=28.50°
[Phase 3: 预测控制] 目标当前估算Az=7.07°, 速度=1.79°/s
                   -> 打提前量(0.2s后)Az=7.42°, El=28.50° | 下发云台指令: Az=97.42°, El=28.50°

[Phase 1: 视觉解析] 收到目标 cx=3497.7, cy=1080.0, mono=320.0m -> 解算绝对角度: Az=7.19°, El=28.50°
[Phase 3: 预测控制] 目标当前估算Az=7.19°, 速度=1.79°/s
                   -> 打提前量(0.2s后)Az=7.55°, El=28.50° | 下发云台指令: Az=97.55°, El=28.50°

[Phase 1: 视觉解析] 收到目标 cx=3523.8, cy=1080.0, mono=320.0m -> 解算绝对角度: Az=7.31°, El=28.50°
[Phase 3: 预测控制] 目标当前估算Az=7.31°, 速度=1.79°/s
                   -> 打提前量(0.2s后)Az=7.67°, El=28.50° | 下发云台指令: Az=97.67°, El=28.50°

[Phase 1: 视觉解析] 收到目标 cx=3550.0, cy=1080.0, mono=320.0m -> 解算绝对角度: Az=7.43°, El=28.50°
[Phase 3: 预测控制] 目标当前估算Az=7.43°, 速度=1.79°/s
                   -> 打提前量(0.2s后)Az=7.78°, El=28.50° | 下发云台指令: Az=97.78°, El=28.50°
[GimbalAtt] cmd_id=51, elapsed=0.214s, actual_ctrl=(Az=96.80°, El=28.60°), actual_ui=(Az=6.80°, El=28.60°), target_ctrl=(Az=96.95°, El=28.50°), err=(dAz=0.15°, dEl=0.10°)
[GimbalSettled] cmd_id=51, track_id=1, settle_time=0.214s, actual_ctrl=(Az=96.80°, El=28.60°), target_ctrl=(Az=96.95°, El=28.50°), err=(dAz=0.15°, dEl=0.10°)
[Laser] No valid laser distance, use mono distance
[GimbalCmd] cmd_id=54, track_id=1, target_ctrl=(Az=97.67°, El=28.50°)

[Phase 1: 视觉解析] 收到目标 cx=3576.1, cy=1080.0, mono=320.0m -> 解算绝对角度: Az=7.55°, El=28.50°
[Phase 3: 预测控制] 目标当前估算Az=7.55°, 速度=1.79°/s
                   -> 打提前量(0.2s后)Az=7.91°, El=28.50° | 下发云台指令: Az=97.91°, El=28.50°

[Phase 1: 视觉解析] 收到目标 cx=3602.3, cy=1080.0, mono=320.0m -> 解算绝对角度: Az=7.67°, El=28.50°
[Phase 3: 预测控制] 目标当前估算Az=7.66°, 速度=1.79°/s
                   -> 打提前量(0.2s后)Az=8.02°, El=28.50° | 下发云台指令: Az=98.02°, El=28.50°
[GimbalAtt] cmd_id=54, elapsed=0.000s, actual_ctrl=(Az=96.80°, El=28.60°), actual_ui=(Az=6.80°, El=28.60°), target_ctrl=(Az=97.67°, El=28.50°), err=(dAz=0.87°, dEl=0.10°)
[GimbalAtt] cmd_id=54, elapsed=0.282s, actual_ctrl=(Az=97.60°, El=28.60°), actual_ui=(Az=7.60°, El=28.60°), target_ctrl=(Az=97.67°, El=28.50°), err=(dAz=0.07°, dEl=0.10°)
[GimbalSettled] cmd_id=54, track_id=1, settle_time=0.282s, actual_ctrl=(Az=97.60°, El=28.60°), target_ctrl=(Az=97.67°, El=28.50°), err=(dAz=0.07°, dEl=0.10°)
[Laser] No valid laser distance, use mono distance
