[Log] stdout/stderr -> logs/main_tracking_v9_20260422_135743.log
[Init] Connecting to Gimbal at /dev/ttyUSB0...
[GT06Z] Driver Ready on /dev/ttyUSB0.
[Adapter] GT06Z 云台已连接: /dev/ttyUSB0
[Init] Real laser enabled on /dev/ttyUSB1
[Init] Queue gimbal initial posture: Az=90.00°, El=0.00°
[GimbalThread] 控制线程已启动
[LaserThread] 激光读取线程已启动=== System V9.0 (Predictive Tracking & Scheduling) Running ===
[Net] Listening RK3588 on 8888...

[Laser] start_measurement mode=continuous
[GimbalCmd] cmd_id=0, track_id=-1, target_ctrl=(Az=90.00°, El=0.00°)
[GimbalAtt] cmd_id=0, elapsed=0.041s, actual_ctrl=(Az=97.20°, El=28.50°), actual_ui=(Az=7.20°, El=28.50°), target_ctrl=(Az=90.00°, El=0.00°), err=(dAz=7.20°, dEl=28.50°)
[GimbalAtt] cmd_id=0, elapsed=0.302s, actual_ctrl=(Az=93.40°, El=27.50°), actual_ui=(Az=3.40°, El=27.50°), target_ctrl=(Az=90.00°, El=0.00°), err=(dAz=3.40°, dEl=27.50°)
[GimbalAtt] cmd_id=0, elapsed=0.564s, actual_ctrl=(Az=93.40°, El=25.50°), actual_ui=(Az=3.40°, El=25.50°), target_ctrl=(Az=90.00°, El=0.00°), err=(dAz=3.40°, dEl=25.50°)
[GimbalAtt] cmd_id=0, elapsed=0.895s, actual_ctrl=(Az=90.00°, El=21.50°), actual_ui=(Az=0.00°, El=21.50°), target_ctrl=(Az=90.00°, El=0.00°), err=(dAz=0.00°, dEl=21.50°)
[GimbalAtt] cmd_id=0, elapsed=1.156s, actual_ctrl=(Az=90.00°, El=17.50°), actual_ui=(Az=0.00°, El=17.50°), target_ctrl=(Az=90.00°, El=0.00°), err=(dAz=0.00°, dEl=17.50°)
[GimbalAtt] cmd_id=0, elapsed=1.418s, actual_ctrl=(Az=90.00°, El=13.50°), actual_ui=(Az=0.00°, El=13.50°), target_ctrl=(Az=90.00°, El=0.00°), err=(dAz=0.00°, dEl=13.50°)
[GimbalAtt] cmd_id=0, elapsed=1.680s, actual_ctrl=(Az=90.00°, El=9.50°), actual_ui=(Az=0.00°, El=9.50°), target_ctrl=(Az=90.00°, El=0.00°), err=(dAz=0.00°, dEl=9.50°)
[GimbalAtt] cmd_id=0, elapsed=1.941s, actual_ctrl=(Az=90.00°, El=5.50°), actual_ui=(Az=0.00°, El=5.50°), target_ctrl=(Az=90.00°, El=0.00°), err=(dAz=0.00°, dEl=5.50°)
[GimbalAtt] cmd_id=0, elapsed=2.203s, actual_ctrl=(Az=90.00°, El=2.00°), actual_ui=(Az=0.00°, El=2.00°), target_ctrl=(Az=90.00°, El=0.00°), err=(dAz=0.00°, dEl=2.00°)
[GimbalAtt] cmd_id=0, elapsed=2.443s, actual_ctrl=(Az=90.00°, El=2.00°), actual_ui=(Az=0.00°, El=2.00°), target_ctrl=(Az=90.00°, El=0.00°), err=(dAz=0.00°, dEl=2.00°)
[GimbalAtt] cmd_id=0, elapsed=2.725s, actual_ctrl=(Az=90.00°, El=-0.00°), actual_ui=(Az=0.00°, El=-0.00°), target_ctrl=(Az=90.00°, El=0.00°), err=(dAz=0.00°, dEl=0.00°)
[GimbalSettled] cmd_id=0, track_id=-1, settle_time=2.725s, actual_ctrl=(Az=90.00°, El=-0.00°), target_ctrl=(Az=90.00°, El=0.00°), err=(dAz=0.00°, dEl=0.00°)
[Laser] No valid laser distance, use mono distance

[Phase 1: 视觉解析] 收到目标 cx=700.0, cy=1080.0, mono=320.0m -> 解算绝对角度: Az=354.44°, El=28.50°
[Stats] recv_objs_total=1, recv_unique_boxes=1 | ui_send_total=0, ui_unique_ids=0, ui_id_counts=none

[Phase 1: 视觉解析] 收到目标 cx=726.1, cy=1080.0, mono=320.0m -> 解算绝对角度: Az=354.56°, El=28.50°

[Phase 1: 视觉解析] 收到目标 cx=752.3, cy=1080.0, mono=320.0m -> 解算绝对角度: Az=354.68°, El=28.50°
[TargetAcquire] reason=initial_acquire, master_id=1, score=-27.63, candidates=id=1, score=-27.63, speed=0.14deg/s, dist=29.01deg, hits=3, stab=1.11
[Phase 3: 预测控制] 目标当前估算Az=354.57°, 速度=0.14°/s
                   -> 打提前量(0.25s后)Az=354.61°, El=28.50° | 下发云台指令: Az=84.61°, El=28.50°
[GimbalCmd] cmd_id=1, track_id=1, target_ctrl=(Az=84.61°, El=28.50°)

[Phase 1: 视觉解析] 收到目标 cx=778.4, cy=1080.0, mono=320.0m -> 解算绝对角度: Az=354.80°, El=28.50°
[Phase 3: 预测控制] 目标当前估算Az=354.66°, 速度=0.30°/s
                   -> 打提前量(0.25s后)Az=354.74°, El=28.50° | 下发云台指令: Az=84.74°, El=28.50°

[Phase 1: 视觉解析] 收到目标 cx=830.7, cy=1080.0, mono=320.0m -> 解算绝对角度: Az=355.04°, El=28.50°
[Phase 3: 预测控制] 目标当前估算Az=354.84°, 速度=0.67°/s
                   -> 打提前量(0.25s后)Az=355.01°, El=28.50° | 下发云台指令: Az=85.01°, El=28.50°

[Phase 1: 视觉解析] 收到目标 cx=856.9, cy=1080.0, mono=320.0m -> 解算绝对角度: Az=355.16°, El=28.50°
[Phase 3: 预测控制] 目标当前估算Az=355.00°, 速度=0.91°/s
                   -> 打提前量(0.25s后)Az=355.22°, El=28.50° | 下发云台指令: Az=85.22°, El=28.50°
[GimbalAtt] cmd_id=1, elapsed=0.041s, actual_ctrl=(Az=89.30°, El=0.10°), actual_ui=(Az=359.30°, El=0.10°), target_ctrl=(Az=84.61°, El=28.50°), err=(dAz=4.69°, dEl=28.40°)
[GimbalCmd] preempt cmd_id=3, track_id=1, mode=axis_update, axes=Az, target_ctrl=(Az=85.22°, El=28.50°), delta=(dAz=0.62°, dEl=0.00°, total=0.62°)

[Phase 1: 视觉解析] 收到目标 cx=883.0, cy=1080.0, mono=320.0m -> 解算绝对角度: Az=355.27°, El=28.50°
[Phase 3: 预测控制] 目标当前估算Az=355.14°, 速度=1.09°/s
                   -> 打提前量(0.25s后)Az=355.41°, El=28.50° | 下发云台指令: Az=85.41°, El=28.50°

[Phase 1: 视觉解析] 收到目标 cx=909.2, cy=1080.0, mono=320.0m -> 解算绝对角度: Az=355.39°, El=28.50°
[Phase 3: 预测控制] 目标当前估算Az=355.28°, 速度=1.22°/s
                   -> 打提前量(0.25s后)Az=355.58°, El=28.50° | 下发云台指令: Az=85.58°, El=28.50°

[Phase 1: 视觉解析] 收到目标 cx=935.3, cy=1080.0, mono=320.0m -> 解算绝对角度: Az=355.51°, El=28.50°
[Phase 3: 预测控制] 目标当前估算Az=355.41°, 速度=1.32°/s
                   -> 打提前量(0.25s后)Az=355.74°, El=28.50° | 下发云台指令: Az=85.74°, El=28.50°
[GimbalAtt] cmd_id=3, elapsed=0.000s, actual_ctrl=(Az=85.70°, El=1.20°), actual_ui=(Az=355.70°, El=1.20°), target_ctrl=(Az=85.22°, El=28.50°), err=(dAz=0.48°, dEl=27.30°)
[GimbalCmd] preempt cmd_id=4, track_id=1, mode=axis_update, axes=Az, target_ctrl=(Az=85.58°, El=28.50°), delta=(dAz=0.36°, dEl=0.00°, total=0.36°)

[Phase 1: 视觉解析] 收到目标 cx=961.5, cy=1080.0, mono=320.0m -> 解算绝对角度: Az=355.63°, El=28.50°
[Phase 3: 预测控制] 目标当前估算Az=355.54°, 速度=1.40°/s
                   -> 打提前量(0.25s后)Az=355.89°, El=28.50° | 下发云台指令: Az=85.89°, El=28.50°

[Phase 1: 视觉解析] 收到目标 cx=987.6, cy=1080.0, mono=320.0m -> 解算绝对角度: Az=355.75°, El=28.50°
[Phase 3: 预测控制] 目标当前估算Az=355.67°, 速度=1.47°/s
                   -> 打提前量(0.25s后)Az=356.04°, El=28.50° | 下发云台指令: Az=86.04°, El=28.50°

[Phase 1: 视觉解析] 收到目标 cx=1013.8, cy=1080.0, mono=320.0m -> 解算绝对角度: Az=355.87°, El=28.50°
[Phase 3: 预测控制] 目标当前估算Az=355.80°, 速度=1.52°/s
                   -> 打提前量(0.25s后)Az=356.18°, El=28.50° | 下发云台指令: Az=86.18°, El=28.50°

[Phase 1: 视觉解析] 收到目标 cx=1039.9, cy=1080.0, mono=320.0m -> 解算绝对角度: Az=355.99°, El=28.50°
[Phase 3: 预测控制] 目标当前估算Az=355.93°, 速度=1.56°/s
                   -> 打提前量(0.25s后)Az=356.32°, El=28.50° | 下发云台指令: Az=86.32°, El=28.50°
[GimbalAtt] cmd_id=4, elapsed=0.000s, actual_ctrl=(Az=85.10°, El=1.20°), actual_ui=(Az=355.10°, El=1.20°), target_ctrl=(Az=85.58°, El=28.50°), err=(dAz=0.48°, dEl=27.30°)
[GimbalCmd] preempt cmd_id=6, track_id=1, mode=axis_update, axes=Az, target_ctrl=(Az=86.18°, El=28.50°), delta=(dAz=0.60°, dEl=0.00°, total=0.60°)

[Phase 1: 视觉解析] 收到目标 cx=1066.0, cy=1080.0, mono=320.0m -> 解算绝对角度: Az=356.11°, El=28.50°
[Phase 3: 预测控制] 目标当前估算Az=356.05°, 速度=1.60°/s
                   -> 打提前量(0.25s后)Az=356.45°, El=28.50° | 下发云台指令: Az=86.45°, El=28.50°

[Phase 1: 视觉解析] 收到目标 cx=1092.2, cy=1080.0, mono=320.0m -> 解算绝对角度: Az=356.23°, El=28.50°
[Phase 3: 预测控制] 目标当前估算Az=356.25°, 速度=1.58°/s
                   -> 打提前量(0.25s后)Az=356.64°, El=28.50° | 下发云台指令: Az=86.64°, El=28.50°

[Phase 1: 视觉解析] 收到目标 cx=1118.3, cy=1080.0, mono=320.0m -> 解算绝对角度: Az=356.35°, El=28.50°
[Phase 3: 预测控制] 目标当前估算Az=356.29°, 速度=1.61°/s
                   -> 打提前量(0.25s后)Az=356.69°, El=28.50° | 下发云台指令: Az=86.69°, El=28.50°
[GimbalAtt] cmd_id=6, elapsed=0.000s, actual_ctrl=(Az=85.80°, El=5.80°), actual_ui=(Az=355.80°, El=5.80°), target_ctrl=(Az=86.18°, El=28.50°), err=(dAz=0.38°, dEl=22.70°)
[GimbalCmd] preempt cmd_id=8, track_id=1, mode=axis_update, axes=Az, target_ctrl=(Az=86.69°, El=28.50°), delta=(dAz=0.51°, dEl=0.00°, total=0.51°)

[Phase 1: 视觉解析] 收到目标 cx=1144.5, cy=1080.0, mono=320.0m -> 解算绝对角度: Az=356.47°, El=28.50°
[Phase 3: 预测控制] 目标当前估算Az=356.41°, 速度=1.64°/s
                   -> 打提前量(0.25s后)Az=356.82°, El=28.50° | 下发云台指令: Az=86.82°, El=28.50°

[Phase 1: 视觉解析] 收到目标 cx=1170.6, cy=1080.0, mono=320.0m -> 解算绝对角度: Az=356.58°, El=28.50°
[Phase 3: 预测控制] 目标当前估算Az=356.54°, 速度=1.67°/s
                   -> 打提前量(0.25s后)Az=356.96°, El=28.50° | 下发云台指令: Az=86.96°, El=28.50°

[Phase 1: 视觉解析] 收到目标 cx=1196.8, cy=1080.0, mono=320.0m -> 解算绝对角度: Az=356.70°, El=28.50°
[Phase 3: 预测控制] 目标当前估算Az=356.68°, 速度=1.68°/s
                   -> 打提前量(0.25s后)Az=357.10°, El=28.50° | 下发云台指令: Az=87.10°, El=28.50°

[Phase 1: 视觉解析] 收到目标 cx=1222.9, cy=1080.0, mono=320.0m -> 解算绝对角度: Az=356.82°, El=28.50°
[Phase 3: 预测控制] 目标当前估算Az=356.81°, 速度=1.69°/s
                   -> 打提前量(0.25s后)Az=357.24°, El=28.50° | 下发云台指令: Az=87.24°, El=28.50°
[GimbalAtt] cmd_id=8, elapsed=0.000s, actual_ctrl=(Az=86.00°, El=5.80°), actual_ui=(Az=356.00°, El=5.80°), target_ctrl=(Az=86.69°, El=28.50°), err=(dAz=0.69°, dEl=22.70°)

[Phase 1: 视觉解析] 收到目标 cx=1249.1, cy=1080.0, mono=320.0m -> 解算绝对角度: Az=356.94°, El=28.50°
[Phase 3: 预测控制] 目标当前估算Az=356.91°, 速度=1.71°/s
                   -> 打提前量(0.25s后)Az=357.33°, El=28.50° | 下发云台指令: Az=87.33°, El=28.50°
[GimbalCmd] preempt cmd_id=10, track_id=1, mode=axis_update, axes=Az, target_ctrl=(Az=87.24°, El=28.50°), delta=(dAz=0.55°, dEl=0.00°, total=0.55°)

[Phase 1: 视觉解析] 收到目标 cx=1275.2, cy=1080.0, mono=320.0m -> 解算绝对角度: Az=357.06°, El=28.50°
[Phase 3: 预测控制] 目标当前估算Az=357.04°, 速度=1.72°/s
                   -> 打提前量(0.25s后)Az=357.47°, El=28.50° | 下发云台指令: Az=87.47°, El=28.50°

[Phase 1: 视觉解析] 收到目标 cx=1301.4, cy=1080.0, mono=320.0m -> 解算绝对角度: Az=357.18°, El=28.50°
[Phase 3: 预测控制] 目标当前估算Az=357.15°, 速度=1.73°/s
                   -> 打提前量(0.25s后)Az=357.58°, El=28.50° | 下发云台指令: Az=87.58°, El=28.50°
[GimbalAtt] cmd_id=10, elapsed=0.000s, actual_ctrl=(Az=86.70°, El=13.00°), actual_ui=(Az=356.70°, El=13.00°), target_ctrl=(Az=87.24°, El=28.50°), err=(dAz=0.54°, dEl=15.50°)

[Phase 1: 视觉解析] 收到目标 cx=1327.5, cy=1080.0, mono=320.0m -> 解算绝对角度: Az=357.30°, El=28.50°
[Phase 3: 预测控制] 目标当前估算Az=357.27°, 速度=1.75°/s
                   -> 打提前量(0.25s后)Az=357.71°, El=28.50° | 下发云台指令: Az=87.71°, El=28.50°
[GimbalCmd] preempt cmd_id=12, track_id=1, mode=axis_update, axes=Az, target_ctrl=(Az=87.71°, El=28.50°), delta=(dAz=0.48°, dEl=0.00°, total=0.48°)

[Phase 1: 视觉解析] 收到目标 cx=1353.7, cy=1080.0, mono=320.0m -> 解算绝对角度: Az=357.42°, El=28.50°
[TargetKeep] reason=lock_timer_expired, master_id=1, score=-11.00, candidates=id=1, score=-11.00, speed=1.76deg/s, dist=15.52deg, hits=25, stab=2.44, hold=1.15x
[Phase 3: 预测控制] 目标当前估算Az=357.40°, 速度=1.76°/s
                   -> 打提前量(0.25s后)Az=357.84°, El=28.50° | 下发云台指令: Az=87.84°, El=28.50°

[Phase 1: 视觉解析] 收到目标 cx=1379.8, cy=1080.0, mono=320.0m -> 解算绝对角度: Az=357.54°, El=28.50°
[Phase 3: 预测控制] 目标当前估算Az=357.52°, 速度=1.77°/s
                   -> 打提前量(0.25s后)Az=357.96°, El=28.50° | 下发云台指令: Az=87.96°, El=28.50°

[Phase 1: 视觉解析] 收到目标 cx=1406.0, cy=1080.0, mono=320.0m -> 解算绝对角度: Az=357.66°, El=28.50°
[Phase 3: 预测控制] 目标当前估算Az=357.70°, 速度=1.74°/s
                   -> 打提前量(0.25s后)Az=358.13°, El=28.50° | 下发云台指令: Az=88.13°, El=28.50°

[Phase 1: 视觉解析] 收到目标 cx=1432.1, cy=1080.0, mono=320.0m -> 解算绝对角度: Az=357.78°, El=28.50°
[Phase 3: 预测控制] 目标当前估算Az=357.76°, 速度=1.75°/s
                   -> 打提前量(0.25s后)Az=358.19°, El=28.50° | 下发云台指令: Az=88.19°, El=28.50°
[GimbalAtt] cmd_id=12, elapsed=0.000s, actual_ctrl=(Az=87.10°, El=13.00°), actual_ui=(Az=357.10°, El=13.00°), target_ctrl=(Az=87.71°, El=28.50°), err=(dAz=0.61°, dEl=15.50°)
[GimbalCmd] preempt cmd_id=14, track_id=1, mode=axis_update, axes=Az, target_ctrl=(Az=88.19°, El=28.50°), delta=(dAz=0.48°, dEl=0.00°, total=0.48°)

[Phase 1: 视觉解析] 收到目标 cx=1458.2, cy=1080.0, mono=320.0m -> 解算绝对角度: Az=357.90°, El=28.50°
[Phase 3: 预测控制] 目标当前估算Az=357.87°, 速度=1.76°/s
                   -> 打提前量(0.25s后)Az=358.31°, El=28.50° | 下发云台指令: Az=88.31°, El=28.50°

[Phase 1: 视觉解析] 收到目标 cx=1484.4, cy=1080.0, mono=320.0m -> 解算绝对角度: Az=358.01°, El=28.50°
[Phase 3: 预测控制] 目标当前估算Az=358.00°, 速度=1.77°/s
                   -> 打提前量(0.25s后)Az=358.44°, El=28.50° | 下发云台指令: Az=88.44°, El=28.50°
[Stats] recv_objs_total=30, recv_unique_boxes=30 | ui_send_total=28, ui_unique_ids=1, ui_id_counts=1:28

[Phase 1: 视觉解析] 收到目标 cx=1510.5, cy=1080.0, mono=320.0m -> 解算绝对角度: Az=358.13°, El=28.50°
[Phase 3: 预测控制] 目标当前估算Az=358.12°, 速度=1.78°/s
                   -> 打提前量(0.25s后)Az=358.56°, El=28.50° | 下发云台指令: Az=88.56°, El=28.50°
[GimbalAtt] cmd_id=14, elapsed=0.000s, actual_ctrl=(Az=87.90°, El=20.50°), actual_ui=(Az=357.90°, El=20.50°), target_ctrl=(Az=88.19°, El=28.50°), err=(dAz=0.29°, dEl=8.00°)

[Phase 1: 视觉解析] 收到目标 cx=1536.7, cy=1080.0, mono=320.0m -> 解算绝对角度: Az=358.25°, El=28.50°
[Phase 3: 预测控制] 目标当前估算Az=358.25°, 速度=1.78°/s
                   -> 打提前量(0.25s后)Az=358.69°, El=28.50° | 下发云台指令: Az=88.69°, El=28.50°

[Phase 1: 视觉解析] 收到目标 cx=1562.8, cy=1080.0, mono=320.0m -> 解算绝对角度: Az=358.37°, El=28.50°
[Phase 3: 预测控制] 目标当前估算Az=358.36°, 速度=1.78°/s
                   -> 打提前量(0.25s后)Az=358.81°, El=28.50° | 下发云台指令: Az=88.81°, El=28.50°

[Phase 1: 视觉解析] 收到目标 cx=1589.0, cy=1080.0, mono=320.0m -> 解算绝对角度: Az=358.49°, El=28.50°
[Phase 3: 预测控制] 目标当前估算Az=358.49°, 速度=1.79°/s
                   -> 打提前量(0.25s后)Az=358.93°, El=28.50° | 下发云台指令: Az=88.93°, El=28.50°

[Phase 1: 视觉解析] 收到目标 cx=1615.1, cy=1080.0, mono=320.0m -> 解算绝对角度: Az=358.61°, El=28.50°
[Phase 3: 预测控制] 目标当前估算Az=358.60°, 速度=1.79°/s
                   -> 打提前量(0.25s后)Az=359.05°, El=28.50° | 下发云台指令: Az=89.05°, El=28.50°
[GimbalAtt] cmd_id=14, elapsed=0.201s, actual_ctrl=(Az=88.10°, El=20.50°), actual_ui=(Az=358.10°, El=20.50°), target_ctrl=(Az=88.19°, El=28.50°), err=(dAz=0.09°, dEl=8.00°)
[GimbalCmd] preempt cmd_id=17, track_id=1, mode=axis_update, axes=Az, target_ctrl=(Az=88.93°, El=28.50°), delta=(dAz=0.74°, dEl=0.00°, total=0.74°)

[Phase 1: 视觉解析] 收到目标 cx=1641.3, cy=1080.0, mono=320.0m -> 解算绝对角度: Az=358.73°, El=28.50°
[Phase 3: 预测控制] 目标当前估算Az=358.73°, 速度=1.79°/s
                   -> 打提前量(0.25s后)Az=359.18°, El=28.50° | 下发云台指令: Az=89.18°, El=28.50°

[Phase 1: 视觉解析] 收到目标 cx=1667.4, cy=1080.0, mono=320.0m -> 解算绝对角度: Az=358.85°, El=28.50°
[Phase 3: 预测控制] 目标当前估算Az=358.85°, 速度=1.79°/s
                   -> 打提前量(0.25s后)Az=359.30°, El=28.50° | 下发云台指令: Az=89.30°, El=28.50°

[Phase 1: 视觉解析] 收到目标 cx=1693.6, cy=1080.0, mono=320.0m -> 解算绝对角度: Az=358.97°, El=28.50°
[Phase 3: 预测控制] 目标当前估算Az=358.97°, 速度=1.79°/s
                   -> 打提前量(0.25s后)Az=359.42°, El=28.50° | 下发云台指令: Az=89.42°, El=28.50°
[GimbalAtt] cmd_id=17, elapsed=0.000s, actual_ctrl=(Az=88.80°, El=27.20°), actual_ui=(Az=358.80°, El=27.20°), target_ctrl=(Az=88.93°, El=28.50°), err=(dAz=0.13°, dEl=1.30°)
[GimbalCmd] preempt cmd_id=19, track_id=1, mode=axis_update, axes=Az, target_ctrl=(Az=89.42°, El=28.50°), delta=(dAz=0.49°, dEl=0.00°, total=0.49°)

[Phase 1: 视觉解析] 收到目标 cx=1719.7, cy=1080.0, mono=320.0m -> 解算绝对角度: Az=359.09°, El=28.50°
[Phase 3: 预测控制] 目标当前估算Az=359.09°, 速度=1.79°/s
                   -> 打提前量(0.25s后)Az=359.53°, El=28.50° | 下发云台指令: Az=89.53°, El=28.50°

[Phase 1: 视觉解析] 收到目标 cx=1745.9, cy=1080.0, mono=320.0m -> 解算绝对角度: Az=359.21°, El=28.50°
[Phase 3: 预测控制] 目标当前估算Az=359.20°, 速度=1.79°/s
                   -> 打提前量(0.25s后)Az=359.65°, El=28.50° | 下发云台指令: Az=89.65°, El=28.50°

[Phase 1: 视觉解析] 收到目标 cx=1772.0, cy=1080.0, mono=320.0m -> 解算绝对角度: Az=359.33°, El=28.50°
[Phase 3: 预测控制] 目标当前估算Az=359.33°, 速度=1.79°/s
                   -> 打提前量(0.25s后)Az=359.78°, El=28.50° | 下发云台指令: Az=89.78°, El=28.50°

[Phase 1: 视觉解析] 收到目标 cx=1798.2, cy=1080.0, mono=320.0m -> 解算绝对角度: Az=359.44°, El=28.50°
[Phase 3: 预测控制] 目标当前估算Az=359.44°, 速度=1.79°/s
                   -> 打提前量(0.25s后)Az=359.89°, El=28.50° | 下发云台指令: Az=89.89°, El=28.50°
[GimbalAtt] cmd_id=19, elapsed=0.000s, actual_ctrl=(Az=88.90°, El=27.20°), actual_ui=(Az=358.90°, El=27.20°), target_ctrl=(Az=89.42°, El=28.50°), err=(dAz=0.52°, dEl=1.30°)
[GimbalCmd] preempt cmd_id=21, track_id=1, mode=axis_update, axes=Az, target_ctrl=(Az=89.89°, El=28.50°), delta=(dAz=0.47°, dEl=0.00°, total=0.47°)
[Phase 1: 视觉解析] 收到目标 cx=1824.3, cy=1080.0, mono=320.0m -> 解算绝对角度: Az=359.56°, El=28.50°

[Phase 3: 预测控制] 目标当前估算Az=359.56°, 速度=1.79°/s
                   -> 打提前量(0.25s后)Az=0.01°, El=28.50° | 下发云台指令: Az=90.01°, El=28.50°

[Phase 1: 视觉解析] 收到目标 cx=1850.5, cy=1080.0, mono=320.0m -> 解算绝对角度: Az=359.68°, El=28.50°
[Phase 3: 预测控制] 目标当前估算Az=359.68°, 速度=1.79°/s
                   -> 打提前量(0.25s后)Az=0.13°, El=28.50° | 下发云台指令: Az=90.13°, El=28.50°

[Phase 1: 视觉解析] 收到目标 cx=1876.6, cy=1080.0, mono=320.0m -> 解算绝对角度: Az=359.80°, El=28.50°
[Phase 3: 预测控制] 目标当前估算Az=359.80°, 速度=1.79°/s
                   -> 打提前量(0.25s后)Az=0.25°, El=28.50° | 下发云台指令: Az=90.25°, El=28.50°
[GimbalAtt] cmd_id=21, elapsed=0.000s, actual_ctrl=(Az=89.60°, El=28.50°), actual_ui=(Az=359.60°, El=28.50°), target_ctrl=(Az=89.89°, El=28.50°), err=(dAz=0.29°, dEl=0.00°)
[GimbalSettled] cmd_id=21, track_id=1, settle_time=0.000s, actual_ctrl=(Az=89.60°, El=28.50°), target_ctrl=(Az=89.89°, El=28.50°), err=(dAz=0.29°, dEl=0.00°)
[Laser] No valid laser distance, use mono distance
[GimbalCmd] cmd_id=22, track_id=1, target_ctrl=(Az=90.13°, El=28.50°)

[Phase 1: 视觉解析] 收到目标 cx=1902.8, cy=1080.0, mono=320.0m -> 解算绝对角度: Az=359.92°, El=28.50°
[Phase 3: 预测控制] 目标当前估算Az=359.92°, 速度=1.79°/s
                   -> 打提前量(0.25s后)Az=0.37°, El=28.50° | 下发云台指令: Az=90.37°, El=28.50°

[Phase 1: 视觉解析] 收到目标 cx=1928.9, cy=1080.0, mono=320.0m -> 解算绝对角度: Az=0.04°, El=28.50°
[Phase 3: 预测控制] 目标当前估算Az=0.04°, 速度=1.79°/s
                   -> 打提前量(0.25s后)Az=0.49°, El=28.50° | 下发云台指令: Az=90.49°, El=28.50°

[Phase 1: 视觉解析] 收到目标 cx=1955.0, cy=1080.0, mono=320.0m -> 解算绝对角度: Az=0.16°, El=28.50°
[TargetKeep] reason=lock_timer_expired, master_id=1, score=6.28, candidates=id=1, score=6.28, speed=1.79deg/s, dist=0.56deg, hits=48, stab=2.44, hold=1.15x
[Phase 3: 预测控制] 目标当前估算Az=0.16°, 速度=1.79°/s
                   -> 打提前量(0.25s后)Az=0.61°, El=28.50° | 下发云台指令: Az=90.61°, El=28.50°

[Phase 1: 视觉解析] 收到目标 cx=1981.2, cy=1080.0, mono=320.0m -> 解算绝对角度: Az=0.28°, El=28.50°
[Phase 3: 预测控制] 目标当前估算Az=0.28°, 速度=1.79°/s
                   -> 打提前量(0.25s后)Az=0.73°, El=28.50° | 下发云台指令: Az=90.73°, El=28.50°

[Phase 1: 视觉解析] 收到目标 cx=2007.3, cy=1080.0, mono=320.0m -> 解算绝对角度: Az=0.40°, El=28.50°
[Phase 3: 预测控制] 目标当前估算Az=0.40°, 速度=1.79°/s
                   -> 打提前量(0.25s后)Az=0.85°, El=28.50° | 下发云台指令: Az=90.85°, El=28.50°

[Phase 1: 视觉解析] 收到目标 cx=2033.5, cy=1080.0, mono=320.0m -> 解算绝对角度: Az=0.52°, El=28.50°
[Phase 3: 预测控制] 目标当前估算Az=0.52°, 速度=1.79°/s
                   -> 打提前量(0.25s后)Az=0.96°, El=28.50° | 下发云台指令: Az=90.96°, El=28.50°
[GimbalAtt] cmd_id=22, elapsed=0.000s, actual_ctrl=(Az=89.80°, El=28.50°), actual_ui=(Az=359.80°, El=28.50°), target_ctrl=(Az=90.13°, El=28.50°), err=(dAz=0.33°, dEl=0.00°)
[GimbalCmd] preempt cmd_id=25, track_id=1, mode=axis_update, axes=Az, target_ctrl=(Az=90.85°, El=28.50°), delta=(dAz=0.72°, dEl=0.00°, total=0.72°)

[Phase 1: 视觉解析] 收到目标 cx=2059.6, cy=1080.0, mono=320.0m -> 解算绝对角度: Az=0.64°, El=28.50°
[Phase 3: 预测控制] 目标当前估算Az=0.64°, 速度=1.79°/s
                   -> 打提前量(0.25s后)Az=1.09°, El=28.50° | 下发云台指令: Az=91.09°, El=28.50°

[Phase 1: 视觉解析] 收到目标 cx=2085.8, cy=1080.0, mono=320.0m -> 解算绝对角度: Az=0.76°, El=28.50°
[Phase 3: 预测控制] 目标当前估算Az=0.75°, 速度=1.79°/s
                   -> 打提前量(0.25s后)Az=1.20°, El=28.50° | 下发云台指令: Az=91.20°, El=28.50°

[Phase 1: 视觉解析] 收到目标 cx=2111.9, cy=1080.0, mono=320.0m -> 解算绝对角度: Az=0.87°, El=28.50°
[Phase 3: 预测控制] 目标当前估算Az=0.88°, 速度=1.79°/s
                   -> 打提前量(0.25s后)Az=1.32°, El=28.50° | 下发云台指令: Az=91.32°, El=28.50°
[GimbalAtt] cmd_id=25, elapsed=0.000s, actual_ctrl=(Az=90.50°, El=28.50°), actual_ui=(Az=0.50°, El=28.50°), target_ctrl=(Az=90.85°, El=28.50°), err=(dAz=0.35°, dEl=0.00°)
[GimbalCmd] preempt cmd_id=27, track_id=1, mode=axis_update, axes=Az, target_ctrl=(Az=91.32°, El=28.50°), delta=(dAz=0.48°, dEl=0.00°, total=0.48°)

[Phase 1: 视觉解析] 收到目标 cx=2138.1, cy=1080.0, mono=320.0m -> 解算绝对角度: Az=0.99°, El=28.50°
[Phase 3: 预测控制] 目标当前估算Az=0.99°, 速度=1.79°/s
                   -> 打提前量(0.25s后)Az=1.44°, El=28.50° | 下发云台指令: Az=91.44°, El=28.50°

[Phase 1: 视觉解析] 收到目标 cx=2164.2, cy=1080.0, mono=320.0m -> 解算绝对角度: Az=1.11°, El=28.50°
[Phase 3: 预测控制] 目标当前估算Az=1.12°, 速度=1.79°/s
                   -> 打提前量(0.25s后)Az=1.56°, El=28.50° | 下发云台指令: Az=91.56°, El=28.50°

[Phase 1: 视觉解析] 收到目标 cx=2190.4, cy=1080.0, mono=320.0m -> 解算绝对角度: Az=1.23°, El=28.50°
[Phase 3: 预测控制] 目标当前估算Az=1.23°, 速度=1.79°/s
                   -> 打提前量(0.25s后)Az=1.68°, El=28.50° | 下发云台指令: Az=91.68°, El=28.50°

[Phase 1: 视觉解析] 收到目标 cx=2216.5, cy=1080.0, mono=320.0m -> 解算绝对角度: Az=1.35°, El=28.50°
[Phase 3: 预测控制] 目标当前估算Az=1.35°, 速度=1.79°/s
                   -> 打提前量(0.25s后)Az=1.80°, El=28.50° | 下发云台指令: Az=91.80°, El=28.50°
[GimbalAtt] cmd_id=27, elapsed=0.000s, actual_ctrl=(Az=90.80°, El=28.50°), actual_ui=(Az=0.80°, El=28.50°), target_ctrl=(Az=91.32°, El=28.50°), err=(dAz=0.52°, dEl=0.00°)
[GimbalCmd] preempt cmd_id=29, track_id=1, mode=axis_update, axes=Az, target_ctrl=(Az=91.80°, El=28.50°), delta=(dAz=0.48°, dEl=0.00°, total=0.48°)

[Phase 1: 视觉解析] 收到目标 cx=2242.7, cy=1080.0, mono=320.0m -> 解算绝对角度: Az=1.47°, El=28.50°
[Phase 3: 预测控制] 目标当前估算Az=1.47°, 速度=1.79°/s
                   -> 打提前量(0.25s后)Az=1.92°, El=28.50° | 下发云台指令: Az=91.92°, El=28.50°

[Phase 1: 视觉解析] 收到目标 cx=2268.8, cy=1080.0, mono=320.0m -> 解算绝对角度: Az=1.59°, El=28.50°
[Phase 3: 预测控制] 目标当前估算Az=1.59°, 速度=1.79°/s
                   -> 打提前量(0.25s后)Az=2.04°, El=28.50° | 下发云台指令: Az=92.04°, El=28.50°

[Phase 1: 视觉解析] 收到目标 cx=2294.9, cy=1080.0, mono=320.0m -> 解算绝对角度: Az=1.71°, El=28.50°
[Phase 3: 预测控制] 目标当前估算Az=1.71°, 速度=1.79°/s
                   -> 打提前量(0.25s后)Az=2.16°, El=28.50° | 下发云台指令: Az=92.16°, El=28.50°
[Stats] recv_objs_total=61, recv_unique_boxes=61 | ui_send_total=59, ui_unique_ids=1, ui_id_counts=1:59
[GimbalAtt] cmd_id=29, elapsed=0.000s, actual_ctrl=(Az=91.50°, El=28.50°), actual_ui=(Az=1.50°, El=28.50°), target_ctrl=(Az=91.80°, El=28.50°), err=(dAz=0.30°, dEl=0.00°)

[Phase 1: 视觉解析] 收到目标 cx=2321.1, cy=1080.0, mono=320.0m -> 解算绝对角度: Az=1.83°, El=28.50°
[Phase 3: 预测控制] 目标当前估算Az=1.83°, 速度=1.79°/s
                   -> 打提前量(0.25s后)Az=2.27°, El=28.50° | 下发云台指令: Az=92.27°, El=28.50°

[Phase 1: 视觉解析] 收到目标 cx=2347.2, cy=1080.0, mono=320.0m -> 解算绝对角度: Az=1.95°, El=28.50°
[Phase 3: 预测控制] 目标当前估算Az=1.95°, 速度=1.79°/s
                   -> 打提前量(0.25s后)Az=2.39°, El=28.50° | 下发云台指令: Az=92.39°, El=28.50°

[Phase 1: 视觉解析] 收到目标 cx=2373.4, cy=1080.0, mono=320.0m -> 解算绝对角度: Az=2.07°, El=28.50°
[Phase 3: 预测控制] 目标当前估算Az=2.06°, 速度=1.79°/s
                   -> 打提前量(0.25s后)Az=2.51°, El=28.50° | 下发云台指令: Az=92.51°, El=28.50°

[Phase 1: 视觉解析] 收到目标 cx=2399.5, cy=1080.0, mono=320.0m -> 解算绝对角度: Az=2.19°, El=28.50°
[Phase 3: 预测控制] 目标当前估算Az=2.19°, 速度=1.79°/s
                   -> 打提前量(0.25s后)Az=2.63°, El=28.50° | 下发云台指令: Az=92.63°, El=28.50°
[GimbalAtt] cmd_id=29, elapsed=0.201s, actual_ctrl=(Az=91.70°, El=28.50°), actual_ui=(Az=1.70°, El=28.50°), target_ctrl=(Az=91.80°, El=28.50°), err=(dAz=0.10°, dEl=0.00°)
[GimbalSettled] cmd_id=29, track_id=1, settle_time=0.201s, actual_ctrl=(Az=91.70°, El=28.50°), target_ctrl=(Az=91.80°, El=28.50°), err=(dAz=0.10°, dEl=0.00°)
[Laser] No valid laser distance, use mono distance
[GimbalCmd] cmd_id=32, track_id=1, target_ctrl=(Az=92.51°, El=28.50°)

[Phase 1: 视觉解析] 收到目标 cx=2425.7, cy=1080.0, mono=320.0m -> 解算绝对角度: Az=2.30°, El=28.50°
[Phase 3: 预测控制] 目标当前估算Az=2.30°, 速度=1.79°/s
                   -> 打提前量(0.25s后)Az=2.75°, El=28.50° | 下发云台指令: Az=92.75°, El=28.50°

[Phase 1: 视觉解析] 收到目标 cx=2451.8, cy=1080.0, mono=320.0m -> 解算绝对角度: Az=2.42°, El=28.50°
[Phase 3: 预测控制] 目标当前估算Az=2.42°, 速度=1.79°/s
                   -> 打提前量(0.25s后)Az=2.87°, El=28.50° | 下发云台指令: Az=92.87°, El=28.50°

[Phase 1: 视觉解析] 收到目标 cx=2478.0, cy=1080.0, mono=320.0m -> 解算绝对角度: Az=2.54°, El=28.50°
[Phase 3: 预测控制] 目标当前估算Az=2.56°, 速度=1.78°/s
                   -> 打提前量(0.25s后)Az=3.00°, El=28.50° | 下发云台指令: Az=93.00°, El=28.50°

[Phase 1: 视觉解析] 收到目标 cx=2504.1, cy=1080.0, mono=320.0m -> 解算绝对角度: Az=2.66°, El=28.50°
[Phase 3: 预测控制] 目标当前估算Az=2.66°, 速度=1.78°/s
                   -> 打提前量(0.25s后)Az=3.10°, El=28.50° | 下发云台指令: Az=93.10°, El=28.50°
[GimbalAtt] cmd_id=32, elapsed=0.000s, actual_ctrl=(Az=91.70°, El=28.50°), actual_ui=(Az=1.70°, El=28.50°), target_ctrl=(Az=92.51°, El=28.50°), err=(dAz=0.81°, dEl=0.00°)
[GimbalCmd] preempt cmd_id=34, track_id=1, mode=axis_update, axes=Az, target_ctrl=(Az=93.00°, El=28.50°), delta=(dAz=0.49°, dEl=0.00°, total=0.49°)

[Phase 1: 视觉解析] 收到目标 cx=2530.3, cy=1080.0, mono=320.0m -> 解算绝对角度: Az=2.78°, El=28.50°
[Phase 3: 预测控制] 目标当前估算Az=2.77°, 速度=1.78°/s
                   -> 打提前量(0.25s后)Az=3.22°, El=28.50° | 下发云台指令: Az=93.22°, El=28.50°

[Phase 1: 视觉解析] 收到目标 cx=2556.4, cy=1080.0, mono=320.0m -> 解算绝对角度: Az=2.90°, El=28.50°
[TargetKeep] reason=lock_timer_expired, master_id=1, score=5.53, candidates=id=1, score=5.53, speed=1.79deg/s, dist=1.20deg, hits=71, stab=2.44, hold=1.15x
[Phase 3: 预测控制] 目标当前估算Az=2.90°, 速度=1.79°/s
                   -> 打提前量(0.25s后)Az=3.34°, El=28.50° | 下发云台指令: Az=93.34°, El=28.50°

[Phase 1: 视觉解析] 收到目标 cx=2582.6, cy=1080.0, mono=320.0m -> 解算绝对角度: Az=3.02°, El=28.50°
[Phase 3: 预测控制] 目标当前估算Az=3.01°, 速度=1.79°/s
                   -> 打提前量(0.25s后)Az=3.46°, El=28.50° | 下发云台指令: Az=93.46°, El=28.50°

[Phase 1: 视觉解析] 收到目标 cx=2608.7, cy=1080.0, mono=320.0m -> 解算绝对角度: Az=3.14°, El=28.50°
[Phase 3: 预测控制] 目标当前估算Az=3.14°, 速度=1.79°/s
                   -> 打提前量(0.25s后)Az=3.59°, El=28.50° | 下发云台指令: Az=93.59°, El=28.50°
[GimbalAtt] cmd_id=34, elapsed=0.000s, actual_ctrl=(Az=92.50°, El=28.50°), actual_ui=(Az=2.50°, El=28.50°), target_ctrl=(Az=93.00°, El=28.50°), err=(dAz=0.50°, dEl=0.00°)
[GimbalCmd] preempt cmd_id=36, track_id=1, mode=axis_update, axes=Az, target_ctrl=(Az=93.46°, El=28.50°), delta=(dAz=0.46°, dEl=0.00°, total=0.46°)

[Phase 1: 视觉解析] 收到目标 cx=2634.8, cy=1080.0, mono=320.0m -> 解算绝对角度: Az=3.26°, El=28.50°
[Phase 3: 预测控制] 目标当前估算Az=3.26°, 速度=1.79°/s
                   -> 打提前量(0.25s后)Az=3.71°, El=28.50° | 下发云台指令: Az=93.71°, El=28.50°

[Phase 1: 视觉解析] 收到目标 cx=2661.0, cy=1080.0, mono=320.0m -> 解算绝对角度: Az=3.38°, El=28.50°
[Phase 3: 预测控制] 目标当前估算Az=3.38°, 速度=1.78°/s
                   -> 打提前量(0.25s后)Az=3.83°, El=28.50° | 下发云台指令: Az=93.83°, El=28.50°

[Phase 1: 视觉解析] 收到目标 cx=2687.2, cy=1080.0, mono=320.0m -> 解算绝对角度: Az=3.50°, El=28.50°
[Phase 3: 预测控制] 目标当前估算Az=3.50°, 速度=1.78°/s
                   -> 打提前量(0.25s后)Az=3.94°, El=28.50° | 下发云台指令: Az=93.94°, El=28.50°
[GimbalAtt] cmd_id=36, elapsed=0.000s, actual_ctrl=(Az=93.20°, El=28.50°), actual_ui=(Az=3.20°, El=28.50°), target_ctrl=(Az=93.46°, El=28.50°), err=(dAz=0.26°, dEl=0.00°)
[GimbalSettled] cmd_id=36, track_id=1, settle_time=0.000s, actual_ctrl=(Az=93.20°, El=28.50°), target_ctrl=(Az=93.46°, El=28.50°), err=(dAz=0.26°, dEl=0.00°)
[Laser] No valid laser distance, use mono distance
[GimbalCmd] cmd_id=38, track_id=1, target_ctrl=(Az=93.94°, El=28.50°)

[Phase 1: 视觉解析] 收到目标 cx=2713.3, cy=1080.0, mono=320.0m -> 解算绝对角度: Az=3.62°, El=28.50°
[Phase 3: 预测控制] 目标当前估算Az=3.61°, 速度=1.79°/s
                   -> 打提前量(0.25s后)Az=4.06°, El=28.50° | 下发云台指令: Az=94.06°, El=28.50°

[Phase 1: 视觉解析] 收到目标 cx=2739.4, cy=1080.0, mono=320.0m -> 解算绝对角度: Az=3.73°, El=28.50°
[Phase 3: 预测控制] 目标当前估算Az=3.74°, 速度=1.79°/s
                   -> 打提前量(0.25s后)Az=4.18°, El=28.50° | 下发云台指令: Az=94.18°, El=28.50°

[Phase 1: 视觉解析] 收到目标 cx=2765.6, cy=1080.0, mono=320.0m -> 解算绝对角度: Az=3.85°, El=28.50°
[Phase 3: 预测控制] 目标当前估算Az=3.86°, 速度=1.78°/s
                   -> 打提前量(0.25s后)Az=4.30°, El=28.50° | 下发云台指令: Az=94.30°, El=28.50°

[Phase 1: 视觉解析] 收到目标 cx=2791.7, cy=1080.0, mono=320.0m -> 解算绝对角度: Az=3.97°, El=28.50°
[Phase 3: 预测控制] 目标当前估算Az=3.97°, 速度=1.79°/s
                   -> 打提前量(0.25s后)Az=4.42°, El=28.50° | 下发云台指令: Az=94.42°, El=28.50°

[Phase 1: 视觉解析] 收到目标 cx=2817.9, cy=1080.0, mono=320.0m -> 解算绝对角度: Az=4.09°, El=28.50°
[Phase 3: 预测控制] 目标当前估算Az=4.09°, 速度=1.79°/s
                   -> 打提前量(0.25s后)Az=4.53°, El=28.50° | 下发云台指令: Az=94.53°, El=28.50°
[GimbalAtt] cmd_id=38, elapsed=0.000s, actual_ctrl=(Az=93.30°, El=28.50°), actual_ui=(Az=3.30°, El=28.50°), target_ctrl=(Az=93.94°, El=28.50°), err=(dAz=0.64°, dEl=0.00°)

[Phase 1: 视觉解析] 收到目标 cx=2844.0, cy=1080.0, mono=320.0m -> 解算绝对角度: Az=4.21°, El=28.50°
[Phase 3: 预测控制] 目标当前估算Az=4.21°, 速度=1.79°/s
                   -> 打提前量(0.25s后)Az=4.66°, El=28.50° | 下发云台指令: Az=94.66°, El=28.50°
[GimbalCmd] preempt cmd_id=41, track_id=1, mode=axis_update, axes=Az, target_ctrl=(Az=94.66°, El=28.50°), delta=(dAz=0.72°, dEl=0.00°, total=0.72°)

[Phase 1: 视觉解析] 收到目标 cx=2870.2, cy=1080.0, mono=320.0m -> 解算绝对角度: Az=4.33°, El=28.50°
[Phase 3: 预测控制] 目标当前估算Az=4.33°, 速度=1.79°/s
                   -> 打提前量(0.25s后)Az=4.78°, El=28.50° | 下发云台指令: Az=94.78°, El=28.50°

[Phase 1: 视觉解析] 收到目标 cx=2896.3, cy=1080.0, mono=320.0m -> 解算绝对角度: Az=4.45°, El=28.50°
[Phase 3: 预测控制] 目标当前估算Az=4.45°, 速度=1.78°/s
                   -> 打提前量(0.25s后)Az=4.90°, El=28.50° | 下发云台指令: Az=94.90°, El=28.50°

[Phase 1: 视觉解析] 收到目标 cx=2922.5, cy=1080.0, mono=320.0m -> 解算绝对角度: Az=4.57°, El=28.50°
[Phase 3: 预测控制] 目标当前估算Az=4.56°, 速度=1.79°/s
                   -> 打提前量(0.25s后)Az=5.01°, El=28.50° | 下发云台指令: Az=95.01°, El=28.50°
[GimbalAtt] cmd_id=41, elapsed=0.000s, actual_ctrl=(Az=94.10°, El=28.50°), actual_ui=(Az=4.10°, El=28.50°), target_ctrl=(Az=94.66°, El=28.50°), err=(dAz=0.56°, dEl=0.00°)

[Phase 1: 视觉解析] 收到目标 cx=2948.6, cy=1080.0, mono=320.0m -> 解算绝对角度: Az=4.69°, El=28.50°
[Phase 3: 预测控制] 目标当前估算Az=4.69°, 速度=1.79°/s
                   -> 打提前量(0.25s后)Az=5.13°, El=28.50° | 下发云台指令: Az=95.13°, El=28.50°

[Phase 1: 视觉解析] 收到目标 cx=2974.8, cy=1080.0, mono=320.0m -> 解算绝对角度: Az=4.81°, El=28.50°
[Phase 3: 预测控制] 目标当前估算Az=4.81°, 速度=1.79°/s
                   -> 打提前量(0.25s后)Az=5.26°, El=28.50° | 下发云台指令: Az=95.26°, El=28.50°

[Phase 1: 视觉解析] 收到目标 cx=3000.9, cy=1080.0, mono=320.0m -> 解算绝对角度: Az=4.93°, El=28.50°
[Phase 3: 预测控制] 目标当前估算Az=4.92°, 速度=1.79°/s
                   -> 打提前量(0.25s后)Az=5.37°, El=28.50° | 下发云台指令: Az=95.37°, El=28.50°

[Phase 1: 视觉解析] 收到目标 cx=3027.1, cy=1080.0, mono=320.0m -> 解算绝对角度: Az=5.05°, El=28.50°
[Phase 3: 预测控制] 目标当前估算Az=5.05°, 速度=1.79°/s
                   -> 打提前量(0.25s后)Az=5.49°, El=28.50° | 下发云台指令: Az=95.49°, El=28.50°
[GimbalAtt] cmd_id=41, elapsed=0.214s, actual_ctrl=(Az=94.60°, El=28.50°), actual_ui=(Az=4.60°, El=28.50°), target_ctrl=(Az=94.66°, El=28.50°), err=(dAz=0.06°, dEl=0.00°)
[GimbalSettled] cmd_id=41, track_id=1, settle_time=0.214s, actual_ctrl=(Az=94.60°, El=28.50°), target_ctrl=(Az=94.66°, El=28.50°), err=(dAz=0.06°, dEl=0.00°)
[Laser] No valid laser distance, use mono distance
[GimbalCmd] cmd_id=44, track_id=1, target_ctrl=(Az=95.37°, El=28.50°)

[Phase 1: 视觉解析] 收到目标 cx=3053.2, cy=1080.0, mono=320.0m -> 解算绝对角度: Az=5.16°, El=28.50°
[Phase 3: 预测控制] 目标当前估算Az=5.16°, 速度=1.79°/s
                   -> 打提前量(0.25s后)Az=5.61°, El=28.50° | 下发云台指令: Az=95.61°, El=28.50°

[Phase 1: 视觉解析] 收到目标 cx=3079.3, cy=1080.0, mono=320.0m -> 解算绝对角度: Az=5.28°, El=28.50°
[Phase 3: 预测控制] 目标当前估算Az=5.28°, 速度=1.79°/s
                   -> 打提前量(0.25s后)Az=5.73°, El=28.50° | 下发云台指令: Az=95.73°, El=28.50°

[Phase 1: 视觉解析] 收到目标 cx=3105.5, cy=1080.0, mono=320.0m -> 解算绝对角度: Az=5.40°, El=28.50°
[Phase 3: 预测控制] 目标当前估算Az=5.40°, 速度=1.79°/s
                   -> 打提前量(0.25s后)Az=5.85°, El=28.50° | 下发云台指令: Az=95.85°, El=28.50°
[Stats] recv_objs_total=92, recv_unique_boxes=92 | ui_send_total=90, ui_unique_ids=1, ui_id_counts=1:90

[Phase 1: 视觉解析] 收到目标 cx=3131.6, cy=1080.0, mono=320.0m -> 解算绝对角度: Az=5.52°, El=28.50°
[Phase 3: 预测控制] 目标当前估算Az=5.52°, 速度=1.79°/s
                   -> 打提前量(0.25s后)Az=5.97°, El=28.50° | 下发云台指令: Az=95.97°, El=28.50°
[GimbalAtt] cmd_id=44, elapsed=0.000s, actual_ctrl=(Az=94.60°, El=28.50°), actual_ui=(Az=4.60°, El=28.50°), target_ctrl=(Az=95.37°, El=28.50°), err=(dAz=0.77°, dEl=0.00°)
[GimbalCmd] preempt cmd_id=46, track_id=1, mode=axis_update, axes=Az, target_ctrl=(Az=95.85°, El=28.50°), delta=(dAz=0.48°, dEl=0.00°, total=0.48°)

[Phase 1: 视觉解析] 收到目标 cx=3157.8, cy=1080.0, mono=320.0m -> 解算绝对角度: Az=5.64°, El=28.50°
[TargetKeep] reason=lock_timer_expired, master_id=1, score=5.73, candidates=id=1, score=5.73, speed=1.79deg/s, dist=1.04deg, hits=94, stab=2.44, hold=1.15x
[Phase 3: 预测控制] 目标当前估算Az=5.64°, 速度=1.79°/s
                   -> 打提前量(0.25s后)Az=6.09°, El=28.50° | 下发云台指令: Az=96.09°, El=28.50°

[Phase 1: 视觉解析] 收到目标 cx=3183.9, cy=1080.0, mono=320.0m -> 解算绝对角度: Az=5.76°, El=28.50°
[Phase 3: 预测控制] 目标当前估算Az=5.77°, 速度=1.79°/s
                   -> 打提前量(0.25s后)Az=6.22°, El=28.50° | 下发云台指令: Az=96.22°, El=28.50°

[Phase 1: 视觉解析] 收到目标 cx=3210.1, cy=1080.0, mono=320.0m -> 解算绝对角度: Az=5.88°, El=28.50°
[Phase 3: 预测控制] 目标当前估算Az=5.88°, 速度=1.79°/s
                   -> 打提前量(0.25s后)Az=6.32°, El=28.50° | 下发云台指令: Az=96.32°, El=28.50°

[Phase 1: 视觉解析] 收到目标 cx=3236.2, cy=1080.0, mono=320.0m -> 解算绝对角度: Az=6.00°, El=28.50°
[Phase 3: 预测控制] 目标当前估算Az=6.00°, 速度=1.79°/s
                   -> 打提前量(0.25s后)Az=6.45°, El=28.50° | 下发云台指令: Az=96.45°, El=28.50°
[GimbalAtt] cmd_id=46, elapsed=0.000s, actual_ctrl=(Az=95.20°, El=28.50°), actual_ui=(Az=5.20°, El=28.50°), target_ctrl=(Az=95.85°, El=28.50°), err=(dAz=0.65°, dEl=0.00°)
[GimbalCmd] preempt cmd_id=48, track_id=1, mode=axis_update, axes=Az, target_ctrl=(Az=96.32°, El=28.50°), delta=(dAz=0.48°, dEl=0.00°, total=0.48°)

[Phase 1: 视觉解析] 收到目标 cx=3262.4, cy=1080.0, mono=320.0m -> 解算绝对角度: Az=6.12°, El=28.50°
[Phase 3: 预测控制] 目标当前估算Az=6.11°, 速度=1.79°/s
                   -> 打提前量(0.25s后)Az=6.56°, El=28.50° | 下发云台指令: Az=96.56°, El=28.50°

[Phase 1: 视觉解析] 收到目标 cx=3288.5, cy=1080.0, mono=320.0m -> 解算绝对角度: Az=6.24°, El=28.50°
[Phase 3: 预测控制] 目标当前估算Az=6.24°, 速度=1.79°/s
                   -> 打提前量(0.25s后)Az=6.68°, El=28.50° | 下发云台指令: Az=96.68°, El=28.50°

[Phase 1: 视觉解析] 收到目标 cx=3314.7, cy=1080.0, mono=320.0m -> 解算绝对角度: Az=6.36°, El=28.50°
[Phase 3: 预测控制] 目标当前估算Az=6.35°, 速度=1.79°/s
                   -> 打提前量(0.25s后)Az=6.80°, El=28.50° | 下发云台指令: Az=96.80°, El=28.50°
[GimbalAtt] cmd_id=48, elapsed=0.000s, actual_ctrl=(Az=96.00°, El=28.50°), actual_ui=(Az=6.00°, El=28.50°), target_ctrl=(Az=96.32°, El=28.50°), err=(dAz=0.32°, dEl=0.00°)
[GimbalCmd] preempt cmd_id=50, track_id=1, mode=axis_update, axes=Az, target_ctrl=(Az=96.80°, El=28.50°), delta=(dAz=0.48°, dEl=0.00°, total=0.48°)

[Phase 1: 视觉解析] 收到目标 cx=3340.8, cy=1080.0, mono=320.0m -> 解算绝对角度: Az=6.48°, El=28.50°
[Phase 3: 预测控制] 目标当前估算Az=6.48°, 速度=1.79°/s
                   -> 打提前量(0.25s后)Az=6.92°, El=28.50° | 下发云台指令: Az=96.92°, El=28.50°

[Phase 1: 视觉解析] 收到目标 cx=3367.0, cy=1080.0, mono=320.0m -> 解算绝对角度: Az=6.59°, El=28.50°
[Phase 3: 预测控制] 目标当前估算Az=6.60°, 速度=1.79°/s
                   -> 打提前量(0.25s后)Az=7.05°, El=28.50° | 下发云台指令: Az=97.05°, El=28.50°

[Phase 1: 视觉解析] 收到目标 cx=3393.1, cy=1080.0, mono=320.0m -> 解算绝对角度: Az=6.71°, El=28.50°
[Phase 3: 预测控制] 目标当前估算Az=6.71°, 速度=1.79°/s
                   -> 打提前量(0.25s后)Az=7.16°, El=28.50° | 下发云台指令: Az=97.16°, El=28.50°

[Phase 1: 视觉解析] 收到目标 cx=3419.2, cy=1080.0, mono=320.0m -> 解算绝对角度: Az=6.83°, El=28.50°
[Phase 3: 预测控制] 目标当前估算Az=6.84°, 速度=1.79°/s
                   -> 打提前量(0.25s后)Az=7.28°, El=28.50° | 下发云台指令: Az=97.28°, El=28.50°
[GimbalAtt] cmd_id=50, elapsed=0.000s, actual_ctrl=(Az=96.30°, El=28.50°), actual_ui=(Az=6.30°, El=28.50°), target_ctrl=(Az=96.80°, El=28.50°), err=(dAz=0.50°, dEl=0.00°)
[GimbalCmd] preempt cmd_id=52, track_id=1, mode=axis_update, axes=Az, target_ctrl=(Az=97.28°, El=28.50°), delta=(dAz=0.48°, dEl=0.00°, total=0.48°)

[Phase 1: 视觉解析] 收到目标 cx=3445.4, cy=1080.0, mono=320.0m -> 解算绝对角度: Az=6.95°, El=28.50°
[Phase 3: 预测控制] 目标当前估算Az=6.95°, 速度=1.79°/s
                   -> 打提前量(0.25s后)Az=7.40°, El=28.50° | 下发云台指令: Az=97.40°, El=28.50°

[Phase 1: 视觉解析] 收到目标 cx=3471.6, cy=1080.0, mono=320.0m -> 解算绝对角度: Az=7.07°, El=28.50°
[Phase 3: 预测控制] 目标当前估算Az=7.07°, 速度=1.79°/s
                   -> 打提前量(0.25s后)Az=7.51°, El=28.50° | 下发云台指令: Az=97.51°, El=28.50°

[Phase 1: 视觉解析] 收到目标 cx=3497.7, cy=1080.0, mono=320.0m -> 解算绝对角度: Az=7.19°, El=28.50°
[Phase 3: 预测控制] 目标当前估算Az=7.19°, 速度=1.79°/s
                   -> 打提前量(0.25s后)Az=7.64°, El=28.50° | 下发云台指令: Az=97.64°, El=28.50°
[GimbalAtt] cmd_id=52, elapsed=0.000s, actual_ctrl=(Az=97.00°, El=28.50°), actual_ui=(Az=7.00°, El=28.50°), target_ctrl=(Az=97.28°, El=28.50°), err=(dAz=0.28°, dEl=0.00°)
[GimbalSettled] cmd_id=52, track_id=1, settle_time=0.000s, actual_ctrl=(Az=97.00°, El=28.50°), target_ctrl=(Az=97.28°, El=28.50°), err=(dAz=0.28°, dEl=0.00°)
[Laser] No valid laser distance, use mono distance
[GimbalCmd] cmd_id=53, track_id=1, target_ctrl=(Az=97.51°, El=28.50°)

[Phase 1: 视觉解析] 收到目标 cx=3523.8, cy=1080.0, mono=320.0m -> 解算绝对角度: Az=7.31°, El=28.50°
[Phase 3: 预测控制] 目标当前估算Az=7.31°, 速度=1.79°/s
                   -> 打提前量(0.25s后)Az=7.76°, El=28.50° | 下发云台指令: Az=97.76°, El=28.50°

[Phase 1: 视觉解析] 收到目标 cx=3550.0, cy=1080.0, mono=320.0m -> 解算绝对角度: Az=7.43°, El=28.50°
[Phase 3: 预测控制] 目标当前估算Az=7.43°, 速度=1.79°/s
                   -> 打提前量(0.25s后)Az=7.87°, El=28.50° | 下发云台指令: Az=97.87°, El=28.50°

[Phase 1: 视觉解析] 收到目标 cx=3576.1, cy=1080.0, mono=320.0m -> 解算绝对角度: Az=7.55°, El=28.50°
[Phase 3: 预测控制] 目标当前估算Az=7.55°, 速度=1.79°/s
                   -> 打提前量(0.25s后)Az=8.00°, El=28.50° | 下发云台指令: Az=98.00°, El=28.50°

[Phase 1: 视觉解析] 收到目标 cx=3602.3, cy=1080.0, mono=320.0m -> 解算绝对角度: Az=7.67°, El=28.50°
[Phase 3: 预测控制] 目标当前估算Az=7.66°, 速度=1.79°/s
                   -> 打提前量(0.25s后)Az=8.11°, El=28.50° | 下发云台指令: Az=98.11°, El=28.50°
[GimbalAtt] cmd_id=53, elapsed=0.000s, actual_ctrl=(Az=97.10°, El=28.50°), actual_ui=(Az=7.10°, El=28.50°), target_ctrl=(Az=97.51°, El=28.50°), err=(dAz=0.41°, dEl=0.00°)
[GimbalCmd] preempt cmd_id=55, track_id=1, mode=axis_update, axes=Az, target_ctrl=(Az=98.00°, El=28.50°), delta=(dAz=0.48°, dEl=0.00°, total=0.48°)
[GimbalAtt] cmd_id=55, elapsed=0.000s, actual_ctrl=(Az=97.10°, El=28.50°), actual_ui=(Az=7.10°, El=28.50°), target_ctrl=(Az=98.00°, El=28.50°), err=(dAz=0.90°, dEl=0.00°)
[GimbalAtt] cmd_id=55, elapsed=0.282s, actual_ctrl=(Az=97.90°, El=28.50°), actual_ui=(Az=7.90°, El=28.50°), target_ctrl=(Az=98.00°, El=28.50°), err=(dAz=0.10°, dEl=0.00°)
[GimbalSettled] cmd_id=55, track_id=1, settle_time=0.282s, actual_ctrl=(Az=97.90°, El=28.50°), target_ctrl=(Az=98.00°, El=28.50°), err=(dAz=0.10°, dEl=0.00°)
[Laser] No valid laser distance, use mono distance
