[Log] stdout/stderr -> logs/main_tracking_v9_20260422_145155.log
[Init] Connecting to Gimbal at /dev/ttyUSB0...
[GT06Z] Driver Ready on /dev/ttyUSB0.
[Adapter] GT06Z 云台已连接: /dev/ttyUSB0
[Init] Real laser enabled on /dev/ttyUSB1
[Init] Queue gimbal initial posture: Az=90.00°, El=0.00°
[LaserThread] 激光读取线程已启动
[GimbalThread] 控制线程已启动
[Laser] start_measurement mode=continuous
=== System V9.0 (Predictive Tracking & Scheduling) Running ===
[Net] Listening RK3588 on 8888...
[GimbalCmd] cmd_id=0, track_id=-1, target_ctrl=(Az=90.00°, El=0.00°)
[GimbalAtt] cmd_id=0, elapsed=0.041s, actual_ctrl=(Az=97.00°, El=28.50°), actual_ui=(Az=7.00°, El=28.50°), target_ctrl=(Az=90.00°, El=0.00°), err=(dAz=7.00°, dEl=28.50°)
[GimbalAtt] cmd_id=0, elapsed=0.302s, actual_ctrl=(Az=93.10°, El=27.50°), actual_ui=(Az=3.10°, El=27.50°), target_ctrl=(Az=90.00°, El=0.00°), err=(dAz=3.10°, dEl=27.50°)
[GimbalAtt] cmd_id=0, elapsed=0.564s, actual_ctrl=(Az=93.10°, El=25.50°), actual_ui=(Az=3.10°, El=25.50°), target_ctrl=(Az=90.00°, El=0.00°), err=(dAz=3.10°, dEl=25.50°)
[GimbalAtt] cmd_id=0, elapsed=0.886s, actual_ctrl=(Az=90.10°, El=21.60°), actual_ui=(Az=0.10°, El=21.60°), target_ctrl=(Az=90.00°, El=0.00°), err=(dAz=0.10°, dEl=21.60°)
[GimbalAtt] cmd_id=0, elapsed=1.148s, actual_ctrl=(Az=90.10°, El=17.60°), actual_ui=(Az=0.10°, El=17.60°), target_ctrl=(Az=90.00°, El=0.00°), err=(dAz=0.10°, dEl=17.60°)
[GimbalAtt] cmd_id=0, elapsed=1.409s, actual_ctrl=(Az=90.10°, El=13.60°), actual_ui=(Az=0.10°, El=13.60°), target_ctrl=(Az=90.00°, El=0.00°), err=(dAz=0.10°, dEl=13.60°)
[GimbalAtt] cmd_id=0, elapsed=1.671s, actual_ctrl=(Az=90.10°, El=9.60°), actual_ui=(Az=0.10°, El=9.60°), target_ctrl=(Az=90.00°, El=0.00°), err=(dAz=0.10°, dEl=9.60°)
[GimbalAtt] cmd_id=0, elapsed=1.933s, actual_ctrl=(Az=90.10°, El=5.60°), actual_ui=(Az=0.10°, El=5.60°), target_ctrl=(Az=90.00°, El=0.00°), err=(dAz=0.10°, dEl=5.60°)
[GimbalAtt] cmd_id=0, elapsed=2.194s, actual_ctrl=(Az=90.10°, El=2.10°), actual_ui=(Az=0.10°, El=2.10°), target_ctrl=(Az=90.00°, El=0.00°), err=(dAz=0.10°, dEl=2.10°)
[GimbalAtt] cmd_id=0, elapsed=2.445s, actual_ctrl=(Az=90.10°, El=2.10°), actual_ui=(Az=0.10°, El=2.10°), target_ctrl=(Az=90.00°, El=0.00°), err=(dAz=0.10°, dEl=2.10°)
[GimbalAtt] cmd_id=0, elapsed=2.726s, actual_ctrl=(Az=90.10°, El=-0.00°), actual_ui=(Az=0.10°, El=-0.00°), target_ctrl=(Az=90.00°, El=0.00°), err=(dAz=0.10°, dEl=0.00°)
[GimbalSettled] cmd_id=0, track_id=-1, settle_time=2.726s, actual_ctrl=(Az=90.10°, El=-0.00°), target_ctrl=(Az=90.00°, El=0.00°), err=(dAz=0.10°, dEl=0.00°)
[Laser] No valid laser distance, use mono distance

[Phase 1: 视觉解析] 收到目标 cx=700.0, cy=1080.0, mono=320.0m -> 解算绝对角度: Az=354.44°, El=28.50°
[Stats] recv_objs_total=1, recv_unique_boxes=1 | ui_send_total=0, ui_unique_ids=0, ui_id_counts=none

[Phase 1: 视觉解析] 收到目标 cx=726.1, cy=1080.0, mono=320.0m -> 解算绝对角度: Az=354.56°, El=28.50°

[Phase 1: 视觉解析] 收到目标 cx=752.3, cy=1080.0, mono=320.0m -> 解算绝对角度: Az=354.68°, El=28.50°
[TargetAcquire] reason=initial_acquire, master_id=1, score=-27.65, candidates=id=1, score=-27.65, speed=0.13deg/s, dist=29.03deg, hits=3, stab=1.11
[Phase 3: 预测控制] 目标当前估算Az=354.57°, 速度=0.13°/s
                   -> 打提前量(0.35s后)Az=354.62°, El=28.50° | 下发云台指令: Az=84.62°, El=28.50°
[GimbalCmd] cmd_id=1, track_id=1, target_ctrl=(Az=84.62°, El=28.50°)

[Phase 1: 视觉解析] 收到目标 cx=778.4, cy=1080.0, mono=320.0m -> 解算绝对角度: Az=354.80°, El=28.50°
[Phase 3: 预测控制] 目标当前估算Az=354.66°, 速度=0.30°/s
                   -> 打提前量(0.35s后)Az=354.76°, El=28.50° | 下发云台指令: Az=84.76°, El=28.50°

[Phase 1: 视觉解析] 收到目标 cx=804.6, cy=1080.0, mono=320.0m -> 解算绝对角度: Az=354.92°, El=28.50°
[Phase 3: 预测控制] 目标当前估算Az=354.76°, 速度=0.50°/s
                   -> 打提前量(0.35s后)Az=354.94°, El=28.50° | 下发云台指令: Az=84.94°, El=28.50°

[Phase 1: 视觉解析] 收到目标 cx=830.7, cy=1080.0, mono=320.0m -> 解算绝对角度: Az=355.04°, El=28.50°
[Phase 3: 预测控制] 目标当前估算Az=354.88°, 速度=0.72°/s
                   -> 打提前量(0.35s后)Az=355.13°, El=28.50° | 下发云台指令: Az=85.13°, El=28.50°

[Phase 1: 视觉解析] 收到目标 cx=856.9, cy=1080.0, mono=320.0m -> 解算绝对角度: Az=355.16°, El=28.50°
[Phase 3: 预测控制] 目标当前估算Az=355.01°, 速度=0.91°/s
                   -> 打提前量(0.35s后)Az=355.33°, El=28.50° | 下发云台指令: Az=85.33°, El=28.50°
[GimbalAtt] cmd_id=1, elapsed=0.041s, actual_ctrl=(Az=89.30°, El=0.10°), actual_ui=(Az=359.30°, El=0.10°), target_ctrl=(Az=84.62°, El=28.50°), err=(dAz=4.68°, dEl=28.40°)
[GimbalCmd] preempt cmd_id=3, track_id=1, mode=axis_update, axes=Az, target_ctrl=(Az=85.33°, El=28.50°), delta=(dAz=0.71°, dEl=0.00°, total=0.71°)

[Phase 1: 视觉解析] 收到目标 cx=883.0, cy=1080.0, mono=320.0m -> 解算绝对角度: Az=355.27°, El=28.50°
[Phase 3: 预测控制] 目标当前估算Az=355.14°, 速度=1.07°/s
                   -> 打提前量(0.35s后)Az=355.52°, El=28.50° | 下发云台指令: Az=85.52°, El=28.50°

[Phase 1: 视觉解析] 收到目标 cx=909.2, cy=1080.0, mono=320.0m -> 解算绝对角度: Az=355.39°, El=28.50°
[Phase 3: 预测控制] 目标当前估算Az=355.28°, 速度=1.20°/s
                   -> 打提前量(0.35s后)Az=355.70°, El=28.50° | 下发云台指令: Az=85.70°, El=28.50°

[Phase 1: 视觉解析] 收到目标 cx=935.3, cy=1080.0, mono=320.0m -> 解算绝对角度: Az=355.51°, El=28.50°
[Phase 3: 预测控制] 目标当前估算Az=355.41°, 速度=1.31°/s
                   -> 打提前量(0.35s后)Az=355.87°, El=28.50° | 下发云台指令: Az=85.87°, El=28.50°
[GimbalAtt] cmd_id=3, elapsed=0.000s, actual_ctrl=(Az=85.70°, El=1.20°), actual_ui=(Az=355.70°, El=1.20°), target_ctrl=(Az=85.33°, El=28.50°), err=(dAz=0.37°, dEl=27.30°)
[GimbalCmd] preempt cmd_id=4, track_id=1, mode=axis_update, axes=Az, target_ctrl=(Az=85.70°, El=28.50°), delta=(dAz=0.37°, dEl=0.00°, total=0.37°)

[Phase 1: 视觉解析] 收到目标 cx=961.5, cy=1080.0, mono=320.0m -> 解算绝对角度: Az=355.63°, El=28.50°
[Phase 3: 预测控制] 目标当前估算Az=355.55°, 速度=1.39°/s
                   -> 打提前量(0.35s后)Az=356.03°, El=28.50° | 下发云台指令: Az=86.03°, El=28.50°

[Phase 1: 视觉解析] 收到目标 cx=987.6, cy=1080.0, mono=320.0m -> 解算绝对角度: Az=355.75°, El=28.50°
[Phase 3: 预测控制] 目标当前估算Az=355.67°, 速度=1.46°/s
                   -> 打提前量(0.35s后)Az=356.18°, El=28.50° | 下发云台指令: Az=86.18°, El=28.50°

[Phase 1: 视觉解析] 收到目标 cx=1013.8, cy=1080.0, mono=320.0m -> 解算绝对角度: Az=355.87°, El=28.50°
[Phase 3: 预测控制] 目标当前估算Az=355.80°, 速度=1.51°/s
                   -> 打提前量(0.35s后)Az=356.33°, El=28.50° | 下发云台指令: Az=86.33°, El=28.50°

[Phase 1: 视觉解析] 收到目标 cx=1039.9, cy=1080.0, mono=320.0m -> 解算绝对角度: Az=355.99°, El=28.50°
[Phase 3: 预测控制] 目标当前估算Az=355.93°, 速度=1.55°/s
                   -> 打提前量(0.35s后)Az=356.47°, El=28.50° | 下发云台指令: Az=86.47°, El=28.50°
[GimbalAtt] cmd_id=4, elapsed=0.000s, actual_ctrl=(Az=85.20°, El=1.20°), actual_ui=(Az=355.20°, El=1.20°), target_ctrl=(Az=85.70°, El=28.50°), err=(dAz=0.50°, dEl=27.30°)
[GimbalCmd] preempt cmd_id=6, track_id=1, mode=axis_update, axes=Az, target_ctrl=(Az=86.33°, El=28.50°), delta=(dAz=0.63°, dEl=0.00°, total=0.63°)

[Phase 1: 视觉解析] 收到目标 cx=1066.0, cy=1080.0, mono=320.0m -> 解算绝对角度: Az=356.11°, El=28.50°
[Phase 3: 预测控制] 目标当前估算Az=356.06°, 速度=1.59°/s
                   -> 打提前量(0.35s后)Az=356.61°, El=28.50° | 下发云台指令: Az=86.61°, El=28.50°

[Phase 1: 视觉解析] 收到目标 cx=1092.2, cy=1080.0, mono=320.0m -> 解算绝对角度: Az=356.23°, El=28.50°
[Phase 3: 预测控制] 目标当前估算Az=356.18°, 速度=1.62°/s
                   -> 打提前量(0.35s后)Az=356.75°, El=28.50° | 下发云台指令: Az=86.75°, El=28.50°

[Phase 1: 视觉解析] 收到目标 cx=1118.3, cy=1080.0, mono=320.0m -> 解算绝对角度: Az=356.35°, El=28.50°
[Phase 3: 预测控制] 目标当前估算Az=356.30°, 速度=1.65°/s
                   -> 打提前量(0.35s后)Az=356.88°, El=28.50° | 下发云台指令: Az=86.88°, El=28.50°
[GimbalAtt] cmd_id=6, elapsed=0.000s, actual_ctrl=(Az=86.00°, El=5.70°), actual_ui=(Az=356.00°, El=5.70°), target_ctrl=(Az=86.33°, El=28.50°), err=(dAz=0.33°, dEl=22.80°)
[GimbalCmd] preempt cmd_id=8, track_id=1, mode=axis_update, axes=Az, target_ctrl=(Az=86.88°, El=28.50°), delta=(dAz=0.55°, dEl=0.00°, total=0.55°)

[Phase 1: 视觉解析] 收到目标 cx=1144.5, cy=1080.0, mono=320.0m -> 解算绝对角度: Az=356.47°, El=28.50°
[Phase 3: 预测控制] 目标当前估算Az=356.43°, 速度=1.67°/s
                   -> 打提前量(0.35s后)Az=357.01°, El=28.50° | 下发云台指令: Az=87.01°, El=28.50°

[Phase 1: 视觉解析] 收到目标 cx=1170.6, cy=1080.0, mono=320.0m -> 解算绝对角度: Az=356.58°, El=28.50°
[Phase 3: 预测控制] 目标当前估算Az=356.55°, 速度=1.69°/s
                   -> 打提前量(0.35s后)Az=357.14°, El=28.50° | 下发云台指令: Az=87.14°, El=28.50°

[Phase 1: 视觉解析] 收到目标 cx=1196.8, cy=1080.0, mono=320.0m -> 解算绝对角度: Az=356.70°, El=28.50°
[Phase 3: 预测控制] 目标当前估算Az=356.68°, 速度=1.70°/s
                   -> 打提前量(0.35s后)Az=357.28°, El=28.50° | 下发云台指令: Az=87.28°, El=28.50°

[Phase 1: 视觉解析] 收到目标 cx=1222.9, cy=1080.0, mono=320.0m -> 解算绝对角度: Az=356.82°, El=28.50°
[Phase 3: 预测控制] 目标当前估算Az=356.80°, 速度=1.72°/s
                   -> 打提前量(0.35s后)Az=357.40°, El=28.50° | 下发云台指令: Az=87.40°, El=28.50°
[GimbalAtt] cmd_id=8, elapsed=0.000s, actual_ctrl=(Az=86.20°, El=5.70°), actual_ui=(Az=356.20°, El=5.70°), target_ctrl=(Az=86.88°, El=28.50°), err=(dAz=0.68°, dEl=22.80°)

[Phase 1: 视觉解析] 收到目标 cx=1249.1, cy=1080.0, mono=320.0m -> 解算绝对角度: Az=356.94°, El=28.50°
[Phase 3: 预测控制] 目标当前估算Az=356.92°, 速度=1.73°/s
                   -> 打提前量(0.35s后)Az=357.52°, El=28.50° | 下发云台指令: Az=87.52°, El=28.50°
[GimbalCmd] preempt cmd_id=10, track_id=1, mode=axis_update, axes=Az, target_ctrl=(Az=87.40°, El=28.50°), delta=(dAz=0.52°, dEl=0.00°, total=0.52°)

[Phase 1: 视觉解析] 收到目标 cx=1275.2, cy=1080.0, mono=320.0m -> 解算绝对角度: Az=357.06°, El=28.50°
[Phase 3: 预测控制] 目标当前估算Az=357.05°, 速度=1.74°/s
                   -> 打提前量(0.35s后)Az=357.65°, El=28.50° | 下发云台指令: Az=87.65°, El=28.50°

[Phase 1: 视觉解析] 收到目标 cx=1301.4, cy=1080.0, mono=320.0m -> 解算绝对角度: Az=357.18°, El=28.50°
[Phase 3: 预测控制] 目标当前估算Az=357.16°, 速度=1.75°/s
                   -> 打提前量(0.35s后)Az=357.77°, El=28.50° | 下发云台指令: Az=87.77°, El=28.50°
[GimbalAtt] cmd_id=10, elapsed=0.000s, actual_ctrl=(Az=86.90°, El=13.00°), actual_ui=(Az=356.90°, El=13.00°), target_ctrl=(Az=87.40°, El=28.50°), err=(dAz=0.50°, dEl=15.50°)

[Phase 1: 视觉解析] 收到目标 cx=1327.5, cy=1080.0, mono=320.0m -> 解算绝对角度: Az=357.30°, El=28.50°
[Phase 3: 预测控制] 目标当前估算Az=357.29°, 速度=1.75°/s
                   -> 打提前量(0.35s后)Az=357.90°, El=28.50° | 下发云台指令: Az=87.90°, El=28.50°
[GimbalCmd] preempt cmd_id=12, track_id=1, mode=axis_update, axes=Az, target_ctrl=(Az=87.90°, El=28.50°), delta=(dAz=0.50°, dEl=0.00°, total=0.50°)

[Phase 1: 视觉解析] 收到目标 cx=1353.7, cy=1080.0, mono=320.0m -> 解算绝对角度: Az=357.42°, El=28.50°
[TargetKeep] reason=lock_timer_expired, master_id=1, score=-10.99, candidates=id=1, score=-10.99, speed=1.76deg/s, dist=15.51deg, hits=26, stab=2.44, hold=1.15x
[Phase 3: 预测控制] 目标当前估算Az=357.41°, 速度=1.76°/s
                   -> 打提前量(0.35s后)Az=358.02°, El=28.50° | 下发云台指令: Az=88.02°, El=28.50°

[Phase 1: 视觉解析] 收到目标 cx=1379.8, cy=1080.0, mono=320.0m -> 解算绝对角度: Az=357.54°, El=28.50°
[Phase 3: 预测控制] 目标当前估算Az=357.53°, 速度=1.76°/s
                   -> 打提前量(0.35s后)Az=358.15°, El=28.50° | 下发云台指令: Az=88.15°, El=28.50°

[Phase 1: 视觉解析] 收到目标 cx=1406.0, cy=1080.0, mono=320.0m -> 解算绝对角度: Az=357.66°, El=28.50°
[Phase 3: 预测控制] 目标当前估算Az=357.65°, 速度=1.77°/s
                   -> 打提前量(0.35s后)Az=358.27°, El=28.50° | 下发云台指令: Az=88.27°, El=28.50°
[GimbalAtt] cmd_id=12, elapsed=0.000s, actual_ctrl=(Az=87.30°, El=13.00°), actual_ui=(Az=357.30°, El=13.00°), target_ctrl=(Az=87.90°, El=28.50°), err=(dAz=0.60°, dEl=15.50°)

[Phase 1: 视觉解析] 收到目标 cx=1432.1, cy=1080.0, mono=320.0m -> 解算绝对角度: Az=357.78°, El=28.50°
[Phase 3: 预测控制] 目标当前估算Az=357.82°, 速度=1.74°/s
                   -> 打提前量(0.35s后)Az=358.43°, El=28.50° | 下发云台指令: Az=88.43°, El=28.50°

[Phase 1: 视觉解析] 收到目标 cx=1458.2, cy=1080.0, mono=320.0m -> 解算绝对角度: Az=357.90°, El=28.50°
[Phase 3: 预测控制] 目标当前估算Az=357.90°, 速度=1.74°/s
                   -> 打提前量(0.35s后)Az=358.51°, El=28.50° | 下发云台指令: Az=88.51°, El=28.50°

[Phase 1: 视觉解析] 收到目标 cx=1484.4, cy=1080.0, mono=320.0m -> 解算绝对角度: Az=358.01°, El=28.50°
[Phase 3: 预测控制] 目标当前估算Az=358.00°, 速度=1.75°/s
                   -> 打提前量(0.35s后)Az=358.62°, El=28.50° | 下发云台指令: Az=88.62°, El=28.50°
[Stats] recv_objs_total=31, recv_unique_boxes=31 | ui_send_total=29, ui_unique_ids=1, ui_id_counts=1:29

[Phase 1: 视觉解析] 收到目标 cx=1510.5, cy=1080.0, mono=320.0m -> 解算绝对角度: Az=358.13°, El=28.50°
[Phase 3: 预测控制] 目标当前估算Az=358.12°, 速度=1.75°/s
                   -> 打提前量(0.35s后)Az=358.74°, El=28.50° | 下发云台指令: Az=88.74°, El=28.50°

[Phase 1: 视觉解析] 收到目标 cx=1536.7, cy=1080.0, mono=320.0m -> 解算绝对角度: Az=358.25°, El=28.50°
[Phase 3: 预测控制] 目标当前估算Az=358.23°, 速度=1.76°/s
                   -> 打提前量(0.35s后)Az=358.85°, El=28.50° | 下发云台指令: Az=88.85°, El=28.50°
[GimbalAtt] cmd_id=12, elapsed=0.282s, actual_ctrl=(Az=87.30°, El=20.30°), actual_ui=(Az=357.30°, El=20.30°), target_ctrl=(Az=87.90°, El=28.50°), err=(dAz=0.60°, dEl=8.20°)
[GimbalCmd] preempt cmd_id=15, track_id=1, mode=axis_update, axes=Az, target_ctrl=(Az=88.74°, El=28.50°), delta=(dAz=0.83°, dEl=0.00°, total=0.83°)

[Phase 1: 视觉解析] 收到目标 cx=1562.8, cy=1080.0, mono=320.0m -> 解算绝对角度: Az=358.37°, El=28.50°
[Phase 3: 预测控制] 目标当前估算Az=358.38°, 速度=1.76°/s
                   -> 打提前量(0.35s后)Az=358.99°, El=28.50° | 下发云台指令: Az=88.99°, El=28.50°

[Phase 1: 视觉解析] 收到目标 cx=1589.0, cy=1080.0, mono=320.0m -> 解算绝对角度: Az=358.49°, El=28.50°
[Phase 3: 预测控制] 目标当前估算Az=358.47°, 速度=1.77°/s
                   -> 打提前量(0.35s后)Az=359.09°, El=28.50° | 下发云台指令: Az=89.09°, El=28.50°
[GimbalAtt] cmd_id=15, elapsed=0.000s, actual_ctrl=(Az=88.10°, El=24.40°), actual_ui=(Az=358.10°, El=24.40°), target_ctrl=(Az=88.74°, El=28.50°), err=(dAz=0.64°, dEl=4.10°)

[Phase 1: 视觉解析] 收到目标 cx=1615.1, cy=1080.0, mono=320.0m -> 解算绝对角度: Az=358.61°, El=28.50°
[Phase 3: 预测控制] 目标当前估算Az=358.67°, 速度=1.73°/s
                   -> 打提前量(0.35s后)Az=359.27°, El=28.50° | 下发云台指令: Az=89.27°, El=28.50°

[Phase 1: 视觉解析] 收到目标 cx=1641.3, cy=1080.0, mono=320.0m -> 解算绝对角度: Az=358.73°, El=28.50°
[Phase 3: 预测控制] 目标当前估算Az=358.70°, 速度=1.75°/s
                   -> 打提前量(0.35s后)Az=359.31°, El=28.50° | 下发云台指令: Az=89.31°, El=28.50°

[Phase 1: 视觉解析] 收到目标 cx=1667.4, cy=1080.0, mono=320.0m -> 解算绝对角度: Az=358.85°, El=28.50°
[Phase 3: 预测控制] 目标当前估算Az=358.89°, 速度=1.72°/s
                   -> 打提前量(0.35s后)Az=359.49°, El=28.50° | 下发云台指令: Az=89.49°, El=28.50°

[Phase 1: 视觉解析] 收到目标 cx=1693.6, cy=1080.0, mono=320.0m -> 解算绝对角度: Az=358.97°, El=28.50°
[Phase 3: 预测控制] 目标当前估算Az=358.92°, 速度=1.74°/s
                   -> 打提前量(0.35s后)Az=359.53°, El=28.50° | 下发云台指令: Az=89.53°, El=28.50°
[GimbalAtt] cmd_id=15, elapsed=0.222s, actual_ctrl=(Az=88.70°, El=24.40°), actual_ui=(Az=358.70°, El=24.40°), target_ctrl=(Az=88.74°, El=28.50°), err=(dAz=0.04°, dEl=4.10°)

[Phase 1: 视觉解析] 收到目标 cx=1719.7, cy=1080.0, mono=320.0m -> 解算绝对角度: Az=359.09°, El=28.50°
[Phase 3: 预测控制] 目标当前估算Az=359.05°, 速度=1.76°/s
                   -> 打提前量(0.35s后)Az=359.67°, El=28.50° | 下发云台指令: Az=89.67°, El=28.50°
[GimbalCmd] preempt cmd_id=18, track_id=1, mode=axis_update, axes=Az, target_ctrl=(Az=89.49°, El=28.50°), delta=(dAz=0.76°, dEl=0.00°, total=0.76°)

[Phase 1: 视觉解析] 收到目标 cx=1745.9, cy=1080.0, mono=320.0m -> 解算绝对角度: Az=359.21°, El=28.50°
[Phase 3: 预测控制] 目标当前估算Az=359.18°, 速度=1.77°/s
                   -> 打提前量(0.35s后)Az=359.80°, El=28.50° | 下发云台指令: Az=89.80°, El=28.50°

[Phase 1: 视觉解析] 收到目标 cx=1772.0, cy=1080.0, mono=320.0m -> 解算绝对角度: Az=359.33°, El=28.50°
[Phase 3: 预测控制] 目标当前估算Az=359.31°, 速度=1.78°/s
                   -> 打提前量(0.35s后)Az=359.93°, El=28.50° | 下发云台指令: Az=89.93°, El=28.50°

[Phase 1: 视觉解析] 收到目标 cx=1798.2, cy=1080.0, mono=320.0m -> 解算绝对角度: Az=359.44°, El=28.50°
[Phase 3: 预测控制] 目标当前估算Az=359.43°, 速度=1.79°/s
                   -> 打提前量(0.35s后)Az=0.06°, El=28.50° | 下发云台指令: Az=90.06°, El=28.50°
[GimbalAtt] cmd_id=18, elapsed=0.000s, actual_ctrl=(Az=88.70°, El=24.40°), actual_ui=(Az=358.70°, El=24.40°), target_ctrl=(Az=89.49°, El=28.50°), err=(dAz=0.79°, dEl=4.10°)

[Phase 1: 视觉解析] 收到目标 cx=1824.3, cy=1080.0, mono=320.0m -> 解算绝对角度: Az=359.56°, El=28.50°
[Phase 3: 预测控制] 目标当前估算Az=359.57°, 速度=1.79°/s
                   -> 打提前量(0.35s后)Az=0.19°, El=28.50° | 下发云台指令: Az=90.19°, El=28.50°
[GimbalCmd] preempt cmd_id=20, track_id=1, mode=axis_update, axes=Az, target_ctrl=(Az=90.06°, El=28.50°), delta=(dAz=0.56°, dEl=0.00°, total=0.56°)

[Phase 1: 视觉解析] 收到目标 cx=1850.5, cy=1080.0, mono=320.0m -> 解算绝对角度: Az=359.68°, El=28.50°
[Phase 3: 预测控制] 目标当前估算Az=359.69°, 速度=1.78°/s
                   -> 打提前量(0.35s后)Az=0.31°, El=28.50° | 下发云台指令: Az=90.31°, El=28.50°

[Phase 1: 视觉解析] 收到目标 cx=1876.6, cy=1080.0, mono=320.0m -> 解算绝对角度: Az=359.80°, El=28.50°
[Phase 3: 预测控制] 目标当前估算Az=359.79°, 速度=1.79°/s
                   -> 打提前量(0.35s后)Az=0.42°, El=28.50° | 下发云台指令: Az=90.42°, El=28.50°
[GimbalAtt] cmd_id=20, elapsed=0.000s, actual_ctrl=(Az=89.40°, El=28.60°), actual_ui=(Az=359.40°, El=28.60°), target_ctrl=(Az=90.06°, El=28.50°), err=(dAz=0.66°, dEl=0.10°)

[Phase 1: 视觉解析] 收到目标 cx=1902.8, cy=1080.0, mono=320.0m -> 解算绝对角度: Az=359.92°, El=28.50°
[Phase 3: 预测控制] 目标当前估算Az=359.97°, 速度=1.76°/s
                   -> 打提前量(0.35s后)Az=0.59°, El=28.50° | 下发云台指令: Az=90.59°, El=28.50°

[Phase 1: 视觉解析] 收到目标 cx=1928.9, cy=1080.0, mono=320.0m -> 解算绝对角度: Az=0.04°, El=28.50°
[TargetKeep] reason=lock_timer_expired, master_id=1, score=6.15, candidates=id=1, score=6.15, speed=1.77deg/s, dist=0.63deg, hits=48, stab=2.44, hold=1.15x
[Phase 3: 预测控制] 目标当前估算Az=0.02°, 速度=1.77°/s
                   -> 打提前量(0.35s后)Az=0.64°, El=28.50° | 下发云台指令: Az=90.64°, El=28.50°

[Phase 1: 视觉解析] 收到目标 cx=1955.0, cy=1080.0, mono=320.0m -> 解算绝对角度: Az=0.16°, El=28.50°
[Phase 3: 预测控制] 目标当前估算Az=0.18°, 速度=1.76°/s
                   -> 打提前量(0.35s后)Az=0.79°, El=28.50° | 下发云台指令: Az=90.79°, El=28.50°

[Phase 1: 视觉解析] 收到目标 cx=1981.2, cy=1080.0, mono=320.0m -> 解算绝对角度: Az=0.28°, El=28.50°
[Phase 3: 预测控制] 目标当前估算Az=0.25°, 速度=1.77°/s
                   -> 打提前量(0.35s后)Az=0.87°, El=28.50° | 下发云台指令: Az=90.87°, El=28.50°

[Phase 1: 视觉解析] 收到目标 cx=2007.3, cy=1080.0, mono=320.0m -> 解算绝对角度: Az=0.40°, El=28.50°
[Phase 3: 预测控制] 目标当前估算Az=0.38°, 速度=1.78°/s
                   -> 打提前量(0.35s后)Az=1.00°, El=28.50° | 下发云台指令: Az=91.00°, El=28.50°
[GimbalAtt] cmd_id=20, elapsed=0.222s, actual_ctrl=(Az=90.00°, El=28.60°), actual_ui=(Az=0.00°, El=28.60°), target_ctrl=(Az=90.06°, El=28.50°), err=(dAz=0.06°, dEl=0.10°)
[GimbalSettled] cmd_id=20, track_id=1, settle_time=0.222s, actual_ctrl=(Az=90.00°, El=28.60°), target_ctrl=(Az=90.06°, El=28.50°), err=(dAz=0.06°, dEl=0.10°)
[Laser] No valid laser distance, use mono distance
[GimbalCmd] cmd_id=24, track_id=1, target_ctrl=(Az=91.00°, El=28.50°)

[Phase 1: 视觉解析] 收到目标 cx=2033.5, cy=1080.0, mono=320.0m -> 解算绝对角度: Az=0.52°, El=28.50°
[Phase 3: 预测控制] 目标当前估算Az=0.52°, 速度=1.78°/s
                   -> 打提前量(0.35s后)Az=1.14°, El=28.50° | 下发云台指令: Az=91.14°, El=28.50°

[Phase 1: 视觉解析] 收到目标 cx=2059.6, cy=1080.0, mono=320.0m -> 解算绝对角度: Az=0.64°, El=28.50°
[Phase 3: 预测控制] 目标当前估算Az=0.62°, 速度=1.79°/s
                   -> 打提前量(0.35s后)Az=1.25°, El=28.50° | 下发云台指令: Az=91.25°, El=28.50°
[GimbalAtt] cmd_id=24, elapsed=0.000s, actual_ctrl=(Az=90.70°, El=28.60°), actual_ui=(Az=0.70°, El=28.60°), target_ctrl=(Az=91.00°, El=28.50°), err=(dAz=0.30°, dEl=0.10°)

[Phase 1: 视觉解析] 收到目标 cx=2085.8, cy=1080.0, mono=320.0m -> 解算绝对角度: Az=0.76°, El=28.50°
[Phase 3: 预测控制] 目标当前估算Az=0.77°, 速度=1.78°/s
                   -> 打提前量(0.35s后)Az=1.39°, El=28.50° | 下发云台指令: Az=91.39°, El=28.50°

[Phase 1: 视觉解析] 收到目标 cx=2111.9, cy=1080.0, mono=320.0m -> 解算绝对角度: Az=0.87°, El=28.50°
[Phase 3: 预测控制] 目标当前估算Az=0.86°, 速度=1.79°/s
                   -> 打提前量(0.35s后)Az=1.49°, El=28.50° | 下发云台指令: Az=91.49°, El=28.50°

[Phase 1: 视觉解析] 收到目标 cx=2138.1, cy=1080.0, mono=320.0m -> 解算绝对角度: Az=0.99°, El=28.50°
[Phase 3: 预测控制] 目标当前估算Az=1.04°, 速度=1.76°/s
                   -> 打提前量(0.35s后)Az=1.65°, El=28.50° | 下发云台指令: Az=91.65°, El=28.50°

[Phase 1: 视觉解析] 收到目标 cx=2164.2, cy=1080.0, mono=320.0m -> 解算绝对角度: Az=1.11°, El=28.50°
[Phase 3: 预测控制] 目标当前估算Az=1.09°, 速度=1.78°/s
                   -> 打提前量(0.35s后)Az=1.71°, El=28.50° | 下发云台指令: Az=91.71°, El=28.50°

[Phase 1: 视觉解析] 收到目标 cx=2190.4, cy=1080.0, mono=320.0m -> 解算绝对角度: Az=1.23°, El=28.50°
[Phase 3: 预测控制] 目标当前估算Az=1.22°, 速度=1.78°/s
                   -> 打提前量(0.35s后)Az=1.84°, El=28.50° | 下发云台指令: Az=91.84°, El=28.50°
[GimbalAtt] cmd_id=24, elapsed=0.201s, actual_ctrl=(Az=91.00°, El=28.60°), actual_ui=(Az=1.00°, El=28.60°), target_ctrl=(Az=91.00°, El=28.50°), err=(dAz=0.00°, dEl=0.10°)
[GimbalSettled] cmd_id=24, track_id=1, settle_time=0.201s, actual_ctrl=(Az=91.00°, El=28.60°), target_ctrl=(Az=91.00°, El=28.50°), err=(dAz=0.00°, dEl=0.10°)
[Laser] No valid laser distance, use mono distance
[GimbalCmd] cmd_id=27, track_id=1, target_ctrl=(Az=91.71°, El=28.50°)

[Phase 1: 视觉解析] 收到目标 cx=2216.5, cy=1080.0, mono=320.0m -> 解算绝对角度: Az=1.35°, El=28.50°
[Phase 3: 预测控制] 目标当前估算Az=1.34°, 速度=1.79°/s
                   -> 打提前量(0.35s后)Az=1.96°, El=28.50° | 下发云台指令: Az=91.96°, El=28.50°

[Phase 1: 视觉解析] 收到目标 cx=2242.7, cy=1080.0, mono=320.0m -> 解算绝对角度: Az=1.47°, El=28.50°
[Phase 3: 预测控制] 目标当前估算Az=1.46°, 速度=1.79°/s
                   -> 打提前量(0.35s后)Az=2.09°, El=28.50° | 下发云台指令: Az=92.09°, El=28.50°

[Phase 1: 视觉解析] 收到目标 cx=2268.8, cy=1080.0, mono=320.0m -> 解算绝对角度: Az=1.59°, El=28.50°
[Phase 3: 预测控制] 目标当前估算Az=1.58°, 速度=1.80°/s
                   -> 打提前量(0.35s后)Az=2.21°, El=28.50° | 下发云台指令: Az=92.21°, El=28.50°

[Phase 1: 视觉解析] 收到目标 cx=2294.9, cy=1080.0, mono=320.0m -> 解算绝对角度: Az=1.71°, El=28.50°
[Phase 3: 预测控制] 目标当前估算Az=1.70°, 速度=1.80°/s
                   -> 打提前量(0.35s后)Az=2.33°, El=28.50° | 下发云台指令: Az=92.33°, El=28.50°
[Stats] recv_objs_total=62, recv_unique_boxes=62 | ui_send_total=60, ui_unique_ids=1, ui_id_counts=1:60
[GimbalAtt] cmd_id=27, elapsed=0.000s, actual_ctrl=(Az=91.00°, El=28.60°), actual_ui=(Az=1.00°, El=28.60°), target_ctrl=(Az=91.71°, El=28.50°), err=(dAz=0.71°, dEl=0.10°)
[GimbalCmd] preempt cmd_id=29, track_id=1, mode=axis_update, axes=Az, target_ctrl=(Az=92.21°, El=28.50°), delta=(dAz=0.50°, dEl=0.00°, total=0.50°)

[Phase 1: 视觉解析] 收到目标 cx=2321.1, cy=1080.0, mono=320.0m -> 解算绝对角度: Az=1.83°, El=28.50°
[Phase 3: 预测控制] 目标当前估算Az=1.83°, 速度=1.80°/s
                   -> 打提前量(0.35s后)Az=2.46°, El=28.50° | 下发云台指令: Az=92.46°, El=28.50°

[Phase 1: 视觉解析] 收到目标 cx=2347.2, cy=1080.0, mono=320.0m -> 解算绝对角度: Az=1.95°, El=28.50°
[Phase 3: 预测控制] 目标当前估算Az=1.95°, 速度=1.80°/s
                   -> 打提前量(0.35s后)Az=2.58°, El=28.50° | 下发云台指令: Az=92.58°, El=28.50°

[Phase 1: 视觉解析] 收到目标 cx=2373.4, cy=1080.0, mono=320.0m -> 解算绝对角度: Az=2.07°, El=28.50°
[Phase 3: 预测控制] 目标当前估算Az=2.06°, 速度=1.80°/s
                   -> 打提前量(0.35s后)Az=2.70°, El=28.50° | 下发云台指令: Az=92.70°, El=28.50°

[Phase 1: 视觉解析] 收到目标 cx=2399.5, cy=1080.0, mono=320.0m -> 解算绝对角度: Az=2.19°, El=28.50°
[Phase 3: 预测控制] 目标当前估算Az=2.19°, 速度=1.80°/s
                   -> 打提前量(0.35s后)Az=2.82°, El=28.50° | 下发云台指令: Az=92.82°, El=28.50°
[GimbalAtt] cmd_id=29, elapsed=0.000s, actual_ctrl=(Az=91.60°, El=28.60°), actual_ui=(Az=1.60°, El=28.60°), target_ctrl=(Az=92.21°, El=28.50°), err=(dAz=0.61°, dEl=0.10°)
[GimbalCmd] preempt cmd_id=31, track_id=1, mode=axis_update, axes=Az, target_ctrl=(Az=92.70°, El=28.50°), delta=(dAz=0.48°, dEl=0.00°, total=0.48°)

[Phase 1: 视觉解析] 收到目标 cx=2425.7, cy=1080.0, mono=320.0m -> 解算绝对角度: Az=2.30°, El=28.50°
[Phase 3: 预测控制] 目标当前估算Az=2.30°, 速度=1.80°/s
                   -> 打提前量(0.35s后)Az=2.93°, El=28.50° | 下发云台指令: Az=92.93°, El=28.50°

[Phase 1: 视觉解析] 收到目标 cx=2451.8, cy=1080.0, mono=320.0m -> 解算绝对角度: Az=2.42°, El=28.50°
[Phase 3: 预测控制] 目标当前估算Az=2.43°, 速度=1.80°/s
                   -> 打提前量(0.35s后)Az=3.06°, El=28.50° | 下发云台指令: Az=93.06°, El=28.50°

[Phase 1: 视觉解析] 收到目标 cx=2478.0, cy=1080.0, mono=320.0m -> 解算绝对角度: Az=2.54°, El=28.50°
[Phase 3: 预测控制] 目标当前估算Az=2.55°, 速度=1.80°/s
                   -> 打提前量(0.35s后)Az=3.18°, El=28.50° | 下发云台指令: Az=93.18°, El=28.50°
[GimbalAtt] cmd_id=31, elapsed=0.000s, actual_ctrl=(Az=92.40°, El=28.60°), actual_ui=(Az=2.40°, El=28.60°), target_ctrl=(Az=92.70°, El=28.50°), err=(dAz=0.30°, dEl=0.10°)
[GimbalSettled] cmd_id=31, track_id=1, settle_time=0.000s, actual_ctrl=(Az=92.40°, El=28.60°), target_ctrl=(Az=92.70°, El=28.50°), err=(dAz=0.30°, dEl=0.10°)
[Laser] No valid laser distance, use mono distance
[GimbalCmd] cmd_id=33, track_id=1, target_ctrl=(Az=93.18°, El=28.50°)

[Phase 1: 视觉解析] 收到目标 cx=2504.1, cy=1080.0, mono=320.0m -> 解算绝对角度: Az=2.66°, El=28.50°
[Phase 3: 预测控制] 目标当前估算Az=2.68°, 速度=1.79°/s
                   -> 打提前量(0.35s后)Az=3.30°, El=28.50° | 下发云台指令: Az=93.30°, El=28.50°

[Phase 1: 视觉解析] 收到目标 cx=2530.3, cy=1080.0, mono=320.0m -> 解算绝对角度: Az=2.78°, El=28.50°
[Phase 3: 预测控制] 目标当前估算Az=2.78°, 速度=1.79°/s
                   -> 打提前量(0.35s后)Az=3.41°, El=28.50° | 下发云台指令: Az=93.41°, El=28.50°

[Phase 1: 视觉解析] 收到目标 cx=2556.4, cy=1080.0, mono=320.0m -> 解算绝对角度: Az=2.90°, El=28.50°
[TargetKeep] reason=lock_timer_expired, master_id=1, score=6.34, candidates=id=1, score=6.34, speed=1.79deg/s, dist=0.51deg, hits=72, stab=2.44, hold=1.15x
[Phase 3: 预测控制] 目标当前估算Az=2.90°, 速度=1.79°/s
                   -> 打提前量(0.35s后)Az=3.52°, El=28.50° | 下发云台指令: Az=93.52°, El=28.50°

[Phase 1: 视觉解析] 收到目标 cx=2582.6, cy=1080.0, mono=320.0m -> 解算绝对角度: Az=3.02°, El=28.50°
[Phase 3: 预测控制] 目标当前估算Az=3.02°, 速度=1.79°/s
                   -> 打提前量(0.35s后)Az=3.65°, El=28.50° | 下发云台指令: Az=93.65°, El=28.50°

[Phase 1: 视觉解析] 收到目标 cx=2608.7, cy=1080.0, mono=320.0m -> 解算绝对角度: Az=3.14°, El=28.50°
[Phase 3: 预测控制] 目标当前估算Az=3.14°, 速度=1.79°/s
                   -> 打提前量(0.35s后)Az=3.76°, El=28.50° | 下发云台指令: Az=93.76°, El=28.50°
[GimbalAtt] cmd_id=33, elapsed=0.000s, actual_ctrl=(Az=92.50°, El=28.60°), actual_ui=(Az=2.50°, El=28.60°), target_ctrl=(Az=93.18°, El=28.50°), err=(dAz=0.68°, dEl=0.10°)

[Phase 1: 视觉解析] 收到目标 cx=2634.8, cy=1080.0, mono=320.0m -> 解算绝对角度: Az=3.26°, El=28.50°
[Phase 3: 预测控制] 目标当前估算Az=3.26°, 速度=1.79°/s
                   -> 打提前量(0.35s后)Az=3.89°, El=28.50° | 下发云台指令: Az=93.89°, El=28.50°
[GimbalCmd] preempt cmd_id=36, track_id=1, mode=axis_update, axes=Az, target_ctrl=(Az=93.89°, El=28.50°), delta=(dAz=0.71°, dEl=0.00°, total=0.71°)

[Phase 1: 视觉解析] 收到目标 cx=2661.0, cy=1080.0, mono=320.0m -> 解算绝对角度: Az=3.38°, El=28.50°
[Phase 3: 预测控制] 目标当前估算Az=3.37°, 速度=1.79°/s
                   -> 打提前量(0.35s后)Az=4.00°, El=28.50° | 下发云台指令: Az=94.00°, El=28.50°

[Phase 1: 视觉解析] 收到目标 cx=2687.2, cy=1080.0, mono=320.0m -> 解算绝对角度: Az=3.50°, El=28.50°
[Phase 3: 预测控制] 目标当前估算Az=3.50°, 速度=1.79°/s
                   -> 打提前量(0.35s后)Az=4.12°, El=28.50° | 下发云台指令: Az=94.12°, El=28.50°
[GimbalAtt] cmd_id=36, elapsed=0.000s, actual_ctrl=(Az=93.30°, El=28.60°), actual_ui=(Az=3.30°, El=28.60°), target_ctrl=(Az=93.89°, El=28.50°), err=(dAz=0.59°, dEl=0.10°)
[Phase 1: 视觉解析] 收到目标 cx=2713.3, cy=1080.0, mono=320.0m -> 解算绝对角度: Az=3.62°, El=28.50°

[Phase 3: 预测控制] 目标当前估算Az=3.61°, 速度=1.80°/s
                   -> 打提前量(0.35s后)Az=4.24°, El=28.50° | 下发云台指令: Az=94.24°, El=28.50°

[Phase 1: 视觉解析] 收到目标 cx=2739.4, cy=1080.0, mono=320.0m -> 解算绝对角度: Az=3.73°, El=28.50°
[Phase 3: 预测控制] 目标当前估算Az=3.74°, 速度=1.79°/s
                   -> 打提前量(0.35s后)Az=4.37°, El=28.50° | 下发云台指令: Az=94.37°, El=28.50°

[Phase 1: 视觉解析] 收到目标 cx=2765.6, cy=1080.0, mono=320.0m -> 解算绝对角度: Az=3.85°, El=28.50°
[Phase 3: 预测控制] 目标当前估算Az=3.85°, 速度=1.79°/s
                   -> 打提前量(0.35s后)Az=4.48°, El=28.50° | 下发云台指令: Az=94.48°, El=28.50°

[Phase 1: 视觉解析] 收到目标 cx=2791.7, cy=1080.0, mono=320.0m -> 解算绝对角度: Az=3.97°, El=28.50°
[Phase 3: 预测控制] 目标当前估算Az=3.97°, 速度=1.79°/s
                   -> 打提前量(0.35s后)Az=4.60°, El=28.50° | 下发云台指令: Az=94.60°, El=28.50°

[Phase 1: 视觉解析] 收到目标 cx=2817.9, cy=1080.0, mono=320.0m -> 解算绝对角度: Az=4.09°, El=28.50°
[Phase 3: 预测控制] 目标当前估算Az=4.09°, 速度=1.79°/s
                   -> 打提前量(0.35s后)Az=4.72°, El=28.50° | 下发云台指令: Az=94.72°, El=28.50°
[GimbalAtt] cmd_id=36, elapsed=0.213s, actual_ctrl=(Az=93.70°, El=28.60°), actual_ui=(Az=3.70°, El=28.60°), target_ctrl=(Az=93.89°, El=28.50°), err=(dAz=0.19°, dEl=0.10°)
[GimbalSettled] cmd_id=36, track_id=1, settle_time=0.213s, actual_ctrl=(Az=93.70°, El=28.60°), target_ctrl=(Az=93.89°, El=28.50°), err=(dAz=0.19°, dEl=0.10°)
[Laser] No valid laser distance, use mono distance
[GimbalCmd] cmd_id=39, track_id=1, target_ctrl=(Az=94.60°, El=28.50°)

[Phase 1: 视觉解析] 收到目标 cx=2844.0, cy=1080.0, mono=320.0m -> 解算绝对角度: Az=4.21°, El=28.50°
[Phase 3: 预测控制] 目标当前估算Az=4.21°, 速度=1.80°/s
                   -> 打提前量(0.35s后)Az=4.84°, El=28.50° | 下发云台指令: Az=94.84°, El=28.50°

[Phase 1: 视觉解析] 收到目标 cx=2870.2, cy=1080.0, mono=320.0m -> 解算绝对角度: Az=4.33°, El=28.50°
[Phase 3: 预测控制] 目标当前估算Az=4.33°, 速度=1.80°/s
                   -> 打提前量(0.35s后)Az=4.96°, El=28.50° | 下发云台指令: Az=94.96°, El=28.50°
[GimbalAtt] cmd_id=39, elapsed=0.000s, actual_ctrl=(Az=94.50°, El=28.60°), actual_ui=(Az=4.50°, El=28.60°), target_ctrl=(Az=94.60°, El=28.50°), err=(dAz=0.10°, dEl=0.10°)
[GimbalSettled] cmd_id=39, track_id=1, settle_time=0.000s, actual_ctrl=(Az=94.50°, El=28.60°), target_ctrl=(Az=94.60°, El=28.50°), err=(dAz=0.10°, dEl=0.10°)
[Laser] No valid laser distance, use mono distance
[GimbalCmd] cmd_id=40, track_id=1, target_ctrl=(Az=94.84°, El=28.50°)

[Phase 1: 视觉解析] 收到目标 cx=2896.3, cy=1080.0, mono=320.0m -> 解算绝对角度: Az=4.45°, El=28.50°
[Phase 3: 预测控制] 目标当前估算Az=4.45°, 速度=1.79°/s
                   -> 打提前量(0.35s后)Az=5.08°, El=28.50° | 下发云台指令: Az=95.08°, El=28.50°

[Phase 1: 视觉解析] 收到目标 cx=2922.5, cy=1080.0, mono=320.0m -> 解算绝对角度: Az=4.57°, El=28.50°
[Phase 3: 预测控制] 目标当前估算Az=4.57°, 速度=1.79°/s
                   -> 打提前量(0.35s后)Az=5.20°, El=28.50° | 下发云台指令: Az=95.20°, El=28.50°

[Phase 1: 视觉解析] 收到目标 cx=2948.6, cy=1080.0, mono=320.0m -> 解算绝对角度: Az=4.69°, El=28.50°
[Phase 3: 预测控制] 目标当前估算Az=4.69°, 速度=1.79°/s
                   -> 打提前量(0.35s后)Az=5.32°, El=28.50° | 下发云台指令: Az=95.32°, El=28.50°

[Phase 1: 视觉解析] 收到目标 cx=2974.8, cy=1080.0, mono=320.0m -> 解算绝对角度: Az=4.81°, El=28.50°
[Phase 3: 预测控制] 目标当前估算Az=4.81°, 速度=1.79°/s
                   -> 打提前量(0.35s后)Az=5.44°, El=28.50° | 下发云台指令: Az=95.44°, El=28.50°

[Phase 1: 视觉解析] 收到目标 cx=3000.9, cy=1080.0, mono=320.0m -> 解算绝对角度: Az=4.93°, El=28.50°
[Phase 3: 预测控制] 目标当前估算Az=4.93°, 速度=1.79°/s
                   -> 打提前量(0.35s后)Az=5.56°, El=28.50° | 下发云台指令: Az=95.56°, El=28.50°

[Phase 1: 视觉解析] 收到目标 cx=3027.1, cy=1080.0, mono=320.0m -> 解算绝对角度: Az=5.05°, El=28.50°
[Phase 3: 预测控制] 目标当前估算Az=5.05°, 速度=1.79°/s
                   -> 打提前量(0.35s后)Az=5.67°, El=28.50° | 下发云台指令: Az=95.67°, El=28.50°
[GimbalAtt] cmd_id=40, elapsed=0.000s, actual_ctrl=(Az=94.60°, El=28.60°), actual_ui=(Az=4.60°, El=28.60°), target_ctrl=(Az=94.84°, El=28.50°), err=(dAz=0.24°, dEl=0.10°)
[GimbalSettled] cmd_id=40, track_id=1, settle_time=0.000s, actual_ctrl=(Az=94.60°, El=28.60°), target_ctrl=(Az=94.84°, El=28.50°), err=(dAz=0.24°, dEl=0.10°)
[Laser] No valid laser distance, use mono distance
[GimbalCmd] cmd_id=43, track_id=1, target_ctrl=(Az=95.56°, El=28.50°)

[Phase 1: 视觉解析] 收到目标 cx=3053.2, cy=1080.0, mono=320.0m -> 解算绝对角度: Az=5.16°, El=28.50°
[Phase 3: 预测控制] 目标当前估算Az=5.16°, 速度=1.79°/s
                   -> 打提前量(0.35s后)Az=5.79°, El=28.50° | 下发云台指令: Az=95.79°, El=28.50°

[Phase 1: 视觉解析] 收到目标 cx=3079.3, cy=1080.0, mono=320.0m -> 解算绝对角度: Az=5.28°, El=28.50°
[Phase 3: 预测控制] 目标当前估算Az=5.28°, 速度=1.79°/s
                   -> 打提前量(0.35s后)Az=5.91°, El=28.50° | 下发云台指令: Az=95.91°, El=28.50°
[Stats] recv_objs_total=92, recv_unique_boxes=92 | ui_send_total=90, ui_unique_ids=1, ui_id_counts=1:90

[Phase 1: 视觉解析] 收到目标 cx=3105.5, cy=1080.0, mono=320.0m -> 解算绝对角度: Az=5.40°, El=28.50°
[Phase 3: 预测控制] 目标当前估算Az=5.40°, 速度=1.79°/s
                   -> 打提前量(0.35s后)Az=6.03°, El=28.50° | 下发云台指令: Az=96.03°, El=28.50°
[GimbalAtt] cmd_id=43, elapsed=0.000s, actual_ctrl=(Az=95.30°, El=28.60°), actual_ui=(Az=5.30°, El=28.60°), target_ctrl=(Az=95.56°, El=28.50°), err=(dAz=0.26°, dEl=0.10°)
[GimbalSettled] cmd_id=43, track_id=1, settle_time=0.000s, actual_ctrl=(Az=95.30°, El=28.60°), target_ctrl=(Az=95.56°, El=28.50°), err=(dAz=0.26°, dEl=0.10°)
[Laser] No valid laser distance, use mono distance
[GimbalCmd] cmd_id=45, track_id=1, target_ctrl=(Az=96.03°, El=28.50°)

[Phase 1: 视觉解析] 收到目标 cx=3131.6, cy=1080.0, mono=320.0m -> 解算绝对角度: Az=5.52°, El=28.50°
[Phase 3: 预测控制] 目标当前估算Az=5.53°, 速度=1.79°/s
                   -> 打提前量(0.35s后)Az=6.15°, El=28.50° | 下发云台指令: Az=96.15°, El=28.50°

[Phase 1: 视觉解析] 收到目标 cx=3157.8, cy=1080.0, mono=320.0m -> 解算绝对角度: Az=5.64°, El=28.50°
[TargetKeep] reason=lock_timer_expired, master_id=1, score=6.50, candidates=id=1, score=6.50, speed=1.79deg/s, dist=0.35deg, hits=95, stab=2.44, hold=1.15x
[Phase 3: 预测控制] 目标当前估算Az=5.64°, 速度=1.79°/s
                   -> 打提前量(0.35s后)Az=6.27°, El=28.50° | 下发云台指令: Az=96.27°, El=28.50°

[Phase 1: 视觉解析] 收到目标 cx=3183.9, cy=1080.0, mono=320.0m -> 解算绝对角度: Az=5.76°, El=28.50°
[Phase 3: 预测控制] 目标当前估算Az=5.76°, 速度=1.79°/s
                   -> 打提前量(0.35s后)Az=6.38°, El=28.50° | 下发云台指令: Az=96.38°, El=28.50°

[Phase 1: 视觉解析] 收到目标 cx=3210.1, cy=1080.0, mono=320.0m -> 解算绝对角度: Az=5.88°, El=28.50°
[Phase 3: 预测控制] 目标当前估算Az=5.88°, 速度=1.79°/s
                   -> 打提前量(0.35s后)Az=6.51°, El=28.50° | 下发云台指令: Az=96.51°, El=28.50°

[Phase 1: 视觉解析] 收到目标 cx=3236.2, cy=1080.0, mono=320.0m -> 解算绝对角度: Az=6.00°, El=28.50°
[Phase 3: 预测控制] 目标当前估算Az=6.00°, 速度=1.79°/s
                   -> 打提前量(0.35s后)Az=6.62°, El=28.50° | 下发云台指令: Az=96.62°, El=28.50°
[GimbalAtt] cmd_id=45, elapsed=0.000s, actual_ctrl=(Az=95.50°, El=28.60°), actual_ui=(Az=5.50°, El=28.60°), target_ctrl=(Az=96.03°, El=28.50°), err=(dAz=0.53°, dEl=0.10°)
[GimbalCmd] preempt cmd_id=47, track_id=1, mode=axis_update, axes=Az, target_ctrl=(Az=96.51°, El=28.50°), delta=(dAz=0.48°, dEl=0.00°, total=0.48°)

[Phase 1: 视觉解析] 收到目标 cx=3262.4, cy=1080.0, mono=320.0m -> 解算绝对角度: Az=6.12°, El=28.50°
[Phase 3: 预测控制] 目标当前估算Az=6.12°, 速度=1.79°/s
                   -> 打提前量(0.35s后)Az=6.75°, El=28.50° | 下发云台指令: Az=96.75°, El=28.50°

[Phase 1: 视觉解析] 收到目标 cx=3288.5, cy=1080.0, mono=320.0m -> 解算绝对角度: Az=6.24°, El=28.50°
[Phase 3: 预测控制] 目标当前估算Az=6.23°, 速度=1.79°/s
                   -> 打提前量(0.35s后)Az=6.86°, El=28.50° | 下发云台指令: Az=96.86°, El=28.50°

[Phase 1: 视觉解析] 收到目标 cx=3314.7, cy=1080.0, mono=320.0m -> 解算绝对角度: Az=6.36°, El=28.50°
[Phase 3: 预测控制] 目标当前估算Az=6.36°, 速度=1.79°/s
                   -> 打提前量(0.35s后)Az=6.98°, El=28.50° | 下发云台指令: Az=96.98°, El=28.50°
[GimbalAtt] cmd_id=47, elapsed=0.000s, actual_ctrl=(Az=96.20°, El=28.60°), actual_ui=(Az=6.20°, El=28.60°), target_ctrl=(Az=96.51°, El=28.50°), err=(dAz=0.31°, dEl=0.10°)
[GimbalCmd] preempt cmd_id=49, track_id=1, mode=axis_update, axes=Az, target_ctrl=(Az=96.98°, El=28.50°), delta=(dAz=0.48°, dEl=0.00°, total=0.48°)

[Phase 1: 视觉解析] 收到目标 cx=3340.8, cy=1080.0, mono=320.0m -> 解算绝对角度: Az=6.48°, El=28.50°
[Phase 3: 预测控制] 目标当前估算Az=6.48°, 速度=1.79°/s
                   -> 打提前量(0.35s后)Az=7.11°, El=28.50° | 下发云台指令: Az=97.11°, El=28.50°

[Phase 1: 视觉解析] 收到目标 cx=3367.0, cy=1080.0, mono=320.0m -> 解算绝对角度: Az=6.59°, El=28.50°
[Phase 3: 预测控制] 目标当前估算Az=6.59°, 速度=1.79°/s
                   -> 打提前量(0.35s后)Az=7.22°, El=28.50° | 下发云台指令: Az=97.22°, El=28.50°

[Phase 1: 视觉解析] 收到目标 cx=3393.1, cy=1080.0, mono=320.0m -> 解算绝对角度: Az=6.71°, El=28.50°
[Phase 3: 预测控制] 目标当前估算Az=6.72°, 速度=1.78°/s
                   -> 打提前量(0.35s后)Az=7.34°, El=28.50° | 下发云台指令: Az=97.34°, El=28.50°

[Phase 1: 视觉解析] 收到目标 cx=3419.2, cy=1080.0, mono=320.0m -> 解算绝对角度: Az=6.83°, El=28.50°
[Phase 3: 预测控制] 目标当前估算Az=6.83°, 速度=1.78°/s
                   -> 打提前量(0.35s后)Az=7.46°, El=28.50° | 下发云台指令: Az=97.46°, El=28.50°
[GimbalAtt] cmd_id=49, elapsed=0.000s, actual_ctrl=(Az=96.40°, El=28.60°), actual_ui=(Az=6.40°, El=28.60°), target_ctrl=(Az=96.98°, El=28.50°), err=(dAz=0.58°, dEl=0.10°)

[Phase 1: 视觉解析] 收到目标 cx=3445.4, cy=1080.0, mono=320.0m -> 解算绝对角度: Az=6.95°, El=28.50°
[Phase 3: 预测控制] 目标当前估算Az=6.95°, 速度=1.78°/s
[GimbalCmd] preempt cmd_id=51, track_id=1, mode=axis_update, axes=Az, target_ctrl=(Az=97.46°, El=28.50°), delta=(dAz=0.47°, dEl=0.00°, total=0.47°)
                   -> 打提前量(0.35s后)Az=7.58°, El=28.50° | 下发云台指令: Az=97.58°, El=28.50°

[Phase 1: 视觉解析] 收到目标 cx=3471.6, cy=1080.0, mono=320.0m -> 解算绝对角度: Az=7.07°, El=28.50°
[Phase 3: 预测控制] 目标当前估算Az=7.07°, 速度=1.78°/s
                   -> 打提前量(0.35s后)Az=7.69°, El=28.50° | 下发云台指令: Az=97.69°, El=28.50°

[Phase 1: 视觉解析] 收到目标 cx=3497.7, cy=1080.0, mono=320.0m -> 解算绝对角度: Az=7.19°, El=28.50°
[Phase 3: 预测控制] 目标当前估算Az=7.19°, 速度=1.78°/s
                   -> 打提前量(0.35s后)Az=7.82°, El=28.50° | 下发云台指令: Az=97.82°, El=28.50°
[GimbalAtt] cmd_id=51, elapsed=0.000s, actual_ctrl=(Az=97.20°, El=28.60°), actual_ui=(Az=7.20°, El=28.60°), target_ctrl=(Az=97.46°, El=28.50°), err=(dAz=0.26°, dEl=0.10°)
[GimbalSettled] cmd_id=51, track_id=1, settle_time=0.000s, actual_ctrl=(Az=97.20°, El=28.60°), target_ctrl=(Az=97.46°, El=28.50°), err=(dAz=0.26°, dEl=0.10°)
[Laser] No valid laser distance, use mono distance
[GimbalCmd] cmd_id=52, track_id=1, target_ctrl=(Az=97.69°, El=28.50°)

[Phase 1: 视觉解析] 收到目标 cx=3523.8, cy=1080.0, mono=320.0m -> 解算绝对角度: Az=7.31°, El=28.50°
[Phase 3: 预测控制] 目标当前估算Az=7.31°, 速度=1.78°/s
                   -> 打提前量(0.35s后)Az=7.93°, El=28.50° | 下发云台指令: Az=97.93°, El=28.50°

[Phase 1: 视觉解析] 收到目标 cx=3550.0, cy=1080.0, mono=320.0m -> 解算绝对角度: Az=7.43°, El=28.50°
[Phase 3: 预测控制] 目标当前估算Az=7.42°, 速度=1.78°/s
                   -> 打提前量(0.35s后)Az=8.05°, El=28.50° | 下发云台指令: Az=98.05°, El=28.50°

[Phase 1: 视觉解析] 收到目标 cx=3576.1, cy=1080.0, mono=320.0m -> 解算绝对角度: Az=7.55°, El=28.50°
[Phase 3: 预测控制] 目标当前估算Az=7.55°, 速度=1.78°/s
                   -> 打提前量(0.35s后)Az=8.17°, El=28.50° | 下发云台指令: Az=98.17°, El=28.50°

[Phase 1: 视觉解析] 收到目标 cx=3602.3, cy=1080.0, mono=320.0m -> 解算绝对角度: Az=7.67°, El=28.50°
[Phase 3: 预测控制] 目标当前估算Az=7.66°, 速度=1.79°/s
                   -> 打提前量(0.35s后)Az=8.29°, El=28.50° | 下发云台指令: Az=98.29°, El=28.50°
[GimbalAtt] cmd_id=52, elapsed=0.000s, actual_ctrl=(Az=97.40°, El=28.60°), actual_ui=(Az=7.40°, El=28.60°), target_ctrl=(Az=97.69°, El=28.50°), err=(dAz=0.29°, dEl=0.10°)
[GimbalSettled] cmd_id=52, track_id=1, settle_time=0.000s, actual_ctrl=(Az=97.40°, El=28.60°), target_ctrl=(Az=97.69°, El=28.50°), err=(dAz=0.29°, dEl=0.10°)
[Laser] No valid laser distance, use mono distance
[GimbalCmd] cmd_id=54, track_id=1, target_ctrl=(Az=98.17°, El=28.50°)
[GimbalAtt] cmd_id=54, elapsed=0.000s, actual_ctrl=(Az=97.40°, El=28.60°), actual_ui=(Az=7.40°, El=28.60°), target_ctrl=(Az=98.17°, El=28.50°), err=(dAz=0.77°, dEl=0.10°)
[GimbalAtt] cmd_id=54, elapsed=0.282s, actual_ctrl=(Az=98.10°, El=28.60°), actual_ui=(Az=8.10°, El=28.60°), target_ctrl=(Az=98.17°, El=28.50°), err=(dAz=0.07°, dEl=0.10°)
[GimbalSettled] cmd_id=54, track_id=1, settle_time=0.282s, actual_ctrl=(Az=98.10°, El=28.60°), target_ctrl=(Az=98.17°, El=28.50°), err=(dAz=0.07°, dEl=0.10°)
[Laser] No valid laser distance, use mono distance
