[Log] stdout/stderr -> logs/main_tracking_v9_20260422_151417.log
[Init] Connecting to Gimbal at /dev/ttyUSB0...
[GT06Z] Driver Ready on /dev/ttyUSB0.
[Adapter] GT06Z 云台已连接: /dev/ttyUSB0
[Init] Real laser enabled on /dev/ttyUSB1
[Init] Queue gimbal initial posture: Az=90.00°, El=0.00°
[GimbalThread] 控制线程已启动
[LaserThread] 激光读取线程已启动=== System V9.0 (Predictive Tracking & Scheduling) Running ===

[Net] Listening RK3588 on 8888...[Laser] start_measurement mode=continuous

[GimbalCmd] cmd_id=0, track_id=-1, target_ctrl=(Az=90.00°, El=0.00°)
[GimbalAtt] cmd_id=0, elapsed=0.042s, actual_ctrl=(Az=97.30°, El=28.50°), actual_ui=(Az=7.30°, El=28.50°), target_ctrl=(Az=90.00°, El=0.00°), err=(dAz=7.30°, dEl=28.50°)
[GimbalAtt] cmd_id=0, elapsed=0.304s, actual_ctrl=(Az=93.50°, El=27.50°), actual_ui=(Az=3.50°, El=27.50°), target_ctrl=(Az=90.00°, El=0.00°), err=(dAz=3.50°, dEl=27.50°)
[GimbalAtt] cmd_id=0, elapsed=0.566s, actual_ctrl=(Az=93.50°, El=25.40°), actual_ui=(Az=3.50°, El=25.40°), target_ctrl=(Az=90.00°, El=0.00°), err=(dAz=3.50°, dEl=25.40°)
[GimbalAtt] cmd_id=0, elapsed=0.901s, actual_ctrl=(Az=90.00°, El=21.40°), actual_ui=(Az=0.00°, El=21.40°), target_ctrl=(Az=90.00°, El=0.00°), err=(dAz=0.00°, dEl=21.40°)
[GimbalAtt] cmd_id=0, elapsed=1.163s, actual_ctrl=(Az=90.00°, El=17.40°), actual_ui=(Az=0.00°, El=17.40°), target_ctrl=(Az=90.00°, El=0.00°), err=(dAz=0.00°, dEl=17.40°)
[GimbalAtt] cmd_id=0, elapsed=1.424s, actual_ctrl=(Az=90.00°, El=13.40°), actual_ui=(Az=0.00°, El=13.40°), target_ctrl=(Az=90.00°, El=0.00°), err=(dAz=0.00°, dEl=13.40°)
[GimbalAtt] cmd_id=0, elapsed=1.686s, actual_ctrl=(Az=90.00°, El=9.40°), actual_ui=(Az=0.00°, El=9.40°), target_ctrl=(Az=90.00°, El=0.00°), err=(dAz=0.00°, dEl=9.40°)
[GimbalAtt] cmd_id=0, elapsed=1.948s, actual_ctrl=(Az=90.00°, El=5.40°), actual_ui=(Az=0.00°, El=5.40°), target_ctrl=(Az=90.00°, El=0.00°), err=(dAz=0.00°, dEl=5.40°)
[GimbalAtt] cmd_id=0, elapsed=2.210s, actual_ctrl=(Az=90.00°, El=1.90°), actual_ui=(Az=0.00°, El=1.90°), target_ctrl=(Az=90.00°, El=0.00°), err=(dAz=0.00°, dEl=1.90°)
[GimbalAtt] cmd_id=0, elapsed=2.444s, actual_ctrl=(Az=90.00°, El=1.90°), actual_ui=(Az=0.00°, El=1.90°), target_ctrl=(Az=90.00°, El=0.00°), err=(dAz=0.00°, dEl=1.90°)
[GimbalAtt] cmd_id=0, elapsed=2.726s, actual_ctrl=(Az=90.00°, El=-0.00°), actual_ui=(Az=0.00°, El=-0.00°), target_ctrl=(Az=90.00°, El=0.00°), err=(dAz=0.00°, dEl=0.00°)
[GimbalSettled] cmd_id=0, track_id=-1, settle_time=2.726s, actual_ctrl=(Az=90.00°, El=-0.00°), target_ctrl=(Az=90.00°, El=0.00°), err=(dAz=0.00°, dEl=0.00°)
[Laser] No valid laser distance, use mono distance

[Phase 1: 视觉解析] 收到目标 cx=700.0, cy=1080.0, mono=320.0m -> 解算绝对角度: Az=354.44°, El=28.50°
[Stats] recv_objs_total=1, recv_unique_boxes=1 | ui_send_total=0, ui_unique_ids=0, ui_id_counts=none

[Phase 1: 视觉解析] 收到目标 cx=726.1, cy=1080.0, mono=320.0m -> 解算绝对角度: Az=354.56°, El=28.50°

[Phase 1: 视觉解析] 收到目标 cx=752.3, cy=1080.0, mono=320.0m -> 解算绝对角度: Az=354.68°, El=28.50°
[TargetAcquire] reason=initial_acquire, master_id=1, score=-27.62, candidates=id=1, score=-27.62, speed=0.14deg/s, dist=29.01deg, hits=3, stab=1.11
[Phase 3: 预测控制] 目标当前估算Az=354.57°, 速度=0.14°/s
                   -> 打提前量(0.3s后)Az=354.62°, El=28.50° | 下发云台指令: Az=84.62°, El=28.50°

[Phase 1: 视觉解析] 收到目标 cx=778.4, cy=1080.0, mono=320.0m -> 解算绝对角度: Az=354.80°, El=28.50°
[Phase 3: 预测控制] 目标当前估算Az=354.66°, 速度=0.30°/s
                   -> 打提前量(0.3s后)Az=354.75°, El=28.50° | 下发云台指令: Az=84.75°, El=28.50°

[Phase 1: 视觉解析] 收到目标 cx=804.6, cy=1080.0, mono=320.0m -> 解算绝对角度: Az=354.92°, El=28.50°
[Phase 3: 预测控制] 目标当前估算Az=354.77°, 速度=0.51°/s
                   -> 打提前量(0.3s后)Az=354.92°, El=28.50° | 下发云台指令: Az=84.92°, El=28.50°

[Phase 1: 视觉解析] 收到目标 cx=830.7, cy=1080.0, mono=320.0m -> 解算绝对角度: Az=355.04°, El=28.50°
[Phase 3: 预测控制] 目标当前估算Az=354.88°, 速度=0.72°/s
                   -> 打提前量(0.3s后)Az=355.10°, El=28.50° | 下发云台指令: Az=85.10°, El=28.50°
[GimbalCmd] cmd_id=2, track_id=1, target_ctrl=(Az=84.92°, El=28.50°)

[Phase 1: 视觉解析] 收到目标 cx=856.9, cy=1080.0, mono=320.0m -> 解算绝对角度: Az=355.16°, El=28.50°
[Phase 3: 预测控制] 目标当前估算Az=355.01°, 速度=0.91°/s
                   -> 打提前量(0.3s后)Az=355.28°, El=28.50° | 下发云台指令: Az=85.28°, El=28.50°

[Phase 1: 视觉解析] 收到目标 cx=883.0, cy=1080.0, mono=320.0m -> 解算绝对角度: Az=355.27°, El=28.50°
[Phase 3: 预测控制] 目标当前估算Az=355.16°, 速度=1.06°/s
                   -> 打提前量(0.3s后)Az=355.48°, El=28.50° | 下发云台指令: Az=85.48°, El=28.50°

[Phase 1: 视觉解析] 收到目标 cx=909.2, cy=1080.0, mono=320.0m -> 解算绝对角度: Az=355.39°, El=28.50°
[Phase 3: 预测控制] 目标当前估算Az=355.27°, 速度=1.20°/s
                   -> 打提前量(0.3s后)Az=355.63°, El=28.50° | 下发云台指令: Az=85.63°, El=28.50°
[GimbalAtt] cmd_id=2, elapsed=0.041s, actual_ctrl=(Az=89.30°, El=0.10°), actual_ui=(Az=359.30°, El=0.10°), target_ctrl=(Az=84.92°, El=28.50°), err=(dAz=4.38°, dEl=28.40°)

[Phase 1: 视觉解析] 收到目标 cx=935.3, cy=1080.0, mono=320.0m -> 解算绝对角度: Az=355.51°, El=28.50°
[Phase 3: 预测控制] 目标当前估算Az=355.41°, 速度=1.30°/s
                   -> 打提前量(0.3s后)Az=355.80°, El=28.50° | 下发云台指令: Az=85.80°, El=28.50°
[GimbalCmd] preempt cmd_id=5, track_id=1, mode=axis_update, axes=Az, target_ctrl=(Az=85.80°, El=28.50°), delta=(dAz=0.88°, dEl=0.00°, total=0.88°)

[Phase 1: 视觉解析] 收到目标 cx=961.5, cy=1080.0, mono=320.0m -> 解算绝对角度: Az=355.63°, El=28.50°
[Phase 3: 预测控制] 目标当前估算Az=355.53°, 速度=1.39°/s
                   -> 打提前量(0.3s后)Az=355.95°, El=28.50° | 下发云台指令: Az=85.95°, El=28.50°

[Phase 1: 视觉解析] 收到目标 cx=987.6, cy=1080.0, mono=320.0m -> 解算绝对角度: Az=355.75°, El=28.50°
[Phase 3: 预测控制] 目标当前估算Az=355.68°, 速度=1.45°/s
                   -> 打提前量(0.3s后)Az=356.11°, El=28.50° | 下发云台指令: Az=86.11°, El=28.50°
[GimbalAtt] cmd_id=5, elapsed=0.000s, actual_ctrl=(Az=85.80°, El=1.20°), actual_ui=(Az=355.80°, El=1.20°), target_ctrl=(Az=85.80°, El=28.50°), err=(dAz=0.00°, dEl=27.30°)
[GimbalCmd] preempt cmd_id=6, track_id=1, mode=axis_update, axes=Az, target_ctrl=(Az=86.11°, El=28.50°), delta=(dAz=0.31°, dEl=0.00°, total=0.31°)

[Phase 1: 视觉解析] 收到目标 cx=1013.8, cy=1080.0, mono=320.0m -> 解算绝对角度: Az=355.87°, El=28.50°
[Phase 3: 预测控制] 目标当前估算Az=355.84°, 速度=1.48°/s
                   -> 打提前量(0.3s后)Az=356.28°, El=28.50° | 下发云台指令: Az=86.28°, El=28.50°

[Phase 1: 视觉解析] 收到目标 cx=1039.9, cy=1080.0, mono=320.0m -> 解算绝对角度: Az=355.99°, El=28.50°
[Phase 3: 预测控制] 目标当前估算Az=355.91°, 速度=1.53°/s
                   -> 打提前量(0.3s后)Az=356.37°, El=28.50° | 下发云台指令: Az=86.37°, El=28.50°

[Phase 1: 视觉解析] 收到目标 cx=1066.0, cy=1080.0, mono=320.0m -> 解算绝对角度: Az=356.11°, El=28.50°
[Phase 3: 预测控制] 目标当前估算Az=356.06°, 速度=1.56°/s
                   -> 打提前量(0.3s后)Az=356.53°, El=28.50° | 下发云台指令: Az=86.53°, El=28.50°

[Phase 1: 视觉解析] 收到目标 cx=1092.2, cy=1080.0, mono=320.0m -> 解算绝对角度: Az=356.23°, El=28.50°
[Phase 3: 预测控制] 目标当前估算Az=356.16°, 速度=1.60°/s
                   -> 打提前量(0.3s后)Az=356.64°, El=28.50° | 下发云台指令: Az=86.64°, El=28.50°

[Phase 1: 视觉解析] 收到目标 cx=1118.3, cy=1080.0, mono=320.0m -> 解算绝对角度: Az=356.35°, El=28.50°
[Phase 3: 预测控制] 目标当前估算Az=356.29°, 速度=1.64°/s
                   -> 打提前量(0.3s后)Az=356.78°, El=28.50° | 下发云台指令: Az=86.78°, El=28.50°
[GimbalAtt] cmd_id=6, elapsed=0.000s, actual_ctrl=(Az=85.60°, El=1.20°), actual_ui=(Az=355.60°, El=1.20°), target_ctrl=(Az=86.11°, El=28.50°), err=(dAz=0.51°, dEl=27.30°)
[GimbalCmd] preempt cmd_id=8, track_id=1, mode=axis_update, axes=Az, target_ctrl=(Az=86.64°, El=28.50°), delta=(dAz=0.53°, dEl=0.00°, total=0.53°)

[Phase 1: 视觉解析] 收到目标 cx=1144.5, cy=1080.0, mono=320.0m -> 解算绝对角度: Az=356.47°, El=28.50°
[Phase 3: 预测控制] 目标当前估算Az=356.42°, 速度=1.66°/s
                   -> 打提前量(0.3s后)Az=356.92°, El=28.50° | 下发云台指令: Az=86.92°, El=28.50°

[Phase 1: 视觉解析] 收到目标 cx=1170.6, cy=1080.0, mono=320.0m -> 解算绝对角度: Az=356.58°, El=28.50°
[Phase 3: 预测控制] 目标当前估算Az=356.54°, 速度=1.69°/s
                   -> 打提前量(0.3s后)Az=357.05°, El=28.50° | 下发云台指令: Az=87.05°, El=28.50°

[Phase 1: 视觉解析] 收到目标 cx=1196.8, cy=1080.0, mono=320.0m -> 解算绝对角度: Az=356.70°, El=28.50°
[Phase 3: 预测控制] 目标当前估算Az=356.68°, 速度=1.70°/s
                   -> 打提前量(0.3s后)Az=357.19°, El=28.50° | 下发云台指令: Az=87.19°, El=28.50°
[GimbalAtt] cmd_id=8, elapsed=0.000s, actual_ctrl=(Az=86.40°, El=5.80°), actual_ui=(Az=356.40°, El=5.80°), target_ctrl=(Az=86.64°, El=28.50°), err=(dAz=0.24°, dEl=22.70°)
[GimbalCmd] preempt cmd_id=10, track_id=1, mode=axis_update, axes=Az, target_ctrl=(Az=87.19°, El=28.50°), delta=(dAz=0.55°, dEl=0.00°, total=0.55°)

[Phase 1: 视觉解析] 收到目标 cx=1222.9, cy=1080.0, mono=320.0m -> 解算绝对角度: Az=356.82°, El=28.50°
[Phase 3: 预测控制] 目标当前估算Az=356.79°, 速度=1.72°/s
                   -> 打提前量(0.3s后)Az=357.30°, El=28.50° | 下发云台指令: Az=87.30°, El=28.50°

[Phase 1: 视觉解析] 收到目标 cx=1249.1, cy=1080.0, mono=320.0m -> 解算绝对角度: Az=356.94°, El=28.50°
[Phase 3: 预测控制] 目标当前估算Az=356.92°, 速度=1.73°/s
                   -> 打提前量(0.3s后)Az=357.44°, El=28.50° | 下发云台指令: Az=87.44°, El=28.50°

[Phase 1: 视觉解析] 收到目标 cx=1275.2, cy=1080.0, mono=320.0m -> 解算绝对角度: Az=357.06°, El=28.50°
[Phase 3: 预测控制] 目标当前估算Az=357.06°, 速度=1.73°/s
                   -> 打提前量(0.3s后)Az=357.58°, El=28.50° | 下发云台指令: Az=87.58°, El=28.50°

[Phase 1: 视觉解析] 收到目标 cx=1301.4, cy=1080.0, mono=320.0m -> 解算绝对角度: Az=357.18°, El=28.50°
[Phase 3: 预测控制] 目标当前估算Az=357.16°, 速度=1.74°/s
                   -> 打提前量(0.3s后)Az=357.68°, El=28.50° | 下发云台指令: Az=87.68°, El=28.50°
[GimbalAtt] cmd_id=10, elapsed=0.000s, actual_ctrl=(Az=86.50°, El=5.80°), actual_ui=(Az=356.50°, El=5.80°), target_ctrl=(Az=87.19°, El=28.50°), err=(dAz=0.69°, dEl=22.70°)
[GimbalCmd] preempt cmd_id=12, track_id=1, mode=axis_update, axes=Az, target_ctrl=(Az=87.68°, El=28.50°), delta=(dAz=0.49°, dEl=0.00°, total=0.49°)

[Phase 1: 视觉解析] 收到目标 cx=1327.5, cy=1080.0, mono=320.0m -> 解算绝对角度: Az=357.30°, El=28.50°
[Phase 3: 预测控制] 目标当前估算Az=357.28°, 速度=1.75°/s
                   -> 打提前量(0.3s后)Az=357.81°, El=28.50° | 下发云台指令: Az=87.81°, El=28.50°

[Phase 1: 视觉解析] 收到目标 cx=1353.7, cy=1080.0, mono=320.0m -> 解算绝对角度: Az=357.42°, El=28.50°
[TargetKeep] reason=lock_timer_expired, master_id=1, score=-19.28, candidates=id=1, score=-19.28, speed=1.76deg/s, dist=22.72deg, hits=26, stab=2.44, hold=1.15x
[Phase 3: 预测控制] 目标当前估算Az=357.41°, 速度=1.76°/s
                   -> 打提前量(0.3s后)Az=357.94°, El=28.50° | 下发云台指令: Az=87.94°, El=28.50°

[Phase 1: 视觉解析] 收到目标 cx=1379.8, cy=1080.0, mono=320.0m -> 解算绝对角度: Az=357.54°, El=28.50°
[Phase 3: 预测控制] 目标当前估算Az=357.53°, 速度=1.77°/s
                   -> 打提前量(0.3s后)Az=358.06°, El=28.50° | 下发云台指令: Az=88.06°, El=28.50°
[GimbalAtt] cmd_id=12, elapsed=0.000s, actual_ctrl=(Az=87.20°, El=13.00°), actual_ui=(Az=357.20°, El=13.00°), target_ctrl=(Az=87.68°, El=28.50°), err=(dAz=0.48°, dEl=15.50°)

[Phase 1: 视觉解析] 收到目标 cx=1406.0, cy=1080.0, mono=320.0m -> 解算绝对角度: Az=357.66°, El=28.50°
[Phase 3: 预测控制] 目标当前估算Az=357.71°, 速度=1.73°/s
                   -> 打提前量(0.3s后)Az=358.23°, El=28.50° | 下发云台指令: Az=88.23°, El=28.50°

[Phase 1: 视觉解析] 收到目标 cx=1432.1, cy=1080.0, mono=320.0m -> 解算绝对角度: Az=357.78°, El=28.50°
[Phase 3: 预测控制] 目标当前估算Az=357.75°, 速度=1.75°/s
                   -> 打提前量(0.3s后)Az=358.27°, El=28.50° | 下发云台指令: Az=88.27°, El=28.50°

[Phase 1: 视觉解析] 收到目标 cx=1458.2, cy=1080.0, mono=320.0m -> 解算绝对角度: Az=357.90°, El=28.50°
[Phase 3: 预测控制] 目标当前估算Az=357.88°, 速度=1.76°/s
                   -> 打提前量(0.3s后)Az=358.40°, El=28.50° | 下发云台指令: Az=88.40°, El=28.50°

[Phase 1: 视觉解析] 收到目标 cx=1484.4, cy=1080.0, mono=320.0m -> 解算绝对角度: Az=358.01°, El=28.50°
[Phase 3: 预测控制] 目标当前估算Az=358.00°, 速度=1.77°/s
                   -> 打提前量(0.3s后)Az=358.53°, El=28.50° | 下发云台指令: Az=88.53°, El=28.50°
[Stats] recv_objs_total=31, recv_unique_boxes=31 | ui_send_total=29, ui_unique_ids=1, ui_id_counts=1:29
[GimbalAtt] cmd_id=12, elapsed=0.202s, actual_ctrl=(Az=87.50°, El=13.00°), actual_ui=(Az=357.50°, El=13.00°), target_ctrl=(Az=87.68°, El=28.50°), err=(dAz=0.18°, dEl=15.50°)
[GimbalCmd] preempt cmd_id=15, track_id=1, mode=axis_update, axes=Az, target_ctrl=(Az=88.53°, El=28.50°), delta=(dAz=0.85°, dEl=0.00°, total=0.85°)
[Phase 1: 视觉解析] 收到目标 cx=1510.5, cy=1080.0, mono=320.0m -> 解算绝对角度: Az=358.13°, El=28.50°

[Phase 3: 预测控制] 目标当前估算Az=358.12°, 速度=1.77°/s
                   -> 打提前量(0.3s后)Az=358.65°, El=28.50° | 下发云台指令: Az=88.65°, El=28.50°

[Phase 1: 视觉解析] 收到目标 cx=1536.7, cy=1080.0, mono=320.0m -> 解算绝对角度: Az=358.25°, El=28.50°
[Phase 3: 预测控制] 目标当前估算Az=358.25°, 速度=1.77°/s
                   -> 打提前量(0.3s后)Az=358.79°, El=28.50° | 下发云台指令: Az=88.79°, El=28.50°

[Phase 1: 视觉解析] 收到目标 cx=1562.8, cy=1080.0, mono=320.0m -> 解算绝对角度: Az=358.37°, El=28.50°
[Phase 3: 预测控制] 目标当前估算Az=358.36°, 速度=1.78°/s
                   -> 打提前量(0.3s后)Az=358.89°, El=28.50° | 下发云台指令: Az=88.89°, El=28.50°
[GimbalAtt] cmd_id=15, elapsed=0.000s, actual_ctrl=(Az=88.30°, El=20.40°), actual_ui=(Az=358.30°, El=20.40°), target_ctrl=(Az=88.53°, El=28.50°), err=(dAz=0.23°, dEl=8.10°)

[Phase 1: 视觉解析] 收到目标 cx=1589.0, cy=1080.0, mono=320.0m -> 解算绝对角度: Az=358.49°, El=28.50°
[Phase 3: 预测控制] 目标当前估算Az=358.48°, 速度=1.79°/s
                   -> 打提前量(0.3s后)Az=359.01°, El=28.50° | 下发云台指令: Az=89.01°, El=28.50°
[GimbalCmd] preempt cmd_id=17, track_id=1, mode=axis_update, axes=Az, target_ctrl=(Az=89.01°, El=28.50°), delta=(dAz=0.49°, dEl=0.00°, total=0.49°)

[Phase 1: 视觉解析] 收到目标 cx=1615.1, cy=1080.0, mono=320.0m -> 解算绝对角度: Az=358.61°, El=28.50°
[Phase 3: 预测控制] 目标当前估算Az=358.60°, 速度=1.79°/s
                   -> 打提前量(0.3s后)Az=359.14°, El=28.50° | 下发云台指令: Az=89.14°, El=28.50°

[Phase 1: 视觉解析] 收到目标 cx=1641.3, cy=1080.0, mono=320.0m -> 解算绝对角度: Az=358.73°, El=28.50°
[Phase 3: 预测控制] 目标当前估算Az=358.73°, 速度=1.79°/s
                   -> 打提前量(0.3s后)Az=359.27°, El=28.50° | 下发云台指令: Az=89.27°, El=28.50°

[Phase 1: 视觉解析] 收到目标 cx=1667.4, cy=1080.0, mono=320.0m -> 解算绝对角度: Az=358.85°, El=28.50°
[Phase 3: 预测控制] 目标当前估算Az=358.84°, 速度=1.80°/s
                   -> 打提前量(0.3s后)Az=359.38°, El=28.50° | 下发云台指令: Az=89.38°, El=28.50°
[GimbalAtt] cmd_id=17, elapsed=0.000s, actual_ctrl=(Az=88.50°, El=20.40°), actual_ui=(Az=358.50°, El=20.40°), target_ctrl=(Az=89.01°, El=28.50°), err=(dAz=0.51°, dEl=8.10°)

[Phase 1: 视觉解析] 收到目标 cx=1693.6, cy=1080.0, mono=320.0m -> 解算绝对角度: Az=358.97°, El=28.50°
[Phase 3: 预测控制] 目标当前估算Az=359.01°, 速度=1.77°/s
                   -> 打提前量(0.3s后)Az=359.54°, El=28.50° | 下发云台指令: Az=89.54°, El=28.50°

[Phase 1: 视觉解析] 收到目标 cx=1719.7, cy=1080.0, mono=320.0m -> 解算绝对角度: Az=359.09°, El=28.50°
[Phase 3: 预测控制] 目标当前估算Az=359.08°, 速度=1.78°/s
                   -> 打提前量(0.3s后)Az=359.61°, El=28.50° | 下发云台指令: Az=89.61°, El=28.50°

[Phase 1: 视觉解析] 收到目标 cx=1745.9, cy=1080.0, mono=320.0m -> 解算绝对角度: Az=359.21°, El=28.50°
[Phase 3: 预测控制] 目标当前估算Az=359.20°, 速度=1.78°/s
                   -> 打提前量(0.3s后)Az=359.74°, El=28.50° | 下发云台指令: Az=89.74°, El=28.50°

[Phase 1: 视觉解析] 收到目标 cx=1772.0, cy=1080.0, mono=320.0m -> 解算绝对角度: Az=359.33°, El=28.50°
[Phase 3: 预测控制] 目标当前估算Az=359.32°, 速度=1.78°/s
                   -> 打提前量(0.3s后)Az=359.85°, El=28.50° | 下发云台指令: Az=89.85°, El=28.50°
[GimbalAtt] cmd_id=17, elapsed=0.282s, actual_ctrl=(Az=88.50°, El=27.00°), actual_ui=(Az=358.50°, El=27.00°), target_ctrl=(Az=89.01°, El=28.50°), err=(dAz=0.51°, dEl=1.50°)
[GimbalCmd] preempt cmd_id=20, track_id=1, mode=axis_update, axes=Az, target_ctrl=(Az=89.85°, El=28.50°), delta=(dAz=0.84°, dEl=0.00°, total=0.84°)

[Phase 1: 视觉解析] 收到目标 cx=1798.2, cy=1080.0, mono=320.0m -> 解算绝对角度: Az=359.44°, El=28.50°
[Phase 3: 预测控制] 目标当前估算Az=359.46°, 速度=1.78°/s
                   -> 打提前量(0.3s后)Az=359.99°, El=28.50° | 下发云台指令: Az=89.99°, El=28.50°

[Phase 1: 视觉解析] 收到目标 cx=1824.3, cy=1080.0, mono=320.0m -> 解算绝对角度: Az=359.56°, El=28.50°
[Phase 3: 预测控制] 目标当前估算Az=359.56°, 速度=1.78°/s
                   -> 打提前量(0.3s后)Az=0.09°, El=28.50° | 下发云台指令: Az=90.09°, El=28.50°

[Phase 1: 视觉解析] 收到目标 cx=1850.5, cy=1080.0, mono=320.0m -> 解算绝对角度: Az=359.68°, El=28.50°
[Phase 3: 预测控制] 目标当前估算Az=359.68°, 速度=1.78°/s
                   -> 打提前量(0.3s后)Az=0.21°, El=28.50° | 下发云台指令: Az=90.21°, El=28.50°

[Phase 1: 视觉解析] 收到目标 cx=1876.6, cy=1080.0, mono=320.0m -> 解算绝对角度: Az=359.80°, El=28.50°
[Phase 3: 预测控制] 目标当前估算Az=359.80°, 速度=1.79°/s
                   -> 打提前量(0.3s后)Az=0.33°, El=28.50° | 下发云台指令: Az=90.33°, El=28.50°
[GimbalAtt] cmd_id=20, elapsed=0.000s, actual_ctrl=(Az=88.50°, El=27.00°), actual_ui=(Az=358.50°, El=27.00°), target_ctrl=(Az=89.85°, El=28.50°), err=(dAz=1.35°, dEl=1.50°)
[GimbalCmd] preempt cmd_id=22, track_id=1, mode=axis_update, axes=Az, target_ctrl=(Az=90.33°, El=28.50°), delta=(dAz=0.48°, dEl=0.00°, total=0.48°)

[Phase 1: 视觉解析] 收到目标 cx=1902.8, cy=1080.0, mono=320.0m -> 解算绝对角度: Az=359.92°, El=28.50°
[Phase 3: 预测控制] 目标当前估算Az=359.91°, 速度=1.79°/s
                   -> 打提前量(0.3s后)Az=0.45°, El=28.50° | 下发云台指令: Az=90.45°, El=28.50°

[Phase 1: 视觉解析] 收到目标 cx=1928.9, cy=1080.0, mono=320.0m -> 解算绝对角度: Az=0.04°, El=28.50°
[Phase 3: 预测控制] 目标当前估算Az=0.04°, 速度=1.79°/s
                   -> 打提前量(0.3s后)Az=0.57°, El=28.50° | 下发云台指令: Az=90.57°, El=28.50°

[Phase 1: 视觉解析] 收到目标 cx=1955.0, cy=1080.0, mono=320.0m -> 解算绝对角度: Az=0.16°, El=28.50°
[TargetKeep] reason=lock_timer_expired, master_id=1, score=4.36, candidates=id=1, score=4.36, speed=1.79deg/s, dist=2.23deg, hits=49, stab=2.44, hold=1.15x
[Phase 3: 预测控制] 目标当前估算Az=0.15°, 速度=1.79°/s
                   -> 打提前量(0.3s后)Az=0.69°, El=28.50° | 下发云台指令: Az=90.69°, El=28.50°
[GimbalAtt] cmd_id=22, elapsed=0.000s, actual_ctrl=(Az=89.20°, El=28.60°), actual_ui=(Az=359.20°, El=28.60°), target_ctrl=(Az=90.33°, El=28.50°), err=(dAz=1.13°, dEl=0.10°)

[Phase 1: 视觉解析] 收到目标 cx=1981.2, cy=1080.0, mono=320.0m -> 解算绝对角度: Az=0.28°, El=28.50°
[Phase 3: 预测控制] 目标当前估算Az=0.30°, 速度=1.78°/s
                   -> 打提前量(0.3s后)Az=0.83°, El=28.50° | 下发云台指令: Az=90.83°, El=28.50°
[GimbalCmd] preempt cmd_id=24, track_id=1, mode=axis_update, axes=Az, target_ctrl=(Az=90.83°, El=28.50°), delta=(dAz=0.50°, dEl=0.00°, total=0.50°)

[Phase 1: 视觉解析] 收到目标 cx=2007.3, cy=1080.0, mono=320.0m -> 解算绝对角度: Az=0.40°, El=28.50°
[Phase 3: 预测控制] 目标当前估算Az=0.41°, 速度=1.77°/s
                   -> 打提前量(0.3s后)Az=0.95°, El=28.50° | 下发云台指令: Az=90.95°, El=28.50°

[Phase 1: 视觉解析] 收到目标 cx=2033.5, cy=1080.0, mono=320.0m -> 解算绝对角度: Az=0.52°, El=28.50°
[Phase 3: 预测控制] 目标当前估算Az=0.52°, 速度=1.77°/s
                   -> 打提前量(0.3s后)Az=1.05°, El=28.50° | 下发云台指令: Az=91.05°, El=28.50°

[Phase 1: 视觉解析] 收到目标 cx=2059.6, cy=1080.0, mono=320.0m -> 解算绝对角度: Az=0.64°, El=28.50°
[Phase 3: 预测控制] 目标当前估算Az=0.63°, 速度=1.78°/s
                   -> 打提前量(0.3s后)Az=1.16°, El=28.50° | 下发云台指令: Az=91.16°, El=28.50°

[Phase 1: 视觉解析] 收到目标 cx=2085.8, cy=1080.0, mono=320.0m -> 解算绝对角度: Az=0.76°, El=28.50°
[Phase 3: 预测控制] 目标当前估算Az=0.74°, 速度=1.78°/s
                   -> 打提前量(0.3s后)Az=1.28°, El=28.50° | 下发云台指令: Az=91.28°, El=28.50°
[GimbalAtt] cmd_id=24, elapsed=0.000s, actual_ctrl=(Az=90.30°, El=28.60°), actual_ui=(Az=0.30°, El=28.60°), target_ctrl=(Az=90.83°, El=28.50°), err=(dAz=0.53°, dEl=0.10°)
[GimbalCmd] preempt cmd_id=26, track_id=1, mode=axis_update, axes=Az, target_ctrl=(Az=91.28°, El=28.50°), delta=(dAz=0.45°, dEl=0.00°, total=0.45°)

[Phase 1: 视觉解析] 收到目标 cx=2111.9, cy=1080.0, mono=320.0m -> 解算绝对角度: Az=0.87°, El=28.50°
[Phase 3: 预测控制] 目标当前估算Az=0.86°, 速度=1.79°/s
                   -> 打提前量(0.3s后)Az=1.40°, El=28.50° | 下发云台指令: Az=91.40°, El=28.50°

[Phase 1: 视觉解析] 收到目标 cx=2138.1, cy=1080.0, mono=320.0m -> 解算绝对角度: Az=0.99°, El=28.50°
[Phase 3: 预测控制] 目标当前估算Az=1.02°, 速度=1.78°/s
                   -> 打提前量(0.3s后)Az=1.55°, El=28.50° | 下发云台指令: Az=91.55°, El=28.50°

[Phase 1: 视觉解析] 收到目标 cx=2164.2, cy=1080.0, mono=320.0m -> 解算绝对角度: Az=1.11°, El=28.50°
[Phase 3: 预测控制] 目标当前估算Az=1.10°, 速度=1.78°/s
                   -> 打提前量(0.3s后)Az=1.64°, El=28.50° | 下发云台指令: Az=91.64°, El=28.50°
[GimbalAtt] cmd_id=26, elapsed=0.000s, actual_ctrl=(Az=91.00°, El=28.60°), actual_ui=(Az=1.00°, El=28.60°), target_ctrl=(Az=91.28°, El=28.50°), err=(dAz=0.28°, dEl=0.10°)
[GimbalSettled] cmd_id=26, track_id=1, settle_time=0.000s, actual_ctrl=(Az=91.00°, El=28.60°), target_ctrl=(Az=91.28°, El=28.50°), err=(dAz=0.28°, dEl=0.10°)
[Laser] No valid laser distance, use mono distance
[GimbalCmd] cmd_id=27, track_id=1, target_ctrl=(Az=91.55°, El=28.50°)

[Phase 1: 视觉解析] 收到目标 cx=2190.4, cy=1080.0, mono=320.0m -> 解算绝对角度: Az=1.23°, El=28.50°
[Phase 3: 预测控制] 目标当前估算Az=1.22°, 速度=1.79°/s
                   -> 打提前量(0.3s后)Az=1.76°, El=28.50° | 下发云台指令: Az=91.76°, El=28.50°

[Phase 1: 视觉解析] 收到目标 cx=2216.5, cy=1080.0, mono=320.0m -> 解算绝对角度: Az=1.35°, El=28.50°
[Phase 3: 预测控制] 目标当前估算Az=1.35°, 速度=1.79°/s
                   -> 打提前量(0.3s后)Az=1.88°, El=28.50° | 下发云台指令: Az=91.88°, El=28.50°

[Phase 1: 视觉解析] 收到目标 cx=2242.7, cy=1080.0, mono=320.0m -> 解算绝对角度: Az=1.47°, El=28.50°
[Phase 3: 预测控制] 目标当前估算Az=1.47°, 速度=1.79°/s
                   -> 打提前量(0.3s后)Az=2.01°, El=28.50° | 下发云台指令: Az=92.01°, El=28.50°

[Phase 1: 视觉解析] 收到目标 cx=2268.8, cy=1080.0, mono=320.0m -> 解算绝对角度: Az=1.59°, El=28.50°
[Phase 3: 预测控制] 目标当前估算Az=1.59°, 速度=1.79°/s
                   -> 打提前量(0.3s后)Az=2.12°, El=28.50° | 下发云台指令: Az=92.12°, El=28.50°
[Stats] recv_objs_total=61, recv_unique_boxes=61 | ui_send_total=59, ui_unique_ids=1, ui_id_counts=1:59

[Phase 1: 视觉解析] 收到目标 cx=2294.9, cy=1080.0, mono=320.0m -> 解算绝对角度: Az=1.71°, El=28.50°
[Phase 3: 预测控制] 目标当前估算Az=1.72°, 速度=1.79°/s
                   -> 打提前量(0.3s后)Az=2.25°, El=28.50° | 下发云台指令: Az=92.25°, El=28.50°
[GimbalAtt] cmd_id=27, elapsed=0.000s, actual_ctrl=(Az=91.10°, El=28.60°), actual_ui=(Az=1.10°, El=28.60°), target_ctrl=(Az=91.55°, El=28.50°), err=(dAz=0.45°, dEl=0.10°)

[Phase 1: 视觉解析] 收到目标 cx=2321.1, cy=1080.0, mono=320.0m -> 解算绝对角度: Az=1.83°, El=28.50°
[Phase 3: 预测控制] 目标当前估算Az=1.84°, 速度=1.78°/s
                   -> 打提前量(0.3s后)Az=2.37°, El=28.50° | 下发云台指令: Az=92.37°, El=28.50°
[GimbalCmd] preempt cmd_id=30, track_id=1, mode=axis_update, axes=Az, target_ctrl=(Az=92.25°, El=28.50°), delta=(dAz=0.70°, dEl=0.00°, total=0.70°)

[Phase 1: 视觉解析] 收到目标 cx=2347.2, cy=1080.0, mono=320.0m -> 解算绝对角度: Az=1.95°, El=28.50°
[Phase 3: 预测控制] 目标当前估算Az=1.96°, 速度=1.78°/s
                   -> 打提前量(0.3s后)Az=2.49°, El=28.50° | 下发云台指令: Az=92.49°, El=28.50°

[Phase 1: 视觉解析] 收到目标 cx=2373.4, cy=1080.0, mono=320.0m -> 解算绝对角度: Az=2.07°, El=28.50°
[Phase 3: 预测控制] 目标当前估算Az=2.06°, 速度=1.79°/s
                   -> 打提前量(0.3s后)Az=2.59°, El=28.50° | 下发云台指令: Az=92.59°, El=28.50°
[GimbalAtt] cmd_id=30, elapsed=0.000s, actual_ctrl=(Az=91.90°, El=28.60°), actual_ui=(Az=1.90°, El=28.60°), target_ctrl=(Az=92.25°, El=28.50°), err=(dAz=0.35°, dEl=0.10°)

[Phase 1: 视觉解析] 收到目标 cx=2399.5, cy=1080.0, mono=320.0m -> 解算绝对角度: Az=2.19°, El=28.50°
[Phase 3: 预测控制] 目标当前估算Az=2.19°, 速度=1.79°/s
                   -> 打提前量(0.3s后)Az=2.72°, El=28.50° | 下发云台指令: Az=92.72°, El=28.50°
[GimbalCmd] preempt cmd_id=32, track_id=1, mode=axis_update, axes=Az, target_ctrl=(Az=92.72°, El=28.50°), delta=(dAz=0.47°, dEl=0.00°, total=0.47°)

[Phase 1: 视觉解析] 收到目标 cx=2425.7, cy=1080.0, mono=320.0m -> 解算绝对角度: Az=2.30°, El=28.50°
[Phase 3: 预测控制] 目标当前估算Az=2.30°, 速度=1.79°/s
                   -> 打提前量(0.3s后)Az=2.83°, El=28.50° | 下发云台指令: Az=92.83°, El=28.50°

[Phase 1: 视觉解析] 收到目标 cx=2451.8, cy=1080.0, mono=320.0m -> 解算绝对角度: Az=2.42°, El=28.50°
[Phase 3: 预测控制] 目标当前估算Az=2.41°, 速度=1.79°/s
                   -> 打提前量(0.3s后)Az=2.95°, El=28.50° | 下发云台指令: Az=92.95°, El=28.50°

[Phase 1: 视觉解析] 收到目标 cx=2478.0, cy=1080.0, mono=320.0m -> 解算绝对角度: Az=2.54°, El=28.50°
[Phase 3: 预测控制] 目标当前估算Az=2.54°, 速度=1.80°/s
                   -> 打提前量(0.3s后)Az=3.08°, El=28.50° | 下发云台指令: Az=93.08°, El=28.50°

[Phase 1: 视觉解析] 收到目标 cx=2504.1, cy=1080.0, mono=320.0m -> 解算绝对角度: Az=2.66°, El=28.50°
[Phase 3: 预测控制] 目标当前估算Az=2.66°, 速度=1.80°/s
                   -> 打提前量(0.3s后)Az=3.20°, El=28.50° | 下发云台指令: Az=93.20°, El=28.50°
[GimbalAtt] cmd_id=32, elapsed=0.000s, actual_ctrl=(Az=92.20°, El=28.60°), actual_ui=(Az=2.20°, El=28.60°), target_ctrl=(Az=92.72°, El=28.50°), err=(dAz=0.52°, dEl=0.10°)
[GimbalCmd] preempt cmd_id=34, track_id=1, mode=axis_update, axes=Az, target_ctrl=(Az=93.20°, El=28.50°), delta=(dAz=0.47°, dEl=0.00°, total=0.47°)

[Phase 1: 视觉解析] 收到目标 cx=2530.3, cy=1080.0, mono=320.0m -> 解算绝对角度: Az=2.78°, El=28.50°
[Phase 3: 预测控制] 目标当前估算Az=2.78°, 速度=1.80°/s
                   -> 打提前量(0.3s后)Az=3.32°, El=28.50° | 下发云台指令: Az=93.32°, El=28.50°

[Phase 1: 视觉解析] 收到目标 cx=2556.4, cy=1080.0, mono=320.0m -> 解算绝对角度: Az=2.90°, El=28.50°
[TargetKeep] reason=lock_timer_expired, master_id=1, score=6.12, candidates=id=1, score=6.12, speed=1.80deg/s, dist=0.71deg, hits=72, stab=2.44, hold=1.15x
[Phase 3: 预测控制] 目标当前估算Az=2.90°, 速度=1.80°/s
                   -> 打提前量(0.3s后)Az=3.44°, El=28.50° | 下发云台指令: Az=93.44°, El=28.50°

[Phase 1: 视觉解析] 收到目标 cx=2582.6, cy=1080.0, mono=320.0m -> 解算绝对角度: Az=3.02°, El=28.50°
[Phase 3: 预测控制] 目标当前估算Az=3.03°, 速度=1.79°/s
                   -> 打提前量(0.3s后)Az=3.56°, El=28.50° | 下发云台指令: Az=93.56°, El=28.50°
[GimbalAtt] cmd_id=34, elapsed=0.000s, actual_ctrl=(Az=92.90°, El=28.60°), actual_ui=(Az=2.90°, El=28.60°), target_ctrl=(Az=93.20°, El=28.50°), err=(dAz=0.30°, dEl=0.10°)
[GimbalSettled] cmd_id=34, track_id=1, settle_time=0.000s, actual_ctrl=(Az=92.90°, El=28.60°), target_ctrl=(Az=93.20°, El=28.50°), err=(dAz=0.30°, dEl=0.10°)
[Laser] No valid laser distance, use mono distance
[GimbalCmd] cmd_id=35, track_id=1, target_ctrl=(Az=93.44°, El=28.50°)

[Phase 1: 视觉解析] 收到目标 cx=2608.7, cy=1080.0, mono=320.0m -> 解算绝对角度: Az=3.14°, El=28.50°
[Phase 3: 预测控制] 目标当前估算Az=3.14°, 速度=1.79°/s
                   -> 打提前量(0.3s后)Az=3.68°, El=28.50° | 下发云台指令: Az=93.68°, El=28.50°

[Phase 1: 视觉解析] 收到目标 cx=2634.8, cy=1080.0, mono=320.0m -> 解算绝对角度: Az=3.26°, El=28.50°
[Phase 3: 预测控制] 目标当前估算Az=3.25°, 速度=1.80°/s
                   -> 打提前量(0.3s后)Az=3.79°, El=28.50° | 下发云台指令: Az=93.79°, El=28.50°

[Phase 1: 视觉解析] 收到目标 cx=2661.0, cy=1080.0, mono=320.0m -> 解算绝对角度: Az=3.38°, El=28.50°
[Phase 3: 预测控制] 目标当前估算Az=3.38°, 速度=1.80°/s
                   -> 打提前量(0.3s后)Az=3.92°, El=28.50° | 下发云台指令: Az=93.92°, El=28.50°

[Phase 1: 视觉解析] 收到目标 cx=2687.2, cy=1080.0, mono=320.0m -> 解算绝对角度: Az=3.50°, El=28.50°
[Phase 3: 预测控制] 目标当前估算Az=3.49°, 速度=1.80°/s
                   -> 打提前量(0.3s后)Az=4.03°, El=28.50° | 下发云台指令: Az=94.03°, El=28.50°

[Phase 1: 视觉解析] 收到目标 cx=2713.3, cy=1080.0, mono=320.0m -> 解算绝对角度: Az=3.62°, El=28.50°
[Phase 3: 预测控制] 目标当前估算Az=3.62°, 速度=1.80°/s
                   -> 打提前量(0.3s后)Az=4.16°, El=28.50° | 下发云台指令: Az=94.16°, El=28.50°
[GimbalAtt] cmd_id=35, elapsed=0.000s, actual_ctrl=(Az=93.00°, El=28.60°), actual_ui=(Az=3.00°, El=28.60°), target_ctrl=(Az=93.44°, El=28.50°), err=(dAz=0.44°, dEl=0.10°)
[GimbalCmd] preempt cmd_id=38, track_id=1, mode=axis_update, axes=Az, target_ctrl=(Az=94.16°, El=28.50°), delta=(dAz=0.71°, dEl=0.00°, total=0.71°)

[Phase 1: 视觉解析] 收到目标 cx=2739.4, cy=1080.0, mono=320.0m -> 解算绝对角度: Az=3.73°, El=28.50°
[Phase 3: 预测控制] 目标当前估算Az=3.74°, 速度=1.79°/s
                   -> 打提前量(0.3s后)Az=4.28°, El=28.50° | 下发云台指令: Az=94.28°, El=28.50°

[Phase 1: 视觉解析] 收到目标 cx=2765.6, cy=1080.0, mono=320.0m -> 解算绝对角度: Az=3.85°, El=28.50°
[Phase 3: 预测控制] 目标当前估算Az=3.85°, 速度=1.79°/s
                   -> 打提前量(0.3s后)Az=4.39°, El=28.50° | 下发云台指令: Az=94.39°, El=28.50°

[Phase 1: 视觉解析] 收到目标 cx=2791.7, cy=1080.0, mono=320.0m -> 解算绝对角度: Az=3.97°, El=28.50°
[Phase 3: 预测控制] 目标当前估算Az=3.98°, 速度=1.79°/s
                   -> 打提前量(0.3s后)Az=4.51°, El=28.50° | 下发云台指令: Az=94.51°, El=28.50°
[GimbalAtt] cmd_id=38, elapsed=0.000s, actual_ctrl=(Az=93.80°, El=28.60°), actual_ui=(Az=3.80°, El=28.60°), target_ctrl=(Az=94.16°, El=28.50°), err=(dAz=0.36°, dEl=0.10°)

[Phase 1: 视觉解析] 收到目标 cx=2817.9, cy=1080.0, mono=320.0m -> 解算绝对角度: Az=4.09°, El=28.50°
[Phase 3: 预测控制] 目标当前估算Az=4.10°, 速度=1.79°/s
                   -> 打提前量(0.3s后)Az=4.64°, El=28.50° | 下发云台指令: Az=94.64°, El=28.50°

[Phase 1: 视觉解析] 收到目标 cx=2844.0, cy=1080.0, mono=320.0m -> 解算绝对角度: Az=4.21°, El=28.50°
[Phase 3: 预测控制] 目标当前估算Az=4.22°, 速度=1.78°/s
                   -> 打提前量(0.3s后)Az=4.75°, El=28.50° | 下发云台指令: Az=94.75°, El=28.50°

[Phase 1: 视觉解析] 收到目标 cx=2870.2, cy=1080.0, mono=320.0m -> 解算绝对角度: Az=4.33°, El=28.50°
[Phase 3: 预测控制] 目标当前估算Az=4.33°, 速度=1.78°/s
                   -> 打提前量(0.3s后)Az=4.86°, El=28.50° | 下发云台指令: Az=94.86°, El=28.50°

[Phase 1: 视觉解析] 收到目标 cx=2896.3, cy=1080.0, mono=320.0m -> 解算绝对角度: Az=4.45°, El=28.50°
[Phase 3: 预测控制] 目标当前估算Az=4.45°, 速度=1.79°/s
                   -> 打提前量(0.3s后)Az=4.98°, El=28.50° | 下发云台指令: Az=94.98°, El=28.50°
[GimbalAtt] cmd_id=38, elapsed=0.201s, actual_ctrl=(Az=94.10°, El=28.60°), actual_ui=(Az=4.10°, El=28.60°), target_ctrl=(Az=94.16°, El=28.50°), err=(dAz=0.06°, dEl=0.10°)
[GimbalSettled] cmd_id=38, track_id=1, settle_time=0.201s, actual_ctrl=(Az=94.10°, El=28.60°), target_ctrl=(Az=94.16°, El=28.50°), err=(dAz=0.06°, dEl=0.10°)
[Laser] No valid laser distance, use mono distance
[GimbalCmd] cmd_id=41, track_id=1, target_ctrl=(Az=94.86°, El=28.50°)

[Phase 1: 视觉解析] 收到目标 cx=2922.5, cy=1080.0, mono=320.0m -> 解算绝对角度: Az=4.57°, El=28.50°
[Phase 3: 预测控制] 目标当前估算Az=4.58°, 速度=1.78°/s
                   -> 打提前量(0.3s后)Az=5.11°, El=28.50° | 下发云台指令: Az=95.11°, El=28.50°

[Phase 1: 视觉解析] 收到目标 cx=2948.6, cy=1080.0, mono=320.0m -> 解算绝对角度: Az=4.69°, El=28.50°
[Phase 3: 预测控制] 目标当前估算Az=4.71°, 速度=1.77°/s
                   -> 打提前量(0.3s后)Az=5.24°, El=28.50° | 下发云台指令: Az=95.24°, El=28.50°

[Phase 1: 视觉解析] 收到目标 cx=2974.8, cy=1080.0, mono=320.0m -> 解算绝对角度: Az=4.81°, El=28.50°
[Phase 3: 预测控制] 目标当前估算Az=4.80°, 速度=1.77°/s
                   -> 打提前量(0.3s后)Az=5.33°, El=28.50° | 下发云台指令: Az=95.33°, El=28.50°

[Phase 1: 视觉解析] 收到目标 cx=3000.9, cy=1080.0, mono=320.0m -> 解算绝对角度: Az=4.93°, El=28.50°
[Phase 3: 预测控制] 目标当前估算Az=4.94°, 速度=1.77°/s
                   -> 打提前量(0.3s后)Az=5.47°, El=28.50° | 下发云台指令: Az=95.47°, El=28.50°
[GimbalAtt] cmd_id=41, elapsed=0.000s, actual_ctrl=(Az=94.10°, El=28.60°), actual_ui=(Az=4.10°, El=28.60°), target_ctrl=(Az=94.86°, El=28.50°), err=(dAz=0.76°, dEl=0.10°)

[Phase 1: 视觉解析] 收到目标 cx=3027.1, cy=1080.0, mono=320.0m -> 解算绝对角度: Az=5.05°, El=28.50°
[Phase 3: 预测控制] 目标当前估算Az=5.03°, 速度=1.77°/s
                   -> 打提前量(0.3s后)Az=5.56°, El=28.50° | 下发云台指令: Az=95.56°, El=28.50°
[GimbalCmd] preempt cmd_id=44, track_id=1, mode=axis_update, axes=Az, target_ctrl=(Az=95.56°, El=28.50°), delta=(dAz=0.70°, dEl=0.00°, total=0.70°)

[Phase 1: 视觉解析] 收到目标 cx=3053.2, cy=1080.0, mono=320.0m -> 解算绝对角度: Az=5.16°, El=28.50°
[Phase 3: 预测控制] 目标当前估算Az=5.15°, 速度=1.78°/s
                   -> 打提前量(0.3s后)Az=5.68°, El=28.50° | 下发云台指令: Az=95.68°, El=28.50°

[Phase 1: 视觉解析] 收到目标 cx=3079.3, cy=1080.0, mono=320.0m -> 解算绝对角度: Az=5.28°, El=28.50°
[Phase 3: 预测控制] 目标当前估算Az=5.27°, 速度=1.79°/s
                   -> 打提前量(0.3s后)Az=5.81°, El=28.50° | 下发云台指令: Az=95.81°, El=28.50°
[Stats] recv_objs_total=92, recv_unique_boxes=92 | ui_send_total=90, ui_unique_ids=1, ui_id_counts=1:90

[Phase 1: 视觉解析] 收到目标 cx=3105.5, cy=1080.0, mono=320.0m -> 解算绝对角度: Az=5.40°, El=28.50°
[Phase 3: 预测控制] 目标当前估算Az=5.40°, 速度=1.79°/s
                   -> 打提前量(0.3s后)Az=5.93°, El=28.50° | 下发云台指令: Az=95.93°, El=28.50°
[GimbalAtt] cmd_id=44, elapsed=0.000s, actual_ctrl=(Az=94.70°, El=28.60°), actual_ui=(Az=4.70°, El=28.60°), target_ctrl=(Az=95.56°, El=28.50°), err=(dAz=0.86°, dEl=0.10°)

[Phase 1: 视觉解析] 收到目标 cx=3131.6, cy=1080.0, mono=320.0m -> 解算绝对角度: Az=5.52°, El=28.50°
[Phase 3: 预测控制] 目标当前估算Az=5.55°, 速度=1.77°/s
                   -> 打提前量(0.3s后)Az=6.08°, El=28.50° | 下发云台指令: Az=96.08°, El=28.50°

[Phase 1: 视觉解析] 收到目标 cx=3157.8, cy=1080.0, mono=320.0m -> 解算绝对角度: Az=5.64°, El=28.50°
[TargetKeep] reason=lock_timer_expired, master_id=1, score=5.82, candidates=id=1, score=5.82, speed=1.78deg/s, dist=0.93deg, hits=95, stab=2.44, hold=1.15x
[Phase 3: 预测控制] 目标当前估算Az=5.63°, 速度=1.78°/s
                   -> 打提前量(0.3s后)Az=6.16°, El=28.50° | 下发云台指令: Az=96.16°, El=28.50°

[Phase 1: 视觉解析] 收到目标 cx=3183.9, cy=1080.0, mono=320.0m -> 解算绝对角度: Az=5.76°, El=28.50°
[Phase 3: 预测控制] 目标当前估算Az=5.75°, 速度=1.78°/s
                   -> 打提前量(0.3s后)Az=6.29°, El=28.50° | 下发云台指令: Az=96.29°, El=28.50°

[Phase 1: 视觉解析] 收到目标 cx=3210.1, cy=1080.0, mono=320.0m -> 解算绝对角度: Az=5.88°, El=28.50°
[Phase 3: 预测控制] 目标当前估算Az=5.87°, 速度=1.79°/s
                   -> 打提前量(0.3s后)Az=6.41°, El=28.50° | 下发云台指令: Az=96.41°, El=28.50°
[GimbalAtt] cmd_id=44, elapsed=0.262s, actual_ctrl=(Az=94.70°, El=28.60°), actual_ui=(Az=4.70°, El=28.60°), target_ctrl=(Az=95.56°, El=28.50°), err=(dAz=0.86°, dEl=0.10°)

[Phase 1: 视觉解析] 收到目标 cx=3236.2, cy=1080.0, mono=320.0m -> 解算绝对角度: Az=6.00°, El=28.50°
[GimbalCmd] preempt cmd_id=47, track_id=1, mode=axis_update, axes=Az, target_ctrl=(Az=96.29°, El=28.50°), delta=(dAz=0.72°, dEl=0.00°, total=0.72°)
[Phase 3: 预测控制] 目标当前估算Az=5.99°, 速度=1.79°/s
                   -> 打提前量(0.3s后)Az=6.53°, El=28.50° | 下发云台指令: Az=96.53°, El=28.50°

[Phase 1: 视觉解析] 收到目标 cx=3262.4, cy=1080.0, mono=320.0m -> 解算绝对角度: Az=6.12°, El=28.50°
[Phase 3: 预测控制] 目标当前估算Az=6.13°, 速度=1.78°/s
                   -> 打提前量(0.3s后)Az=6.66°, El=28.50° | 下发云台指令: Az=96.66°, El=28.50°

[Phase 1: 视觉解析] 收到目标 cx=3288.5, cy=1080.0, mono=320.0m -> 解算绝对角度: Az=6.24°, El=28.50°
[Phase 3: 预测控制] 目标当前估算Az=6.23°, 速度=1.79°/s
                   -> 打提前量(0.3s后)Az=6.76°, El=28.50° | 下发云台指令: Az=96.76°, El=28.50°

[Phase 1: 视觉解析] 收到目标 cx=3314.7, cy=1080.0, mono=320.0m -> 解算绝对角度: Az=6.36°, El=28.50°
[Phase 3: 预测控制] 目标当前估算Az=6.35°, 速度=1.79°/s
                   -> 打提前量(0.3s后)Az=6.89°, El=28.50° | 下发云台指令: Az=96.89°, El=28.50°
[GimbalAtt] cmd_id=47, elapsed=0.000s, actual_ctrl=(Az=95.50°, El=28.60°), actual_ui=(Az=5.50°, El=28.60°), target_ctrl=(Az=96.29°, El=28.50°), err=(dAz=0.79°, dEl=0.10°)
[GimbalCmd] preempt cmd_id=49, track_id=1, mode=axis_update, axes=Az, target_ctrl=(Az=96.76°, El=28.50°), delta=(dAz=0.48°, dEl=0.00°, total=0.48°)

[Phase 1: 视觉解析] 收到目标 cx=3340.8, cy=1080.0, mono=320.0m -> 解算绝对角度: Az=6.48°, El=28.50°
[Phase 3: 预测控制] 目标当前估算Az=6.47°, 速度=1.79°/s
                   -> 打提前量(0.3s后)Az=7.01°, El=28.50° | 下发云台指令: Az=97.01°, El=28.50°

[Phase 1: 视觉解析] 收到目标 cx=3367.0, cy=1080.0, mono=320.0m -> 解算绝对角度: Az=6.59°, El=28.50°
[Phase 3: 预测控制] 目标当前估算Az=6.61°, 速度=1.79°/s
                   -> 打提前量(0.3s后)Az=7.14°, El=28.50° | 下发云台指令: Az=97.14°, El=28.50°

[Phase 1: 视觉解析] 收到目标 cx=3393.1, cy=1080.0, mono=320.0m -> 解算绝对角度: Az=6.71°, El=28.50°
[Phase 3: 预测控制] 目标当前估算Az=6.71°, 速度=1.79°/s
                   -> 打提前量(0.3s后)Az=7.25°, El=28.50° | 下发云台指令: Az=97.25°, El=28.50°

[Phase 1: 视觉解析] 收到目标 cx=3419.2, cy=1080.0, mono=320.0m -> 解算绝对角度: Az=6.83°, El=28.50°
[Phase 3: 预测控制] 目标当前估算Az=6.83°, 速度=1.79°/s
                   -> 打提前量(0.3s后)Az=7.37°, El=28.50° | 下发云台指令: Az=97.37°, El=28.50°
[GimbalAtt] cmd_id=49, elapsed=0.000s, actual_ctrl=(Az=96.20°, El=28.60°), actual_ui=(Az=6.20°, El=28.60°), target_ctrl=(Az=96.76°, El=28.50°), err=(dAz=0.56°, dEl=0.10°)
[GimbalCmd] preempt cmd_id=51, track_id=1, mode=axis_update, axes=Az, target_ctrl=(Az=97.25°, El=28.50°), delta=(dAz=0.48°, dEl=0.00°, total=0.48°)

[Phase 1: 视觉解析] 收到目标 cx=3445.4, cy=1080.0, mono=320.0m -> 解算绝对角度: Az=6.95°, El=28.50°
[Phase 3: 预测控制] 目标当前估算Az=6.97°, 速度=1.78°/s
                   -> 打提前量(0.3s后)Az=7.51°, El=28.50° | 下发云台指令: Az=97.51°, El=28.50°

[Phase 1: 视觉解析] 收到目标 cx=3471.6, cy=1080.0, mono=320.0m -> 解算绝对角度: Az=7.07°, El=28.50°
[Phase 3: 预测控制] 目标当前估算Az=7.06°, 速度=1.78°/s
                   -> 打提前量(0.3s后)Az=7.60°, El=28.50° | 下发云台指令: Az=97.60°, El=28.50°

[Phase 1: 视觉解析] 收到目标 cx=3497.7, cy=1080.0, mono=320.0m -> 解算绝对角度: Az=7.19°, El=28.50°
[Phase 3: 预测控制] 目标当前估算Az=7.19°, 速度=1.79°/s
                   -> 打提前量(0.3s后)Az=7.72°, El=28.50° | 下发云台指令: Az=97.72°, El=28.50°
[GimbalAtt] cmd_id=51, elapsed=0.000s, actual_ctrl=(Az=96.90°, El=28.60°), actual_ui=(Az=6.90°, El=28.60°), target_ctrl=(Az=97.25°, El=28.50°), err=(dAz=0.35°, dEl=0.10°)
[GimbalCmd] preempt cmd_id=53, track_id=1, mode=axis_update, axes=Az, target_ctrl=(Az=97.72°, El=28.50°), delta=(dAz=0.47°, dEl=0.00°, total=0.47°)

[Phase 1: 视觉解析] 收到目标 cx=3523.8, cy=1080.0, mono=320.0m -> 解算绝对角度: Az=7.31°, El=28.50°
[Phase 3: 预测控制] 目标当前估算Az=7.30°, 速度=1.79°/s
                   -> 打提前量(0.3s后)Az=7.84°, El=28.50° | 下发云台指令: Az=97.84°, El=28.50°

[Phase 1: 视觉解析] 收到目标 cx=3550.0, cy=1080.0, mono=320.0m -> 解算绝对角度: Az=7.43°, El=28.50°
[Phase 3: 预测控制] 目标当前估算Az=7.42°, 速度=1.79°/s
                   -> 打提前量(0.3s后)Az=7.96°, El=28.50° | 下发云台指令: Az=97.96°, El=28.50°

[Phase 1: 视觉解析] 收到目标 cx=3576.1, cy=1080.0, mono=320.0m -> 解算绝对角度: Az=7.55°, El=28.50°
[Phase 3: 预测控制] 目标当前估算Az=7.55°, 速度=1.79°/s
                   -> 打提前量(0.3s后)Az=8.08°, El=28.50° | 下发云台指令: Az=98.08°, El=28.50°

[Phase 1: 视觉解析] 收到目标 cx=3602.3, cy=1080.0, mono=320.0m -> 解算绝对角度: Az=7.67°, El=28.50°
[Phase 3: 预测控制] 目标当前估算Az=7.67°, 速度=1.79°/s
                   -> 打提前量(0.3s后)Az=8.21°, El=28.50° | 下发云台指令: Az=98.21°, El=28.50°
[GimbalAtt] cmd_id=53, elapsed=0.000s, actual_ctrl=(Az=97.20°, El=28.60°), actual_ui=(Az=7.20°, El=28.60°), target_ctrl=(Az=97.72°, El=28.50°), err=(dAz=0.52°, dEl=0.10°)
[GimbalCmd] preempt cmd_id=55, track_id=1, mode=axis_update, axes=Az, target_ctrl=(Az=98.21°, El=28.50°), delta=(dAz=0.48°, dEl=0.00°, total=0.48°)
[GimbalAtt] cmd_id=55, elapsed=0.000s, actual_ctrl=(Az=97.90°, El=28.60°), actual_ui=(Az=7.90°, El=28.60°), target_ctrl=(Az=98.21°, El=28.50°), err=(dAz=0.31°, dEl=0.10°)
[GimbalAtt] cmd_id=55, elapsed=0.200s, actual_ctrl=(Az=98.20°, El=28.60°), actual_ui=(Az=8.20°, El=28.60°), target_ctrl=(Az=98.21°, El=28.50°), err=(dAz=0.01°, dEl=0.10°)
[GimbalSettled] cmd_id=55, track_id=1, settle_time=0.200s, actual_ctrl=(Az=98.20°, El=28.60°), target_ctrl=(Az=98.21°, El=28.50°), err=(dAz=0.01°, dEl=0.10°)
[Laser] No valid laser distance, use mono distance
