[Log] stdout/stderr -> logs/main_tracking_v9_20260422_151810.log
[Init] Connecting to Gimbal at /dev/ttyUSB0...
[GT06Z] Driver Ready on /dev/ttyUSB0.
[Adapter] GT06Z 云台已连接: /dev/ttyUSB0
[Init] Real laser enabled on /dev/ttyUSB1
[Init] Queue gimbal initial posture: Az=90.00°, El=0.00°
[GimbalThread] 控制线程已启动
=== System V9.0 (Predictive Tracking & Scheduling) Running ===
[Net] Listening RK3588 on 8888...
[LaserThread] 激光读取线程已启动
[Laser] start_measurement mode=continuous
[GimbalCmd] cmd_id=0, track_id=-1, target_ctrl=(Az=90.00°, El=0.00°)
[GimbalAtt] cmd_id=0, elapsed=0.041s, actual_ctrl=(Az=97.40°, El=28.50°), actual_ui=(Az=7.40°, El=28.50°), target_ctrl=(Az=90.00°, El=0.00°), err=(dAz=7.40°, dEl=28.50°)
[GimbalAtt] cmd_id=0, elapsed=0.302s, actual_ctrl=(Az=93.60°, El=27.50°), actual_ui=(Az=3.60°, El=27.50°), target_ctrl=(Az=90.00°, El=0.00°), err=(dAz=3.60°, dEl=27.50°)
[GimbalAtt] cmd_id=0, elapsed=0.564s, actual_ctrl=(Az=93.60°, El=25.50°), actual_ui=(Az=3.60°, El=25.50°), target_ctrl=(Az=90.00°, El=0.00°), err=(dAz=3.60°, dEl=25.50°)
[GimbalAtt] cmd_id=0, elapsed=0.901s, actual_ctrl=(Az=90.00°, El=21.30°), actual_ui=(Az=0.00°, El=21.30°), target_ctrl=(Az=90.00°, El=0.00°), err=(dAz=0.00°, dEl=21.30°)
[GimbalAtt] cmd_id=0, elapsed=1.163s, actual_ctrl=(Az=90.00°, El=17.40°), actual_ui=(Az=0.00°, El=17.40°), target_ctrl=(Az=90.00°, El=0.00°), err=(dAz=0.00°, dEl=17.40°)
[GimbalAtt] cmd_id=0, elapsed=1.425s, actual_ctrl=(Az=90.00°, El=13.40°), actual_ui=(Az=0.00°, El=13.40°), target_ctrl=(Az=90.00°, El=0.00°), err=(dAz=0.00°, dEl=13.40°)
[GimbalAtt] cmd_id=0, elapsed=1.687s, actual_ctrl=(Az=90.00°, El=9.40°), actual_ui=(Az=0.00°, El=9.40°), target_ctrl=(Az=90.00°, El=0.00°), err=(dAz=0.00°, dEl=9.40°)
[GimbalAtt] cmd_id=0, elapsed=1.949s, actual_ctrl=(Az=90.00°, El=5.40°), actual_ui=(Az=0.00°, El=5.40°), target_ctrl=(Az=90.00°, El=0.00°), err=(dAz=0.00°, dEl=5.40°)
[GimbalAtt] cmd_id=0, elapsed=2.210s, actual_ctrl=(Az=90.00°, El=1.90°), actual_ui=(Az=0.00°, El=1.90°), target_ctrl=(Az=90.00°, El=0.00°), err=(dAz=0.00°, dEl=1.90°)
[GimbalAtt] cmd_id=0, elapsed=2.444s, actual_ctrl=(Az=90.00°, El=1.90°), actual_ui=(Az=0.00°, El=1.90°), target_ctrl=(Az=90.00°, El=0.00°), err=(dAz=0.00°, dEl=1.90°)
[GimbalAtt] cmd_id=0, elapsed=2.726s, actual_ctrl=(Az=90.00°, El=-0.00°), actual_ui=(Az=0.00°, El=-0.00°), target_ctrl=(Az=90.00°, El=0.00°), err=(dAz=0.00°, dEl=0.00°)
[GimbalSettled] cmd_id=0, track_id=-1, settle_time=2.726s, actual_ctrl=(Az=90.00°, El=-0.00°), target_ctrl=(Az=90.00°, El=0.00°), err=(dAz=0.00°, dEl=0.00°)
[Laser] No valid laser distance, use mono distance

[Phase 1: 视觉解析] 收到目标 cx=700.0, cy=1080.0, mono=320.0m -> 解算绝对角度: Az=354.44°, El=28.50°
[Stats] recv_objs_total=1, recv_unique_boxes=1 | ui_send_total=0, ui_unique_ids=0, ui_id_counts=none

[Phase 1: 视觉解析] 收到目标 cx=752.3, cy=1080.0, mono=320.0m -> 解算绝对角度: Az=354.68°, El=28.50°

[Phase 1: 视觉解析] 收到目标 cx=804.6, cy=1080.0, mono=320.0m -> 解算绝对角度: Az=354.92°, El=28.50°
[TargetAcquire] reason=initial_acquire, master_id=1, score=-27.31, candidates=id=1, score=-27.31, speed=0.29deg/s, dist=28.99deg, hits=3, stab=1.11
[Phase 3: 预测控制] 目标当前估算Az=354.71°, 速度=0.29°/s
                   -> 打提前量(0.3s后)Az=354.79°, El=28.50° | 下发云台指令: Az=84.79°, El=28.50°

[Phase 1: 视觉解析] 收到目标 cx=856.9, cy=1080.0, mono=320.0m -> 解算绝对角度: Az=355.16°, El=28.50°
[Phase 3: 预测控制] 目标当前估算Az=354.88°, 速度=0.61°/s
                   -> 打提前量(0.3s后)Az=355.06°, El=28.50° | 下发云台指令: Az=85.06°, El=28.50°

[Phase 1: 视觉解析] 收到目标 cx=909.2, cy=1080.0, mono=320.0m -> 解算绝对角度: Az=355.39°, El=28.50°
[Phase 3: 预测控制] 目标当前估算Az=355.09°, 速度=1.02°/s
                   -> 打提前量(0.3s后)Az=355.39°, El=28.50° | 下发云台指令: Az=85.39°, El=28.50°
[GimbalCmd] cmd_id=2, track_id=1, target_ctrl=(Az=85.06°, El=28.50°)
[GimbalCmd] preempt cmd_id=3, track_id=1, mode=axis_update, axes=Az, target_ctrl=(Az=85.39°, El=28.50°), delta=(dAz=0.33°, dEl=0.00°, total=0.33°)

[Phase 1: 视觉解析] 收到目标 cx=961.5, cy=1080.0, mono=320.0m -> 解算绝对角度: Az=355.63°, El=28.50°
[Phase 3: 预测控制] 目标当前估算Az=355.32°, 速度=1.44°/s
                   -> 打提前量(0.3s后)Az=355.75°, El=28.50° | 下发云台指令: Az=85.75°, El=28.50°

[Phase 1: 视觉解析] 收到目标 cx=1013.8, cy=1080.0, mono=320.0m -> 解算绝对角度: Az=355.87°, El=28.50°
[Phase 3: 预测控制] 目标当前估算Az=355.60°, 速度=1.82°/s
                   -> 打提前量(0.3s后)Az=356.15°, El=28.50° | 下发云台指令: Az=86.15°, El=28.50°

[Phase 1: 视觉解析] 收到目标 cx=1066.0, cy=1080.0, mono=320.0m -> 解算绝对角度: Az=356.11°, El=28.50°
[Phase 3: 预测控制] 目标当前估算Az=355.83°, 速度=2.14°/s
                   -> 打提前量(0.3s后)Az=356.48°, El=28.50° | 下发云台指令: Az=86.48°, El=28.50°
[GimbalAtt] cmd_id=3, elapsed=0.000s, actual_ctrl=(Az=89.30°, El=0.10°), actual_ui=(Az=359.30°, El=0.10°), target_ctrl=(Az=85.39°, El=28.50°), err=(dAz=3.91°, dEl=28.40°)
[GimbalCmd] preempt cmd_id=6, track_id=1, mode=axis_update, axes=Az, target_ctrl=(Az=86.48°, El=28.50°), delta=(dAz=1.08°, dEl=0.00°, total=1.08°)

[Phase 1: 视觉解析] 收到目标 cx=1118.3, cy=1080.0, mono=320.0m -> 解算绝对角度: Az=356.35°, El=28.50°
[Phase 3: 预测控制] 目标当前估算Az=356.18°, 速度=2.35°/s
                   -> 打提前量(0.3s后)Az=356.89°, El=28.50° | 下发云台指令: Az=86.89°, El=28.50°

[Phase 1: 视觉解析] 收到目标 cx=1170.6, cy=1080.0, mono=320.0m -> 解算绝对角度: Az=356.58°, El=28.50°
[Phase 3: 预测控制] 目标当前估算Az=356.34°, 速度=2.57°/s
                   -> 打提前量(0.3s后)Az=357.11°, El=28.50° | 下发云台指令: Az=87.11°, El=28.50°

[Phase 1: 视觉解析] 收到目标 cx=1222.9, cy=1080.0, mono=320.0m -> 解算绝对角度: Az=356.82°, El=28.50°
[Phase 3: 预测控制] 目标当前估算Az=356.61°, 速度=2.75°/s
                   -> 打提前量(0.3s后)Az=357.44°, El=28.50° | 下发云台指令: Az=87.44°, El=28.50°

[Phase 1: 视觉解析] 收到目标 cx=1275.2, cy=1080.0, mono=320.0m -> 解算绝对角度: Az=357.06°, El=28.50°
[Phase 3: 预测控制] 目标当前估算Az=356.88°, 速度=2.89°/s
                   -> 打提前量(0.3s后)Az=357.75°, El=28.50° | 下发云台指令: Az=87.75°, El=28.50°

[Phase 1: 视觉解析] 收到目标 cx=1327.5, cy=1080.0, mono=320.0m -> 解算绝对角度: Az=357.30°, El=28.50°
[Phase 3: 预测控制] 目标当前估算Az=357.14°, 速度=3.01°/s
                   -> 打提前量(0.3s后)Az=358.04°, El=28.50° | 下发云台指令: Az=88.04°, El=28.50°

[Phase 1: 视觉解析] 收到目标 cx=1379.8, cy=1080.0, mono=320.0m -> 解算绝对角度: Az=357.54°, El=28.50°
[Phase 3: 预测控制] 目标当前估算Az=357.41°, 速度=3.10°/s
                   -> 打提前量(0.3s后)Az=358.34°, El=28.50° | 下发云台指令: Az=88.34°, El=28.50°
[GimbalAtt] cmd_id=6, elapsed=0.000s, actual_ctrl=(Az=89.30°, El=1.20°), actual_ui=(Az=359.30°, El=1.20°), target_ctrl=(Az=86.48°, El=28.50°), err=(dAz=2.82°, dEl=27.30°)

[Phase 1: 视觉解析] 收到目标 cx=1432.1, cy=1080.0, mono=320.0m -> 解算绝对角度: Az=357.78°, El=28.50°
[Phase 3: 预测控制] 目标当前估算Az=357.67°, 速度=3.17°/s
                   -> 打提前量(0.3s后)Az=358.62°, El=28.50° | 下发云台指令: Az=88.62°, El=28.50°
[GimbalCmd] preempt cmd_id=13, track_id=1, mode=axis_update, axes=Az, target_ctrl=(Az=88.62°, El=28.50°), delta=(dAz=2.14°, dEl=0.00°, total=2.14°)

[Phase 1: 视觉解析] 收到目标 cx=1484.4, cy=1080.0, mono=320.0m -> 解算绝对角度: Az=358.01°, El=28.50°
[Phase 3: 预测控制] 目标当前估算Az=357.97°, 速度=3.20°/s
                   -> 打提前量(0.3s后)Az=358.93°, El=28.50° | 下发云台指令: Az=88.93°, El=28.50°

[Phase 1: 视觉解析] 收到目标 cx=1536.7, cy=1080.0, mono=320.0m -> 解算绝对角度: Az=358.25°, El=28.50°
[Phase 3: 预测控制] 目标当前估算Az=358.14°, 速度=3.27°/s
                   -> 打提前量(0.3s后)Az=359.12°, El=28.50° | 下发云台指令: Az=89.12°, El=28.50°

[Phase 1: 视觉解析] 收到目标 cx=1589.0, cy=1080.0, mono=320.0m -> 解算绝对角度: Az=358.49°, El=28.50°
[Phase 3: 预测控制] 目标当前估算Az=358.40°, 速度=3.32°/s
                   -> 打提前量(0.3s后)Az=359.40°, El=28.50° | 下发云台指令: Az=89.40°, El=28.50°
[GimbalAtt] cmd_id=13, elapsed=0.000s, actual_ctrl=(Az=87.10°, El=4.40°), actual_ui=(Az=357.10°, El=4.40°), target_ctrl=(Az=88.62°, El=28.50°), err=(dAz=1.52°, dEl=24.10°)
[GimbalCmd] preempt cmd_id=15, track_id=1, mode=axis_update, axes=Az, target_ctrl=(Az=89.40°, El=28.50°), delta=(dAz=0.78°, dEl=0.00°, total=0.78°)

[Phase 1: 视觉解析] 收到目标 cx=1641.3, cy=1080.0, mono=320.0m -> 解算绝对角度: Az=358.73°, El=28.50°
[Phase 3: 预测控制] 目标当前估算Az=358.78°, 速度=3.29°/s
                   -> 打提前量(0.3s后)Az=359.76°, El=28.50° | 下发云台指令: Az=89.76°, El=28.50°

[Phase 1: 视觉解析] 收到目标 cx=1693.6, cy=1080.0, mono=320.0m -> 解算绝对角度: Az=358.97°, El=28.50°
[Phase 3: 预测控制] 目标当前估算Az=358.86°, 速度=3.34°/s
                   -> 打提前量(0.3s后)Az=359.86°, El=28.50° | 下发云台指令: Az=89.86°, El=28.50°

[Phase 1: 视觉解析] 收到目标 cx=1745.9, cy=1080.0, mono=320.0m -> 解算绝对角度: Az=359.21°, El=28.50°
[Phase 3: 预测控制] 目标当前估算Az=359.12°, 速度=3.38°/s
                   -> 打提前量(0.3s后)Az=0.14°, El=28.50° | 下发云台指令: Az=90.14°, El=28.50°

[Phase 1: 视觉解析] 收到目标 cx=1798.2, cy=1080.0, mono=320.0m -> 解算绝对角度: Az=359.44°, El=28.50°
[Phase 3: 预测控制] 目标当前估算Az=359.37°, 速度=3.42°/s
                   -> 打提前量(0.3s后)Az=0.39°, El=28.50° | 下发云台指令: Az=90.39°, El=28.50°

[Phase 1: 视觉解析] 收到目标 cx=1850.5, cy=1080.0, mono=320.0m -> 解算绝对角度: Az=359.68°, El=28.50°
[Phase 3: 预测控制] 目标当前估算Az=359.62°, 速度=3.46°/s
                   -> 打提前量(0.3s后)Az=0.66°, El=28.50° | 下发云台指令: Az=90.66°, El=28.50°

[Phase 1: 视觉解析] 收到目标 cx=1902.8, cy=1080.0, mono=320.0m -> 解算绝对角度: Az=359.92°, El=28.50°
[Phase 3: 预测控制] 目标当前估算Az=359.87°, 速度=3.48°/s
                   -> 打提前量(0.3s后)Az=0.91°, El=28.50° | 下发云台指令: Az=90.91°, El=28.50°
[GimbalAtt] cmd_id=15, elapsed=0.000s, actual_ctrl=(Az=87.10°, El=4.40°), actual_ui=(Az=357.10°, El=4.40°), target_ctrl=(Az=89.40°, El=28.50°), err=(dAz=2.30°, dEl=24.10°)

[Phase 1: 视觉解析] 收到目标 cx=1955.0, cy=1080.0, mono=320.0m -> 解算绝对角度: Az=0.16°, El=28.50°
[Phase 3: 预测控制] 目标当前估算Az=0.12°, 速度=3.50°/s
                   -> 打提前量(0.3s后)Az=1.17°, El=28.50° | 下发云台指令: Az=91.17°, El=28.50°
[GimbalCmd] preempt cmd_id=21, track_id=1, mode=axis_update, axes=Az, target_ctrl=(Az=91.17°, El=28.50°), delta=(dAz=1.77°, dEl=0.00°, total=1.77°)

[Phase 1: 视觉解析] 收到目标 cx=2007.3, cy=1080.0, mono=320.0m -> 解算绝对角度: Az=0.40°, El=28.50°
[TargetKeep] reason=lock_timer_expired, master_id=1, score=-17.08, candidates=id=1, score=-17.08, speed=3.52deg/s, dist=24.32deg, hits=26, stab=2.44, hold=1.15x
[Phase 3: 预测控制] 目标当前估算Az=0.37°, 速度=3.52°/s
                   -> 打提前量(0.3s后)Az=1.43°, El=28.50° | 下发云台指令: Az=91.43°, El=28.50°

[Phase 1: 视觉解析] 收到目标 cx=2059.6, cy=1080.0, mono=320.0m -> 解算绝对角度: Az=0.64°, El=28.50°
[Phase 3: 预测控制] 目标当前估算Az=0.61°, 速度=3.53°/s
                   -> 打提前量(0.3s后)Az=1.67°, El=28.50° | 下发云台指令: Az=91.67°, El=28.50°
[GimbalAtt] cmd_id=21, elapsed=0.000s, actual_ctrl=(Az=89.20°, El=14.10°), actual_ui=(Az=359.20°, El=14.10°), target_ctrl=(Az=91.17°, El=28.50°), err=(dAz=1.97°, dEl=14.40°)

[Phase 1: 视觉解析] 收到目标 cx=2111.9, cy=1080.0, mono=320.0m -> 解算绝对角度: Az=0.87°, El=28.50°
[Phase 3: 预测控制] 目标当前估算Az=1.01°, 速度=3.44°/s
                   -> 打提前量(0.3s后)Az=2.04°, El=28.50° | 下发云台指令: Az=92.04°, El=28.50°

[Phase 1: 视觉解析] 收到目标 cx=2164.2, cy=1080.0, mono=320.0m -> 解算绝对角度: Az=1.11°, El=28.50°
[Phase 3: 预测控制] 目标当前估算Az=1.04°, 速度=3.47°/s
[GimbalCmd] preempt cmd_id=24, track_id=1, mode=axis_update, axes=Az, target_ctrl=(Az=92.04°, El=28.50°), delta=(dAz=0.87°, dEl=0.00°, total=0.87°)
                   -> 打提前量(0.3s后)Az=2.09°, El=28.50° | 下发云台指令: Az=92.09°, El=28.50°

[Phase 1: 视觉解析] 收到目标 cx=2216.5, cy=1080.0, mono=320.0m -> 解算绝对角度: Az=1.35°, El=28.50°
[Phase 3: 预测控制] 目标当前估算Az=1.30°, 速度=3.50°/s
                   -> 打提前量(0.3s后)Az=2.35°, El=28.50° | 下发云台指令: Az=92.35°, El=28.50°

[Phase 1: 视觉解析] 收到目标 cx=2268.8, cy=1080.0, mono=320.0m -> 解算绝对角度: Az=1.59°, El=28.50°
[Phase 3: 预测控制] 目标当前估算Az=1.54°, 速度=3.52°/s
                   -> 打提前量(0.3s后)Az=2.60°, El=28.50° | 下发云台指令: Az=92.60°, El=28.50°
[Stats] recv_objs_total=31, recv_unique_boxes=31 | ui_send_total=29, ui_unique_ids=1, ui_id_counts=1:29
[GimbalAtt] cmd_id=24, elapsed=0.000s, actual_ctrl=(Az=89.20°, El=18.10°), actual_ui=(Az=359.20°, El=18.10°), target_ctrl=(Az=92.04°, El=28.50°), err=(dAz=2.84°, dEl=10.40°)
[GimbalCmd] preempt cmd_id=26, track_id=1, mode=axis_update, axes=Az, target_ctrl=(Az=92.60°, El=28.50°), delta=(dAz=0.56°, dEl=0.00°, total=0.56°)

[Phase 1: 视觉解析] 收到目标 cx=2321.1, cy=1080.0, mono=320.0m -> 解算绝对角度: Az=1.83°, El=28.50°
[Phase 3: 预测控制] 目标当前估算Az=1.79°, 速度=3.54°/s
                   -> 打提前量(0.3s后)Az=2.85°, El=28.50° | 下发云台指令: Az=92.85°, El=28.50°

[Phase 1: 视觉解析] 收到目标 cx=2373.4, cy=1080.0, mono=320.0m -> 解算绝对角度: Az=2.07°, El=28.50°
[Phase 3: 预测控制] 目标当前估算Az=2.04°, 速度=3.55°/s
                   -> 打提前量(0.3s后)Az=3.11°, El=28.50° | 下发云台指令: Az=93.11°, El=28.50°

[Phase 1: 视觉解析] 收到目标 cx=2425.7, cy=1080.0, mono=320.0m -> 解算绝对角度: Az=2.30°, El=28.50°
[Phase 3: 预测控制] 目标当前估算Az=2.28°, 速度=3.57°/s
                   -> 打提前量(0.3s后)Az=3.35°, El=28.50° | 下发云台指令: Az=93.35°, El=28.50°
[GimbalAtt] cmd_id=26, elapsed=0.000s, actual_ctrl=(Az=89.20°, El=20.80°), actual_ui=(Az=359.20°, El=20.80°), target_ctrl=(Az=92.60°, El=28.50°), err=(dAz=3.40°, dEl=7.70°)
[GimbalCmd] preempt cmd_id=29, track_id=1, mode=axis_update, axes=Az, target_ctrl=(Az=93.35°, El=28.50°), delta=(dAz=0.75°, dEl=0.00°, total=0.75°)

[Phase 1: 视觉解析] 收到目标 cx=2478.0, cy=1080.0, mono=320.0m -> 解算绝对角度: Az=2.54°, El=28.50°
[Phase 3: 预测控制] 目标当前估算Az=2.53°, 速度=3.57°/s
                   -> 打提前量(0.3s后)Az=3.60°, El=28.50° | 下发云台指令: Az=93.60°, El=28.50°

[Phase 1: 视觉解析] 收到目标 cx=2530.3, cy=1080.0, mono=320.0m -> 解算绝对角度: Az=2.78°, El=28.50°
[Phase 3: 预测控制] 目标当前估算Az=2.78°, 速度=3.58°/s
                   -> 打提前量(0.3s后)Az=3.85°, El=28.50° | 下发云台指令: Az=93.85°, El=28.50°

[Phase 1: 视觉解析] 收到目标 cx=2634.8, cy=1080.0, mono=320.0m -> 解算绝对角度: Az=3.26°, El=28.50°
[Phase 3: 预测控制] 目标当前估算Az=3.25°, 速度=3.58°/s
                   -> 打提前量(0.3s后)Az=4.32°, El=28.50° | 下发云台指令: Az=94.32°, El=28.50°
[GimbalAtt] cmd_id=29, elapsed=0.000s, actual_ctrl=(Az=89.20°, El=23.60°), actual_ui=(Az=359.20°, El=23.60°), target_ctrl=(Az=93.35°, El=28.50°), err=(dAz=4.15°, dEl=4.90°)
[GimbalCmd] preempt cmd_id=32, track_id=1, mode=axis_update, axes=Az, target_ctrl=(Az=94.32°, El=28.50°), delta=(dAz=0.97°, dEl=0.00°, total=0.97°)

[Phase 1: 视觉解析] 收到目标 cx=2687.2, cy=1080.0, mono=320.0m -> 解算绝对角度: Az=3.50°, El=28.50°
[Phase 3: 预测控制] 目标当前估算Az=3.48°, 速度=3.59°/s
                   -> 打提前量(0.3s后)Az=4.56°, El=28.50° | 下发云台指令: Az=94.56°, El=28.50°

[Phase 1: 视觉解析] 收到目标 cx=2739.4, cy=1080.0, mono=320.0m -> 解算绝对角度: Az=3.73°, El=28.50°
[Phase 3: 预测控制] 目标当前估算Az=3.73°, 速度=3.59°/s
                   -> 打提前量(0.3s后)Az=4.81°, El=28.50° | 下发云台指令: Az=94.81°, El=28.50°

[Phase 1: 视觉解析] 收到目标 cx=2791.7, cy=1080.0, mono=320.0m -> 解算绝对角度: Az=3.97°, El=28.50°
[Phase 3: 预测控制] 目标当前估算Az=3.98°, 速度=3.59°/s
                   -> 打提前量(0.3s后)Az=5.05°, El=28.50° | 下发云台指令: Az=95.05°, El=28.50°
[GimbalAtt] cmd_id=32, elapsed=0.000s, actual_ctrl=(Az=93.20°, El=27.20°), actual_ui=(Az=3.20°, El=27.20°), target_ctrl=(Az=94.32°, El=28.50°), err=(dAz=1.12°, dEl=1.30°)
[GimbalCmd] preempt cmd_id=35, track_id=1, mode=axis_update, axes=Az, target_ctrl=(Az=95.05°, El=28.50°), delta=(dAz=0.73°, dEl=0.00°, total=0.73°)

[Phase 1: 视觉解析] 收到目标 cx=2844.0, cy=1080.0, mono=320.0m -> 解算绝对角度: Az=4.21°, El=28.50°
[Phase 3: 预测控制] 目标当前估算Az=4.21°, 速度=3.59°/s
                   -> 打提前量(0.3s后)Az=5.29°, El=28.50° | 下发云台指令: Az=95.29°, El=28.50°

[Phase 1: 视觉解析] 收到目标 cx=2896.3, cy=1080.0, mono=320.0m -> 解算绝对角度: Az=4.45°, El=28.50°
[Phase 3: 预测控制] 目标当前估算Az=4.45°, 速度=3.59°/s
                   -> 打提前量(0.3s后)Az=5.53°, El=28.50° | 下发云台指令: Az=95.53°, El=28.50°

[Phase 1: 视觉解析] 收到目标 cx=2948.6, cy=1080.0, mono=320.0m -> 解算绝对角度: Az=4.69°, El=28.50°
[Phase 3: 预测控制] 目标当前估算Az=4.68°, 速度=3.59°/s
                   -> 打提前量(0.3s后)Az=5.76°, El=28.50° | 下发云台指令: Az=95.76°, El=28.50°

[Phase 1: 视觉解析] 收到目标 cx=3000.9, cy=1080.0, mono=320.0m -> 解算绝对角度: Az=4.93°, El=28.50°
[Phase 3: 预测控制] 目标当前估算Az=4.93°, 速度=3.59°/s
                   -> 打提前量(0.3s后)Az=6.01°, El=28.50° | 下发云台指令: Az=96.01°, El=28.50°
[GimbalAtt] cmd_id=35, elapsed=0.000s, actual_ctrl=(Az=93.20°, El=27.20°), actual_ui=(Az=3.20°, El=27.20°), target_ctrl=(Az=95.05°, El=28.50°), err=(dAz=1.85°, dEl=1.30°)
[GimbalCmd] preempt cmd_id=39, track_id=1, mode=axis_update, axes=Az, target_ctrl=(Az=96.01°, El=28.50°), delta=(dAz=0.95°, dEl=0.00°, total=0.95°)

[Phase 1: 视觉解析] 收到目标 cx=3053.2, cy=1080.0, mono=320.0m -> 解算绝对角度: Az=5.16°, El=28.50°
[Phase 3: 预测控制] 目标当前估算Az=5.20°, 速度=3.57°/s
                   -> 打提前量(0.3s后)Az=6.27°, El=28.50° | 下发云台指令: Az=96.27°, El=28.50°

[Phase 1: 视觉解析] 收到目标 cx=3105.5, cy=1080.0, mono=320.0m -> 解算绝对角度: Az=5.40°, El=28.50°
[Phase 3: 预测控制] 目标当前估算Az=5.39°, 速度=3.57°/s
                   -> 打提前量(0.3s后)Az=6.47°, El=28.50° | 下发云台指令: Az=96.47°, El=28.50°

[Phase 1: 视觉解析] 收到目标 cx=3157.8, cy=1080.0, mono=320.0m -> 解算绝对角度: Az=5.64°, El=28.50°
[Phase 3: 预测控制] 目标当前估算Az=5.65°, 速度=3.57°/s
                   -> 打提前量(0.3s后)Az=6.72°, El=28.50° | 下发云台指令: Az=96.72°, El=28.50°

[Phase 1: 视觉解析] 收到目标 cx=3210.1, cy=1080.0, mono=320.0m -> 解算绝对角度: Az=5.88°, El=28.50°
[TargetKeep] reason=lock_timer_expired, master_id=1, score=7.48, candidates=id=1, score=7.48, speed=3.54deg/s, dist=3.02deg, hits=48, stab=2.44, hold=1.15x
[Phase 3: 预测控制] 目标当前估算Az=5.92°, 速度=3.54°/s
                   -> 打提前量(0.3s后)Az=6.99°, El=28.50° | 下发云台指令: Az=96.99°, El=28.50°
[GimbalAtt] cmd_id=39, elapsed=0.000s, actual_ctrl=(Az=94.00°, El=28.60°), actual_ui=(Az=4.00°, El=28.60°), target_ctrl=(Az=96.01°, El=28.50°), err=(dAz=2.01°, dEl=0.10°)
[GimbalCmd] preempt cmd_id=42, track_id=1, mode=axis_update, axes=Az, target_ctrl=(Az=96.99°, El=28.50°), delta=(dAz=0.98°, dEl=0.00°, total=0.98°)

[Phase 1: 视觉解析] 收到目标 cx=3262.4, cy=1080.0, mono=320.0m -> 解算绝对角度: Az=6.12°, El=28.50°
[Phase 3: 预测控制] 目标当前估算Az=6.09°, 速度=3.55°/s
                   -> 打提前量(0.3s后)Az=7.16°, El=28.50° | 下发云台指令: Az=97.16°, El=28.50°

[Phase 1: 视觉解析] 收到目标 cx=3314.7, cy=1080.0, mono=320.0m -> 解算绝对角度: Az=6.36°, El=28.50°
[Phase 3: 预测控制] 目标当前估算Az=6.34°, 速度=3.56°/s
                   -> 打提前量(0.3s后)Az=7.41°, El=28.50° | 下发云台指令: Az=97.41°, El=28.50°

[Phase 1: 视觉解析] 收到目标 cx=3367.0, cy=1080.0, mono=320.0m -> 解算绝对角度: Az=6.59°, El=28.50°
[Phase 3: 预测控制] 目标当前估算Az=6.59°, 速度=3.56°/s
                   -> 打提前量(0.3s后)Az=7.66°, El=28.50° | 下发云台指令: Az=97.66°, El=28.50°
[GimbalAtt] cmd_id=42, elapsed=0.000s, actual_ctrl=(Az=94.00°, El=28.60°), actual_ui=(Az=4.00°, El=28.60°), target_ctrl=(Az=96.99°, El=28.50°), err=(dAz=2.99°, dEl=0.10°)
[GimbalCmd] preempt cmd_id=44, track_id=1, mode=axis_update, axes=Az, target_ctrl=(Az=97.66°, El=28.50°), delta=(dAz=0.67°, dEl=0.00°, total=0.67°)

[Phase 1: 视觉解析] 收到目标 cx=3419.2, cy=1080.0, mono=320.0m -> 解算绝对角度: Az=6.83°, El=28.50°
[Phase 3: 预测控制] 目标当前估算Az=6.82°, 速度=3.57°/s
                   -> 打提前量(0.3s后)Az=7.89°, El=28.50° | 下发云台指令: Az=97.89°, El=28.50°

[Phase 1: 视觉解析] 收到目标 cx=3471.6, cy=1080.0, mono=320.0m -> 解算绝对角度: Az=7.07°, El=28.50°
[Phase 3: 预测控制] 目标当前估算Az=7.07°, 速度=3.57°/s
                   -> 打提前量(0.3s后)Az=8.14°, El=28.50° | 下发云台指令: Az=98.14°, El=28.50°

[Phase 1: 视觉解析] 收到目标 cx=3523.8, cy=1080.0, mono=320.0m -> 解算绝对角度: Az=7.31°, El=28.50°
[Phase 3: 预测控制] 目标当前估算Az=7.30°, 速度=3.57°/s
                   -> 打提前量(0.3s后)Az=8.37°, El=28.50° | 下发云台指令: Az=98.37°, El=28.50°

[Phase 1: 视觉解析] 收到目标 cx=3576.1, cy=1080.0, mono=320.0m -> 解算绝对角度: Az=7.55°, El=28.50°
[Phase 3: 预测控制] 目标当前估算Az=7.53°, 速度=3.58°/s
                   -> 打提前量(0.3s后)Az=8.61°, El=28.50° | 下发云台指令: Az=98.61°, El=28.50°
[GimbalAtt] cmd_id=44, elapsed=0.000s, actual_ctrl=(Az=96.90°, El=28.60°), actual_ui=(Az=6.90°, El=28.60°), target_ctrl=(Az=97.66°, El=28.50°), err=(dAz=0.76°, dEl=0.10°)
[GimbalCmd] preempt cmd_id=48, track_id=1, mode=axis_update, axes=Az, target_ctrl=(Az=98.61°, El=28.50°), delta=(dAz=0.95°, dEl=0.00°, total=0.95°)
[GimbalAtt] cmd_id=48, elapsed=0.000s, actual_ctrl=(Az=97.60°, El=28.60°), actual_ui=(Az=7.60°, El=28.60°), target_ctrl=(Az=98.61°, El=28.50°), err=(dAz=1.01°, dEl=0.10°)
[GimbalAtt] cmd_id=48, elapsed=0.259s, actual_ctrl=(Az=98.60°, El=28.60°), actual_ui=(Az=8.60°, El=28.60°), target_ctrl=(Az=98.61°, El=28.50°), err=(dAz=0.01°, dEl=0.10°)
[GimbalSettled] cmd_id=48, track_id=1, settle_time=0.259s, actual_ctrl=(Az=98.60°, El=28.60°), target_ctrl=(Az=98.61°, El=28.50°), err=(dAz=0.01°, dEl=0.10°)
[Laser] No valid laser distance, use mono distance
