[Log] stdout/stderr -> logs/main_tracking_v9_20260422_151228.log
[Init] Connecting to Gimbal at /dev/ttyUSB0...
[GT06Z] Driver Ready on /dev/ttyUSB0.
[Adapter] GT06Z 云台已连接: /dev/ttyUSB0
[Init] Real laser enabled on /dev/ttyUSB1
[Init] Queue gimbal initial posture: Az=90.00°, El=0.00°
[GimbalThread] 控制线程已启动
=== System V9.0 (Predictive Tracking & Scheduling) Running ===[LaserThread] 激光读取线程已启动

[Net] Listening RK3588 on 8888...
[Laser] start_measurement mode=continuous
[GimbalCmd] cmd_id=0, track_id=-1, target_ctrl=(Az=90.00°, El=0.00°)
[GimbalAtt] cmd_id=0, elapsed=0.042s, actual_ctrl=(Az=97.10°, El=28.50°), actual_ui=(Az=7.10°, El=28.50°), target_ctrl=(Az=90.00°, El=0.00°), err=(dAz=7.10°, dEl=28.50°)
[GimbalAtt] cmd_id=0, elapsed=0.304s, actual_ctrl=(Az=93.30°, El=27.50°), actual_ui=(Az=3.30°, El=27.50°), target_ctrl=(Az=90.00°, El=0.00°), err=(dAz=3.30°, dEl=27.50°)
[GimbalAtt] cmd_id=0, elapsed=0.566s, actual_ctrl=(Az=93.30°, El=25.40°), actual_ui=(Az=3.30°, El=25.40°), target_ctrl=(Az=90.00°, El=0.00°), err=(dAz=3.30°, dEl=25.40°)
[GimbalAtt] cmd_id=0, elapsed=0.893s, actual_ctrl=(Az=90.00°, El=21.50°), actual_ui=(Az=0.00°, El=21.50°), target_ctrl=(Az=90.00°, El=0.00°), err=(dAz=0.00°, dEl=21.50°)
[GimbalAtt] cmd_id=0, elapsed=1.155s, actual_ctrl=(Az=90.00°, El=17.50°), actual_ui=(Az=0.00°, El=17.50°), target_ctrl=(Az=90.00°, El=0.00°), err=(dAz=0.00°, dEl=17.50°)
[GimbalAtt] cmd_id=0, elapsed=1.416s, actual_ctrl=(Az=90.00°, El=13.50°), actual_ui=(Az=0.00°, El=13.50°), target_ctrl=(Az=90.00°, El=0.00°), err=(dAz=0.00°, dEl=13.50°)
[GimbalAtt] cmd_id=0, elapsed=1.678s, actual_ctrl=(Az=90.00°, El=9.50°), actual_ui=(Az=0.00°, El=9.50°), target_ctrl=(Az=90.00°, El=0.00°), err=(dAz=0.00°, dEl=9.50°)
[GimbalAtt] cmd_id=0, elapsed=1.940s, actual_ctrl=(Az=90.00°, El=5.50°), actual_ui=(Az=0.00°, El=5.50°), target_ctrl=(Az=90.00°, El=0.00°), err=(dAz=0.00°, dEl=5.50°)
[GimbalAtt] cmd_id=0, elapsed=2.201s, actual_ctrl=(Az=90.00°, El=2.00°), actual_ui=(Az=0.00°, El=2.00°), target_ctrl=(Az=90.00°, El=0.00°), err=(dAz=0.00°, dEl=2.00°)
[GimbalAtt] cmd_id=0, elapsed=2.444s, actual_ctrl=(Az=90.00°, El=2.00°), actual_ui=(Az=0.00°, El=2.00°), target_ctrl=(Az=90.00°, El=0.00°), err=(dAz=0.00°, dEl=2.00°)
[GimbalAtt] cmd_id=0, elapsed=2.726s, actual_ctrl=(Az=90.00°, El=-0.00°), actual_ui=(Az=0.00°, El=-0.00°), target_ctrl=(Az=90.00°, El=0.00°), err=(dAz=0.00°, dEl=0.00°)
[GimbalSettled] cmd_id=0, track_id=-1, settle_time=2.726s, actual_ctrl=(Az=90.00°, El=-0.00°), target_ctrl=(Az=90.00°, El=0.00°), err=(dAz=0.00°, dEl=0.00°)
[Laser] No valid laser distance, use mono distance

[Phase 1: 视觉解析] 收到目标 cx=700.0, cy=1080.0, mono=320.0m -> 解算绝对角度: Az=354.44°, El=28.50°
[Stats] recv_objs_total=1, recv_unique_boxes=1 | ui_send_total=0, ui_unique_ids=0, ui_id_counts=none

[Phase 1: 视觉解析] 收到目标 cx=713.3, cy=1080.0, mono=320.0m -> 解算绝对角度: Az=354.50°, El=28.50°

[Phase 1: 视觉解析] 收到目标 cx=726.7, cy=1080.0, mono=320.0m -> 解算绝对角度: Az=354.56°, El=28.50°
[TargetAcquire] reason=initial_acquire, master_id=1, score=-27.77, candidates=id=1, score=-27.77, speed=0.07deg/s, dist=29.02deg, hits=3, stab=1.11
[Phase 3: 预测控制] 目标当前估算Az=354.51°, 速度=0.07°/s
                   -> 打提前量(0.3s后)Az=354.53°, El=28.50° | 下发云台指令: Az=84.53°, El=28.50°
[GimbalCmd] cmd_id=1, track_id=1, target_ctrl=(Az=84.53°, El=28.50°)

[Phase 1: 视觉解析] 收到目标 cx=740.0, cy=1080.0, mono=320.0m -> 解算绝对角度: Az=354.62°, El=28.50°
[Phase 3: 预测控制] 目标当前估算Az=354.55°, 速度=0.16°/s
                   -> 打提前量(0.3s后)Az=354.60°, El=28.50° | 下发云台指令: Az=84.60°, El=28.50°

[Phase 1: 视觉解析] 收到目标 cx=753.3, cy=1080.0, mono=320.0m -> 解算绝对角度: Az=354.68°, El=28.50°
[Phase 3: 预测控制] 目标当前估算Az=354.60°, 速度=0.26°/s
                   -> 打提前量(0.3s后)Az=354.68°, El=28.50° | 下发云台指令: Az=84.68°, El=28.50°

[Phase 1: 视觉解析] 收到目标 cx=766.7, cy=1080.0, mono=320.0m -> 解算绝对角度: Az=354.74°, El=28.50°
[Phase 3: 预测控制] 目标当前估算Az=354.66°, 速度=0.37°/s
                   -> 打提前量(0.3s后)Az=354.77°, El=28.50° | 下发云台指令: Az=84.77°, El=28.50°

[Phase 1: 视觉解析] 收到目标 cx=780.0, cy=1080.0, mono=320.0m -> 解算绝对角度: Az=354.80°, El=28.50°
[Phase 3: 预测控制] 目标当前估算Az=354.73°, 速度=0.46°/s
                   -> 打提前量(0.3s后)Az=354.87°, El=28.50° | 下发云台指令: Az=84.87°, El=28.50°
[GimbalAtt] cmd_id=1, elapsed=0.041s, actual_ctrl=(Az=89.30°, El=0.10°), actual_ui=(Az=359.30°, El=0.10°), target_ctrl=(Az=84.53°, El=28.50°), err=(dAz=4.77°, dEl=28.40°)

[Phase 1: 视觉解析] 收到目标 cx=793.3, cy=1080.0, mono=320.0m -> 解算绝对角度: Az=354.87°, El=28.50°
[Phase 3: 预测控制] 目标当前估算Az=354.80°, 速度=0.55°/s
                   -> 打提前量(0.3s后)Az=354.96°, El=28.50° | 下发云台指令: Az=84.96°, El=28.50°

[Phase 1: 视觉解析] 收到目标 cx=806.7, cy=1080.0, mono=320.0m -> 解算绝对角度: Az=354.93°, El=28.50°
[Phase 3: 预测控制] 目标当前估算Az=354.87°, 速度=0.61°/s
                   -> 打提前量(0.3s后)Az=355.05°, El=28.50° | 下发云台指令: Az=85.05°, El=28.50°

[Phase 1: 视觉解析] 收到目标 cx=820.0, cy=1080.0, mono=320.0m -> 解算绝对角度: Az=354.99°, El=28.50°
[Phase 3: 预测控制] 目标当前估算Az=354.93°, 速度=0.67°/s
                   -> 打提前量(0.3s后)Az=355.13°, El=28.50° | 下发云台指令: Az=85.13°, El=28.50°
[GimbalAtt] cmd_id=1, elapsed=0.302s, actual_ctrl=(Az=85.50°, El=1.10°), actual_ui=(Az=355.50°, El=1.10°), target_ctrl=(Az=84.53°, El=28.50°), err=(dAz=0.97°, dEl=27.40°)

[Phase 1: 视觉解析] 收到目标 cx=833.3, cy=1080.0, mono=320.0m -> 解算绝对角度: Az=355.05°, El=28.50°
[Phase 3: 预测控制] 目标当前估算Az=355.00°, 速度=0.71°/s
                   -> 打提前量(0.3s后)Az=355.22°, El=28.50° | 下发云台指令: Az=85.22°, El=28.50°
[GimbalCmd] preempt cmd_id=3, track_id=1, mode=axis_update, axes=Az, target_ctrl=(Az=85.05°, El=28.50°), delta=(dAz=0.52°, dEl=0.00°, total=0.52°)

[Phase 1: 视觉解析] 收到目标 cx=846.7, cy=1080.0, mono=320.0m -> 解算绝对角度: Az=355.11°, El=28.50°
[Phase 3: 预测控制] 目标当前估算Az=355.07°, 速度=0.75°/s
                   -> 打提前量(0.3s后)Az=355.29°, El=28.50° | 下发云台指令: Az=85.29°, El=28.50°

[Phase 1: 视觉解析] 收到目标 cx=860.0, cy=1080.0, mono=320.0m -> 解算绝对角度: Az=355.17°, El=28.50°
[Phase 3: 预测控制] 目标当前估算Az=355.13°, 速度=0.77°/s
                   -> 打提前量(0.3s后)Az=355.37°, El=28.50° | 下发云台指令: Az=85.37°, El=28.50°

[Phase 1: 视觉解析] 收到目标 cx=873.3, cy=1080.0, mono=320.0m -> 解算绝对角度: Az=355.23°, El=28.50°
[Phase 3: 预测控制] 目标当前估算Az=355.20°, 速度=0.80°/s
                   -> 打提前量(0.3s后)Az=355.44°, El=28.50° | 下发云台指令: Az=85.44°, El=28.50°

[Phase 1: 视觉解析] 收到目标 cx=886.7, cy=1080.0, mono=320.0m -> 解算绝对角度: Az=355.29°, El=28.50°
[Phase 3: 预测控制] 目标当前估算Az=355.26°, 速度=0.81°/s
                   -> 打提前量(0.3s后)Az=355.51°, El=28.50° | 下发云台指令: Az=85.51°, El=28.50°
[GimbalAtt] cmd_id=3, elapsed=0.000s, actual_ctrl=(Az=84.40°, El=1.10°), actual_ui=(Az=354.40°, El=1.10°), target_ctrl=(Az=85.05°, El=28.50°), err=(dAz=0.65°, dEl=27.40°)
[GimbalCmd] preempt cmd_id=5, track_id=1, mode=axis_update, axes=Az, target_ctrl=(Az=85.51°, El=28.50°), delta=(dAz=0.46°, dEl=0.00°, total=0.46°)

[Phase 1: 视觉解析] 收到目标 cx=900.0, cy=1080.0, mono=320.0m -> 解算绝对角度: Az=355.35°, El=28.50°
[Phase 3: 预测控制] 目标当前估算Az=355.33°, 速度=0.83°/s
                   -> 打提前量(0.3s后)Az=355.58°, El=28.50° | 下发云台指令: Az=85.58°, El=28.50°

[Phase 1: 视觉解析] 收到目标 cx=913.3, cy=1080.0, mono=320.0m -> 解算绝对角度: Az=355.41°, El=28.50°
[Phase 3: 预测控制] 目标当前估算Az=355.39°, 速度=0.84°/s
                   -> 打提前量(0.3s后)Az=355.64°, El=28.50° | 下发云台指令: Az=85.64°, El=28.50°

[Phase 1: 视觉解析] 收到目标 cx=926.7, cy=1080.0, mono=320.0m -> 解算绝对角度: Az=355.47°, El=28.50°
[Phase 3: 预测控制] 目标当前估算Az=355.45°, 速度=0.85°/s
                   -> 打提前量(0.3s后)Az=355.71°, El=28.50° | 下发云台指令: Az=85.71°, El=28.50°
[GimbalAtt] cmd_id=5, elapsed=0.000s, actual_ctrl=(Az=85.20°, El=6.30°), actual_ui=(Az=355.20°, El=6.30°), target_ctrl=(Az=85.51°, El=28.50°), err=(dAz=0.31°, dEl=22.20°)

[Phase 1: 视觉解析] 收到目标 cx=940.0, cy=1080.0, mono=320.0m -> 解算绝对角度: Az=355.53°, El=28.50°
[Phase 3: 预测控制] 目标当前估算Az=355.52°, 速度=0.86°/s
                   -> 打提前量(0.3s后)Az=355.78°, El=28.50° | 下发云台指令: Az=85.78°, El=28.50°

[Phase 1: 视觉解析] 收到目标 cx=953.3, cy=1080.0, mono=320.0m -> 解算绝对角度: Az=355.59°, El=28.50°
[Phase 3: 预测控制] 目标当前估算Az=355.58°, 速度=0.87°/s
                   -> 打提前量(0.3s后)Az=355.84°, El=28.50° | 下发云台指令: Az=85.84°, El=28.50°

[Phase 1: 视觉解析] 收到目标 cx=966.7, cy=1080.0, mono=320.0m -> 解算绝对角度: Az=355.66°, El=28.50°
[Phase 3: 预测控制] 目标当前估算Az=355.64°, 速度=0.87°/s
                   -> 打提前量(0.3s后)Az=355.91°, El=28.50° | 下发云台指令: Az=85.91°, El=28.50°

[Phase 1: 视觉解析] 收到目标 cx=980.0, cy=1080.0, mono=320.0m -> 解算绝对角度: Az=355.72°, El=28.50°
[Phase 3: 预测控制] 目标当前估算Az=355.70°, 速度=0.88°/s
                   -> 打提前量(0.3s后)Az=355.97°, El=28.50° | 下发云台指令: Az=85.97°, El=28.50°
[GimbalAtt] cmd_id=5, elapsed=0.202s, actual_ctrl=(Az=85.40°, El=6.30°), actual_ui=(Az=355.40°, El=6.30°), target_ctrl=(Az=85.51°, El=28.50°), err=(dAz=0.11°, dEl=22.20°)
[GimbalCmd] preempt cmd_id=7, track_id=1, mode=axis_update, axes=Az, target_ctrl=(Az=85.97°, El=28.50°), delta=(dAz=0.46°, dEl=0.00°, total=0.46°)

[Phase 1: 视觉解析] 收到目标 cx=993.3, cy=1080.0, mono=320.0m -> 解算绝对角度: Az=355.78°, El=28.50°
[Phase 3: 预测控制] 目标当前估算Az=355.77°, 速度=0.88°/s
                   -> 打提前量(0.3s后)Az=356.03°, El=28.50° | 下发云台指令: Az=86.03°, El=28.50°

[Phase 1: 视觉解析] 收到目标 cx=1006.7, cy=1080.0, mono=320.0m -> 解算绝对角度: Az=355.84°, El=28.50°
[Phase 3: 预测控制] 目标当前估算Az=355.83°, 速度=0.89°/s
                   -> 打提前量(0.3s后)Az=356.10°, El=28.50° | 下发云台指令: Az=86.10°, El=28.50°

[Phase 1: 视觉解析] 收到目标 cx=1020.0, cy=1080.0, mono=320.0m -> 解算绝对角度: Az=355.90°, El=28.50°
[Phase 3: 预测控制] 目标当前估算Az=355.89°, 速度=0.89°/s
                   -> 打提前量(0.3s后)Az=356.16°, El=28.50° | 下发云台指令: Az=86.16°, El=28.50°

[Phase 1: 视觉解析] 收到目标 cx=1033.3, cy=1080.0, mono=320.0m -> 解算绝对角度: Az=355.96°, El=28.50°
[TargetKeep] reason=lock_timer_expired, master_id=1, score=-20.67, candidates=id=1, score=-20.67, speed=0.90deg/s, dist=22.21deg, hits=26, stab=2.44, hold=1.15x
[Phase 3: 预测控制] 目标当前估算Az=355.95°, 速度=0.90°/s
                   -> 打提前量(0.3s后)Az=356.22°, El=28.50° | 下发云台指令: Az=86.22°, El=28.50°

[Phase 1: 视觉解析] 收到目标 cx=1046.7, cy=1080.0, mono=320.0m -> 解算绝对角度: Az=356.02°, El=28.50°
[Phase 3: 预测控制] 目标当前估算Az=356.02°, 速度=0.90°/s
                   -> 打提前量(0.3s后)Az=356.29°, El=28.50° | 下发云台指令: Az=86.29°, El=28.50°
[GimbalAtt] cmd_id=7, elapsed=0.000s, actual_ctrl=(Az=85.40°, El=13.60°), actual_ui=(Az=355.40°, El=13.60°), target_ctrl=(Az=85.97°, El=28.50°), err=(dAz=0.57°, dEl=14.90°)

[Phase 1: 视觉解析] 收到目标 cx=1060.0, cy=1080.0, mono=320.0m -> 解算绝对角度: Az=356.08°, El=28.50°
[Phase 3: 预测控制] 目标当前估算Az=356.08°, 速度=0.90°/s
                   -> 打提前量(0.3s后)Az=356.35°, El=28.50° | 下发云台指令: Az=86.35°, El=28.50°

[Phase 1: 视觉解析] 收到目标 cx=1073.3, cy=1080.0, mono=320.0m -> 解算绝对角度: Az=356.14°, El=28.50°
[Phase 3: 预测控制] 目标当前估算Az=356.14°, 速度=0.90°/s
                   -> 打提前量(0.3s后)Az=356.41°, El=28.50° | 下发云台指令: Az=86.41°, El=28.50°

[Phase 1: 视觉解析] 收到目标 cx=1086.7, cy=1080.0, mono=320.0m -> 解算绝对角度: Az=356.20°, El=28.50°
[Phase 3: 预测控制] 目标当前估算Az=356.20°, 速度=0.90°/s
                   -> 打提前量(0.3s后)Az=356.47°, El=28.50° | 下发云台指令: Az=86.47°, El=28.50°

[Phase 1: 视觉解析] 收到目标 cx=1100.0, cy=1080.0, mono=320.0m -> 解算绝对角度: Az=356.26°, El=28.50°
[Phase 3: 预测控制] 目标当前估算Az=356.26°, 速度=0.90°/s
                   -> 打提前量(0.3s后)Az=356.53°, El=28.50° | 下发云台指令: Az=86.53°, El=28.50°
[GimbalAtt] cmd_id=7, elapsed=0.371s, actual_ctrl=(Az=85.90°, El=19.10°), actual_ui=(Az=355.90°, El=19.10°), target_ctrl=(Az=85.97°, El=28.50°), err=(dAz=0.07°, dEl=9.40°)

[Phase 1: 视觉解析] 收到目标 cx=1113.3, cy=1080.0, mono=320.0m -> 解算绝对角度: Az=356.32°, El=28.50°
[Phase 3: 预测控制] 目标当前估算Az=356.32°, 速度=0.91°/s
                   -> 打提前量(0.3s后)Az=356.59°, El=28.50° | 下发云台指令: Az=86.59°, El=28.50°
[Stats] recv_objs_total=32, recv_unique_boxes=32 | ui_send_total=30, ui_unique_ids=1, ui_id_counts=1:30
[GimbalCmd] preempt cmd_id=9, track_id=1, mode=axis_update, axes=Az, target_ctrl=(Az=86.47°, El=28.50°), delta=(dAz=0.50°, dEl=0.00°, total=0.50°)

[Phase 1: 视觉解析] 收到目标 cx=1126.7, cy=1080.0, mono=320.0m -> 解算绝对角度: Az=356.38°, El=28.50°
[Phase 3: 预测控制] 目标当前估算Az=356.38°, 速度=0.91°/s
                   -> 打提前量(0.3s后)Az=356.65°, El=28.50° | 下发云台指令: Az=86.65°, El=28.50°

[Phase 1: 视觉解析] 收到目标 cx=1140.0, cy=1080.0, mono=320.0m -> 解算绝对角度: Az=356.45°, El=28.50°
[Phase 3: 预测控制] 目标当前估算Az=356.44°, 速度=0.91°/s
                   -> 打提前量(0.3s后)Az=356.72°, El=28.50° | 下发云台指令: Az=86.72°, El=28.50°

[Phase 1: 视觉解析] 收到目标 cx=1153.3, cy=1080.0, mono=320.0m -> 解算绝对角度: Az=356.51°, El=28.50°
[Phase 3: 预测控制] 目标当前估算Az=356.51°, 速度=0.91°/s
                   -> 打提前量(0.3s后)Az=356.78°, El=28.50° | 下发云台指令: Az=86.78°, El=28.50°

[Phase 1: 视觉解析] 收到目标 cx=1166.7, cy=1080.0, mono=320.0m -> 解算绝对角度: Az=356.57°, El=28.50°
[Phase 3: 预测控制] 目标当前估算Az=356.57°, 速度=0.91°/s
                   -> 打提前量(0.3s后)Az=356.84°, El=28.50° | 下发云台指令: Az=86.84°, El=28.50°

[Phase 1: 视觉解析] 收到目标 cx=1180.0, cy=1080.0, mono=320.0m -> 解算绝对角度: Az=356.63°, El=28.50°
[Phase 3: 预测控制] 目标当前估算Az=356.62°, 速度=0.91°/s
                   -> 打提前量(0.3s后)Az=356.90°, El=28.50° | 下发云台指令: Az=86.90°, El=28.50°
[GimbalAtt] cmd_id=9, elapsed=0.000s, actual_ctrl=(Az=85.90°, El=23.20°), actual_ui=(Az=355.90°, El=23.20°), target_ctrl=(Az=86.47°, El=28.50°), err=(dAz=0.57°, dEl=5.30°)

[Phase 1: 视觉解析] 收到目标 cx=1193.3, cy=1080.0, mono=320.0m -> 解算绝对角度: Az=356.69°, El=28.50°
[Phase 3: 预测控制] 目标当前估算Az=356.69°, 速度=0.91°/s
                   -> 打提前量(0.3s后)Az=356.96°, El=28.50° | 下发云台指令: Az=86.96°, El=28.50°

[Phase 1: 视觉解析] 收到目标 cx=1206.7, cy=1080.0, mono=320.0m -> 解算绝对角度: Az=356.75°, El=28.50°
[Phase 3: 预测控制] 目标当前估算Az=356.75°, 速度=0.91°/s
                   -> 打提前量(0.3s后)Az=357.03°, El=28.50° | 下发云台指令: Az=87.03°, El=28.50°

[Phase 1: 视觉解析] 收到目标 cx=1220.0, cy=1080.0, mono=320.0m -> 解算绝对角度: Az=356.81°, El=28.50°
[Phase 3: 预测控制] 目标当前估算Az=356.81°, 速度=0.91°/s
                   -> 打提前量(0.3s后)Az=357.08°, El=28.50° | 下发云台指令: Az=87.08°, El=28.50°

[Phase 1: 视觉解析] 收到目标 cx=1233.3, cy=1080.0, mono=320.0m -> 解算绝对角度: Az=356.87°, El=28.50°
[Phase 3: 预测控制] 目标当前估算Az=356.87°, 速度=0.91°/s
                   -> 打提前量(0.3s后)Az=357.14°, El=28.50° | 下发云台指令: Az=87.14°, El=28.50°

[Phase 1: 视觉解析] 收到目标 cx=1246.7, cy=1080.0, mono=320.0m -> 解算绝对角度: Az=356.93°, El=28.50°
[Phase 3: 预测控制] 目标当前估算Az=356.93°, 速度=0.91°/s
                   -> 打提前量(0.3s后)Az=357.21°, El=28.50° | 下发云台指令: Az=87.21°, El=28.50°

[Phase 1: 视觉解析] 收到目标 cx=1260.0, cy=1080.0, mono=320.0m -> 解算绝对角度: Az=356.99°, El=28.50°
[Phase 3: 预测控制] 目标当前估算Az=356.99°, 速度=0.91°/s
                   -> 打提前量(0.3s后)Az=357.26°, El=28.50° | 下发云台指令: Az=87.26°, El=28.50°
[GimbalAtt] cmd_id=9, elapsed=0.377s, actual_ctrl=(Az=85.90°, El=27.80°), actual_ui=(Az=355.90°, El=27.80°), target_ctrl=(Az=86.47°, El=28.50°), err=(dAz=0.57°, dEl=0.70°)
[GimbalCmd] preempt cmd_id=12, track_id=1, mode=axis_update, axes=Az, target_ctrl=(Az=87.21°, El=28.50°), delta=(dAz=0.74°, dEl=0.00°, total=0.74°)

[Phase 1: 视觉解析] 收到目标 cx=1273.3, cy=1080.0, mono=320.0m -> 解算绝对角度: Az=357.05°, El=28.50°
[Phase 3: 预测控制] 目标当前估算Az=357.05°, 速度=0.91°/s
                   -> 打提前量(0.3s后)Az=357.32°, El=28.50° | 下发云台指令: Az=87.32°, El=28.50°

[Phase 1: 视觉解析] 收到目标 cx=1286.7, cy=1080.0, mono=320.0m -> 解算绝对角度: Az=357.11°, El=28.50°
[Phase 3: 预测控制] 目标当前估算Az=357.12°, 速度=0.91°/s
                   -> 打提前量(0.3s后)Az=357.39°, El=28.50° | 下发云台指令: Az=87.39°, El=28.50°

[Phase 1: 视觉解析] 收到目标 cx=1300.0, cy=1080.0, mono=320.0m -> 解算绝对角度: Az=357.17°, El=28.50°
[Phase 3: 预测控制] 目标当前估算Az=357.17°, 速度=0.91°/s[GimbalAtt] cmd_id=12, elapsed=0.000s, actual_ctrl=(Az=87.10°, El=28.60°), actual_ui=(Az=357.10°, El=28.60°), target_ctrl=(Az=87.21°, El=28.50°), err=(dAz=0.11°, dEl=0.10°)
[GimbalSettled] cmd_id=12, track_id=1, settle_time=0.000s, actual_ctrl=(Az=87.10°, El=28.60°), target_ctrl=(Az=87.21°, El=28.50°), err=(dAz=0.11°, dEl=0.10°)

                   -> 打提前量(0.3s后)Az=357.45°, El=28.50° | 下发云台指令: Az=87.45°, El=28.50°
[Laser] No valid laser distance, use mono distance
[GimbalCmd] cmd_id=13, track_id=1, target_ctrl=(Az=87.45°, El=28.50°)

[Phase 1: 视觉解析] 收到目标 cx=1313.3, cy=1080.0, mono=320.0m -> 解算绝对角度: Az=357.24°, El=28.50°
[Phase 3: 预测控制] 目标当前估算Az=357.24°, 速度=0.91°/s
                   -> 打提前量(0.3s后)Az=357.51°, El=28.50° | 下发云台指令: Az=87.51°, El=28.50°

[Phase 1: 视觉解析] 收到目标 cx=1326.7, cy=1080.0, mono=320.0m -> 解算绝对角度: Az=357.30°, El=28.50°
[Phase 3: 预测控制] 目标当前估算Az=357.29°, 速度=0.91°/s
                   -> 打提前量(0.3s后)Az=357.57°, El=28.50° | 下发云台指令: Az=87.57°, El=28.50°

[Phase 1: 视觉解析] 收到目标 cx=1340.0, cy=1080.0, mono=320.0m -> 解算绝对角度: Az=357.36°, El=28.50°
[TargetKeep] reason=lock_timer_expired, master_id=1, score=4.58, candidates=id=1, score=4.58, speed=0.91deg/s, dist=0.28deg, hits=49, stab=2.44, hold=1.15x
[Phase 3: 预测控制] 目标当前估算Az=357.36°, 速度=0.91°/s
                   -> 打提前量(0.3s后)Az=357.63°, El=28.50° | 下发云台指令: Az=87.63°, El=28.50°

[Phase 1: 视觉解析] 收到目标 cx=1353.3, cy=1080.0, mono=320.0m -> 解算绝对角度: Az=357.42°, El=28.50°
[Phase 3: 预测控制] 目标当前估算Az=357.42°, 速度=0.91°/s
                   -> 打提前量(0.3s后)Az=357.69°, El=28.50° | 下发云台指令: Az=87.69°, El=28.50°

[Phase 1: 视觉解析] 收到目标 cx=1366.7, cy=1080.0, mono=320.0m -> 解算绝对角度: Az=357.48°, El=28.50°
[Phase 3: 预测控制] 目标当前估算Az=357.48°, 速度=0.91°/s
                   -> 打提前量(0.3s后)Az=357.75°, El=28.50° | 下发云台指令: Az=87.75°, El=28.50°
[GimbalAtt] cmd_id=13, elapsed=0.000s, actual_ctrl=(Az=87.10°, El=28.60°), actual_ui=(Az=357.10°, El=28.60°), target_ctrl=(Az=87.45°, El=28.50°), err=(dAz=0.35°, dEl=0.10°)

[Phase 1: 视觉解析] 收到目标 cx=1380.0, cy=1080.0, mono=320.0m -> 解算绝对角度: Az=357.54°, El=28.50°
[Phase 3: 预测控制] 目标当前估算Az=357.54°, 速度=0.91°/s
                   -> 打提前量(0.3s后)Az=357.81°, El=28.50° | 下发云台指令: Az=87.81°, El=28.50°

[Phase 1: 视觉解析] 收到目标 cx=1393.3, cy=1080.0, mono=320.0m -> 解算绝对角度: Az=357.60°, El=28.50°
[Phase 3: 预测控制] 目标当前估算Az=357.60°, 速度=0.91°/s
                   -> 打提前量(0.3s后)Az=357.87°, El=28.50° | 下发云台指令: Az=87.87°, El=28.50°

[Phase 1: 视觉解析] 收到目标 cx=1406.7, cy=1080.0, mono=320.0m -> 解算绝对角度: Az=357.66°, El=28.50°
[Phase 3: 预测控制] 目标当前估算Az=357.66°, 速度=0.91°/s
                   -> 打提前量(0.3s后)Az=357.93°, El=28.50° | 下发云台指令: Az=87.93°, El=28.50°

[Phase 1: 视觉解析] 收到目标 cx=1420.0, cy=1080.0, mono=320.0m -> 解算绝对角度: Az=357.72°, El=28.50°
[Phase 3: 预测控制] 目标当前估算Az=357.72°, 速度=0.91°/s
                   -> 打提前量(0.3s后)Az=358.00°, El=28.50° | 下发云台指令: Az=88.00°, El=28.50°
[GimbalAtt] cmd_id=13, elapsed=0.382s, actual_ctrl=(Az=87.10°, El=28.60°), actual_ui=(Az=357.10°, El=28.60°), target_ctrl=(Az=87.45°, El=28.50°), err=(dAz=0.35°, dEl=0.10°)
[GimbalCmd] preempt cmd_id=15, track_id=1, mode=axis_update, axes=Az, target_ctrl=(Az=87.93°, El=28.50°), delta=(dAz=0.49°, dEl=0.00°, total=0.49°)

[Phase 1: 视觉解析] 收到目标 cx=1433.3, cy=1080.0, mono=320.0m -> 解算绝对角度: Az=357.78°, El=28.50°
[Phase 3: 预测控制] 目标当前估算Az=357.79°, 速度=0.91°/s
                   -> 打提前量(0.3s后)Az=358.06°, El=28.50° | 下发云台指令: Az=88.06°, El=28.50°

[Phase 1: 视觉解析] 收到目标 cx=1446.7, cy=1080.0, mono=320.0m -> 解算绝对角度: Az=357.84°, El=28.50°
[Phase 3: 预测控制] 目标当前估算Az=357.84°, 速度=0.91°/s
                   -> 打提前量(0.3s后)Az=358.11°, El=28.50° | 下发云台指令: Az=88.11°, El=28.50°

[Phase 1: 视觉解析] 收到目标 cx=1460.0, cy=1080.0, mono=320.0m -> 解算绝对角度: Az=357.90°, El=28.50°
[Phase 3: 预测控制] 目标当前估算Az=357.90°, 速度=0.91°/s
                   -> 打提前量(0.3s后)Az=358.17°, El=28.50° | 下发云台指令: Az=88.17°, El=28.50°

[Phase 1: 视觉解析] 收到目标 cx=1473.3, cy=1080.0, mono=320.0m -> 解算绝对角度: Az=357.96°, El=28.50°
[Phase 3: 预测控制] 目标当前估算Az=357.97°, 速度=0.91°/s
                   -> 打提前量(0.3s后)Az=358.24°, El=28.50° | 下发云台指令: Az=88.24°, El=28.50°
[GimbalAtt] cmd_id=15, elapsed=0.000s, actual_ctrl=(Az=87.10°, El=28.60°), actual_ui=(Az=357.10°, El=28.60°), target_ctrl=(Az=87.93°, El=28.50°), err=(dAz=0.83°, dEl=0.10°)

[Phase 1: 视觉解析] 收到目标 cx=1486.7, cy=1080.0, mono=320.0m -> 解算绝对角度: Az=358.03°, El=28.50°
[Phase 3: 预测控制] 目标当前估算Az=358.03°, 速度=0.91°/s
                   -> 打提前量(0.3s后)Az=358.30°, El=28.50° | 下发云台指令: Az=88.30°, El=28.50°

[Phase 1: 视觉解析] 收到目标 cx=1500.0, cy=1080.0, mono=320.0m -> 解算绝对角度: Az=358.09°, El=28.50°
[Phase 3: 预测控制] 目标当前估算Az=358.08°, 速度=0.91°/s
                   -> 打提前量(0.3s后)Az=358.36°, El=28.50° | 下发云台指令: Az=88.36°, El=28.50°

[Phase 1: 视觉解析] 收到目标 cx=1513.3, cy=1080.0, mono=320.0m -> 解算绝对角度: Az=358.15°, El=28.50°
[Phase 3: 预测控制] 目标当前估算Az=358.14°, 速度=0.91°/s
                   -> 打提前量(0.3s后)Az=358.42°, El=28.50° | 下发云台指令: Az=88.42°, El=28.50°

[Phase 1: 视觉解析] 收到目标 cx=1526.7, cy=1080.0, mono=320.0m -> 解算绝对角度: Az=358.21°, El=28.50°
[Phase 3: 预测控制] 目标当前估算Az=358.21°, 速度=0.91°/s
                   -> 打提前量(0.3s后)Az=358.48°, El=28.50° | 下发云台指令: Az=88.48°, El=28.50°
[Stats] recv_objs_total=63, recv_unique_boxes=63 | ui_send_total=61, ui_unique_ids=1, ui_id_counts=1:61

[Phase 1: 视觉解析] 收到目标 cx=1540.0, cy=1080.0, mono=320.0m -> 解算绝对角度: Az=358.27°, El=28.50°
[Phase 3: 预测控制] 目标当前估算Az=358.27°, 速度=0.91°/s
                   -> 打提前量(0.3s后)Az=358.54°, El=28.50° | 下发云台指令: Az=88.54°, El=28.50°

[Phase 1: 视觉解析] 收到目标 cx=1553.3, cy=1080.0, mono=320.0m -> 解算绝对角度: Az=358.33°, El=28.50°
[Phase 3: 预测控制] 目标当前估算Az=358.33°, 速度=0.91°/s
                   -> 打提前量(0.3s后)Az=358.60°, El=28.50° | 下发云台指令: Az=88.60°, El=28.50°
[GimbalAtt] cmd_id=15, elapsed=0.282s, actual_ctrl=(Az=87.90°, El=28.60°), actual_ui=(Az=357.90°, El=28.60°), target_ctrl=(Az=87.93°, El=28.50°), err=(dAz=0.03°, dEl=0.10°)
[GimbalSettled] cmd_id=15, track_id=1, settle_time=0.282s, actual_ctrl=(Az=87.90°, El=28.60°), target_ctrl=(Az=87.93°, El=28.50°), err=(dAz=0.03°, dEl=0.10°)
[Laser] No valid laser distance, use mono distance
[GimbalCmd] cmd_id=17, track_id=1, target_ctrl=(Az=88.42°, El=28.50°)

[Phase 1: 视觉解析] 收到目标 cx=1566.7, cy=1080.0, mono=320.0m -> 解算绝对角度: Az=358.39°, El=28.50°
[Phase 3: 预测控制] 目标当前估算Az=358.39°, 速度=0.91°/s
                   -> 打提前量(0.3s后)Az=358.66°, El=28.50° | 下发云台指令: Az=88.66°, El=28.50°

[Phase 1: 视觉解析] 收到目标 cx=1580.0, cy=1080.0, mono=320.0m -> 解算绝对角度: Az=358.45°, El=28.50°
[Phase 3: 预测控制] 目标当前估算Az=358.45°, 速度=0.91°/s
                   -> 打提前量(0.3s后)Az=358.73°, El=28.50° | 下发云台指令: Az=88.73°, El=28.50°

[Phase 1: 视觉解析] 收到目标 cx=1593.3, cy=1080.0, mono=320.0m -> 解算绝对角度: Az=358.51°, El=28.50°
[Phase 3: 预测控制] 目标当前估算Az=358.51°, 速度=0.91°/s
                   -> 打提前量(0.3s后)Az=358.78°, El=28.50° | 下发云台指令: Az=88.78°, El=28.50°

[Phase 1: 视觉解析] 收到目标 cx=1606.7, cy=1080.0, mono=320.0m -> 解算绝对角度: Az=358.57°, El=28.50°
[Phase 3: 预测控制] 目标当前估算Az=358.57°, 速度=0.91°/s
                   -> 打提前量(0.3s后)Az=358.84°, El=28.50° | 下发云台指令: Az=88.84°, El=28.50°

[Phase 1: 视觉解析] 收到目标 cx=1620.0, cy=1080.0, mono=320.0m -> 解算绝对角度: Az=358.63°, El=28.50°
[Phase 3: 预测控制] 目标当前估算Az=358.63°, 速度=0.91°/s
                   -> 打提前量(0.3s后)Az=358.91°, El=28.50° | 下发云台指令: Az=88.91°, El=28.50°
[GimbalAtt] cmd_id=17, elapsed=0.000s, actual_ctrl=(Az=87.90°, El=28.60°), actual_ui=(Az=357.90°, El=28.60°), target_ctrl=(Az=88.42°, El=28.50°), err=(dAz=0.52°, dEl=0.10°)
[GimbalCmd] preempt cmd_id=19, track_id=1, mode=axis_update, axes=Az, target_ctrl=(Az=88.91°, El=28.50°), delta=(dAz=0.49°, dEl=0.00°, total=0.49°)

[Phase 1: 视觉解析] 收到目标 cx=1633.3, cy=1080.0, mono=320.0m -> 解算绝对角度: Az=358.69°, El=28.50°
[Phase 3: 预测控制] 目标当前估算Az=358.70°, 速度=0.91°/s
                   -> 打提前量(0.3s后)Az=358.97°, El=28.50° | 下发云台指令: Az=88.97°, El=28.50°

[Phase 1: 视觉解析] 收到目标 cx=1646.7, cy=1080.0, mono=320.0m -> 解算绝对角度: Az=358.75°, El=28.50°
[TargetKeep] reason=lock_timer_expired, master_id=1, score=3.91, candidates=id=1, score=3.91, speed=0.91deg/s, dist=0.86deg, hits=72, stab=2.44, hold=1.15x
[Phase 3: 预测控制] 目标当前估算Az=358.75°, 速度=0.91°/s
                   -> 打提前量(0.3s后)Az=359.03°, El=28.50° | 下发云台指令: Az=89.03°, El=28.50°

[Phase 1: 视觉解析] 收到目标 cx=1660.0, cy=1080.0, mono=320.0m -> 解算绝对角度: Az=358.82°, El=28.50°
[Phase 3: 预测控制] 目标当前估算Az=358.82°, 速度=0.91°/s
                   -> 打提前量(0.3s后)Az=359.09°, El=28.50° | 下发云台指令: Az=89.09°, El=28.50°

[Phase 1: 视觉解析] 收到目标 cx=1673.3, cy=1080.0, mono=320.0m -> 解算绝对角度: Az=358.88°, El=28.50°
[Phase 3: 预测控制] 目标当前估算Az=358.87°, 速度=0.91°/s
                   -> 打提前量(0.3s后)Az=359.15°, El=28.50° | 下发云台指令: Az=89.15°, El=28.50°

[Phase 1: 视觉解析] 收到目标 cx=1686.7, cy=1080.0, mono=320.0m -> 解算绝对角度: Az=358.94°, El=28.50°
[Phase 3: 预测控制] 目标当前估算Az=358.94°, 速度=0.91°/s
                   -> 打提前量(0.3s后)Az=359.21°, El=28.50° | 下发云台指令: Az=89.21°, El=28.50°

[Phase 1: 视觉解析] 收到目标 cx=1700.0, cy=1080.0, mono=320.0m -> 解算绝对角度: Az=359.00°, El=28.50°
[Phase 3: 预测控制] 目标当前估算Az=359.00°, 速度=0.91°/s
                   -> 打提前量(0.3s后)Az=359.27°, El=28.50° | 下发云台指令: Az=89.27°, El=28.50°
[GimbalAtt] cmd_id=19, elapsed=0.000s, actual_ctrl=(Az=87.90°, El=28.60°), actual_ui=(Az=357.90°, El=28.60°), target_ctrl=(Az=88.91°, El=28.50°), err=(dAz=1.01°, dEl=0.10°)

[Phase 1: 视觉解析] 收到目标 cx=1713.3, cy=1080.0, mono=320.0m -> 解算绝对角度: Az=359.06°, El=28.50°
[Phase 3: 预测控制] 目标当前估算Az=359.06°, 速度=0.91°/s
                   -> 打提前量(0.3s后)Az=359.33°, El=28.50° | 下发云台指令: Az=89.33°, El=28.50°

[Phase 1: 视觉解析] 收到目标 cx=1726.7, cy=1080.0, mono=320.0m -> 解算绝对角度: Az=359.12°, El=28.50°
[Phase 3: 预测控制] 目标当前估算Az=359.12°, 速度=0.91°/s
                   -> 打提前量(0.3s后)Az=359.39°, El=28.50° | 下发云台指令: Az=89.39°, El=28.50°

[Phase 1: 视觉解析] 收到目标 cx=1740.0, cy=1080.0, mono=320.0m -> 解算绝对角度: Az=359.18°, El=28.50°
[Phase 3: 预测控制] 目标当前估算Az=359.18°, 速度=0.91°/s
                   -> 打提前量(0.3s后)Az=359.45°, El=28.50° | 下发云台指令: Az=89.45°, El=28.50°

[Phase 1: 视觉解析] 收到目标 cx=1753.3, cy=1080.0, mono=320.0m -> 解算绝对角度: Az=359.24°, El=28.50°
[Phase 3: 预测控制] 目标当前估算Az=359.24°, 速度=0.91°/s
                   -> 打提前量(0.3s后)Az=359.52°, El=28.50° | 下发云台指令: Az=89.52°, El=28.50°
[GimbalAtt] cmd_id=19, elapsed=0.375s, actual_ctrl=(Az=88.90°, El=28.60°), actual_ui=(Az=358.90°, El=28.60°), target_ctrl=(Az=88.91°, El=28.50°), err=(dAz=0.01°, dEl=0.10°)
[GimbalSettled] cmd_id=19, track_id=1, settle_time=0.375s, actual_ctrl=(Az=88.90°, El=28.60°), target_ctrl=(Az=88.91°, El=28.50°), err=(dAz=0.01°, dEl=0.10°)
[Laser] No valid laser distance, use mono distance
[GimbalCmd] cmd_id=21, track_id=1, target_ctrl=(Az=89.39°, El=28.50°)

[Phase 1: 视觉解析] 收到目标 cx=1766.7, cy=1080.0, mono=320.0m -> 解算绝对角度: Az=359.30°, El=28.50°
[Phase 3: 预测控制] 目标当前估算Az=359.31°, 速度=0.91°/s
                   -> 打提前量(0.3s后)Az=359.58°, El=28.50° | 下发云台指令: Az=89.58°, El=28.50°

[Phase 1: 视觉解析] 收到目标 cx=1780.0, cy=1080.0, mono=320.0m -> 解算绝对角度: Az=359.36°, El=28.50°
[Phase 3: 预测控制] 目标当前估算Az=359.36°, 速度=0.91°/s
                   -> 打提前量(0.3s后)Az=359.64°, El=28.50° | 下发云台指令: Az=89.64°, El=28.50°

[Phase 1: 视觉解析] 收到目标 cx=1793.3, cy=1080.0, mono=320.0m -> 解算绝对角度: Az=359.42°, El=28.50°
[Phase 3: 预测控制] 目标当前估算Az=359.42°, 速度=0.91°/s
                   -> 打提前量(0.3s后)Az=359.69°, El=28.50° | 下发云台指令: Az=89.69°, El=28.50°

[Phase 1: 视觉解析] 收到目标 cx=1806.7, cy=1080.0, mono=320.0m -> 解算绝对角度: Az=359.48°, El=28.50°
[Phase 3: 预测控制] 目标当前估算Az=359.48°, 速度=0.91°/s
                   -> 打提前量(0.3s后)Az=359.75°, El=28.50° | 下发云台指令: Az=89.75°, El=28.50°

[Phase 1: 视觉解析] 收到目标 cx=1820.0, cy=1080.0, mono=320.0m -> 解算绝对角度: Az=359.54°, El=28.50°
[Phase 3: 预测控制] 目标当前估算Az=359.54°, 速度=0.91°/s
                   -> 打提前量(0.3s后)Az=359.81°, El=28.50° | 下发云台指令: Az=89.81°, El=28.50°
[GimbalAtt] cmd_id=21, elapsed=0.000s, actual_ctrl=(Az=88.90°, El=28.60°), actual_ui=(Az=358.90°, El=28.60°), target_ctrl=(Az=89.39°, El=28.50°), err=(dAz=0.49°, dEl=0.10°)

[Phase 1: 视觉解析] 收到目标 cx=1833.3, cy=1080.0, mono=320.0m -> 解算绝对角度: Az=359.61°, El=28.50°
[Phase 3: 预测控制] 目标当前估算Az=359.60°, 速度=0.91°/s
                   -> 打提前量(0.3s后)Az=359.88°, El=28.50° | 下发云台指令: Az=89.88°, El=28.50°

[Phase 1: 视觉解析] 收到目标 cx=1846.7, cy=1080.0, mono=320.0m -> 解算绝对角度: Az=359.67°, El=28.50°
[Phase 3: 预测控制] 目标当前估算Az=359.67°, 速度=0.91°/s
                   -> 打提前量(0.3s后)Az=359.94°, El=28.50° | 下发云台指令: Az=89.94°, El=28.50°

[Phase 1: 视觉解析] 收到目标 cx=1860.0, cy=1080.0, mono=320.0m -> 解算绝对角度: Az=359.73°, El=28.50°
[Phase 3: 预测控制] 目标当前估算Az=359.73°, 速度=0.91°/s
                   -> 打提前量(0.3s后)Az=360.00°, El=28.50° | 下发云台指令: Az=90.00°, El=28.50°

[Phase 1: 视觉解析] 收到目标 cx=1873.3, cy=1080.0, mono=320.0m -> 解算绝对角度: Az=359.79°, El=28.50°
[Phase 3: 预测控制] 目标当前估算Az=359.79°, 速度=0.91°/s
                   -> 打提前量(0.3s后)Az=0.06°, El=28.50° | 下发云台指令: Az=90.06°, El=28.50°
[GimbalAtt] cmd_id=21, elapsed=0.359s, actual_ctrl=(Az=89.20°, El=28.60°), actual_ui=(Az=359.20°, El=28.60°), target_ctrl=(Az=89.39°, El=28.50°), err=(dAz=0.19°, dEl=0.10°)
[GimbalSettled] cmd_id=21, track_id=1, settle_time=0.359s, actual_ctrl=(Az=89.20°, El=28.60°), target_ctrl=(Az=89.39°, El=28.50°), err=(dAz=0.19°, dEl=0.10°)
[Laser] No valid laser distance, use mono distance
[GimbalCmd] cmd_id=23, track_id=1, target_ctrl=(Az=89.88°, El=28.50°)

[Phase 1: 视觉解析] 收到目标 cx=1886.7, cy=1080.0, mono=320.0m -> 解算绝对角度: Az=359.85°, El=28.50°
[Phase 3: 预测控制] 目标当前估算Az=359.85°, 速度=0.91°/s
                   -> 打提前量(0.3s后)Az=0.12°, El=28.50° | 下发云台指令: Az=90.12°, El=28.50°

[Phase 1: 视觉解析] 收到目标 cx=1900.0, cy=1080.0, mono=320.0m -> 解算绝对角度: Az=359.91°, El=28.50°
[Phase 3: 预测控制] 目标当前估算Az=359.92°, 速度=0.91°/s
                   -> 打提前量(0.3s后)Az=0.19°, El=28.50° | 下发云台指令: Az=90.19°, El=28.50°

[Phase 1: 视觉解析] 收到目标 cx=1913.3, cy=1080.0, mono=320.0m -> 解算绝对角度: Az=359.97°, El=28.50°
[Phase 3: 预测控制] 目标当前估算Az=359.97°, 速度=0.91°/s
                   -> 打提前量(0.3s后)Az=0.24°, El=28.50° | 下发云台指令: Az=90.24°, El=28.50°

[Phase 1: 视觉解析] 收到目标 cx=1926.7, cy=1080.0, mono=320.0m -> 解算绝对角度: Az=0.03°, El=28.50°
[Phase 3: 预测控制] 目标当前估算Az=0.03°, 速度=0.91°/s
                   -> 打提前量(0.3s后)Az=0.30°, El=28.50° | 下发云台指令: Az=90.30°, El=28.50°
[Stats] recv_objs_total=93, recv_unique_boxes=93 | ui_send_total=91, ui_unique_ids=1, ui_id_counts=1:91

[Phase 1: 视觉解析] 收到目标 cx=1940.0, cy=1080.0, mono=320.0m -> 解算绝对角度: Az=0.09°, El=28.50°
[Phase 3: 预测控制] 目标当前估算Az=0.09°, 速度=0.91°/s
                   -> 打提前量(0.3s后)Az=0.36°, El=28.50° | 下发云台指令: Az=90.36°, El=28.50°
[GimbalAtt] cmd_id=23, elapsed=0.000s, actual_ctrl=(Az=89.20°, El=28.60°), actual_ui=(Az=359.20°, El=28.60°), target_ctrl=(Az=89.88°, El=28.50°), err=(dAz=0.68°, dEl=0.10°)
[GimbalCmd] preempt cmd_id=25, track_id=1, mode=axis_update, axes=Az, target_ctrl=(Az=90.36°, El=28.50°), delta=(dAz=0.48°, dEl=0.00°, total=0.48°)

[Phase 1: 视觉解析] 收到目标 cx=1953.3, cy=1080.0, mono=320.0m -> 解算绝对角度: Az=0.15°, El=28.50°
[TargetKeep] reason=lock_timer_expired, master_id=1, score=3.79, candidates=id=1, score=3.79, speed=0.91deg/s, dist=0.96deg, hits=95, stab=2.44, hold=1.15x
[Phase 3: 预测控制] 目标当前估算Az=0.15°, 速度=0.91°/s
                   -> 打提前量(0.3s后)Az=0.43°, El=28.50° | 下发云台指令: Az=90.43°, El=28.50°

[Phase 1: 视觉解析] 收到目标 cx=1966.7, cy=1080.0, mono=320.0m -> 解算绝对角度: Az=0.21°, El=28.50°
[Phase 3: 预测控制] 目标当前估算Az=0.21°, 速度=0.91°/s
                   -> 打提前量(0.3s后)Az=0.48°, El=28.50° | 下发云台指令: Az=90.48°, El=28.50°

[Phase 1: 视觉解析] 收到目标 cx=1980.0, cy=1080.0, mono=320.0m -> 解算绝对角度: Az=0.27°, El=28.50°
[Phase 3: 预测控制] 目标当前估算Az=0.27°, 速度=0.91°/s
                   -> 打提前量(0.3s后)Az=0.55°, El=28.50° | 下发云台指令: Az=90.55°, El=28.50°

[Phase 1: 视觉解析] 收到目标 cx=1993.3, cy=1080.0, mono=320.0m -> 解算绝对角度: Az=0.33°, El=28.50°
[Phase 3: 预测控制] 目标当前估算Az=0.33°, 速度=0.91°/s
                   -> 打提前量(0.3s后)Az=0.61°, El=28.50° | 下发云台指令: Az=90.61°, El=28.50°

[Phase 1: 视觉解析] 收到目标 cx=2006.7, cy=1080.0, mono=320.0m -> 解算绝对角度: Az=0.39°, El=28.50°
[Phase 3: 预测控制] 目标当前估算Az=0.39°, 速度=0.91°/s
                   -> 打提前量(0.3s后)Az=0.67°, El=28.50° | 下发云台指令: Az=90.67°, El=28.50°

[Phase 1: 视觉解析] 收到目标 cx=2020.0, cy=1080.0, mono=320.0m -> 解算绝对角度: Az=0.46°, El=28.50°
[Phase 3: 预测控制] 目标当前估算Az=0.45°, 速度=0.91°/s
                   -> 打提前量(0.3s后)Az=0.73°, El=28.50° | 下发云台指令: Az=90.73°, El=28.50°
[GimbalAtt] cmd_id=25, elapsed=0.000s, actual_ctrl=(Az=89.20°, El=28.60°), actual_ui=(Az=359.20°, El=28.60°), target_ctrl=(Az=90.36°, El=28.50°), err=(dAz=1.16°, dEl=0.10°)

[Phase 1: 视觉解析] 收到目标 cx=2033.3, cy=1080.0, mono=320.0m -> 解算绝对角度: Az=0.52°, El=28.50°
[Phase 3: 预测控制] 目标当前估算Az=0.52°, 速度=0.91°/s
                   -> 打提前量(0.3s后)Az=0.79°, El=28.50° | 下发云台指令: Az=90.79°, El=28.50°

[Phase 1: 视觉解析] 收到目标 cx=2046.7, cy=1080.0, mono=320.0m -> 解算绝对角度: Az=0.58°, El=28.50°
[Phase 3: 预测控制] 目标当前估算Az=0.58°, 速度=0.91°/s
                   -> 打提前量(0.3s后)Az=0.85°, El=28.50° | 下发云台指令: Az=90.85°, El=28.50°

[Phase 1: 视觉解析] 收到目标 cx=2060.0, cy=1080.0, mono=320.0m -> 解算绝对角度: Az=0.64°, El=28.50°
[Phase 3: 预测控制] 目标当前估算Az=0.64°, 速度=0.91°/s
                   -> 打提前量(0.3s后)Az=0.91°, El=28.50° | 下发云台指令: Az=90.91°, El=28.50°

[Phase 1: 视觉解析] 收到目标 cx=2073.3, cy=1080.0, mono=320.0m -> 解算绝对角度: Az=0.70°, El=28.50°
[Phase 3: 预测控制] 目标当前估算Az=0.70°, 速度=0.91°/s
                   -> 打提前量(0.3s后)Az=0.97°, El=28.50° | 下发云台指令: Az=90.97°, El=28.50°
[GimbalAtt] cmd_id=25, elapsed=0.374s, actual_ctrl=(Az=90.30°, El=28.60°), actual_ui=(Az=0.30°, El=28.60°), target_ctrl=(Az=90.36°, El=28.50°), err=(dAz=0.06°, dEl=0.10°)
[GimbalSettled] cmd_id=25, track_id=1, settle_time=0.374s, actual_ctrl=(Az=90.30°, El=28.60°), target_ctrl=(Az=90.36°, El=28.50°), err=(dAz=0.06°, dEl=0.10°)
[Laser] No valid laser distance, use mono distance
[GimbalCmd] cmd_id=27, track_id=1, target_ctrl=(Az=90.85°, El=28.50°)

[Phase 1: 视觉解析] 收到目标 cx=2086.7, cy=1080.0, mono=320.0m -> 解算绝对角度: Az=0.76°, El=28.50°
[Phase 3: 预测控制] 目标当前估算Az=0.76°, 速度=0.91°/s
                   -> 打提前量(0.3s后)Az=1.03°, El=28.50° | 下发云台指令: Az=91.03°, El=28.50°

[Phase 1: 视觉解析] 收到目标 cx=2100.0, cy=1080.0, mono=320.0m -> 解算绝对角度: Az=0.82°, El=28.50°
[Phase 3: 预测控制] 目标当前估算Az=0.82°, 速度=0.91°/s
                   -> 打提前量(0.3s后)Az=1.09°, El=28.50° | 下发云台指令: Az=91.09°, El=28.50°

[Phase 1: 视觉解析] 收到目标 cx=2113.3, cy=1080.0, mono=320.0m -> 解算绝对角度: Az=0.88°, El=28.50°
[Phase 3: 预测控制] 目标当前估算Az=0.88°, 速度=0.91°/s
                   -> 打提前量(0.3s后)Az=1.16°, El=28.50° | 下发云台指令: Az=91.16°, El=28.50°

[Phase 1: 视觉解析] 收到目标 cx=2126.7, cy=1080.0, mono=320.0m -> 解算绝对角度: Az=0.94°, El=28.50°
[Phase 3: 预测控制] 目标当前估算Az=0.94°, 速度=0.91°/s
                   -> 打提前量(0.3s后)Az=1.21°, El=28.50° | 下发云台指令: Az=91.21°, El=28.50°

[Phase 1: 视觉解析] 收到目标 cx=2140.0, cy=1080.0, mono=320.0m -> 解算绝对角度: Az=1.00°, El=28.50°
[Phase 3: 预测控制] 目标当前估算Az=1.00°, 速度=0.91°/s
                   -> 打提前量(0.3s后)Az=1.28°, El=28.50° | 下发云台指令: Az=91.28°, El=28.50°
[GimbalAtt] cmd_id=27, elapsed=0.000s, actual_ctrl=(Az=90.30°, El=28.60°), actual_ui=(Az=0.30°, El=28.60°), target_ctrl=(Az=90.85°, El=28.50°), err=(dAz=0.55°, dEl=0.10°)

[Phase 1: 视觉解析] 收到目标 cx=2153.3, cy=1080.0, mono=320.0m -> 解算绝对角度: Az=1.06°, El=28.50°
[Phase 3: 预测控制] 目标当前估算Az=1.06°, 速度=0.91°/s
                   -> 打提前量(0.3s后)Az=1.34°, El=28.50° | 下发云台指令: Az=91.34°, El=28.50°

[Phase 1: 视觉解析] 收到目标 cx=2166.7, cy=1080.0, mono=320.0m -> 解算绝对角度: Az=1.12°, El=28.50°
[Phase 3: 预测控制] 目标当前估算Az=1.13°, 速度=0.91°/s
                   -> 打提前量(0.3s后)Az=1.40°, El=28.50° | 下发云台指令: Az=91.40°, El=28.50°

[Phase 1: 视觉解析] 收到目标 cx=2180.0, cy=1080.0, mono=320.0m -> 解算绝对角度: Az=1.18°, El=28.50°
[Phase 3: 预测控制] 目标当前估算Az=1.19°, 速度=0.91°/s
                   -> 打提前量(0.3s后)Az=1.46°, El=28.50° | 下发云台指令: Az=91.46°, El=28.50°

[Phase 1: 视觉解析] 收到目标 cx=2193.3, cy=1080.0, mono=320.0m -> 解算绝对角度: Az=1.25°, El=28.50°
[Phase 3: 预测控制] 目标当前估算Az=1.25°, 速度=0.91°/s
                   -> 打提前量(0.3s后)Az=1.52°, El=28.50° | 下发云台指令: Az=91.52°, El=28.50°
[GimbalAtt] cmd_id=27, elapsed=0.373s, actual_ctrl=(Az=90.80°, El=28.60°), actual_ui=(Az=0.80°, El=28.60°), target_ctrl=(Az=90.85°, El=28.50°), err=(dAz=0.05°, dEl=0.10°)
[GimbalSettled] cmd_id=27, track_id=1, settle_time=0.373s, actual_ctrl=(Az=90.80°, El=28.60°), target_ctrl=(Az=90.85°, El=28.50°), err=(dAz=0.05°, dEl=0.10°)
[Laser] No valid laser distance, use mono distance
[GimbalCmd] cmd_id=29, track_id=1, target_ctrl=(Az=91.34°, El=28.50°)

[Phase 1: 视觉解析] 收到目标 cx=2206.7, cy=1080.0, mono=320.0m -> 解算绝对角度: Az=1.31°, El=28.50°
[Phase 3: 预测控制] 目标当前估算Az=1.30°, 速度=0.91°/s
                   -> 打提前量(0.3s后)Az=1.58°, El=28.50° | 下发云台指令: Az=91.58°, El=28.50°

[Phase 1: 视觉解析] 收到目标 cx=2220.0, cy=1080.0, mono=320.0m -> 解算绝对角度: Az=1.37°, El=28.50°
[Phase 3: 预测控制] 目标当前估算Az=1.37°, 速度=0.91°/s
                   -> 打提前量(0.3s后)Az=1.64°, El=28.50° | 下发云台指令: Az=91.64°, El=28.50°

[Phase 1: 视觉解析] 收到目标 cx=2233.3, cy=1080.0, mono=320.0m -> 解算绝对角度: Az=1.43°, El=28.50°
[Phase 3: 预测控制] 目标当前估算Az=1.43°, 速度=0.91°/s
                   -> 打提前量(0.3s后)Az=1.70°, El=28.50° | 下发云台指令: Az=91.70°, El=28.50°

[Phase 1: 视觉解析] 收到目标 cx=2246.7, cy=1080.0, mono=320.0m -> 解算绝对角度: Az=1.49°, El=28.50°
[Phase 3: 预测控制] 目标当前估算Az=1.48°, 速度=0.91°/s
                   -> 打提前量(0.3s后)Az=1.76°, El=28.50° | 下发云台指令: Az=91.76°, El=28.50°

[Phase 1: 视觉解析] 收到目标 cx=2260.0, cy=1080.0, mono=320.0m -> 解算绝对角度: Az=1.55°, El=28.50°
[TargetKeep] reason=lock_timer_expired, master_id=1, score=4.02, candidates=id=1, score=4.02, speed=0.91deg/s, dist=0.76deg, hits=118, stab=2.44, hold=1.15x
[Phase 3: 预测控制] 目标当前估算Az=1.55°, 速度=0.91°/s
                   -> 打提前量(0.3s后)Az=1.83°, El=28.50° | 下发云台指令: Az=91.83°, El=28.50°
[GimbalAtt] cmd_id=29, elapsed=0.000s, actual_ctrl=(Az=90.80°, El=28.60°), actual_ui=(Az=0.80°, El=28.60°), target_ctrl=(Az=91.34°, El=28.50°), err=(dAz=0.54°, dEl=0.10°)
[GimbalCmd] preempt cmd_id=31, track_id=1, mode=axis_update, axes=Az, target_ctrl=(Az=91.83°, El=28.50°), delta=(dAz=0.49°, dEl=0.00°, total=0.49°)

[Phase 1: 视觉解析] 收到目标 cx=2273.3, cy=1080.0, mono=320.0m -> 解算绝对角度: Az=1.61°, El=28.50°
[Phase 3: 预测控制] 目标当前估算Az=1.62°, 速度=0.91°/s
                   -> 打提前量(0.3s后)Az=1.89°, El=28.50° | 下发云台指令: Az=91.89°, El=28.50°

[Phase 1: 视觉解析] 收到目标 cx=2286.7, cy=1080.0, mono=320.0m -> 解算绝对角度: Az=1.67°, El=28.50°
[Phase 3: 预测控制] 目标当前估算Az=1.67°, 速度=0.91°/s
                   -> 打提前量(0.3s后)Az=1.94°, El=28.50° | 下发云台指令: Az=91.94°, El=28.50°

[Phase 1: 视觉解析] 收到目标 cx=2300.0, cy=1080.0, mono=320.0m -> 解算绝对角度: Az=1.73°, El=28.50°
[Phase 3: 预测控制] 目标当前估算Az=1.73°, 速度=0.91°/s
                   -> 打提前量(0.3s后)Az=2.00°, El=28.50° | 下发云台指令: Az=92.00°, El=28.50°

[Phase 1: 视觉解析] 收到目标 cx=2313.3, cy=1080.0, mono=320.0m -> 解算绝对角度: Az=1.79°, El=28.50°
[Phase 3: 预测控制] 目标当前估算Az=1.79°, 速度=0.91°/s
                   -> 打提前量(0.3s后)Az=2.06°, El=28.50° | 下发云台指令: Az=92.06°, El=28.50°

[Phase 1: 视觉解析] 收到目标 cx=2326.7, cy=1080.0, mono=320.0m -> 解算绝对角度: Az=1.85°, El=28.50°
[Phase 3: 预测控制] 目标当前估算Az=1.85°, 速度=0.91°/s
                   -> 打提前量(0.3s后)Az=2.12°, El=28.50° | 下发云台指令: Az=92.12°, El=28.50°

[Phase 1: 视觉解析] 收到目标 cx=2340.0, cy=1080.0, mono=320.0m -> 解算绝对角度: Az=1.91°, El=28.50°
[Phase 3: 预测控制] 目标当前估算Az=1.91°, 速度=0.91°/s
                   -> 打提前量(0.3s后)Az=2.19°, El=28.50° | 下发云台指令: Az=92.19°, El=28.50°
[Stats] recv_objs_total=124, recv_unique_boxes=124 | ui_send_total=122, ui_unique_ids=1, ui_id_counts=1:122
[GimbalAtt] cmd_id=31, elapsed=0.000s, actual_ctrl=(Az=90.80°, El=28.60°), actual_ui=(Az=0.80°, El=28.60°), target_ctrl=(Az=91.83°, El=28.50°), err=(dAz=1.03°, dEl=0.10°)

[Phase 1: 视觉解析] 收到目标 cx=2353.3, cy=1080.0, mono=320.0m -> 解算绝对角度: Az=1.97°, El=28.50°
[Phase 3: 预测控制] 目标当前估算Az=1.98°, 速度=0.91°/s
                   -> 打提前量(0.3s后)Az=2.25°, El=28.50° | 下发云台指令: Az=92.25°, El=28.50°

[Phase 1: 视觉解析] 收到目标 cx=2366.7, cy=1080.0, mono=320.0m -> 解算绝对角度: Az=2.04°, El=28.50°
[Phase 3: 预测控制] 目标当前估算Az=2.03°, 速度=0.91°/s
                   -> 打提前量(0.3s后)Az=2.31°, El=28.50° | 下发云台指令: Az=92.31°, El=28.50°

[Phase 1: 视觉解析] 收到目标 cx=2380.0, cy=1080.0, mono=320.0m -> 解算绝对角度: Az=2.10°, El=28.50°
[Phase 3: 预测控制] 目标当前估算Az=2.09°, 速度=0.91°/s
                   -> 打提前量(0.3s后)Az=2.37°, El=28.50° | 下发云台指令: Az=92.37°, El=28.50°

[Phase 1: 视觉解析] 收到目标 cx=2393.3, cy=1080.0, mono=320.0m -> 解算绝对角度: Az=2.16°, El=28.50°
[Phase 3: 预测控制] 目标当前估算Az=2.15°, 速度=0.91°/s
                   -> 打提前量(0.3s后)Az=2.43°, El=28.50° | 下发云台指令: Az=92.43°, El=28.50°
[GimbalAtt] cmd_id=31, elapsed=0.375s, actual_ctrl=(Az=91.70°, El=28.60°), actual_ui=(Az=1.70°, El=28.60°), target_ctrl=(Az=91.83°, El=28.50°), err=(dAz=0.13°, dEl=0.10°)
[GimbalSettled] cmd_id=31, track_id=1, settle_time=0.375s, actual_ctrl=(Az=91.70°, El=28.60°), target_ctrl=(Az=91.83°, El=28.50°), err=(dAz=0.13°, dEl=0.10°)
[Laser] No valid laser distance, use mono distance
[GimbalCmd] cmd_id=33, track_id=1, target_ctrl=(Az=92.31°, El=28.50°)

[Phase 1: 视觉解析] 收到目标 cx=2406.7, cy=1080.0, mono=320.0m -> 解算绝对角度: Az=2.22°, El=28.50°
[Phase 3: 预测控制] 目标当前估算Az=2.22°, 速度=0.92°/s
                   -> 打提前量(0.3s后)Az=2.49°, El=28.50° | 下发云台指令: Az=92.49°, El=28.50°

[Phase 1: 视觉解析] 收到目标 cx=2420.0, cy=1080.0, mono=320.0m -> 解算绝对角度: Az=2.28°, El=28.50°
[Phase 3: 预测控制] 目标当前估算Az=2.28°, 速度=0.91°/s
                   -> 打提前量(0.3s后)Az=2.56°, El=28.50° | 下发云台指令: Az=92.56°, El=28.50°

[Phase 1: 视觉解析] 收到目标 cx=2433.3, cy=1080.0, mono=320.0m -> 解算绝对角度: Az=2.34°, El=28.50°
[Phase 3: 预测控制] 目标当前估算Az=2.34°, 速度=0.91°/s
                   -> 打提前量(0.3s后)Az=2.61°, El=28.50° | 下发云台指令: Az=92.61°, El=28.50°

[Phase 1: 视觉解析] 收到目标 cx=2446.7, cy=1080.0, mono=320.0m -> 解算绝对角度: Az=2.40°, El=28.50°
[Phase 3: 预测控制] 目标当前估算Az=2.40°, 速度=0.91°/s
                   -> 打提前量(0.3s后)Az=2.67°, El=28.50° | 下发云台指令: Az=92.67°, El=28.50°

[Phase 1: 视觉解析] 收到目标 cx=2460.0, cy=1080.0, mono=320.0m -> 解算绝对角度: Az=2.46°, El=28.50°
[Phase 3: 预测控制] 目标当前估算Az=2.46°, 速度=0.91°/s
                   -> 打提前量(0.3s后)Az=2.74°, El=28.50° | 下发云台指令: Az=92.74°, El=28.50°
[GimbalAtt] cmd_id=33, elapsed=0.000s, actual_ctrl=(Az=91.70°, El=28.60°), actual_ui=(Az=1.70°, El=28.60°), target_ctrl=(Az=92.31°, El=28.50°), err=(dAz=0.61°, dEl=0.10°)

[Phase 1: 视觉解析] 收到目标 cx=2473.3, cy=1080.0, mono=320.0m -> 解算绝对角度: Az=2.52°, El=28.50°
[Phase 3: 预测控制] 目标当前估算Az=2.52°, 速度=0.91°/s
                   -> 打提前量(0.3s后)Az=2.79°, El=28.50° | 下发云台指令: Az=92.79°, El=28.50°

[Phase 1: 视觉解析] 收到目标 cx=2486.7, cy=1080.0, mono=320.0m -> 解算绝对角度: Az=2.58°, El=28.50°
[Phase 3: 预测控制] 目标当前估算Az=2.59°, 速度=0.91°/s
                   -> 打提前量(0.3s后)Az=2.87°, El=28.50° | 下发云台指令: Az=92.87°, El=28.50°

[Phase 1: 视觉解析] 收到目标 cx=2500.0, cy=1080.0, mono=320.0m -> 解算绝对角度: Az=2.64°, El=28.50°
[Phase 3: 预测控制] 目标当前估算Az=2.64°, 速度=0.91°/s
                   -> 打提前量(0.3s后)Az=2.91°, El=28.50° | 下发云台指令: Az=92.91°, El=28.50°

[Phase 1: 视觉解析] 收到目标 cx=2513.3, cy=1080.0, mono=320.0m -> 解算绝对角度: Az=2.70°, El=28.50°
[Phase 3: 预测控制] 目标当前估算Az=2.70°, 速度=0.91°/s
                   -> 打提前量(0.3s后)Az=2.97°, El=28.50° | 下发云台指令: Az=92.97°, El=28.50°
[GimbalAtt] cmd_id=33, elapsed=0.375s, actual_ctrl=(Az=92.20°, El=28.60°), actual_ui=(Az=2.20°, El=28.60°), target_ctrl=(Az=92.31°, El=28.50°), err=(dAz=0.11°, dEl=0.10°)
[GimbalSettled] cmd_id=33, track_id=1, settle_time=0.375s, actual_ctrl=(Az=92.20°, El=28.60°), target_ctrl=(Az=92.31°, El=28.50°), err=(dAz=0.11°, dEl=0.10°)
[Laser] No valid laser distance, use mono distance
[GimbalCmd] cmd_id=35, track_id=1, target_ctrl=(Az=92.79°, El=28.50°)

[Phase 1: 视觉解析] 收到目标 cx=2526.7, cy=1080.0, mono=320.0m -> 解算绝对角度: Az=2.76°, El=28.50°
[Phase 3: 预测控制] 目标当前估算Az=2.77°, 速度=0.91°/s
                   -> 打提前量(0.3s后)Az=3.04°, El=28.50° | 下发云台指令: Az=93.04°, El=28.50°

[Phase 1: 视觉解析] 收到目标 cx=2540.0, cy=1080.0, mono=320.0m -> 解算绝对角度: Az=2.83°, El=28.50°
[Phase 3: 预测控制] 目标当前估算Az=2.82°, 速度=0.91°/s
                   -> 打提前量(0.3s后)Az=3.10°, El=28.50° | 下发云台指令: Az=93.10°, El=28.50°

[Phase 1: 视觉解析] 收到目标 cx=2553.3, cy=1080.0, mono=320.0m -> 解算绝对角度: Az=2.89°, El=28.50°
[Phase 3: 预测控制] 目标当前估算Az=2.89°, 速度=0.91°/s
                   -> 打提前量(0.3s后)Az=3.16°, El=28.50° | 下发云台指令: Az=93.16°, El=28.50°

[Phase 1: 视觉解析] 收到目标 cx=2566.7, cy=1080.0, mono=320.0m -> 解算绝对角度: Az=2.95°, El=28.50°
[TargetKeep] reason=lock_timer_expired, master_id=1, score=4.03, candidates=id=1, score=4.03, speed=0.91deg/s, dist=0.75deg, hits=141, stab=2.44, hold=1.15x
[Phase 3: 预测控制] 目标当前估算Az=2.94°, 速度=0.91°/s
                   -> 打提前量(0.3s后)Az=3.22°, El=28.50° | 下发云台指令: Az=93.22°, El=28.50°

[Phase 1: 视觉解析] 收到目标 cx=2580.0, cy=1080.0, mono=320.0m -> 解算绝对角度: Az=3.01°, El=28.50°
[Phase 3: 预测控制] 目标当前估算Az=3.02°, 速度=0.90°/s
                   -> 打提前量(0.3s后)Az=3.29°, El=28.50° | 下发云台指令: Az=93.29°, El=28.50°
[GimbalAtt] cmd_id=35, elapsed=0.000s, actual_ctrl=(Az=92.20°, El=28.60°), actual_ui=(Az=2.20°, El=28.60°), target_ctrl=(Az=92.79°, El=28.50°), err=(dAz=0.59°, dEl=0.10°)
[GimbalCmd] preempt cmd_id=37, track_id=1, mode=axis_update, axes=Az, target_ctrl=(Az=93.29°, El=28.50°), delta=(dAz=0.50°, dEl=0.00°, total=0.50°)

[Phase 1: 视觉解析] 收到目标 cx=2593.3, cy=1080.0, mono=320.0m -> 解算绝对角度: Az=3.07°, El=28.50°
[Phase 3: 预测控制] 目标当前估算Az=3.07°, 速度=0.90°/s
                   -> 打提前量(0.3s后)Az=3.34°, El=28.50° | 下发云台指令: Az=93.34°, El=28.50°

[Phase 1: 视觉解析] 收到目标 cx=2606.7, cy=1080.0, mono=320.0m -> 解算绝对角度: Az=3.13°, El=28.50°
[Phase 3: 预测控制] 目标当前估算Az=3.12°, 速度=0.91°/s
                   -> 打提前量(0.3s后)Az=3.40°, El=28.50° | 下发云台指令: Az=93.40°, El=28.50°

[Phase 1: 视觉解析] 收到目标 cx=2620.0, cy=1080.0, mono=320.0m -> 解算绝对角度: Az=3.19°, El=28.50°
[Phase 3: 预测控制] 目标当前估算Az=3.19°, 速度=0.91°/s
                   -> 打提前量(0.3s后)Az=3.46°, El=28.50° | 下发云台指令: Az=93.46°, El=28.50°

[Phase 1: 视觉解析] 收到目标 cx=2633.3, cy=1080.0, mono=320.0m -> 解算绝对角度: Az=3.25°, El=28.50°
[Phase 3: 预测控制] 目标当前估算Az=3.25°, 速度=0.91°/s
                   -> 打提前量(0.3s后)Az=3.52°, El=28.50° | 下发云台指令: Az=93.52°, El=28.50°

[Phase 1: 视觉解析] 收到目标 cx=2646.7, cy=1080.0, mono=320.0m -> 解算绝对角度: Az=3.31°, El=28.50°
[Phase 3: 预测控制] 目标当前估算Az=3.31°, 速度=0.91°/s
                   -> 打提前量(0.3s后)Az=3.58°, El=28.50° | 下发云台指令: Az=93.58°, El=28.50°

[Phase 1: 视觉解析] 收到目标 cx=2660.0, cy=1080.0, mono=320.0m -> 解算绝对角度: Az=3.37°, El=28.50°
[Phase 3: 预测控制] 目标当前估算Az=3.37°, 速度=0.91°/s
                   -> 打提前量(0.3s后)Az=3.64°, El=28.50° | 下发云台指令: Az=93.64°, El=28.50°
[GimbalAtt] cmd_id=37, elapsed=0.000s, actual_ctrl=(Az=92.20°, El=28.60°), actual_ui=(Az=2.20°, El=28.60°), target_ctrl=(Az=93.29°, El=28.50°), err=(dAz=1.09°, dEl=0.10°)

[Phase 1: 视觉解析] 收到目标 cx=2673.3, cy=1080.0, mono=320.0m -> 解算绝对角度: Az=3.43°, El=28.50°
[Phase 3: 预测控制] 目标当前估算Az=3.43°, 速度=0.91°/s
                   -> 打提前量(0.3s后)Az=3.71°, El=28.50° | 下发云台指令: Az=93.71°, El=28.50°

[Phase 1: 视觉解析] 收到目标 cx=2686.7, cy=1080.0, mono=320.0m -> 解算绝对角度: Az=3.49°, El=28.50°
[Phase 3: 预测控制] 目标当前估算Az=3.49°, 速度=0.91°/s
                   -> 打提前量(0.3s后)Az=3.77°, El=28.50° | 下发云台指令: Az=93.77°, El=28.50°

[Phase 1: 视觉解析] 收到目标 cx=2700.0, cy=1080.0, mono=320.0m -> 解算绝对角度: Az=3.55°, El=28.50°
[Phase 3: 预测控制] 目标当前估算Az=3.56°, 速度=0.91°/s
                   -> 打提前量(0.3s后)Az=3.83°, El=28.50° | 下发云台指令: Az=93.83°, El=28.50°

[Phase 1: 视觉解析] 收到目标 cx=2713.3, cy=1080.0, mono=320.0m -> 解算绝对角度: Az=3.62°, El=28.50°
[Phase 3: 预测控制] 目标当前估算Az=3.61°, 速度=0.91°/s
                   -> 打提前量(0.3s后)Az=3.89°, El=28.50° | 下发云台指令: Az=93.89°, El=28.50°
[GimbalAtt] cmd_id=37, elapsed=0.375s, actual_ctrl=(Az=93.10°, El=28.60°), actual_ui=(Az=3.10°, El=28.60°), target_ctrl=(Az=93.29°, El=28.50°), err=(dAz=0.19°, dEl=0.10°)
[GimbalSettled] cmd_id=37, track_id=1, settle_time=0.375s, actual_ctrl=(Az=93.10°, El=28.60°), target_ctrl=(Az=93.29°, El=28.50°), err=(dAz=0.19°, dEl=0.10°)
[Laser] No valid laser distance, use mono distance
[GimbalCmd] cmd_id=39, track_id=1, target_ctrl=(Az=93.77°, El=28.50°)

[Phase 1: 视觉解析] 收到目标 cx=2726.7, cy=1080.0, mono=320.0m -> 解算绝对角度: Az=3.68°, El=28.50°
[Phase 3: 预测控制] 目标当前估算Az=3.68°, 速度=0.91°/s
                   -> 打提前量(0.3s后)Az=3.95°, El=28.50° | 下发云台指令: Az=93.95°, El=28.50°

[Phase 1: 视觉解析] 收到目标 cx=2740.0, cy=1080.0, mono=320.0m -> 解算绝对角度: Az=3.74°, El=28.50°
[Phase 3: 预测控制] 目标当前估算Az=3.74°, 速度=0.91°/s
                   -> 打提前量(0.3s后)Az=4.01°, El=28.50° | 下发云台指令: Az=94.01°, El=28.50°

[Phase 1: 视觉解析] 收到目标 cx=2753.3, cy=1080.0, mono=320.0m -> 解算绝对角度: Az=3.80°, El=28.50°
[Phase 3: 预测控制] 目标当前估算Az=3.80°, 速度=0.91°/s
                   -> 打提前量(0.3s后)Az=4.08°, El=28.50° | 下发云台指令: Az=94.08°, El=28.50°
[Stats] recv_objs_total=155, recv_unique_boxes=155 | ui_send_total=153, ui_unique_ids=1, ui_id_counts=1:153

[Phase 1: 视觉解析] 收到目标 cx=2766.7, cy=1080.0, mono=320.0m -> 解算绝对角度: Az=3.86°, El=28.50°
[Phase 3: 预测控制] 目标当前估算Az=3.86°, 速度=0.91°/s
                   -> 打提前量(0.3s后)Az=4.13°, El=28.50° | 下发云台指令: Az=94.13°, El=28.50°

[Phase 1: 视觉解析] 收到目标 cx=2780.0, cy=1080.0, mono=320.0m -> 解算绝对角度: Az=3.92°, El=28.50°
[Phase 3: 预测控制] 目标当前估算Az=3.92°, 速度=0.91°/s
                   -> 打提前量(0.3s后)Az=4.19°, El=28.50° | 下发云台指令: Az=94.19°, El=28.50°
[GimbalAtt] cmd_id=39, elapsed=0.000s, actual_ctrl=(Az=93.10°, El=28.60°), actual_ui=(Az=3.10°, El=28.60°), target_ctrl=(Az=93.77°, El=28.50°), err=(dAz=0.67°, dEl=0.10°)

[Phase 1: 视觉解析] 收到目标 cx=2793.3, cy=1080.0, mono=320.0m -> 解算绝对角度: Az=3.98°, El=28.50°
[Phase 3: 预测控制] 目标当前估算Az=3.98°, 速度=0.91°/s
                   -> 打提前量(0.3s后)Az=4.26°, El=28.50° | 下发云台指令: Az=94.26°, El=28.50°

[Phase 1: 视觉解析] 收到目标 cx=2806.7, cy=1080.0, mono=320.0m -> 解算绝对角度: Az=4.04°, El=28.50°
[Phase 3: 预测控制] 目标当前估算Az=4.04°, 速度=0.91°/s
                   -> 打提前量(0.3s后)Az=4.31°, El=28.50° | 下发云台指令: Az=94.31°, El=28.50°

[Phase 1: 视觉解析] 收到目标 cx=2820.0, cy=1080.0, mono=320.0m -> 解算绝对角度: Az=4.10°, El=28.50°
[Phase 3: 预测控制] 目标当前估算Az=4.10°, 速度=0.91°/s
                   -> 打提前量(0.3s后)Az=4.37°, El=28.50° | 下发云台指令: Az=94.37°, El=28.50°

[Phase 1: 视觉解析] 收到目标 cx=2833.3, cy=1080.0, mono=320.0m -> 解算绝对角度: Az=4.16°, El=28.50°
[Phase 3: 预测控制] 目标当前估算Az=4.17°, 速度=0.91°/s
                   -> 打提前量(0.3s后)Az=4.44°, El=28.50° | 下发云台指令: Az=94.44°, El=28.50°
[GimbalAtt] cmd_id=39, elapsed=0.376s, actual_ctrl=(Az=93.60°, El=28.60°), actual_ui=(Az=3.60°, El=28.60°), target_ctrl=(Az=93.77°, El=28.50°), err=(dAz=0.17°, dEl=0.10°)
[GimbalSettled] cmd_id=39, track_id=1, settle_time=0.376s, actual_ctrl=(Az=93.60°, El=28.60°), target_ctrl=(Az=93.77°, El=28.50°), err=(dAz=0.17°, dEl=0.10°)
[Laser] No valid laser distance, use mono distance
[GimbalCmd] cmd_id=41, track_id=1, target_ctrl=(Az=94.26°, El=28.50°)

[Phase 1: 视觉解析] 收到目标 cx=2846.7, cy=1080.0, mono=320.0m -> 解算绝对角度: Az=4.22°, El=28.50°
[Phase 3: 预测控制] 目标当前估算Az=4.22°, 速度=0.91°/s
                   -> 打提前量(0.3s后)Az=4.50°, El=28.50° | 下发云台指令: Az=94.50°, El=28.50°

[Phase 1: 视觉解析] 收到目标 cx=2860.0, cy=1080.0, mono=320.0m -> 解算绝对角度: Az=4.28°, El=28.50°
[Phase 3: 预测控制] 目标当前估算Az=4.28°, 速度=0.91°/s
                   -> 打提前量(0.3s后)Az=4.56°, El=28.50° | 下发云台指令: Az=94.56°, El=28.50°

[Phase 1: 视觉解析] 收到目标 cx=2873.3, cy=1080.0, mono=320.0m -> 解算绝对角度: Az=4.34°, El=28.50°
[TargetKeep] reason=lock_timer_expired, master_id=1, score=4.03, candidates=id=1, score=4.03, speed=0.91deg/s, dist=0.76deg, hits=164, stab=2.44, hold=1.15x
[Phase 3: 预测控制] 目标当前估算Az=4.35°, 速度=0.91°/s
                   -> 打提前量(0.3s后)Az=4.62°, El=28.50° | 下发云台指令: Az=94.62°, El=28.50°

[Phase 1: 视觉解析] 收到目标 cx=2886.7, cy=1080.0, mono=320.0m -> 解算绝对角度: Az=4.41°, El=28.50°
[Phase 3: 预测控制] 目标当前估算Az=4.40°, 速度=0.91°/s
                   -> 打提前量(0.3s后)Az=4.68°, El=28.50° | 下发云台指令: Az=94.68°, El=28.50°

[Phase 1: 视觉解析] 收到目标 cx=2900.0, cy=1080.0, mono=320.0m -> 解算绝对角度: Az=4.47°, El=28.50°
[Phase 3: 预测控制] 目标当前估算Az=4.47°, 速度=0.91°/s
                   -> 打提前量(0.3s后)Az=4.74°, El=28.50° | 下发云台指令: Az=94.74°, El=28.50°
[GimbalAtt] cmd_id=41, elapsed=0.000s, actual_ctrl=(Az=93.60°, El=28.60°), actual_ui=(Az=3.60°, El=28.60°), target_ctrl=(Az=94.26°, El=28.50°), err=(dAz=0.66°, dEl=0.10°)

[Phase 1: 视觉解析] 收到目标 cx=2913.3, cy=1080.0, mono=320.0m -> 解算绝对角度: Az=4.53°, El=28.50°
[Phase 3: 预测控制] 目标当前估算Az=4.53°, 速度=0.91°/s
                   -> 打提前量(0.3s后)Az=4.80°, El=28.50° | 下发云台指令: Az=94.80°, El=28.50°
[GimbalCmd] preempt cmd_id=43, track_id=1, mode=axis_update, axes=Az, target_ctrl=(Az=94.74°, El=28.50°), delta=(dAz=0.48°, dEl=0.00°, total=0.48°)

[Phase 1: 视觉解析] 收到目标 cx=2926.7, cy=1080.0, mono=320.0m -> 解算绝对角度: Az=4.59°, El=28.50°
[Phase 3: 预测控制] 目标当前估算Az=4.59°, 速度=0.91°/s
                   -> 打提前量(0.3s后)Az=4.86°, El=28.50° | 下发云台指令: Az=94.86°, El=28.50°

[Phase 1: 视觉解析] 收到目标 cx=2940.0, cy=1080.0, mono=320.0m -> 解算绝对角度: Az=4.65°, El=28.50°
[Phase 3: 预测控制] 目标当前估算Az=4.65°, 速度=0.91°/s
                   -> 打提前量(0.3s后)Az=4.92°, El=28.50° | 下发云台指令: Az=94.92°, El=28.50°

[Phase 1: 视觉解析] 收到目标 cx=2953.3, cy=1080.0, mono=320.0m -> 解算绝对角度: Az=4.71°, El=28.50°
[Phase 3: 预测控制] 目标当前估算Az=4.71°, 速度=0.91°/s
                   -> 打提前量(0.3s后)Az=4.98°, El=28.50° | 下发云台指令: Az=94.98°, El=28.50°

[Phase 1: 视觉解析] 收到目标 cx=2966.7, cy=1080.0, mono=320.0m -> 解算绝对角度: Az=4.77°, El=28.50°
[Phase 3: 预测控制] 目标当前估算Az=4.77°, 速度=0.91°/s
                   -> 打提前量(0.3s后)Az=5.04°, El=28.50° | 下发云台指令: Az=95.04°, El=28.50°

[Phase 1: 视觉解析] 收到目标 cx=2980.0, cy=1080.0, mono=320.0m -> 解算绝对角度: Az=4.83°, El=28.50°
[Phase 3: 预测控制] 目标当前估算Az=4.83°, 速度=0.91°/s
                   -> 打提前量(0.3s后)Az=5.10°, El=28.50° | 下发云台指令: Az=95.10°, El=28.50°
[GimbalAtt] cmd_id=43, elapsed=0.000s, actual_ctrl=(Az=93.60°, El=28.60°), actual_ui=(Az=3.60°, El=28.60°), target_ctrl=(Az=94.74°, El=28.50°), err=(dAz=1.14°, dEl=0.10°)

[Phase 1: 视觉解析] 收到目标 cx=2993.3, cy=1080.0, mono=320.0m -> 解算绝对角度: Az=4.89°, El=28.50°
[Phase 3: 预测控制] 目标当前估算Az=4.89°, 速度=0.91°/s
                   -> 打提前量(0.3s后)Az=5.16°, El=28.50° | 下发云台指令: Az=95.16°, El=28.50°

[Phase 1: 视觉解析] 收到目标 cx=3006.7, cy=1080.0, mono=320.0m -> 解算绝对角度: Az=4.95°, El=28.50°
[Phase 3: 预测控制] 目标当前估算Az=4.95°, 速度=0.91°/s
                   -> 打提前量(0.3s后)Az=5.23°, El=28.50° | 下发云台指令: Az=95.23°, El=28.50°

[Phase 1: 视觉解析] 收到目标 cx=3020.0, cy=1080.0, mono=320.0m -> 解算绝对角度: Az=5.01°, El=28.50°
[Phase 3: 预测控制] 目标当前估算Az=5.01°, 速度=0.91°/s
                   -> 打提前量(0.3s后)Az=5.29°, El=28.50° | 下发云台指令: Az=95.29°, El=28.50°

[Phase 1: 视觉解析] 收到目标 cx=3033.3, cy=1080.0, mono=320.0m -> 解算绝对角度: Az=5.07°, El=28.50°
[Phase 3: 预测控制] 目标当前估算Az=5.08°, 速度=0.91°/s
                   -> 打提前量(0.3s后)Az=5.35°, El=28.50° | 下发云台指令: Az=95.35°, El=28.50°
[GimbalAtt] cmd_id=43, elapsed=0.374s, actual_ctrl=(Az=94.60°, El=28.60°), actual_ui=(Az=4.60°, El=28.60°), target_ctrl=(Az=94.74°, El=28.50°), err=(dAz=0.14°, dEl=0.10°)
[GimbalSettled] cmd_id=43, track_id=1, settle_time=0.374s, actual_ctrl=(Az=94.60°, El=28.60°), target_ctrl=(Az=94.74°, El=28.50°), err=(dAz=0.14°, dEl=0.10°)
[Laser] No valid laser distance, use mono distance
[GimbalCmd] cmd_id=45, track_id=1, target_ctrl=(Az=95.23°, El=28.50°)

[Phase 1: 视觉解析] 收到目标 cx=3046.7, cy=1080.0, mono=320.0m -> 解算绝对角度: Az=5.13°, El=28.50°
[Phase 3: 预测控制] 目标当前估算Az=5.13°, 速度=0.91°/s
                   -> 打提前量(0.3s后)Az=5.41°, El=28.50° | 下发云台指令: Az=95.41°, El=28.50°

[Phase 1: 视觉解析] 收到目标 cx=3060.0, cy=1080.0, mono=320.0m -> 解算绝对角度: Az=5.20°, El=28.50°
[Phase 3: 预测控制] 目标当前估算Az=5.20°, 速度=0.91°/s
                   -> 打提前量(0.3s后)Az=5.47°, El=28.50° | 下发云台指令: Az=95.47°, El=28.50°

[Phase 1: 视觉解析] 收到目标 cx=3073.3, cy=1080.0, mono=320.0m -> 解算绝对角度: Az=5.26°, El=28.50°
[Phase 3: 预测控制] 目标当前估算Az=5.26°, 速度=0.91°/s
                   -> 打提前量(0.3s后)Az=5.53°, El=28.50° | 下发云台指令: Az=95.53°, El=28.50°

[Phase 1: 视觉解析] 收到目标 cx=3086.7, cy=1080.0, mono=320.0m -> 解算绝对角度: Az=5.32°, El=28.50°
[Phase 3: 预测控制] 目标当前估算Az=5.31°, 速度=0.91°/s
                   -> 打提前量(0.3s后)Az=5.59°, El=28.50° | 下发云台指令: Az=95.59°, El=28.50°

[Phase 1: 视觉解析] 收到目标 cx=3100.0, cy=1080.0, mono=320.0m -> 解算绝对角度: Az=5.38°, El=28.50°
[Phase 3: 预测控制] 目标当前估算Az=5.38°, 速度=0.91°/s
                   -> 打提前量(0.3s后)Az=5.65°, El=28.50° | 下发云台指令: Az=95.65°, El=28.50°
[GimbalAtt] cmd_id=45, elapsed=0.000s, actual_ctrl=(Az=94.60°, El=28.60°), actual_ui=(Az=4.60°, El=28.60°), target_ctrl=(Az=95.23°, El=28.50°), err=(dAz=0.63°, dEl=0.10°)

[Phase 1: 视觉解析] 收到目标 cx=3113.3, cy=1080.0, mono=320.0m -> 解算绝对角度: Az=5.44°, El=28.50°
[Phase 3: 预测控制] 目标当前估算Az=5.44°, 速度=0.91°/s
                   -> 打提前量(0.3s后)Az=5.71°, El=28.50° | 下发云台指令: Az=95.71°, El=28.50°

[Phase 1: 视觉解析] 收到目标 cx=3126.7, cy=1080.0, mono=320.0m -> 解算绝对角度: Az=5.50°, El=28.50°
[Phase 3: 预测控制] 目标当前估算Az=5.50°, 速度=0.91°/s
                   -> 打提前量(0.3s后)Az=5.77°, El=28.50° | 下发云台指令: Az=95.77°, El=28.50°

[Phase 1: 视觉解析] 收到目标 cx=3140.0, cy=1080.0, mono=320.0m -> 解算绝对角度: Az=5.56°, El=28.50°
[Phase 3: 预测控制] 目标当前估算Az=5.56°, 速度=0.91°/s
                   -> 打提前量(0.3s后)Az=5.83°, El=28.50° | 下发云台指令: Az=95.83°, El=28.50°

[Phase 1: 视觉解析] 收到目标 cx=3153.3, cy=1080.0, mono=320.0m -> 解算绝对角度: Az=5.62°, El=28.50°
[Phase 3: 预测控制] 目标当前估算Az=5.62°, 速度=0.91°/s
                   -> 打提前量(0.3s后)Az=5.89°, El=28.50° | 下发云台指令: Az=95.89°, El=28.50°
[GimbalAtt] cmd_id=45, elapsed=0.375s, actual_ctrl=(Az=95.20°, El=28.60°), actual_ui=(Az=5.20°, El=28.60°), target_ctrl=(Az=95.23°, El=28.50°), err=(dAz=0.03°, dEl=0.10°)
[GimbalSettled] cmd_id=45, track_id=1, settle_time=0.375s, actual_ctrl=(Az=95.20°, El=28.60°), target_ctrl=(Az=95.23°, El=28.50°), err=(dAz=0.03°, dEl=0.10°)
[Laser] No valid laser distance, use mono distance
[GimbalCmd] cmd_id=47, track_id=1, target_ctrl=(Az=95.71°, El=28.50°)

[Phase 1: 视觉解析] 收到目标 cx=3166.7, cy=1080.0, mono=320.0m -> 解算绝对角度: Az=5.68°, El=28.50°
[Phase 3: 预测控制] 目标当前估算Az=5.68°, 速度=0.91°/s
                   -> 打提前量(0.3s后)Az=5.95°, El=28.50° | 下发云台指令: Az=95.95°, El=28.50°
[Stats] recv_objs_total=186, recv_unique_boxes=186 | ui_send_total=184, ui_unique_ids=1, ui_id_counts=1:184

[Phase 1: 视觉解析] 收到目标 cx=3180.0, cy=1080.0, mono=320.0m -> 解算绝对角度: Az=5.74°, El=28.50°
[TargetKeep] reason=lock_timer_expired, master_id=1, score=4.25, candidates=id=1, score=4.25, speed=0.91deg/s, dist=0.56deg, hits=187, stab=2.44, hold=1.15x
[Phase 3: 预测控制] 目标当前估算Az=5.75°, 速度=0.91°/s
                   -> 打提前量(0.3s后)Az=6.02°, El=28.50° | 下发云台指令: Az=96.02°, El=28.50°

[Phase 1: 视觉解析] 收到目标 cx=3193.3, cy=1080.0, mono=320.0m -> 解算绝对角度: Az=5.80°, El=28.50°
[Phase 3: 预测控制] 目标当前估算Az=5.80°, 速度=0.91°/s
                   -> 打提前量(0.3s后)Az=6.07°, El=28.50° | 下发云台指令: Az=96.07°, El=28.50°

[Phase 1: 视觉解析] 收到目标 cx=3206.7, cy=1080.0, mono=320.0m -> 解算绝对角度: Az=5.86°, El=28.50°
[Phase 3: 预测控制] 目标当前估算Az=5.86°, 速度=0.91°/s
                   -> 打提前量(0.3s后)Az=6.13°, El=28.50° | 下发云台指令: Az=96.13°, El=28.50°

[Phase 1: 视觉解析] 收到目标 cx=3220.0, cy=1080.0, mono=320.0m -> 解算绝对角度: Az=5.92°, El=28.50°
[Phase 3: 预测控制] 目标当前估算Az=5.92°, 速度=0.91°/s
                   -> 打提前量(0.3s后)Az=6.20°, El=28.50° | 下发云台指令: Az=96.20°, El=28.50°
[GimbalAtt] cmd_id=47, elapsed=0.000s, actual_ctrl=(Az=95.20°, El=28.60°), actual_ui=(Az=5.20°, El=28.60°), target_ctrl=(Az=95.71°, El=28.50°), err=(dAz=0.51°, dEl=0.10°)

[Phase 1: 视觉解析] 收到目标 cx=3233.3, cy=1080.0, mono=320.0m -> 解算绝对角度: Az=5.99°, El=28.50°
[Phase 3: 预测控制] 目标当前估算Az=5.98°, 速度=0.91°/s
                   -> 打提前量(0.3s后)Az=6.26°, El=28.50° | 下发云台指令: Az=96.26°, El=28.50°
[GimbalCmd] preempt cmd_id=49, track_id=1, mode=axis_update, axes=Az, target_ctrl=(Az=96.20°, El=28.50°), delta=(dAz=0.48°, dEl=0.00°, total=0.48°)

[Phase 1: 视觉解析] 收到目标 cx=3246.7, cy=1080.0, mono=320.0m -> 解算绝对角度: Az=6.05°, El=28.50°
[Phase 3: 预测控制] 目标当前估算Az=6.05°, 速度=0.91°/s
                   -> 打提前量(0.3s后)Az=6.32°, El=28.50° | 下发云台指令: Az=96.32°, El=28.50°

[Phase 1: 视觉解析] 收到目标 cx=3260.0, cy=1080.0, mono=320.0m -> 解算绝对角度: Az=6.11°, El=28.50°
[Phase 3: 预测控制] 目标当前估算Az=6.10°, 速度=0.91°/s
                   -> 打提前量(0.3s后)Az=6.38°, El=28.50° | 下发云台指令: Az=96.38°, El=28.50°

[Phase 1: 视觉解析] 收到目标 cx=3273.3, cy=1080.0, mono=320.0m -> 解算绝对角度: Az=6.17°, El=28.50°
[Phase 3: 预测控制] 目标当前估算Az=6.17°, 速度=0.91°/s
                   -> 打提前量(0.3s后)Az=6.44°, El=28.50° | 下发云台指令: Az=96.44°, El=28.50°

[Phase 1: 视觉解析] 收到目标 cx=3286.7, cy=1080.0, mono=320.0m -> 解算绝对角度: Az=6.23°, El=28.50°
[Phase 3: 预测控制] 目标当前估算Az=6.23°, 速度=0.91°/s
                   -> 打提前量(0.3s后)Az=6.50°, El=28.50° | 下发云台指令: Az=96.50°, El=28.50°

[Phase 1: 视觉解析] 收到目标 cx=3300.0, cy=1080.0, mono=320.0m -> 解算绝对角度: Az=6.29°, El=28.50°
[Phase 3: 预测控制] 目标当前估算Az=6.29°, 速度=0.91°/s
                   -> 打提前量(0.3s后)Az=6.57°, El=28.50° | 下发云台指令: Az=96.57°, El=28.50°
[GimbalAtt] cmd_id=49, elapsed=0.000s, actual_ctrl=(Az=95.20°, El=28.60°), actual_ui=(Az=5.20°, El=28.60°), target_ctrl=(Az=96.20°, El=28.50°), err=(dAz=1.00°, dEl=0.10°)

[Phase 1: 视觉解析] 收到目标 cx=3313.3, cy=1080.0, mono=320.0m -> 解算绝对角度: Az=6.35°, El=28.50°
[Phase 3: 预测控制] 目标当前估算Az=6.35°, 速度=0.91°/s
                   -> 打提前量(0.3s后)Az=6.62°, El=28.50° | 下发云台指令: Az=96.62°, El=28.50°

[Phase 1: 视觉解析] 收到目标 cx=3326.7, cy=1080.0, mono=320.0m -> 解算绝对角度: Az=6.41°, El=28.50°
[Phase 3: 预测控制] 目标当前估算Az=6.41°, 速度=0.91°/s
                   -> 打提前量(0.3s后)Az=6.68°, El=28.50° | 下发云台指令: Az=96.68°, El=28.50°

[Phase 1: 视觉解析] 收到目标 cx=3340.0, cy=1080.0, mono=320.0m -> 解算绝对角度: Az=6.47°, El=28.50°
[Phase 3: 预测控制] 目标当前估算Az=6.47°, 速度=0.91°/s
                   -> 打提前量(0.3s后)Az=6.75°, El=28.50° | 下发云台指令: Az=96.75°, El=28.50°

[Phase 1: 视觉解析] 收到目标 cx=3353.3, cy=1080.0, mono=320.0m -> 解算绝对角度: Az=6.53°, El=28.50°
[Phase 3: 预测控制] 目标当前估算Az=6.53°, 速度=0.91°/s
                   -> 打提前量(0.3s后)Az=6.81°, El=28.50° | 下发云台指令: Az=96.81°, El=28.50°
[GimbalAtt] cmd_id=49, elapsed=0.358s, actual_ctrl=(Az=96.00°, El=28.60°), actual_ui=(Az=6.00°, El=28.60°), target_ctrl=(Az=96.20°, El=28.50°), err=(dAz=0.20°, dEl=0.10°)
[GimbalSettled] cmd_id=49, track_id=1, settle_time=0.358s, actual_ctrl=(Az=96.00°, El=28.60°), target_ctrl=(Az=96.20°, El=28.50°), err=(dAz=0.20°, dEl=0.10°)
[Laser] No valid laser distance, use mono distance
[GimbalCmd] cmd_id=51, track_id=1, target_ctrl=(Az=96.68°, El=28.50°)

[Phase 1: 视觉解析] 收到目标 cx=3366.7, cy=1080.0, mono=320.0m -> 解算绝对角度: Az=6.59°, El=28.50°
[Phase 3: 预测控制] 目标当前估算Az=6.60°, 速度=0.91°/s
                   -> 打提前量(0.3s后)Az=6.87°, El=28.50° | 下发云台指令: Az=96.87°, El=28.50°

[Phase 1: 视觉解析] 收到目标 cx=3380.0, cy=1080.0, mono=320.0m -> 解算绝对角度: Az=6.65°, El=28.50°
[Phase 3: 预测控制] 目标当前估算Az=6.65°, 速度=0.91°/s
                   -> 打提前量(0.3s后)Az=6.93°, El=28.50° | 下发云台指令: Az=96.93°, El=28.50°

[Phase 1: 视觉解析] 收到目标 cx=3393.3, cy=1080.0, mono=320.0m -> 解算绝对角度: Az=6.71°, El=28.50°
[Phase 3: 预测控制] 目标当前估算Az=6.71°, 速度=0.91°/s
                   -> 打提前量(0.3s后)Az=6.99°, El=28.50° | 下发云台指令: Az=96.99°, El=28.50°

[Phase 1: 视觉解析] 收到目标 cx=3406.7, cy=1080.0, mono=320.0m -> 解算绝对角度: Az=6.78°, El=28.50°
[Phase 3: 预测控制] 目标当前估算Az=6.77°, 速度=0.91°/s
                   -> 打提前量(0.3s后)Az=7.05°, El=28.50° | 下发云台指令: Az=97.05°, El=28.50°

[Phase 1: 视觉解析] 收到目标 cx=3420.0, cy=1080.0, mono=320.0m -> 解算绝对角度: Az=6.84°, El=28.50°
[Phase 3: 预测控制] 目标当前估算Az=6.84°, 速度=0.91°/s
                   -> 打提前量(0.3s后)Az=7.12°, El=28.50° | 下发云台指令: Az=97.12°, El=28.50°
[GimbalAtt] cmd_id=51, elapsed=0.000s, actual_ctrl=(Az=96.00°, El=28.60°), actual_ui=(Az=6.00°, El=28.60°), target_ctrl=(Az=96.68°, El=28.50°), err=(dAz=0.68°, dEl=0.10°)

[Phase 1: 视觉解析] 收到目标 cx=3433.3, cy=1080.0, mono=320.0m -> 解算绝对角度: Az=6.90°, El=28.50°
[Phase 3: 预测控制] 目标当前估算Az=6.91°, 速度=0.90°/s
                   -> 打提前量(0.3s后)Az=7.18°, El=28.50° | 下发云台指令: Az=97.18°, El=28.50°

[Phase 1: 视觉解析] 收到目标 cx=3446.7, cy=1080.0, mono=320.0m -> 解算绝对角度: Az=6.96°, El=28.50°
[Phase 3: 预测控制] 目标当前估算Az=6.95°, 速度=0.91°/s
                   -> 打提前量(0.3s后)Az=7.22°, El=28.50° | 下发云台指令: Az=97.22°, El=28.50°

[Phase 1: 视觉解析] 收到目标 cx=3460.0, cy=1080.0, mono=320.0m -> 解算绝对角度: Az=7.02°, El=28.50°
[Phase 3: 预测控制] 目标当前估算Az=7.01°, 速度=0.91°/s
                   -> 打提前量(0.3s后)Az=7.29°, El=28.50° | 下发云台指令: Az=97.29°, El=28.50°

[Phase 1: 视觉解析] 收到目标 cx=3473.3, cy=1080.0, mono=320.0m -> 解算绝对角度: Az=7.08°, El=28.50°
[Phase 3: 预测控制] 目标当前估算Az=7.08°, 速度=0.91°/s
                   -> 打提前量(0.3s后)Az=7.35°, El=28.50° | 下发云台指令: Az=97.35°, El=28.50°
[GimbalAtt] cmd_id=51, elapsed=0.374s, actual_ctrl=(Az=96.60°, El=28.60°), actual_ui=(Az=6.60°, El=28.60°), target_ctrl=(Az=96.68°, El=28.50°), err=(dAz=0.08°, dEl=0.10°)
[GimbalSettled] cmd_id=51, track_id=1, settle_time=0.374s, actual_ctrl=(Az=96.60°, El=28.60°), target_ctrl=(Az=96.68°, El=28.50°), err=(dAz=0.08°, dEl=0.10°)
[Laser] No valid laser distance, use mono distance
[GimbalCmd] cmd_id=53, track_id=1, target_ctrl=(Az=97.18°, El=28.50°)

[Phase 1: 视觉解析] 收到目标 cx=3486.7, cy=1080.0, mono=320.0m -> 解算绝对角度: Az=7.14°, El=28.50°
[TargetKeep] reason=lock_timer_expired, master_id=1, score=4.25, candidates=id=1, score=4.25, speed=0.91deg/s, dist=0.55deg, hits=210, stab=2.44, hold=1.15x
[Phase 3: 预测控制] 目标当前估算Az=7.14°, 速度=0.91°/s
                   -> 打提前量(0.3s后)Az=7.42°, El=28.50° | 下发云台指令: Az=97.42°, El=28.50°

[Phase 1: 视觉解析] 收到目标 cx=3500.0, cy=1080.0, mono=320.0m -> 解算绝对角度: Az=7.20°, El=28.50°
[Phase 3: 预测控制] 目标当前估算Az=7.19°, 速度=0.91°/s
                   -> 打提前量(0.3s后)Az=7.47°, El=28.50° | 下发云台指令: Az=97.47°, El=28.50°

[Phase 1: 视觉解析] 收到目标 cx=3513.3, cy=1080.0, mono=320.0m -> 解算绝对角度: Az=7.26°, El=28.50°
[Phase 3: 预测控制] 目标当前估算Az=7.26°, 速度=0.91°/s
                   -> 打提前量(0.3s后)Az=7.53°, El=28.50° | 下发云台指令: Az=97.53°, El=28.50°

[Phase 1: 视觉解析] 收到目标 cx=3526.7, cy=1080.0, mono=320.0m -> 解算绝对角度: Az=7.32°, El=28.50°
[Phase 3: 预测控制] 目标当前估算Az=7.32°, 速度=0.91°/s
                   -> 打提前量(0.3s后)Az=7.59°, El=28.50° | 下发云台指令: Az=97.59°, El=28.50°

[Phase 1: 视觉解析] 收到目标 cx=3540.0, cy=1080.0, mono=320.0m -> 解算绝对角度: Az=7.38°, El=28.50°
[Phase 3: 预测控制] 目标当前估算Az=7.38°, 速度=0.91°/s
                   -> 打提前量(0.3s后)Az=7.66°, El=28.50° | 下发云台指令: Az=97.66°, El=28.50°
[GimbalAtt] cmd_id=53, elapsed=0.000s, actual_ctrl=(Az=96.60°, El=28.60°), actual_ui=(Az=6.60°, El=28.60°), target_ctrl=(Az=97.18°, El=28.50°), err=(dAz=0.58°, dEl=0.10°)

[Phase 1: 视觉解析] 收到目标 cx=3553.3, cy=1080.0, mono=320.0m -> 解算绝对角度: Az=7.44°, El=28.50°
[Phase 3: 预测控制] 目标当前估算Az=7.44°, 速度=0.91°/s
                   -> 打提前量(0.3s后)Az=7.71°, El=28.50° | 下发云台指令: Az=97.71°, El=28.50°
[GimbalCmd] preempt cmd_id=55, track_id=1, mode=axis_update, axes=Az, target_ctrl=(Az=97.66°, El=28.50°), delta=(dAz=0.47°, dEl=0.00°, total=0.47°)

[Phase 1: 视觉解析] 收到目标 cx=3566.7, cy=1080.0, mono=320.0m -> 解算绝对角度: Az=7.50°, El=28.50°
[Phase 3: 预测控制] 目标当前估算Az=7.50°, 速度=0.91°/s
                   -> 打提前量(0.3s后)Az=7.78°, El=28.50° | 下发云台指令: Az=97.78°, El=28.50°

[Phase 1: 视觉解析] 收到目标 cx=3580.0, cy=1080.0, mono=320.0m -> 解算绝对角度: Az=7.57°, El=28.50°
[Phase 3: 预测控制] 目标当前估算Az=7.57°, 速度=0.91°/s
                   -> 打提前量(0.3s后)Az=7.84°, El=28.50° | 下发云台指令: Az=97.84°, El=28.50°
[Stats] recv_objs_total=217, recv_unique_boxes=217 | ui_send_total=215, ui_unique_ids=1, ui_id_counts=1:215

[Phase 1: 视觉解析] 收到目标 cx=3593.3, cy=1080.0, mono=320.0m -> 解算绝对角度: Az=7.63°, El=28.50°
[Phase 3: 预测控制] 目标当前估算Az=7.63°, 速度=0.91°/s
                   -> 打提前量(0.3s后)Az=7.90°, El=28.50° | 下发云台指令: Az=97.90°, El=28.50°

[Phase 1: 视觉解析] 收到目标 cx=3606.7, cy=1080.0, mono=320.0m -> 解算绝对角度: Az=7.69°, El=28.50°
[Phase 3: 预测控制] 目标当前估算Az=7.69°, 速度=0.91°/s
                   -> 打提前量(0.3s后)Az=7.96°, El=28.50° | 下发云台指令: Az=97.96°, El=28.50°

[Phase 1: 视觉解析] 收到目标 cx=3620.0, cy=1080.0, mono=320.0m -> 解算绝对角度: Az=7.75°, El=28.50°
[Phase 3: 预测控制] 目标当前估算Az=7.75°, 速度=0.91°/s
                   -> 打提前量(0.3s后)Az=8.02°, El=28.50° | 下发云台指令: Az=98.02°, El=28.50°
[GimbalAtt] cmd_id=55, elapsed=0.000s, actual_ctrl=(Az=96.60°, El=28.60°), actual_ui=(Az=6.60°, El=28.60°), target_ctrl=(Az=97.66°, El=28.50°), err=(dAz=1.06°, dEl=0.10°)

[Phase 1: 视觉解析] 收到目标 cx=3633.3, cy=1080.0, mono=320.0m -> 解算绝对角度: Az=7.81°, El=28.50°
[Phase 3: 预测控制] 目标当前估算Az=7.81°, 速度=0.91°/s
                   -> 打提前量(0.3s后)Az=8.08°, El=28.50° | 下发云台指令: Az=98.08°, El=28.50°

[Phase 1: 视觉解析] 收到目标 cx=3646.7, cy=1080.0, mono=320.0m -> 解算绝对角度: Az=7.87°, El=28.50°
[Phase 3: 预测控制] 目标当前估算Az=7.88°, 速度=0.91°/s
                   -> 打提前量(0.3s后)Az=8.15°, El=28.50° | 下发云台指令: Az=98.15°, El=28.50°

[Phase 1: 视觉解析] 收到目标 cx=3660.0, cy=1080.0, mono=320.0m -> 解算绝对角度: Az=7.93°, El=28.50°
[Phase 3: 预测控制] 目标当前估算Az=7.93°, 速度=0.91°/s
                   -> 打提前量(0.3s后)Az=8.20°, El=28.50° | 下发云台指令: Az=98.20°, El=28.50°

[Phase 1: 视觉解析] 收到目标 cx=3673.3, cy=1080.0, mono=320.0m -> 解算绝对角度: Az=7.99°, El=28.50°
[Phase 3: 预测控制] 目标当前估算Az=7.99°, 速度=0.91°/s
                   -> 打提前量(0.3s后)Az=8.26°, El=28.50° | 下发云台指令: Az=98.26°, El=28.50°
[GimbalAtt] cmd_id=55, elapsed=0.374s, actual_ctrl=(Az=97.60°, El=28.60°), actual_ui=(Az=7.60°, El=28.60°), target_ctrl=(Az=97.66°, El=28.50°), err=(dAz=0.06°, dEl=0.10°)
[GimbalSettled] cmd_id=55, track_id=1, settle_time=0.374s, actual_ctrl=(Az=97.60°, El=28.60°), target_ctrl=(Az=97.66°, El=28.50°), err=(dAz=0.06°, dEl=0.10°)
[Laser] No valid laser distance, use mono distance
[GimbalCmd] cmd_id=57, track_id=1, target_ctrl=(Az=98.15°, El=28.50°)

[Phase 1: 视觉解析] 收到目标 cx=3686.7, cy=1080.0, mono=320.0m -> 解算绝对角度: Az=8.05°, El=28.50°
[Phase 3: 预测控制] 目标当前估算Az=8.05°, 速度=0.91°/s
                   -> 打提前量(0.3s后)Az=8.32°, El=28.50° | 下发云台指令: Az=98.32°, El=28.50°
[GimbalAtt] cmd_id=57, elapsed=0.000s, actual_ctrl=(Az=97.60°, El=28.60°), actual_ui=(Az=7.60°, El=28.60°), target_ctrl=(Az=98.15°, El=28.50°), err=(dAz=0.55°, dEl=0.10°)
[GimbalAtt] cmd_id=57, elapsed=0.375s, actual_ctrl=(Az=98.10°, El=28.60°), actual_ui=(Az=8.10°, El=28.60°), target_ctrl=(Az=98.15°, El=28.50°), err=(dAz=0.05°, dEl=0.10°)
[GimbalSettled] cmd_id=57, track_id=1, settle_time=0.375s, actual_ctrl=(Az=98.10°, El=28.60°), target_ctrl=(Az=98.15°, El=28.50°), err=(dAz=0.05°, dEl=0.10°)
[Laser] No valid laser distance, use mono distance
